***********************************************************
***********************************************************

  This calculation was performed by OpenMX Ver. 3.9
  using 112 MPI processes and 1 OpenMP threads.

  Fri Nov 22 16:25:20 2019

***********************************************************
***********************************************************

#
# File Name      
#

System.CurrrentDirectory         ./    # default=./
System.Name                     Methane_EF
level.of.stdout                   1    # default=1 (1-3)
level.of.fileout                  0    # default=1 (0-2)

#
# Definition of Atomic Species
#

Species.Number       2
<Definition.of.Atomic.Species
 H   H6.0-s2          H_PBE19
 C   C6.0-s2p2        C_PBE19
Definition.of.Atomic.Species>

#
# Atoms
#

Atoms.Number         5
Atoms.SpeciesAndCoordinates.Unit   Ang # Ang|AU
<Atoms.SpeciesAndCoordinates
 1  C      0.200000    0.000000   -0.300000     2.0  2.0 
 2  H     -0.889981   -0.629312    0.000000     0.5  0.5
 3  H      0.000000    0.629312   -0.889981     0.5  0.5
 4  H      0.000000    0.629312    0.889981     0.5  0.5
 5  H      0.889981   -0.629312    0.000000     0.5  0.5
Atoms.SpeciesAndCoordinates>
Atoms.UnitVectors.Unit             Ang # Ang|AU
#<Atoms.UnitVectors                     
#  10.0   0.0   0.0  
#   0.0  10.0   0.0  
#   0.0   0.0  10.0  
#Atoms.UnitVectors>

#
# SCF or Electronic System
#

scf.XcType                 GGA-PBE     # LDA|LSDA-CA|LSDA-PW|GGA-PBE
scf.SpinPolarization        off        # On|Off|NC
scf.ElectronicTemperature  200.0        # default=300 (K)
scf.energycutoff           150.0       # default=150 (Ry)
scf.maxIter                 100        # default=40
scf.EigenvalueSolver        cluster    # DC|GDC|Cluster|Band
scf.Kgrid                  1 1 1       # means n1 x n2 x n3
scf.Mixing.Type           rmm-diis     # Simple|Rmm-Diis|Gr-Pulay|Kerker|Rmm-Diisk
scf.Init.Mixing.Weight     0.010       # default=0.30 
scf.Min.Mixing.Weight      0.001       # default=0.001 
scf.Max.Mixing.Weight      0.100       # default=0.40 
scf.Mixing.History          10         # default=5
scf.Mixing.StartPulay       10         # default=6
scf.criterion             1.0e-9       # default=1.0e-6 (Hartree) 

#
# MD or Geometry Optimization
#

MD.Type                     EF         # Nomd|Opt|DIIS|NVE|NVT_VS|NVT_NH
MD.Opt.DIIS.History          3         # default=3
MD.Opt.StartDIIS             8         # default=5
MD.Opt.EveryDIIS           10000       # default=10
MD.maxIter                  200        # default=1xsx
MD.TimeStep                1.0         # default=0.5 (fs)
MD.Opt.criterion          1.0e-4       # default=1.0e-4 (Hartree/bohr)


***********************************************************
***********************************************************

  Required cutoff energy (Ryd) for 3D-grids = 150.0000
      Used cutoff energy (Ryd) for 3D-grids = 150.0010, 150.0010, 150.0010
  Num. of grids of a-, b-, and c-axes = 70, 63, 70

  Num.Grid1.    70
  Num.Grid2.    63
  Num.Grid3.    70


  Cell_Volume =   5210.087487992290 (Bohr^3)
  GridVol     =      0.016877510489 (Bohr^3)
  Cell vectors (bohr) of the grid cell (gtv)
    gtv_a =  0.256509111003,  0.000000000000,  0.000000000000
    gtv_b =  0.000000000000,  0.256509111003,  0.000000000000
    gtv_c =  0.000000000000,  0.000000000000,  0.256509111003
    |gtv_a| =  0.256509111003
    |gtv_b| =  0.256509111003
    |gtv_c| =  0.256509111003

***********************************************************
***********************************************************


***********************************************************
***********************************************************
                  SCF history at MD= 1                    
***********************************************************
***********************************************************

   SCF=   1  NormRD=  1.000000000000  Uele= -3.836077117219
   SCF=   2  NormRD=  0.110914901867  Uele= -3.832526050804
   SCF=   3  NormRD=  0.110108128442  Uele= -3.797591868189
   SCF=   4  NormRD=  0.102579302690  Uele= -3.763160389416
   SCF=   5  NormRD=  0.095066456199  Uele= -3.730079764439
   SCF=   6  NormRD=  0.105572872450  Uele= -3.420210904723
   SCF=   7  NormRD=  0.108476264917  Uele= -3.430312085118
   SCF=   8  NormRD=  0.103666991715  Uele= -3.427293321054
   SCF=   9  NormRD=  0.083183760338  Uele= -3.414530661529
   SCF=  10  NormRD=  0.068051217830  Uele= -3.406298747258
   SCF=  11  NormRD=  0.056632257494  Uele= -3.401172111246
   SCF=  12  NormRD=  0.015811046836  Uele= -3.418311993739
   SCF=  13  NormRD=  0.000968688595  Uele= -3.407075102166
   SCF=  14  NormRD=  0.000544325902  Uele= -3.407135333826
   SCF=  15  NormRD=  0.000030328423  Uele= -3.407680551345
   SCF=  16  NormRD=  0.000004154236  Uele= -3.407674821348
   SCF=  17  NormRD=  0.000001647175  Uele= -3.407674971456
   SCF=  18  NormRD=  0.000000132821  Uele= -3.407676769723
   SCF=  19  NormRD=  0.000000013498  Uele= -3.407676727157
   SCF=  20  NormRD=  0.000000000519  Uele= -3.407676739219
   SCF=  21  NormRD=  0.000000000113  Uele= -3.407676738911

*******************************************************
        Total energy (Hartree) at MD = 1        
*******************************************************

  Uele.         -3.407676738911

  Ukin.          6.560125290862
  UH0.         -14.538502991463
  UH1.           0.049171942584
  Una.          -6.210387569521
  Unl.          -0.143654832504
  Uxc0.         -1.666735490542
  Uxc1.         -1.666735490542
  Ucore.         9.523493893109
  Uhub.          0.000000000000
  Ucs.           0.000000000000
  Uzs.           0.000000000000
  Uzo.           0.000000000000
  Uef.           0.000000000000
  UvdW.          0.000000000000
  Uch.           0.000000000000
  Utot.         -8.093225248019

  UpV.           0.000000000000
  Enpy.         -8.093225248019
  Note:

  Utot = Ukin+UH0+UH1+Una+Unl+Uxc0+Uxc1+Ucore+Uhub+Ucs+Uzs+Uzo+Uef+UvdW+Uch

  Uele:   band energy
  Ukin:   kinetic energy
  UH0:    electric part of screened Coulomb energy
  UH1:    difference electron-electron Coulomb energy
  Una:    neutral atom potential energy
  Unl:    non-local potential energy
  Uxc0:   exchange-correlation energy for alpha spin
  Uxc1:   exchange-correlation energy for beta spin
  Ucore:  core-core Coulomb energy
  Uhub:   LDA+U energy
  Ucs:    constraint energy for spin orientation
  Uzs:    Zeeman term for spin magnetic moment
  Uzo:    Zeeman term for orbital magnetic moment
  Uef:    electric energy by electric field
  UvdW:   semi-empirical vdW energy
  Uch:    penalty term to create a core hole

  UpV:    pressure times volume
  Enpy:   Enthalpy = Utot + UpV
  (see also PRB 72, 045121(2005) for the energy contributions)



  Chemical potential (Hartree)      -0.117187500000

***********************************************************
***********************************************************
                  SCF history at MD= 2                    
***********************************************************
***********************************************************

   SCF=   1  NormRD=  1.000000000000  Uele= -3.329578765747
   SCF=   2  NormRD=  0.067853942474  Uele= -3.421844788787
   SCF=   3  NormRD=  0.051098734778  Uele= -3.404845979406
   SCF=   4  NormRD=  0.038792114145  Uele= -3.392422273639
   SCF=   5  NormRD=  0.002069846879  Uele= -3.360160534124
   SCF=   6  NormRD=  0.000688055876  Uele= -3.356993559733
   SCF=   7  NormRD=  0.000030469031  Uele= -3.357795846231
   SCF=   8  NormRD=  0.000005765868  Uele= -3.357780188978
   SCF=   9  NormRD=  0.000000618831  Uele= -3.357783638023
   SCF=  10  NormRD=  0.000000148413  Uele= -3.357784186384
   SCF=  11  NormRD=  0.000000030763  Uele= -3.357784084099
   SCF=  12  NormRD=  0.000000005015  Uele= -3.357784084774

*******************************************************
        Total energy (Hartree) at MD = 2        
*******************************************************

  Uele.         -3.357784084774

  Ukin.          6.437537181177
  UH0.         -14.495220274444
  UH1.           0.045421066204
  Una.          -6.012903557826
  Unl.          -0.155574249451
  Uxc0.         -1.654672491797
  Uxc1.         -1.654672491797
  Ucore.         9.325189607294
  Uhub.          0.000000000000
  Ucs.           0.000000000000
  Uzs.           0.000000000000
  Uzo.           0.000000000000
  Uef.           0.000000000000
  UvdW.          0.000000000000
  Uch.           0.000000000000
  Utot.         -8.164895210640

  UpV.           0.000000000000
  Enpy.         -8.164895210640
  Note:

  Utot = Ukin+UH0+UH1+Una+Unl+Uxc0+Uxc1+Ucore+Uhub+Ucs+Uzs+Uzo+Uef+UvdW+Uch

  Uele:   band energy
  Ukin:   kinetic energy
  UH0:    electric part of screened Coulomb energy
  UH1:    difference electron-electron Coulomb energy
  Una:    neutral atom potential energy
  Unl:    non-local potential energy
  Uxc0:   exchange-correlation energy for alpha spin
  Uxc1:   exchange-correlation energy for beta spin
  Ucore:  core-core Coulomb energy
  Uhub:   LDA+U energy
  Ucs:    constraint energy for spin orientation
  Uzs:    Zeeman term for spin magnetic moment
  Uzo:    Zeeman term for orbital magnetic moment
  Uef:    electric energy by electric field
  UvdW:   semi-empirical vdW energy
  Uch:    penalty term to create a core hole

  UpV:    pressure times volume
  Enpy:   Enthalpy = Utot + UpV
  (see also PRB 72, 045121(2005) for the energy contributions)



  Chemical potential (Hartree)      -0.117187500000

***********************************************************
***********************************************************
                  SCF history at MD= 3                    
***********************************************************
***********************************************************

   SCF=   1  NormRD=  1.000000000000  Uele= -3.361208740154
   SCF=   2  NormRD=  0.012421780632  Uele= -3.345193598910
   SCF=   3  NormRD=  0.010505870900  Uele= -3.346455840527
   SCF=   4  NormRD=  0.008907173093  Uele= -3.347408950504
   SCF=   5  NormRD=  0.002951279016  Uele= -3.347356859786
   SCF=   6  NormRD=  0.000103943803  Uele= -3.350424256961
   SCF=   7  NormRD=  0.000012451596  Uele= -3.350518458908
   SCF=   8  NormRD=  0.000002876321  Uele= -3.350520236727
   SCF=   9  NormRD=  0.000000521771  Uele= -3.350522834049
   SCF=  10  NormRD=  0.000000011142  Uele= -3.350523401822
   SCF=  11  NormRD=  0.000000001643  Uele= -3.350523394166
   SCF=  12  NormRD=  0.000000000329  Uele= -3.350523395026

*******************************************************
        Total energy (Hartree) at MD = 3        
*******************************************************

  Uele.         -3.350523395026

  Ukin.          6.433839404091
  UH0.         -14.514465187255
  UH1.           0.044787477521
  Una.          -6.001689097513
  Unl.          -0.161305449375
  Uxc0.         -1.656121118933
  Uxc1.         -1.656121118933
  Ucore.         9.323469562302
  Uhub.          0.000000000000
  Ucs.           0.000000000000
  Uzs.           0.000000000000
  Uzo.           0.000000000000
  Uef.           0.000000000000
  UvdW.          0.000000000000
  Uch.           0.000000000000
  Utot.         -8.187605528097

  UpV.           0.000000000000
  Enpy.         -8.187605528097
  Note:

  Utot = Ukin+UH0+UH1+Una+Unl+Uxc0+Uxc1+Ucore+Uhub+Ucs+Uzs+Uzo+Uef+UvdW+Uch

  Uele:   band energy
  Ukin:   kinetic energy
  UH0:    electric part of screened Coulomb energy
  UH1:    difference electron-electron Coulomb energy
  Una:    neutral atom potential energy
  Unl:    non-local potential energy
  Uxc0:   exchange-correlation energy for alpha spin
  Uxc1:   exchange-correlation energy for beta spin
  Ucore:  core-core Coulomb energy
  Uhub:   LDA+U energy
  Ucs:    constraint energy for spin orientation
  Uzs:    Zeeman term for spin magnetic moment
  Uzo:    Zeeman term for orbital magnetic moment
  Uef:    electric energy by electric field
  UvdW:   semi-empirical vdW energy
  Uch:    penalty term to create a core hole

  UpV:    pressure times volume
  Enpy:   Enthalpy = Utot + UpV
  (see also PRB 72, 045121(2005) for the energy contributions)



  Chemical potential (Hartree)       0.000000000000

***********************************************************
***********************************************************
                  SCF history at MD= 4                    
***********************************************************
***********************************************************

   SCF=   1  NormRD=  1.000000000000  Uele= -3.369452207649
   SCF=   2  NormRD=  0.014769854824  Uele= -3.336374990040
   SCF=   3  NormRD=  0.011314818146  Uele= -3.340547066234
   SCF=   4  NormRD=  0.008735129534  Uele= -3.343676172461
   SCF=   5  NormRD=  0.001487407653  Uele= -3.352432704681
   SCF=   6  NormRD=  0.000088685117  Uele= -3.353216237238
   SCF=   7  NormRD=  0.000012477981  Uele= -3.353279493806
   SCF=   8  NormRD=  0.000003188366  Uele= -3.353286969093
   SCF=   9  NormRD=  0.000000403655  Uele= -3.353290260087
   SCF=  10  NormRD=  0.000000017866  Uele= -3.353290742425
   SCF=  11  NormRD=  0.000000001313  Uele= -3.353290717640
   SCF=  12  NormRD=  0.000000000050  Uele= -3.353290716478
   SCF=  13  NormRD=  0.000000000004  Uele= -3.353290716502

*******************************************************
        Total energy (Hartree) at MD = 4        
*******************************************************

  Uele.         -3.353290716502

  Ukin.          6.454453217918
  UH0.         -14.541708717042
  UH1.           0.044944950835
  Una.          -6.029789687730
  Unl.          -0.164589298904
  Uxc0.         -1.659953592588
  Uxc1.         -1.659953592588
  Ucore.         9.360150420722
  Uhub.          0.000000000000
  Ucs.           0.000000000000
  Uzs.           0.000000000000
  Uzo.           0.000000000000
  Uef.           0.000000000000
  UvdW.          0.000000000000
  Uch.           0.000000000000
  Utot.         -8.196446299379

  UpV.           0.000000000000
  Enpy.         -8.196446299379
  Note:

  Utot = Ukin+UH0+UH1+Una+Unl+Uxc0+Uxc1+Ucore+Uhub+Ucs+Uzs+Uzo+Uef+UvdW+Uch

  Uele:   band energy
  Ukin:   kinetic energy
  UH0:    electric part of screened Coulomb energy
  UH1:    difference electron-electron Coulomb energy
  Una:    neutral atom potential energy
  Unl:    non-local potential energy
  Uxc0:   exchange-correlation energy for alpha spin
  Uxc1:   exchange-correlation energy for beta spin
  Ucore:  core-core Coulomb energy
  Uhub:   LDA+U energy
  Ucs:    constraint energy for spin orientation
  Uzs:    Zeeman term for spin magnetic moment
  Uzo:    Zeeman term for orbital magnetic moment
  Uef:    electric energy by electric field
  UvdW:   semi-empirical vdW energy
  Uch:    penalty term to create a core hole

  UpV:    pressure times volume
  Enpy:   Enthalpy = Utot + UpV
  (see also PRB 72, 045121(2005) for the energy contributions)



  Chemical potential (Hartree)       0.000000000000

***********************************************************
***********************************************************
                  SCF history at MD= 5                    
***********************************************************
***********************************************************

   SCF=   1  NormRD=  1.000000000000  Uele= -3.359788798872
   SCF=   2  NormRD=  0.002015680214  Uele= -3.355504330303
   SCF=   3  NormRD=  0.001544213320  Uele= -3.356076632248
   SCF=   4  NormRD=  0.001190492237  Uele= -3.356506795362
   SCF=   5  NormRD=  0.000192355166  Uele= -3.357742529517
   SCF=   6  NormRD=  0.000010465517  Uele= -3.357860229245
   SCF=   7  NormRD=  0.000001040736  Uele= -3.357843693495
   SCF=   8  NormRD=  0.000000117973  Uele= -3.357844811693
   SCF=   9  NormRD=  0.000000012742  Uele= -3.357844928720
   SCF=  10  NormRD=  0.000000000714  Uele= -3.357844941200
   SCF=  11  NormRD=  0.000000000103  Uele= -3.357844939902
   SCF=  12  NormRD=  0.000000000012  Uele= -3.357844940024

*******************************************************
        Total energy (Hartree) at MD = 5        
*******************************************************

  Uele.         -3.357844940024

  Ukin.          6.476172615630
  UH0.         -14.565193293946
  UH1.           0.045256609430
  Una.          -6.060925679041
  Unl.          -0.166549596490
  Uxc0.         -1.663518538563
  Uxc1.         -1.663518538563
  Ucore.         9.397978282801
  Uhub.          0.000000000000
  Ucs.           0.000000000000
  Uzs.           0.000000000000
  Uzo.           0.000000000000
  Uef.           0.000000000000
  UvdW.          0.000000000000
  Uch.           0.000000000000
  Utot.         -8.200298138743

  UpV.           0.000000000000
  Enpy.         -8.200298138743
  Note:

  Utot = Ukin+UH0+UH1+Una+Unl+Uxc0+Uxc1+Ucore+Uhub+Ucs+Uzs+Uzo+Uef+UvdW+Uch

  Uele:   band energy
  Ukin:   kinetic energy
  UH0:    electric part of screened Coulomb energy
  UH1:    difference electron-electron Coulomb energy
  Una:    neutral atom potential energy
  Unl:    non-local potential energy
  Uxc0:   exchange-correlation energy for alpha spin
  Uxc1:   exchange-correlation energy for beta spin
  Ucore:  core-core Coulomb energy
  Uhub:   LDA+U energy
  Ucs:    constraint energy for spin orientation
  Uzs:    Zeeman term for spin magnetic moment
  Uzo:    Zeeman term for orbital magnetic moment
  Uef:    electric energy by electric field
  UvdW:   semi-empirical vdW energy
  Uch:    penalty term to create a core hole

  UpV:    pressure times volume
  Enpy:   Enthalpy = Utot + UpV
  (see also PRB 72, 045121(2005) for the energy contributions)



  Chemical potential (Hartree)       0.000000000000

***********************************************************
***********************************************************
                  SCF history at MD= 6                    
***********************************************************
***********************************************************

   SCF=   1  NormRD=  1.000000000000  Uele= -3.366546534426
   SCF=   2  NormRD=  0.001833010592  Uele= -3.370971424819
   SCF=   3  NormRD=  0.001384435496  Uele= -3.370411762338
   SCF=   4  NormRD=  0.001048146078  Uele= -3.369989833665
   SCF=   5  NormRD=  0.000067598032  Uele= -3.368672066864
   SCF=   6  NormRD=  0.000006217281  Uele= -3.368660336352
   SCF=   7  NormRD=  0.000001609349  Uele= -3.368666304717
   SCF=   8  NormRD=  0.000000210660  Uele= -3.368664623746
   SCF=   9  NormRD=  0.000000028646  Uele= -3.368664383830
   SCF=  10  NormRD=  0.000000000355  Uele= -3.368664353570
   SCF=  11  NormRD=  0.000000000071  Uele= -3.368664353889

*******************************************************
        Total energy (Hartree) at MD = 6        
*******************************************************

  Uele.         -3.368664353889

  Ukin.          6.521015667094
  UH0.         -14.609241082835
  UH1.           0.046051694346
  Una.          -6.126706068535
  Unl.          -0.169209705670
  Uxc0.         -1.670463887550
  Uxc1.         -1.670463887550
  Ucore.         9.475703119409
  Uhub.          0.000000000000
  Ucs.           0.000000000000
  Uzs.           0.000000000000
  Uzo.           0.000000000000
  Uef.           0.000000000000
  UvdW.          0.000000000000
  Uch.           0.000000000000
  Utot.         -8.203314151293

  UpV.           0.000000000000
  Enpy.         -8.203314151293
  Note:

  Utot = Ukin+UH0+UH1+Una+Unl+Uxc0+Uxc1+Ucore+Uhub+Ucs+Uzs+Uzo+Uef+UvdW+Uch

  Uele:   band energy
  Ukin:   kinetic energy
  UH0:    electric part of screened Coulomb energy
  UH1:    difference electron-electron Coulomb energy
  Una:    neutral atom potential energy
  Unl:    non-local potential energy
  Uxc0:   exchange-correlation energy for alpha spin
  Uxc1:   exchange-correlation energy for beta spin
  Ucore:  core-core Coulomb energy
  Uhub:   LDA+U energy
  Ucs:    constraint energy for spin orientation
  Uzs:    Zeeman term for spin magnetic moment
  Uzo:    Zeeman term for orbital magnetic moment
  Uef:    electric energy by electric field
  UvdW:   semi-empirical vdW energy
  Uch:    penalty term to create a core hole

  UpV:    pressure times volume
  Enpy:   Enthalpy = Utot + UpV
  (see also PRB 72, 045121(2005) for the energy contributions)



  Chemical potential (Hartree)       0.000000000000

***********************************************************
***********************************************************
                  SCF history at MD= 7                    
***********************************************************
***********************************************************

   SCF=   1  NormRD=  1.000000000000  Uele= -3.380448541843
   SCF=   2  NormRD=  0.008703886785  Uele= -3.362416026962
   SCF=   3  NormRD=  0.006663338523  Uele= -3.364903712245
   SCF=   4  NormRD=  0.005129198108  Uele= -3.366777220244
   SCF=   5  NormRD=  0.000476883682  Uele= -3.372150694969
   SCF=   6  NormRD=  0.000047597622  Uele= -3.372590841897
   SCF=   7  NormRD=  0.000007110645  Uele= -3.372555800886
   SCF=   8  NormRD=  0.000001217200  Uele= -3.372557657531
   SCF=   9  NormRD=  0.000000020001  Uele= -3.372559201650
   SCF=  10  NormRD=  0.000000003076  Uele= -3.372559183245
   SCF=  11  NormRD=  0.000000000798  Uele= -3.372559181305
   SCF=  12  NormRD=  0.000000000030  Uele= -3.372559182336
   SCF=  13  NormRD=  0.000000000003  Uele= -3.372559182345

*******************************************************
        Total energy (Hartree) at MD = 7        
*******************************************************

  Uele.         -3.372559182345

  Ukin.          6.535002777062
  UH0.         -14.624161599680
  UH1.           0.046247655762
  Una.          -6.147490453770
  Unl.          -0.169790847732
  Uxc0.         -1.672662283379
  Uxc1.         -1.672662283379
  Ucore.         9.501369074887
  Uhub.          0.000000000000
  Ucs.           0.000000000000
  Uzs.           0.000000000000
  Uzo.           0.000000000000
  Uef.           0.000000000000
  UvdW.          0.000000000000
  Uch.           0.000000000000
  Utot.         -8.204147960229

  UpV.           0.000000000000
  Enpy.         -8.204147960229
  Note:

  Utot = Ukin+UH0+UH1+Una+Unl+Uxc0+Uxc1+Ucore+Uhub+Ucs+Uzs+Uzo+Uef+UvdW+Uch

  Uele:   band energy
  Ukin:   kinetic energy
  UH0:    electric part of screened Coulomb energy
  UH1:    difference electron-electron Coulomb energy
  Una:    neutral atom potential energy
  Unl:    non-local potential energy
  Uxc0:   exchange-correlation energy for alpha spin
  Uxc1:   exchange-correlation energy for beta spin
  Ucore:  core-core Coulomb energy
  Uhub:   LDA+U energy
  Ucs:    constraint energy for spin orientation
  Uzs:    Zeeman term for spin magnetic moment
  Uzo:    Zeeman term for orbital magnetic moment
  Uef:    electric energy by electric field
  UvdW:   semi-empirical vdW energy
  Uch:    penalty term to create a core hole

  UpV:    pressure times volume
  Enpy:   Enthalpy = Utot + UpV
  (see also PRB 72, 045121(2005) for the energy contributions)



  Chemical potential (Hartree)       0.000000000000

***********************************************************
***********************************************************
                  SCF history at MD= 8                    
***********************************************************
***********************************************************

   SCF=   1  NormRD=  1.000000000000  Uele= -3.379738709178
   SCF=   2  NormRD=  0.005345978206  Uele= -3.368832377174
   SCF=   3  NormRD=  0.004160485295  Uele= -3.370299375673
   SCF=   4  NormRD=  0.003267488869  Uele= -3.371405292170
   SCF=   5  NormRD=  0.000449810923  Uele= -3.374365660510
   SCF=   6  NormRD=  0.000007978349  Uele= -3.374850223886
   SCF=   7  NormRD=  0.000002344944  Uele= -3.374838057416
   SCF=   8  NormRD=  0.000000370230  Uele= -3.374840534366
   SCF=   9  NormRD=  0.000000011035  Uele= -3.374840951385
   SCF=  10  NormRD=  0.000000001835  Uele= -3.374840929780
   SCF=  11  NormRD=  0.000000000293  Uele= -3.374840931612
   SCF=  12  NormRD=  0.000000000013  Uele= -3.374840931918

*******************************************************
        Total energy (Hartree) at MD = 8        
*******************************************************

  Uele.         -3.374840931918

  Ukin.          6.543599315631
  UH0.         -14.632748282110
  UH1.           0.046396840339
  Una.          -6.160375394439
  Unl.          -0.170132901659
  Uxc0.         -1.674010545167
  Uxc1.         -1.674010545167
  Ucore.         9.516631972118
  Uhub.          0.000000000000
  Ucs.           0.000000000000
  Uzs.           0.000000000000
  Uzo.           0.000000000000
  Uef.           0.000000000000
  UvdW.          0.000000000000
  Uch.           0.000000000000
  Utot.         -8.204649540454

  UpV.           0.000000000000
  Enpy.         -8.204649540454
  Note:

  Utot = Ukin+UH0+UH1+Una+Unl+Uxc0+Uxc1+Ucore+Uhub+Ucs+Uzs+Uzo+Uef+UvdW+Uch

  Uele:   band energy
  Ukin:   kinetic energy
  UH0:    electric part of screened Coulomb energy
  UH1:    difference electron-electron Coulomb energy
  Una:    neutral atom potential energy
  Unl:    non-local potential energy
  Uxc0:   exchange-correlation energy for alpha spin
  Uxc1:   exchange-correlation energy for beta spin
  Ucore:  core-core Coulomb energy
  Uhub:   LDA+U energy
  Ucs:    constraint energy for spin orientation
  Uzs:    Zeeman term for spin magnetic moment
  Uzo:    Zeeman term for orbital magnetic moment
  Uef:    electric energy by electric field
  UvdW:   semi-empirical vdW energy
  Uch:    penalty term to create a core hole

  UpV:    pressure times volume
  Enpy:   Enthalpy = Utot + UpV
  (see also PRB 72, 045121(2005) for the energy contributions)



  Chemical potential (Hartree)       0.000000000000

***********************************************************
***********************************************************
                  SCF history at MD= 9                    
***********************************************************
***********************************************************

   SCF=   1  NormRD=  1.000000000000  Uele= -3.373990569600
   SCF=   2  NormRD=  0.016620843539  Uele= -3.379230203896
   SCF=   3  NormRD=  0.014487488344  Uele= -3.378126891484
   SCF=   4  NormRD=  0.012652216075  Uele= -3.377301601870
   SCF=   5  NormRD=  0.002449997062  Uele= -3.377908860945
   SCF=   6  NormRD=  0.000075070828  Uele= -3.374834810598
   SCF=   7  NormRD=  0.000014597637  Uele= -3.374917840763
   SCF=   8  NormRD=  0.000001791597  Uele= -3.374915362319
   SCF=   9  NormRD=  0.000000067945  Uele= -3.374914761939
   SCF=  10  NormRD=  0.000000005106  Uele= -3.374914864831
   SCF=  11  NormRD=  0.000000001340  Uele= -3.374914864640

*******************************************************
        Total energy (Hartree) at MD = 9        
*******************************************************

  Uele.         -3.374914864640

  Ukin.          6.543275423893
  UH0.         -14.632204228354
  UH1.           0.046400599724
  Una.          -6.160466743722
  Unl.          -0.169894041661
  Uxc0.         -1.674039387891
  Uxc1.         -1.674039387891
  Ucore.         9.515913279814
  Uhub.          0.000000000000
  Ucs.           0.000000000000
  Uzs.           0.000000000000
  Uzo.           0.000000000000
  Uef.           0.000000000000
  UvdW.          0.000000000000
  Uch.           0.000000000000
  Utot.         -8.205054486088

  UpV.           0.000000000000
  Enpy.         -8.205054486088
  Note:

  Utot = Ukin+UH0+UH1+Una+Unl+Uxc0+Uxc1+Ucore+Uhub+Ucs+Uzs+Uzo+Uef+UvdW+Uch

  Uele:   band energy
  Ukin:   kinetic energy
  UH0:    electric part of screened Coulomb energy
  UH1:    difference electron-electron Coulomb energy
  Una:    neutral atom potential energy
  Unl:    non-local potential energy
  Uxc0:   exchange-correlation energy for alpha spin
  Uxc1:   exchange-correlation energy for beta spin
  Ucore:  core-core Coulomb energy
  Uhub:   LDA+U energy
  Ucs:    constraint energy for spin orientation
  Uzs:    Zeeman term for spin magnetic moment
  Uzo:    Zeeman term for orbital magnetic moment
  Uef:    electric energy by electric field
  UvdW:   semi-empirical vdW energy
  Uch:    penalty term to create a core hole

  UpV:    pressure times volume
  Enpy:   Enthalpy = Utot + UpV
  (see also PRB 72, 045121(2005) for the energy contributions)



  Chemical potential (Hartree)       0.000000000000

***********************************************************
***********************************************************
                  SCF history at MD=10                    
***********************************************************
***********************************************************

   SCF=   1  NormRD=  1.000000000000  Uele= -3.383140429831
   SCF=   2  NormRD=  0.006737963335  Uele= -3.370285211382
   SCF=   3  NormRD=  0.005315090403  Uele= -3.372017667758
   SCF=   4  NormRD=  0.004231422377  Uele= -3.373325535297
   SCF=   5  NormRD=  0.000873124508  Uele= -3.376510805476
   SCF=   6  NormRD=  0.000060574760  Uele= -3.377427563879
   SCF=   7  NormRD=  0.000005025854  Uele= -3.377412422460
   SCF=   8  NormRD=  0.000000526138  Uele= -3.377414770776
   SCF=   9  NormRD=  0.000000013484  Uele= -3.377415499876
   SCF=  10  NormRD=  0.000000002700  Uele= -3.377415498028
   SCF=  11  NormRD=  0.000000000122  Uele= -3.377415494146
   SCF=  12  NormRD=  0.000000000007  Uele= -3.377415494311

*******************************************************
        Total energy (Hartree) at MD =10        
*******************************************************

  Uele.         -3.377415494311

  Ukin.          6.553336616050
  UH0.         -14.642302015000
  UH1.           0.046577810756
  Una.          -6.175225033494
  Unl.          -0.170440848969
  Uxc0.         -1.675575938134
  Uxc1.         -1.675575938134
  Ucore.         9.533744370206
  Uhub.          0.000000000000
  Ucs.           0.000000000000
  Uzs.           0.000000000000
  Uzo.           0.000000000000
  Uef.           0.000000000000
  UvdW.          0.000000000000
  Uch.           0.000000000000
  Utot.         -8.205460976719

  UpV.           0.000000000000
  Enpy.         -8.205460976719
  Note:

  Utot = Ukin+UH0+UH1+Una+Unl+Uxc0+Uxc1+Ucore+Uhub+Ucs+Uzs+Uzo+Uef+UvdW+Uch

  Uele:   band energy
  Ukin:   kinetic energy
  UH0:    electric part of screened Coulomb energy
  UH1:    difference electron-electron Coulomb energy
  Una:    neutral atom potential energy
  Unl:    non-local potential energy
  Uxc0:   exchange-correlation energy for alpha spin
  Uxc1:   exchange-correlation energy for beta spin
  Ucore:  core-core Coulomb energy
  Uhub:   LDA+U energy
  Ucs:    constraint energy for spin orientation
  Uzs:    Zeeman term for spin magnetic moment
  Uzo:    Zeeman term for orbital magnetic moment
  Uef:    electric energy by electric field
  UvdW:   semi-empirical vdW energy
  Uch:    penalty term to create a core hole

  UpV:    pressure times volume
  Enpy:   Enthalpy = Utot + UpV
  (see also PRB 72, 045121(2005) for the energy contributions)



  Chemical potential (Hartree)       0.000000000000

***********************************************************
***********************************************************
                  SCF history at MD=11                    
***********************************************************
***********************************************************

   SCF=   1  NormRD=  1.000000000000  Uele= -3.378273371709
   SCF=   2  NormRD=  0.000682967823  Uele= -3.375942661261
   SCF=   3  NormRD=  0.000523756526  Uele= -3.376163807532
   SCF=   4  NormRD=  0.000405331774  Uele= -3.376331910915
   SCF=   5  NormRD=  0.000040452009  Uele= -3.376905158836
   SCF=   6  NormRD=  0.000009806757  Uele= -3.376905480925
   SCF=   7  NormRD=  0.000000466366  Uele= -3.376894924488
   SCF=   8  NormRD=  0.000000038461  Uele= -3.376894520526
   SCF=   9  NormRD=  0.000000007489  Uele= -3.376894581942
   SCF=  10  NormRD=  0.000000000703  Uele= -3.376894573534
   SCF=  11  NormRD=  0.000000000013  Uele= -3.376894572808

*******************************************************
        Total energy (Hartree) at MD =11        
*******************************************************

  Uele.         -3.376894572808

  Ukin.          6.551266202606
  UH0.         -14.640155691038
  UH1.           0.046546405908
  Una.          -6.172313845634
  Unl.          -0.170303111024
  Uxc0.         -1.675287645638
  Uxc1.         -1.675287645638
  Ucore.         9.529945139627
  Uhub.          0.000000000000
  Ucs.           0.000000000000
  Uzs.           0.000000000000
  Uzo.           0.000000000000
  Uef.           0.000000000000
  UvdW.          0.000000000000
  Uch.           0.000000000000
  Utot.         -8.205590190831

  UpV.           0.000000000000
  Enpy.         -8.205590190831
  Note:

  Utot = Ukin+UH0+UH1+Una+Unl+Uxc0+Uxc1+Ucore+Uhub+Ucs+Uzs+Uzo+Uef+UvdW+Uch

  Uele:   band energy
  Ukin:   kinetic energy
  UH0:    electric part of screened Coulomb energy
  UH1:    difference electron-electron Coulomb energy
  Una:    neutral atom potential energy
  Unl:    non-local potential energy
  Uxc0:   exchange-correlation energy for alpha spin
  Uxc1:   exchange-correlation energy for beta spin
  Ucore:  core-core Coulomb energy
  Uhub:   LDA+U energy
  Ucs:    constraint energy for spin orientation
  Uzs:    Zeeman term for spin magnetic moment
  Uzo:    Zeeman term for orbital magnetic moment
  Uef:    electric energy by electric field
  UvdW:   semi-empirical vdW energy
  Uch:    penalty term to create a core hole

  UpV:    pressure times volume
  Enpy:   Enthalpy = Utot + UpV
  (see also PRB 72, 045121(2005) for the energy contributions)



  Chemical potential (Hartree)       0.000000000000

***********************************************************
***********************************************************
                  SCF history at MD=12                    
***********************************************************
***********************************************************

   SCF=   1  NormRD=  1.000000000000  Uele= -3.376263132831
   SCF=   2  NormRD=  0.000448303049  Uele= -3.377239597764
   SCF=   3  NormRD=  0.000349854975  Uele= -3.377114952130
   SCF=   4  NormRD=  0.000275584918  Uele= -3.377020776724
   SCF=   5  NormRD=  0.000042168640  Uele= -3.376763967170
   SCF=   6  NormRD=  0.000003150178  Uele= -3.376722697935
   SCF=   7  NormRD=  0.000000356545  Uele= -3.376723212519
   SCF=   8  NormRD=  0.000000042646  Uele= -3.376723001347
   SCF=   9  NormRD=  0.000000001021  Uele= -3.376722943484
   SCF=  10  NormRD=  0.000000000151  Uele= -3.376722944124

*******************************************************
        Total energy (Hartree) at MD =12        
*******************************************************

  Uele.         -3.376722944124

  Ukin.          6.550615411651
  UH0.         -14.639478004709
  UH1.           0.046536413409
  Una.          -6.171370395784
  Unl.          -0.170268516818
  Uxc0.         -1.675191030975
  Uxc1.         -1.675191030975
  Ucore.         9.528756994126
  Uhub.          0.000000000000
  Ucs.           0.000000000000
  Uzs.           0.000000000000
  Uzo.           0.000000000000
  Uef.           0.000000000000
  UvdW.          0.000000000000
  Uch.           0.000000000000
  Utot.         -8.205590160076

  UpV.           0.000000000000
  Enpy.         -8.205590160076
  Note:

  Utot = Ukin+UH0+UH1+Una+Unl+Uxc0+Uxc1+Ucore+Uhub+Ucs+Uzs+Uzo+Uef+UvdW+Uch

  Uele:   band energy
  Ukin:   kinetic energy
  UH0:    electric part of screened Coulomb energy
  UH1:    difference electron-electron Coulomb energy
  Una:    neutral atom potential energy
  Unl:    non-local potential energy
  Uxc0:   exchange-correlation energy for alpha spin
  Uxc1:   exchange-correlation energy for beta spin
  Ucore:  core-core Coulomb energy
  Uhub:   LDA+U energy
  Ucs:    constraint energy for spin orientation
  Uzs:    Zeeman term for spin magnetic moment
  Uzo:    Zeeman term for orbital magnetic moment
  Uef:    electric energy by electric field
  UvdW:   semi-empirical vdW energy
  Uch:    penalty term to create a core hole

  UpV:    pressure times volume
  Enpy:   Enthalpy = Utot + UpV
  (see also PRB 72, 045121(2005) for the energy contributions)



  Chemical potential (Hartree)       0.000000000000

***********************************************************
***********************************************************
                  SCF history at MD=13                    
***********************************************************
***********************************************************

   SCF=   1  NormRD=  1.000000000000  Uele= -3.376538632680
   SCF=   2  NormRD=  0.000171701733  Uele= -3.376959467099
   SCF=   3  NormRD=  0.000129072831  Uele= -3.376905404790
   SCF=   4  NormRD=  0.000097054614  Uele= -3.376864562186
   SCF=   5  NormRD=  0.000003557091  Uele= -3.376732771805
   SCF=   6  NormRD=  0.000000369481  Uele= -3.376735269480
   SCF=   7  NormRD=  0.000000126750  Uele= -3.376735681823
   SCF=   8  NormRD=  0.000000013325  Uele= -3.376735546633
   SCF=   9  NormRD=  0.000000000251  Uele= -3.376735528933
   SCF=  10  NormRD=  0.000000000043  Uele= -3.376735528810

*******************************************************
        Total energy (Hartree) at MD =13        
*******************************************************

  Uele.         -3.376735528810

  Ukin.          6.550663645177
  UH0.         -14.639528182028
  UH1.           0.046537158928
  Una.          -6.171440349317
  Unl.          -0.170271103255
  Uxc0.         -1.675198210161
  Uxc1.         -1.675198210161
  Ucore.         9.528844856379
  Uhub.          0.000000000000
  Ucs.           0.000000000000
  Uzs.           0.000000000000
  Uzo.           0.000000000000
  Uef.           0.000000000000
  UvdW.          0.000000000000
  Uch.           0.000000000000
  Utot.         -8.205590394437

  UpV.           0.000000000000
  Enpy.         -8.205590394437
  Note:

  Utot = Ukin+UH0+UH1+Una+Unl+Uxc0+Uxc1+Ucore+Uhub+Ucs+Uzs+Uzo+Uef+UvdW+Uch

  Uele:   band energy
  Ukin:   kinetic energy
  UH0:    electric part of screened Coulomb energy
  UH1:    difference electron-electron Coulomb energy
  Una:    neutral atom potential energy
  Unl:    non-local potential energy
  Uxc0:   exchange-correlation energy for alpha spin
  Uxc1:   exchange-correlation energy for beta spin
  Ucore:  core-core Coulomb energy
  Uhub:   LDA+U energy
  Ucs:    constraint energy for spin orientation
  Uzs:    Zeeman term for spin magnetic moment
  Uzo:    Zeeman term for orbital magnetic moment
  Uef:    electric energy by electric field
  UvdW:   semi-empirical vdW energy
  Uch:    penalty term to create a core hole

  UpV:    pressure times volume
  Enpy:   Enthalpy = Utot + UpV
  (see also PRB 72, 045121(2005) for the energy contributions)



  Chemical potential (Hartree)       0.000000000000

***********************************************************
***********************************************************
            Eigenvalues (Hartree) for SCF KS-eq.           
***********************************************************
***********************************************************

   Chemical Potential (Hartree) =   0.00000000000000
   Number of States             =   8.00000000000000
   HOMO =  4
   Eigenvalues
                Up-spin            Down-spin
          1  -0.63285070499435  -0.63285070499435
          2  -0.35188975119386  -0.35188975119386
          3  -0.35182491137359  -0.35182491137359
          4  -0.35180239686306  -0.35180239686306
          5   0.15948714907578   0.15948714907578
          6   0.19404438792461   0.19404438792461
          7   0.19406985083650   0.19406985083650
          8   0.19414784346196   0.19414784346196
          9   0.40362847296592   0.40362847296592
         10   0.40366630191006   0.40366630191006
         11   0.40367074430640   0.40367074430640
         12   0.87962263880581   0.87962263880581
         13   1.42057973523713   1.42057973523713
         14   1.42061980679007   1.42061980679007
         15   1.42062831643419   1.42062831643419
         16   2.20039031034589   2.20039031034589

***********************************************************
***********************************************************
              History of geometry optimization             
***********************************************************
***********************************************************

  MD_iter   SD_scaling     |Maximum force|   Maximum step        Utot
                           (Hartree/Bohr)        (Ang)         (Hartree)

    1       1.25981733       0.31797903       0.10583545      -8.09322525
    2       0.62990866       0.17984114       0.05994705      -8.16489521
    3       0.62990866       0.11295385       0.03765128      -8.18760553
    4       0.62990866       0.07446332       0.02482111      -8.19644630
    5       1.57477166       0.04854277       0.04045231      -8.20029814
    6       1.57477166       0.01575768       0.01313140      -8.20331415
    7       1.57477166       0.01045699       0.00871416      -8.20414796
    8       1.57477166       0.00649936       0.04443655      -8.20464954
    9       1.57477166       0.01522890       0.01469917      -8.20505449
   10       1.57477166       0.00290681       0.00993707      -8.20546098
   11       1.57477166       0.00031294       0.00085816      -8.20559019
   12       1.57477166       0.00041404       0.00044361      -8.20559016
   13       1.57477166       0.00005114       0.00000000      -8.20559039

***********************************************************
***********************************************************
                   Mulliken populations                    
***********************************************************
***********************************************************

  Total spin moment (muB)   0.000000000

                    Up spin      Down spin     Sum           Diff
      1    C      2.169926188  2.169926188   4.339852377   0.000000000
      2    H      0.457517433  0.457517433   0.915034866   0.000000000
      3    H      0.457522394  0.457522394   0.915044788   0.000000000
      4    H      0.457515824  0.457515824   0.915031648   0.000000000
      5    H      0.457518161  0.457518161   0.915036321   0.000000000

 Sum of MulP: up   =     4.00000 down          =     4.00000
              total=     8.00000 ideal(neutral)=     8.00000


  Decomposed Mulliken populations

    1    C          Up spin      Down spin     Sum           Diff
            multiple
  s           0    0.579633108  0.579633108   1.159266215   0.000000000
   sum over m      0.579633108  0.579633108   1.159266215   0.000000000
  s           1   -0.004946160 -0.004946160  -0.009892320   0.000000000
   sum over m     -0.004946160 -0.004946160  -0.009892320   0.000000000
   sum over m+mul  0.574686948  0.574686948   1.149373895   0.000000000
  px          0    0.540515189  0.540515189   1.081030379   0.000000000
  py          0    0.540534291  0.540534291   1.081068582   0.000000000
  pz          0    0.540516446  0.540516446   1.081032893   0.000000000
   sum over m      1.621565927  1.621565927   3.243131853   0.000000000
  px          1   -0.008775253 -0.008775253  -0.017550507   0.000000000
  py          1   -0.008775966 -0.008775966  -0.017551933   0.000000000
  pz          1   -0.008775466 -0.008775466  -0.017550932   0.000000000
   sum over m     -0.026326686 -0.026326686  -0.052653371   0.000000000
   sum over m+mul  1.595239241  1.595239241   3.190478482   0.000000000

    2    H          Up spin      Down spin     Sum           Diff
            multiple
  s           0    0.452705145  0.452705145   0.905410289   0.000000000
   sum over m      0.452705145  0.452705145   0.905410289   0.000000000
  s           1    0.004812288  0.004812288   0.009624577   0.000000000
   sum over m      0.004812288  0.004812288   0.009624577   0.000000000
   sum over m+mul  0.457517433  0.457517433   0.915034866   0.000000000

    3    H          Up spin      Down spin     Sum           Diff
            multiple
  s           0    0.452712524  0.452712524   0.905425048   0.000000000
   sum over m      0.452712524  0.452712524   0.905425048   0.000000000
  s           1    0.004809870  0.004809870   0.009619739   0.000000000
   sum over m      0.004809870  0.004809870   0.009619739   0.000000000
   sum over m+mul  0.457522394  0.457522394   0.915044788   0.000000000

    4    H          Up spin      Down spin     Sum           Diff
            multiple
  s           0    0.452702743  0.452702743   0.905405485   0.000000000
   sum over m      0.452702743  0.452702743   0.905405485   0.000000000
  s           1    0.004813082  0.004813082   0.009626163   0.000000000
   sum over m      0.004813082  0.004813082   0.009626163   0.000000000
   sum over m+mul  0.457515824  0.457515824   0.915031648   0.000000000

    5    H          Up spin      Down spin     Sum           Diff
            multiple
  s           0    0.452706073  0.452706073   0.905412145   0.000000000
   sum over m      0.452706073  0.452706073   0.905412145   0.000000000
  s           1    0.004812088  0.004812088   0.009624176   0.000000000
   sum over m      0.004812088  0.004812088   0.009624176   0.000000000
   sum over m+mul  0.457518161  0.457518161   0.915036321   0.000000000

***********************************************************
***********************************************************
                    Dipole moment (Debye)                  
***********************************************************
***********************************************************

 Absolute D        0.00014547

                      Dx                Dy                Dz
 Total              0.00005485        0.00003360       -0.00013047
 Core               1.53357906       -0.00191634       -2.30176464
 Electron          -1.53352420        0.00194993        2.30163417
 Back ground       -0.00000000        0.00000000        0.00000000

***********************************************************
***********************************************************
       xyz-coordinates (Ang) and forces (Hartree/Bohr)  
***********************************************************
***********************************************************

<coordinates.forces
  5
    1     C     0.03990  -0.00006  -0.05986   0.000010587842  0.000013780582 -0.000051139763
    2     H    -0.85073  -0.63294  -0.06128   0.000011405775  0.000002567591  0.000008462263
    3     H     0.03808   0.63335  -0.95014  -0.000008849174 -0.000002902148  0.000019442542
    4     H     0.03898   0.62836   0.83391  -0.000001971633 -0.000010907888  0.000004812661
    5     H     0.93336  -0.62892  -0.06228  -0.000005991983 -0.000003841228  0.000015322136
coordinates.forces>

***********************************************************
***********************************************************
       Fractional coordinates of the final structure       
***********************************************************
***********************************************************

     1      C     0.00419895813166   0.99999266528380   0.99370051498617
     2      H     0.91046533845720   0.92598543674967   0.99355042648753
     3      H     0.00400757740814   0.07406207174820   0.90000340015400
     4      H     0.00410277925015   0.07347942467682   0.08776380994074
     5      H     0.09823107245914   0.92645575091074   0.99344581400645

***********************************************************
***********************************************************
               Computational Time (second)                 
***********************************************************
***********************************************************

   Elapsed.Time.        24.033

                               Min_ID   Min_Time       Max_ID   Max_Time
   Total Computational Time =    84       24.032          0       24.033
   readfile                 =    26        2.924          0        2.926
   truncation               =   101        1.645          1        1.899
   MD_pac                   =     0        0.007         65        0.008
   OutData                  =     6        0.000          0        0.001
   DFT                      =     1       19.195        101       19.450

*** In DFT ***

   Set_OLP_Kin              =    34        0.599          1        0.764
   Set_Nonlocal             =     1        0.422         34        0.587
   Set_ProExpn_VNA          =    95        2.191          8        3.044
   Set_Hamiltonian          =    20        4.945          0        4.953
   Poisson                  =    55        1.017         74        1.027
   Diagonalization          =    22        2.600         64        2.610
   Mixing_DM                =    84        0.084         64        0.089
   Force                    =    25        1.196        110        1.199
   Total_Energy             =    16        0.882          0        0.884
   Set_Aden_Grid            =     8        0.095         63        0.774
   Set_Orbitals_Grid        =     8        0.000          1        0.530
   Set_Density_Grid         =    10        1.702         57        2.522
   RestartFileDFT           =    12        0.045         80        1.331
   Mulliken_Charge          =    15        0.025         94        0.031
   FFT(2D)_Density          =     0        0.000          0        0.000
   Others                   =    80        0.698         10        2.593
