***********************************************************
***********************************************************

  This calculation was performed by OpenMX Ver. 3.9
  using 112 MPI processes and 1 OpenMP threads.

  Fri Nov 22 16:25:41 2019

***********************************************************
***********************************************************

#
# File Name      
#

System.CurrrentDirectory         ./    # default=./
System.Name                     Methane_RF
level.of.stdout                   1    # default=1 (1-3)
level.of.fileout                  0    # default=1 (0-2)

#
# Definition of Atomic Species
#

Species.Number       2
<Definition.of.Atomic.Species
 H   H6.0-s2          H_PBE19
 C   C6.0-s2p2        C_PBE19
Definition.of.Atomic.Species>

#
# Atoms
#

Atoms.Number         5
Atoms.SpeciesAndCoordinates.Unit   Ang # Ang|AU
<Atoms.SpeciesAndCoordinates
 1  C      0.200000    0.000000   -0.300000     2.0  2.0 
 2  H     -0.889981   -0.629312    0.000000     0.5  0.5
 3  H      0.000000    0.629312   -0.889981     0.5  0.5
 4  H      0.000000    0.629312    0.889981     0.5  0.5
 5  H      0.889981   -0.629312    0.000000     0.5  0.5
Atoms.SpeciesAndCoordinates>
Atoms.UnitVectors.Unit             Ang # Ang|AU
#<Atoms.UnitVectors                     
#  10.0   0.0   0.0  
#   0.0  10.0   0.0  
#   0.0   0.0  10.0  
#Atoms.UnitVectors>

#
# SCF or Electronic System
#

scf.XcType                 GGA-PBE     # LDA|LSDA-CA|LSDA-PW|GGA-PBE
scf.SpinPolarization        off        # On|Off|NC
scf.ElectronicTemperature  200.0        # default=300 (K)
scf.energycutoff           150.0       # default=150 (Ry)
scf.maxIter                 100        # default=40
scf.EigenvalueSolver        cluster    # DC|GDC|Cluster|Band
scf.Kgrid                  1 1 1       # means n1 x n2 x n3
scf.Mixing.Type           rmm-diis     # Simple|Rmm-Diis|Gr-Pulay|Kerker|Rmm-Diisk
scf.Init.Mixing.Weight     0.010       # default=0.30 
scf.Min.Mixing.Weight      0.001       # default=0.001 
scf.Max.Mixing.Weight      0.100       # default=0.40 
scf.Mixing.History          10         # default=5
scf.Mixing.StartPulay       10         # default=6
scf.criterion             1.0e-9       # default=1.0e-6 (Hartree) 

#
# MD or Geometry Optimization
#

MD.Type                     RF         # Nomd|Opt|DIIS|NVE|NVT_VS|NVT_NH
MD.Opt.DIIS.History          3         # default=3
MD.Opt.StartDIIS             8         # default=5
MD.Opt.EveryDIIS           10000       # default=10
MD.maxIter                  200        # default=1xsx
MD.TimeStep                1.0         # default=0.5 (fs)
MD.Opt.criterion          1.0e-4       # default=1.0e-4 (Hartree/bohr)


***********************************************************
***********************************************************

  Required cutoff energy (Ryd) for 3D-grids = 150.0000
      Used cutoff energy (Ryd) for 3D-grids = 150.0010, 150.0010, 150.0010
  Num. of grids of a-, b-, and c-axes = 70, 63, 70

  Num.Grid1.    70
  Num.Grid2.    63
  Num.Grid3.    70


  Cell_Volume =   5210.087487992290 (Bohr^3)
  GridVol     =      0.016877510489 (Bohr^3)
  Cell vectors (bohr) of the grid cell (gtv)
    gtv_a =  0.256509111003,  0.000000000000,  0.000000000000
    gtv_b =  0.000000000000,  0.256509111003,  0.000000000000
    gtv_c =  0.000000000000,  0.000000000000,  0.256509111003
    |gtv_a| =  0.256509111003
    |gtv_b| =  0.256509111003
    |gtv_c| =  0.256509111003

***********************************************************
***********************************************************


***********************************************************
***********************************************************
                  SCF history at MD= 1                    
***********************************************************
***********************************************************

   SCF=   1  NormRD=  1.000000000000  Uele= -3.836077117219
   SCF=   2  NormRD=  0.110914901867  Uele= -3.832526050804
   SCF=   3  NormRD=  0.110108128442  Uele= -3.797591868189
   SCF=   4  NormRD=  0.102579302690  Uele= -3.763160389416
   SCF=   5  NormRD=  0.095066456198  Uele= -3.730079764439
   SCF=   6  NormRD=  0.105572872450  Uele= -3.420210904724
   SCF=   7  NormRD=  0.108476264917  Uele= -3.430312085119
   SCF=   8  NormRD=  0.103666991715  Uele= -3.427293321055
   SCF=   9  NormRD=  0.083183760338  Uele= -3.414530661530
   SCF=  10  NormRD=  0.068051217830  Uele= -3.406298747258
   SCF=  11  NormRD=  0.056632257495  Uele= -3.401172111247
   SCF=  12  NormRD=  0.015811046836  Uele= -3.418311993740
   SCF=  13  NormRD=  0.000968688595  Uele= -3.407075102166
   SCF=  14  NormRD=  0.000544325902  Uele= -3.407135333827
   SCF=  15  NormRD=  0.000030328423  Uele= -3.407680551345
   SCF=  16  NormRD=  0.000004154236  Uele= -3.407674821349
   SCF=  17  NormRD=  0.000001647175  Uele= -3.407674971457
   SCF=  18  NormRD=  0.000000132821  Uele= -3.407676769724
   SCF=  19  NormRD=  0.000000013498  Uele= -3.407676727158
   SCF=  20  NormRD=  0.000000000519  Uele= -3.407676739220
   SCF=  21  NormRD=  0.000000000112  Uele= -3.407676738911

*******************************************************
        Total energy (Hartree) at MD = 1        
*******************************************************

  Uele.         -3.407676738911

  Ukin.          6.560125290862
  UH0.         -14.538502991463
  UH1.           0.049171942584
  Una.          -6.210387569521
  Unl.          -0.143654832504
  Uxc0.         -1.666735490542
  Uxc1.         -1.666735490542
  Ucore.         9.523493893109
  Uhub.          0.000000000000
  Ucs.           0.000000000000
  Uzs.           0.000000000000
  Uzo.           0.000000000000
  Uef.           0.000000000000
  UvdW.          0.000000000000
  Uch.           0.000000000000
  Utot.         -8.093225248019

  UpV.           0.000000000000
  Enpy.         -8.093225248019
  Note:

  Utot = Ukin+UH0+UH1+Una+Unl+Uxc0+Uxc1+Ucore+Uhub+Ucs+Uzs+Uzo+Uef+UvdW+Uch

  Uele:   band energy
  Ukin:   kinetic energy
  UH0:    electric part of screened Coulomb energy
  UH1:    difference electron-electron Coulomb energy
  Una:    neutral atom potential energy
  Unl:    non-local potential energy
  Uxc0:   exchange-correlation energy for alpha spin
  Uxc1:   exchange-correlation energy for beta spin
  Ucore:  core-core Coulomb energy
  Uhub:   LDA+U energy
  Ucs:    constraint energy for spin orientation
  Uzs:    Zeeman term for spin magnetic moment
  Uzo:    Zeeman term for orbital magnetic moment
  Uef:    electric energy by electric field
  UvdW:   semi-empirical vdW energy
  Uch:    penalty term to create a core hole

  UpV:    pressure times volume
  Enpy:   Enthalpy = Utot + UpV
  (see also PRB 72, 045121(2005) for the energy contributions)



  Chemical potential (Hartree)      -0.117187500000

***********************************************************
***********************************************************
                  SCF history at MD= 2                    
***********************************************************
***********************************************************

   SCF=   1  NormRD=  1.000000000000  Uele= -3.329578765748
   SCF=   2  NormRD=  0.067853942473  Uele= -3.421844788786
   SCF=   3  NormRD=  0.051098734777  Uele= -3.404845979406
   SCF=   4  NormRD=  0.038792114145  Uele= -3.392422273638
   SCF=   5  NormRD=  0.002069846879  Uele= -3.360160534124
   SCF=   6  NormRD=  0.000688055876  Uele= -3.356993559733
   SCF=   7  NormRD=  0.000030469031  Uele= -3.357795846231
   SCF=   8  NormRD=  0.000005765868  Uele= -3.357780188978
   SCF=   9  NormRD=  0.000000618831  Uele= -3.357783638023
   SCF=  10  NormRD=  0.000000148413  Uele= -3.357784186384
   SCF=  11  NormRD=  0.000000030763  Uele= -3.357784084099
   SCF=  12  NormRD=  0.000000005015  Uele= -3.357784084774

*******************************************************
        Total energy (Hartree) at MD = 2        
*******************************************************

  Uele.         -3.357784084774

  Ukin.          6.437537181177
  UH0.         -14.495220274444
  UH1.           0.045421066204
  Una.          -6.012903557826
  Unl.          -0.155574249451
  Uxc0.         -1.654672491797
  Uxc1.         -1.654672491797
  Ucore.         9.325189607294
  Uhub.          0.000000000000
  Ucs.           0.000000000000
  Uzs.           0.000000000000
  Uzo.           0.000000000000
  Uef.           0.000000000000
  UvdW.          0.000000000000
  Uch.           0.000000000000
  Utot.         -8.164895210640

  UpV.           0.000000000000
  Enpy.         -8.164895210640
  Note:

  Utot = Ukin+UH0+UH1+Una+Unl+Uxc0+Uxc1+Ucore+Uhub+Ucs+Uzs+Uzo+Uef+UvdW+Uch

  Uele:   band energy
  Ukin:   kinetic energy
  UH0:    electric part of screened Coulomb energy
  UH1:    difference electron-electron Coulomb energy
  Una:    neutral atom potential energy
  Unl:    non-local potential energy
  Uxc0:   exchange-correlation energy for alpha spin
  Uxc1:   exchange-correlation energy for beta spin
  Ucore:  core-core Coulomb energy
  Uhub:   LDA+U energy
  Ucs:    constraint energy for spin orientation
  Uzs:    Zeeman term for spin magnetic moment
  Uzo:    Zeeman term for orbital magnetic moment
  Uef:    electric energy by electric field
  UvdW:   semi-empirical vdW energy
  Uch:    penalty term to create a core hole

  UpV:    pressure times volume
  Enpy:   Enthalpy = Utot + UpV
  (see also PRB 72, 045121(2005) for the energy contributions)



  Chemical potential (Hartree)      -0.117187500000

***********************************************************
***********************************************************
                  SCF history at MD= 3                    
***********************************************************
***********************************************************

   SCF=   1  NormRD=  1.000000000000  Uele= -3.361208740154
   SCF=   2  NormRD=  0.012421780632  Uele= -3.345193598910
   SCF=   3  NormRD=  0.010505870900  Uele= -3.346455840527
   SCF=   4  NormRD=  0.008907173093  Uele= -3.347408950504
   SCF=   5  NormRD=  0.002951279015  Uele= -3.347356859786
   SCF=   6  NormRD=  0.000103943803  Uele= -3.350424256961
   SCF=   7  NormRD=  0.000012451596  Uele= -3.350518458908
   SCF=   8  NormRD=  0.000002876320  Uele= -3.350520236727
   SCF=   9  NormRD=  0.000000521771  Uele= -3.350522834049
   SCF=  10  NormRD=  0.000000011142  Uele= -3.350523401822
   SCF=  11  NormRD=  0.000000001643  Uele= -3.350523394166
   SCF=  12  NormRD=  0.000000000329  Uele= -3.350523395026

*******************************************************
        Total energy (Hartree) at MD = 3        
*******************************************************

  Uele.         -3.350523395026

  Ukin.          6.433839404091
  UH0.         -14.514465187255
  UH1.           0.044787477521
  Una.          -6.001689097513
  Unl.          -0.161305449375
  Uxc0.         -1.656121118933
  Uxc1.         -1.656121118933
  Ucore.         9.323469562302
  Uhub.          0.000000000000
  Ucs.           0.000000000000
  Uzs.           0.000000000000
  Uzo.           0.000000000000
  Uef.           0.000000000000
  UvdW.          0.000000000000
  Uch.           0.000000000000
  Utot.         -8.187605528097

  UpV.           0.000000000000
  Enpy.         -8.187605528097
  Note:

  Utot = Ukin+UH0+UH1+Una+Unl+Uxc0+Uxc1+Ucore+Uhub+Ucs+Uzs+Uzo+Uef+UvdW+Uch

  Uele:   band energy
  Ukin:   kinetic energy
  UH0:    electric part of screened Coulomb energy
  UH1:    difference electron-electron Coulomb energy
  Una:    neutral atom potential energy
  Unl:    non-local potential energy
  Uxc0:   exchange-correlation energy for alpha spin
  Uxc1:   exchange-correlation energy for beta spin
  Ucore:  core-core Coulomb energy
  Uhub:   LDA+U energy
  Ucs:    constraint energy for spin orientation
  Uzs:    Zeeman term for spin magnetic moment
  Uzo:    Zeeman term for orbital magnetic moment
  Uef:    electric energy by electric field
  UvdW:   semi-empirical vdW energy
  Uch:    penalty term to create a core hole

  UpV:    pressure times volume
  Enpy:   Enthalpy = Utot + UpV
  (see also PRB 72, 045121(2005) for the energy contributions)



  Chemical potential (Hartree)       0.000000000000

***********************************************************
***********************************************************
                  SCF history at MD= 4                    
***********************************************************
***********************************************************

   SCF=   1  NormRD=  1.000000000000  Uele= -3.369452207649
   SCF=   2  NormRD=  0.014769854824  Uele= -3.336374990039
   SCF=   3  NormRD=  0.011314818146  Uele= -3.340547066233
   SCF=   4  NormRD=  0.008735129534  Uele= -3.343676172461
   SCF=   5  NormRD=  0.001487407653  Uele= -3.352432704681
   SCF=   6  NormRD=  0.000088685117  Uele= -3.353216237238
   SCF=   7  NormRD=  0.000012477981  Uele= -3.353279493806
   SCF=   8  NormRD=  0.000003188366  Uele= -3.353286969092
   SCF=   9  NormRD=  0.000000403655  Uele= -3.353290260087
   SCF=  10  NormRD=  0.000000017866  Uele= -3.353290742425
   SCF=  11  NormRD=  0.000000001313  Uele= -3.353290717640
   SCF=  12  NormRD=  0.000000000050  Uele= -3.353290716477
   SCF=  13  NormRD=  0.000000000004  Uele= -3.353290716501

*******************************************************
        Total energy (Hartree) at MD = 4        
*******************************************************

  Uele.         -3.353290716501

  Ukin.          6.454453217918
  UH0.         -14.541708717042
  UH1.           0.044944950835
  Una.          -6.029789687730
  Unl.          -0.164589298904
  Uxc0.         -1.659953592588
  Uxc1.         -1.659953592588
  Ucore.         9.360150420722
  Uhub.          0.000000000000
  Ucs.           0.000000000000
  Uzs.           0.000000000000
  Uzo.           0.000000000000
  Uef.           0.000000000000
  UvdW.          0.000000000000
  Uch.           0.000000000000
  Utot.         -8.196446299379

  UpV.           0.000000000000
  Enpy.         -8.196446299379
  Note:

  Utot = Ukin+UH0+UH1+Una+Unl+Uxc0+Uxc1+Ucore+Uhub+Ucs+Uzs+Uzo+Uef+UvdW+Uch

  Uele:   band energy
  Ukin:   kinetic energy
  UH0:    electric part of screened Coulomb energy
  UH1:    difference electron-electron Coulomb energy
  Una:    neutral atom potential energy
  Unl:    non-local potential energy
  Uxc0:   exchange-correlation energy for alpha spin
  Uxc1:   exchange-correlation energy for beta spin
  Ucore:  core-core Coulomb energy
  Uhub:   LDA+U energy
  Ucs:    constraint energy for spin orientation
  Uzs:    Zeeman term for spin magnetic moment
  Uzo:    Zeeman term for orbital magnetic moment
  Uef:    electric energy by electric field
  UvdW:   semi-empirical vdW energy
  Uch:    penalty term to create a core hole

  UpV:    pressure times volume
  Enpy:   Enthalpy = Utot + UpV
  (see also PRB 72, 045121(2005) for the energy contributions)



  Chemical potential (Hartree)       0.000000000000

***********************************************************
***********************************************************
                  SCF history at MD= 5                    
***********************************************************
***********************************************************

   SCF=   1  NormRD=  1.000000000000  Uele= -3.359788798866
   SCF=   2  NormRD=  0.002015680215  Uele= -3.355504330303
   SCF=   3  NormRD=  0.001544213321  Uele= -3.356076632247
   SCF=   4  NormRD=  0.001190492238  Uele= -3.356506795362
   SCF=   5  NormRD=  0.000192355166  Uele= -3.357742529516
   SCF=   6  NormRD=  0.000010465517  Uele= -3.357860229245
   SCF=   7  NormRD=  0.000001040736  Uele= -3.357843693495
   SCF=   8  NormRD=  0.000000117973  Uele= -3.357844811693
   SCF=   9  NormRD=  0.000000012742  Uele= -3.357844928720
   SCF=  10  NormRD=  0.000000000714  Uele= -3.357844941200
   SCF=  11  NormRD=  0.000000000103  Uele= -3.357844939902
   SCF=  12  NormRD=  0.000000000012  Uele= -3.357844940024

*******************************************************
        Total energy (Hartree) at MD = 5        
*******************************************************

  Uele.         -3.357844940024

  Ukin.          6.476172615630
  UH0.         -14.565193293946
  UH1.           0.045256609430
  Una.          -6.060925679041
  Unl.          -0.166549596490
  Uxc0.         -1.663518538563
  Uxc1.         -1.663518538563
  Ucore.         9.397978282801
  Uhub.          0.000000000000
  Ucs.           0.000000000000
  Uzs.           0.000000000000
  Uzo.           0.000000000000
  Uef.           0.000000000000
  UvdW.          0.000000000000
  Uch.           0.000000000000
  Utot.         -8.200298138743

  UpV.           0.000000000000
  Enpy.         -8.200298138743
  Note:

  Utot = Ukin+UH0+UH1+Una+Unl+Uxc0+Uxc1+Ucore+Uhub+Ucs+Uzs+Uzo+Uef+UvdW+Uch

  Uele:   band energy
  Ukin:   kinetic energy
  UH0:    electric part of screened Coulomb energy
  UH1:    difference electron-electron Coulomb energy
  Una:    neutral atom potential energy
  Unl:    non-local potential energy
  Uxc0:   exchange-correlation energy for alpha spin
  Uxc1:   exchange-correlation energy for beta spin
  Ucore:  core-core Coulomb energy
  Uhub:   LDA+U energy
  Ucs:    constraint energy for spin orientation
  Uzs:    Zeeman term for spin magnetic moment
  Uzo:    Zeeman term for orbital magnetic moment
  Uef:    electric energy by electric field
  UvdW:   semi-empirical vdW energy
  Uch:    penalty term to create a core hole

  UpV:    pressure times volume
  Enpy:   Enthalpy = Utot + UpV
  (see also PRB 72, 045121(2005) for the energy contributions)



  Chemical potential (Hartree)       0.000000000000

***********************************************************
***********************************************************
                  SCF history at MD= 6                    
***********************************************************
***********************************************************

   SCF=   1  NormRD=  1.000000000000  Uele= -3.366546534445
   SCF=   2  NormRD=  0.001833010592  Uele= -3.370971424810
   SCF=   3  NormRD=  0.001384435495  Uele= -3.370411762330
   SCF=   4  NormRD=  0.001048146078  Uele= -3.369989833657
   SCF=   5  NormRD=  0.000067598032  Uele= -3.368672066860
   SCF=   6  NormRD=  0.000006217281  Uele= -3.368660336347
   SCF=   7  NormRD=  0.000001609349  Uele= -3.368666304712
   SCF=   8  NormRD=  0.000000210660  Uele= -3.368664623742
   SCF=   9  NormRD=  0.000000028646  Uele= -3.368664383825
   SCF=  10  NormRD=  0.000000000355  Uele= -3.368664353565
   SCF=  11  NormRD=  0.000000000071  Uele= -3.368664353885

*******************************************************
        Total energy (Hartree) at MD = 6        
*******************************************************

  Uele.         -3.368664353885

  Ukin.          6.521015667091
  UH0.         -14.609241082835
  UH1.           0.046051694346
  Una.          -6.126706068533
  Unl.          -0.169209705670
  Uxc0.         -1.670463887551
  Uxc1.         -1.670463887551
  Ucore.         9.475703119408
  Uhub.          0.000000000000
  Ucs.           0.000000000000
  Uzs.           0.000000000000
  Uzo.           0.000000000000
  Uef.           0.000000000000
  UvdW.          0.000000000000
  Uch.           0.000000000000
  Utot.         -8.203314151294

  UpV.           0.000000000000
  Enpy.         -8.203314151294
  Note:

  Utot = Ukin+UH0+UH1+Una+Unl+Uxc0+Uxc1+Ucore+Uhub+Ucs+Uzs+Uzo+Uef+UvdW+Uch

  Uele:   band energy
  Ukin:   kinetic energy
  UH0:    electric part of screened Coulomb energy
  UH1:    difference electron-electron Coulomb energy
  Una:    neutral atom potential energy
  Unl:    non-local potential energy
  Uxc0:   exchange-correlation energy for alpha spin
  Uxc1:   exchange-correlation energy for beta spin
  Ucore:  core-core Coulomb energy
  Uhub:   LDA+U energy
  Ucs:    constraint energy for spin orientation
  Uzs:    Zeeman term for spin magnetic moment
  Uzo:    Zeeman term for orbital magnetic moment
  Uef:    electric energy by electric field
  UvdW:   semi-empirical vdW energy
  Uch:    penalty term to create a core hole

  UpV:    pressure times volume
  Enpy:   Enthalpy = Utot + UpV
  (see also PRB 72, 045121(2005) for the energy contributions)



  Chemical potential (Hartree)       0.000000000000

***********************************************************
***********************************************************
                  SCF history at MD= 7                    
***********************************************************
***********************************************************

   SCF=   1  NormRD=  1.000000000000  Uele= -3.380448541788
   SCF=   2  NormRD=  0.008703886584  Uele= -3.362416027311
   SCF=   3  NormRD=  0.006663338368  Uele= -3.364903712541
   SCF=   4  NormRD=  0.005129197988  Uele= -3.366777220501
   SCF=   5  NormRD=  0.000476883664  Uele= -3.372150695127
   SCF=   6  NormRD=  0.000047597620  Uele= -3.372590842035
   SCF=   7  NormRD=  0.000007110645  Uele= -3.372555801025
   SCF=   8  NormRD=  0.000001217200  Uele= -3.372557657671
   SCF=   9  NormRD=  0.000000020001  Uele= -3.372559201789
   SCF=  10  NormRD=  0.000000003076  Uele= -3.372559183385
   SCF=  11  NormRD=  0.000000000798  Uele= -3.372559181444
   SCF=  12  NormRD=  0.000000000030  Uele= -3.372559182475
   SCF=  13  NormRD=  0.000000000003  Uele= -3.372559182484

*******************************************************
        Total energy (Hartree) at MD = 7        
*******************************************************

  Uele.         -3.372559182484

  Ukin.          6.535002777113
  UH0.         -14.624161599680
  UH1.           0.046247655765
  Una.          -6.147490453820
  Unl.          -0.169790847720
  Uxc0.         -1.672662283362
  Uxc1.         -1.672662283362
  Ucore.         9.501369074888
  Uhub.          0.000000000000
  Ucs.           0.000000000000
  Uzs.           0.000000000000
  Uzo.           0.000000000000
  Uef.           0.000000000000
  UvdW.          0.000000000000
  Uch.           0.000000000000
  Utot.         -8.204147960180

  UpV.           0.000000000000
  Enpy.         -8.204147960180
  Note:

  Utot = Ukin+UH0+UH1+Una+Unl+Uxc0+Uxc1+Ucore+Uhub+Ucs+Uzs+Uzo+Uef+UvdW+Uch

  Uele:   band energy
  Ukin:   kinetic energy
  UH0:    electric part of screened Coulomb energy
  UH1:    difference electron-electron Coulomb energy
  Una:    neutral atom potential energy
  Unl:    non-local potential energy
  Uxc0:   exchange-correlation energy for alpha spin
  Uxc1:   exchange-correlation energy for beta spin
  Ucore:  core-core Coulomb energy
  Uhub:   LDA+U energy
  Ucs:    constraint energy for spin orientation
  Uzs:    Zeeman term for spin magnetic moment
  Uzo:    Zeeman term for orbital magnetic moment
  Uef:    electric energy by electric field
  UvdW:   semi-empirical vdW energy
  Uch:    penalty term to create a core hole

  UpV:    pressure times volume
  Enpy:   Enthalpy = Utot + UpV
  (see also PRB 72, 045121(2005) for the energy contributions)



  Chemical potential (Hartree)       0.000000000000

***********************************************************
***********************************************************
                  SCF history at MD= 8                    
***********************************************************
***********************************************************

   SCF=   1  NormRD=  1.000000000000  Uele= -3.379738709184
   SCF=   2  NormRD=  0.005345978601  Uele= -3.368832377062
   SCF=   3  NormRD=  0.004160485601  Uele= -3.370299375658
   SCF=   4  NormRD=  0.003267489106  Uele= -3.371405292227
   SCF=   5  NormRD=  0.000449810961  Uele= -3.374365660711
   SCF=   6  NormRD=  0.000007978350  Uele= -3.374850224134
   SCF=   7  NormRD=  0.000002344946  Uele= -3.374838057671
   SCF=   8  NormRD=  0.000000370232  Uele= -3.374840534615
   SCF=   9  NormRD=  0.000000011035  Uele= -3.374840951640
   SCF=  10  NormRD=  0.000000001835  Uele= -3.374840930034
   SCF=  11  NormRD=  0.000000000293  Uele= -3.374840931866
   SCF=  12  NormRD=  0.000000000013  Uele= -3.374840932173

*******************************************************
        Total energy (Hartree) at MD = 8        
*******************************************************

  Uele.         -3.374840932173

  Ukin.          6.543599315787
  UH0.         -14.632748282108
  UH1.           0.046396840304
  Una.          -6.160375394532
  Unl.          -0.170132901681
  Uxc0.         -1.674010545078
  Uxc1.         -1.674010545078
  Ucore.         9.516631972109
  Uhub.          0.000000000000
  Ucs.           0.000000000000
  Uzs.           0.000000000000
  Uzo.           0.000000000000
  Uef.           0.000000000000
  UvdW.          0.000000000000
  Uch.           0.000000000000
  Utot.         -8.204649540278

  UpV.           0.000000000000
  Enpy.         -8.204649540278
  Note:

  Utot = Ukin+UH0+UH1+Una+Unl+Uxc0+Uxc1+Ucore+Uhub+Ucs+Uzs+Uzo+Uef+UvdW+Uch

  Uele:   band energy
  Ukin:   kinetic energy
  UH0:    electric part of screened Coulomb energy
  UH1:    difference electron-electron Coulomb energy
  Una:    neutral atom potential energy
  Unl:    non-local potential energy
  Uxc0:   exchange-correlation energy for alpha spin
  Uxc1:   exchange-correlation energy for beta spin
  Ucore:  core-core Coulomb energy
  Uhub:   LDA+U energy
  Ucs:    constraint energy for spin orientation
  Uzs:    Zeeman term for spin magnetic moment
  Uzo:    Zeeman term for orbital magnetic moment
  Uef:    electric energy by electric field
  UvdW:   semi-empirical vdW energy
  Uch:    penalty term to create a core hole

  UpV:    pressure times volume
  Enpy:   Enthalpy = Utot + UpV
  (see also PRB 72, 045121(2005) for the energy contributions)



  Chemical potential (Hartree)       0.000000000000

***********************************************************
***********************************************************
                  SCF history at MD= 9                    
***********************************************************
***********************************************************

   SCF=   1  NormRD=  1.000000000000  Uele= -3.377358444751
   SCF=   2  NormRD=  0.008208870405  Uele= -3.374841617646
   SCF=   3  NormRD=  0.007202696031  Uele= -3.375018141356
   SCF=   4  NormRD=  0.006321361655  Uele= -3.375152468886
   SCF=   5  NormRD=  0.000619263718  Uele= -3.374860386409
   SCF=   6  NormRD=  0.000061695104  Uele= -3.375687783880
   SCF=   7  NormRD=  0.000005161644  Uele= -3.375611655607
   SCF=   8  NormRD=  0.000000758554  Uele= -3.375613550985
   SCF=   9  NormRD=  0.000000027564  Uele= -3.375613673169
   SCF=  10  NormRD=  0.000000001769  Uele= -3.375613632718
   SCF=  11  NormRD=  0.000000000335  Uele= -3.375613633426

*******************************************************
        Total energy (Hartree) at MD = 9        
*******************************************************

  Uele.         -3.375613633426

  Ukin.          6.546437479916
  UH0.         -14.634973083445
  UH1.           0.046478023059
  Una.          -6.165301883911
  Unl.          -0.170046355302
  Uxc0.         -1.674558156775
  Uxc1.         -1.674558156775
  Ucore.         9.521033151143
  Uhub.          0.000000000000
  Ucs.           0.000000000000
  Uzs.           0.000000000000
  Uzo.           0.000000000000
  Uef.           0.000000000000
  UvdW.          0.000000000000
  Uch.           0.000000000000
  Utot.         -8.205488982088

  UpV.           0.000000000000
  Enpy.         -8.205488982088
  Note:

  Utot = Ukin+UH0+UH1+Una+Unl+Uxc0+Uxc1+Ucore+Uhub+Ucs+Uzs+Uzo+Uef+UvdW+Uch

  Uele:   band energy
  Ukin:   kinetic energy
  UH0:    electric part of screened Coulomb energy
  UH1:    difference electron-electron Coulomb energy
  Una:    neutral atom potential energy
  Unl:    non-local potential energy
  Uxc0:   exchange-correlation energy for alpha spin
  Uxc1:   exchange-correlation energy for beta spin
  Ucore:  core-core Coulomb energy
  Uhub:   LDA+U energy
  Ucs:    constraint energy for spin orientation
  Uzs:    Zeeman term for spin magnetic moment
  Uzo:    Zeeman term for orbital magnetic moment
  Uef:    electric energy by electric field
  UvdW:   semi-empirical vdW energy
  Uch:    penalty term to create a core hole

  UpV:    pressure times volume
  Enpy:   Enthalpy = Utot + UpV
  (see also PRB 72, 045121(2005) for the energy contributions)



  Chemical potential (Hartree)       0.000000000000

***********************************************************
***********************************************************
                  SCF history at MD=10                    
***********************************************************
***********************************************************

   SCF=   1  NormRD=  1.000000000000  Uele= -3.377792061109
   SCF=   2  NormRD=  0.002638041486  Uele= -3.374425051583
   SCF=   3  NormRD=  0.002201947009  Uele= -3.374886628022
   SCF=   4  NormRD=  0.001854004889  Uele= -3.375234846771
   SCF=   5  NormRD=  0.000660923272  Uele= -3.375535868954
   SCF=   6  NormRD=  0.000043035246  Uele= -3.376351542415
   SCF=   7  NormRD=  0.000005108348  Uele= -3.376318874717
   SCF=   8  NormRD=  0.000000333688  Uele= -3.376319490720
   SCF=   9  NormRD=  0.000000003972  Uele= -3.376319693269
   SCF=  10  NormRD=  0.000000000608  Uele= -3.376319690364
   SCF=  11  NormRD=  0.000000000128  Uele= -3.376319690271

*******************************************************
        Total energy (Hartree) at MD =10        
*******************************************************

  Uele.         -3.376319690271

  Ukin.          6.549081432187
  UH0.         -14.637875988816
  UH1.           0.046513037392
  Una.          -6.169147101458
  Unl.          -0.170186696564
  Uxc0.         -1.674963072506
  Uxc1.         -1.674963072506
  Ucore.         9.525953524798
  Uhub.          0.000000000000
  Ucs.           0.000000000000
  Uzs.           0.000000000000
  Uzo.           0.000000000000
  Uef.           0.000000000000
  UvdW.          0.000000000000
  Uch.           0.000000000000
  Utot.         -8.205587937474

  UpV.           0.000000000000
  Enpy.         -8.205587937474
  Note:

  Utot = Ukin+UH0+UH1+Una+Unl+Uxc0+Uxc1+Ucore+Uhub+Ucs+Uzs+Uzo+Uef+UvdW+Uch

  Uele:   band energy
  Ukin:   kinetic energy
  UH0:    electric part of screened Coulomb energy
  UH1:    difference electron-electron Coulomb energy
  Una:    neutral atom potential energy
  Unl:    non-local potential energy
  Uxc0:   exchange-correlation energy for alpha spin
  Uxc1:   exchange-correlation energy for beta spin
  Ucore:  core-core Coulomb energy
  Uhub:   LDA+U energy
  Ucs:    constraint energy for spin orientation
  Uzs:    Zeeman term for spin magnetic moment
  Uzo:    Zeeman term for orbital magnetic moment
  Uef:    electric energy by electric field
  UvdW:   semi-empirical vdW energy
  Uch:    penalty term to create a core hole

  UpV:    pressure times volume
  Enpy:   Enthalpy = Utot + UpV
  (see also PRB 72, 045121(2005) for the energy contributions)



  Chemical potential (Hartree)       0.000000000000

***********************************************************
***********************************************************
                  SCF history at MD=11                    
***********************************************************
***********************************************************

   SCF=   1  NormRD=  1.000000000000  Uele= -3.377191639088
   SCF=   2  NormRD=  0.000431273388  Uele= -3.376086256743
   SCF=   3  NormRD=  0.000323988068  Uele= -3.376223503161
   SCF=   4  NormRD=  0.000243502194  Uele= -3.376327250661
   SCF=   5  NormRD=  0.000008999021  Uele= -3.376666912603
   SCF=   6  NormRD=  0.000001032437  Uele= -3.376657304077
   SCF=   7  NormRD=  0.000000233788  Uele= -3.376656640934
   SCF=   8  NormRD=  0.000000040623  Uele= -3.376656824062
   SCF=   9  NormRD=  0.000000000719  Uele= -3.376656878907
   SCF=  10  NormRD=  0.000000000076  Uele= -3.376656879367

*******************************************************
        Total energy (Hartree) at MD =11        
*******************************************************

  Uele.         -3.376656879367

  Ukin.          6.550364299012
  UH0.         -14.639216427902
  UH1.           0.046532562305
  Una.          -6.171006349201
  Unl.          -0.170255235220
  Uxc0.         -1.675153774147
  Uxc1.         -1.675153774147
  Ucore.         9.528298298061
  Uhub.          0.000000000000
  Ucs.           0.000000000000
  Uzs.           0.000000000000
  Uzo.           0.000000000000
  Uef.           0.000000000000
  UvdW.          0.000000000000
  Uch.           0.000000000000
  Utot.         -8.205590401238

  UpV.           0.000000000000
  Enpy.         -8.205590401238
  Note:

  Utot = Ukin+UH0+UH1+Una+Unl+Uxc0+Uxc1+Ucore+Uhub+Ucs+Uzs+Uzo+Uef+UvdW+Uch

  Uele:   band energy
  Ukin:   kinetic energy
  UH0:    electric part of screened Coulomb energy
  UH1:    difference electron-electron Coulomb energy
  Una:    neutral atom potential energy
  Unl:    non-local potential energy
  Uxc0:   exchange-correlation energy for alpha spin
  Uxc1:   exchange-correlation energy for beta spin
  Ucore:  core-core Coulomb energy
  Uhub:   LDA+U energy
  Ucs:    constraint energy for spin orientation
  Uzs:    Zeeman term for spin magnetic moment
  Uzo:    Zeeman term for orbital magnetic moment
  Uef:    electric energy by electric field
  UvdW:   semi-empirical vdW energy
  Uch:    penalty term to create a core hole

  UpV:    pressure times volume
  Enpy:   Enthalpy = Utot + UpV
  (see also PRB 72, 045121(2005) for the energy contributions)



  Chemical potential (Hartree)       0.000000000000

***********************************************************
***********************************************************
            Eigenvalues (Hartree) for SCF KS-eq.           
***********************************************************
***********************************************************

   Chemical Potential (Hartree) =   0.00000000000000
   Number of States             =   8.00000000000000
   HOMO =  4
   Eigenvalues
                Up-spin            Down-spin
          1  -0.63283457709155  -0.63283457709155
          2  -0.35188790611783  -0.35188790611783
          3  -0.35180926589750  -0.35180926589750
          4  -0.35179669027565  -0.35179669027565
          5   0.15945857437737   0.15945857437737
          6   0.19400430446621   0.19400430446621
          7   0.19402759956081   0.19402759956081
          8   0.19412182156257   0.19412182156257
          9   0.40364352793723   0.40364352793723
         10   0.40367745174835   0.40367745174835
         11   0.40368845735845   0.40368845735845
         12   0.87957996053870   0.87957996053870
         13   1.42047244542770   1.42047244542770
         14   1.42052944651083   1.42052944651083
         15   1.42057169062536   1.42057169062536
         16   2.20022239088769   2.20022239088769

***********************************************************
***********************************************************
              History of geometry optimization             
***********************************************************
***********************************************************

  MD_iter   SD_scaling     |Maximum force|   Maximum step        Utot
                           (Hartree/Bohr)        (Ang)         (Hartree)

    1       1.25981733       0.31797903       0.10583545      -8.09322525
    2       0.62990866       0.17984114       0.05994705      -8.16489521
    3       0.62990866       0.11295385       0.03765128      -8.18760553
    4       0.62990866       0.07446332       0.02482111      -8.19644630
    5       1.57477166       0.04854277       0.04045231      -8.20029814
    6       1.57477166       0.01575768       0.01313140      -8.20331415
    7       1.57477166       0.01045699       0.00871416      -8.20414796
    8       1.57477166       0.00649936       0.02199280      -8.20464954
    9       1.57477166       0.00497701       0.00678766      -8.20548898
   10       1.57477166       0.00110555       0.00079890      -8.20558794
   11       1.57477166       0.00006472       0.00000000      -8.20559040

***********************************************************
***********************************************************
                   Mulliken populations                    
***********************************************************
***********************************************************

  Total spin moment (muB)   0.000000000

                    Up spin      Down spin     Sum           Diff
      1    C      2.169919882  2.169919882   4.339839763   0.000000000
      2    H      0.457524446  0.457524446   0.915048891   0.000000000
      3    H      0.457516109  0.457516109   0.915032218   0.000000000
      4    H      0.457521318  0.457521318   0.915042636   0.000000000
      5    H      0.457518246  0.457518246   0.915036491   0.000000000

 Sum of MulP: up   =     4.00000 down          =     4.00000
              total=     8.00000 ideal(neutral)=     8.00000


  Decomposed Mulliken populations

    1    C          Up spin      Down spin     Sum           Diff
            multiple
  s           0    0.579661323  0.579661323   1.159322646   0.000000000
   sum over m      0.579661323  0.579661323   1.159322646   0.000000000
  s           1   -0.004948484 -0.004948484  -0.009896968   0.000000000
   sum over m     -0.004948484 -0.004948484  -0.009896968   0.000000000
   sum over m+mul  0.574712839  0.574712839   1.149425679   0.000000000
  px          0    0.540509255  0.540509255   1.081018511   0.000000000
  py          0    0.540523704  0.540523704   1.081047407   0.000000000
  pz          0    0.540509618  0.540509618   1.081019237   0.000000000
   sum over m      1.621542577  1.621542577   3.243085155   0.000000000
  px          1   -0.008778916 -0.008778916  -0.017557831   0.000000000
  py          1   -0.008779174 -0.008779174  -0.017558348   0.000000000
  pz          1   -0.008777445 -0.008777445  -0.017554891   0.000000000
   sum over m     -0.026335535 -0.026335535  -0.052671070   0.000000000
   sum over m+mul  1.595207042  1.595207042   3.190414085   0.000000000

    2    H          Up spin      Down spin     Sum           Diff
            multiple
  s           0    0.452718396  0.452718396   0.905436792   0.000000000
   sum over m      0.452718396  0.452718396   0.905436792   0.000000000
  s           1    0.004806050  0.004806050   0.009612100   0.000000000
   sum over m      0.004806050  0.004806050   0.009612100   0.000000000
   sum over m+mul  0.457524446  0.457524446   0.915048891   0.000000000

    3    H          Up spin      Down spin     Sum           Diff
            multiple
  s           0    0.452704919  0.452704919   0.905409839   0.000000000
   sum over m      0.452704919  0.452704919   0.905409839   0.000000000
  s           1    0.004811190  0.004811190   0.009622380   0.000000000
   sum over m      0.004811190  0.004811190   0.009622380   0.000000000
   sum over m+mul  0.457516109  0.457516109   0.915032218   0.000000000

    4    H          Up spin      Down spin     Sum           Diff
            multiple
  s           0    0.452713462  0.452713462   0.905426925   0.000000000
   sum over m      0.452713462  0.452713462   0.905426925   0.000000000
  s           1    0.004807855  0.004807855   0.009615711   0.000000000
   sum over m      0.004807855  0.004807855   0.009615711   0.000000000
   sum over m+mul  0.457521318  0.457521318   0.915042636   0.000000000

    5    H          Up spin      Down spin     Sum           Diff
            multiple
  s           0    0.452708644  0.452708644   0.905417287   0.000000000
   sum over m      0.452708644  0.452708644   0.905417287   0.000000000
  s           1    0.004809602  0.004809602   0.009619204   0.000000000
   sum over m      0.004809602  0.004809602   0.009619204   0.000000000
   sum over m+mul  0.457518246  0.457518246   0.915036491   0.000000000

***********************************************************
***********************************************************
                    Dipole moment (Debye)                  
***********************************************************
***********************************************************

 Absolute D        0.00003777

                      Dx                Dy                Dz
 Total             -0.00003134        0.00002075       -0.00000372
 Core               1.53478021       -0.00067214       -2.30400268
 Electron          -1.53481155        0.00069290        2.30399896
 Back ground       -0.00000000        0.00000000        0.00000000

***********************************************************
***********************************************************
       xyz-coordinates (Ang) and forces (Hartree/Bohr)  
***********************************************************
***********************************************************

<coordinates.forces
  5
    1     C     0.03997  -0.00001  -0.05998  -0.000042189612 -0.000027139314  0.000039369656
    2     H    -0.85074  -0.63297  -0.06129   0.000064718297  0.000042404546 -0.000000615244
    3     H     0.03801   0.63345  -0.95021   0.000008784053 -0.000011457940  0.000014155119
    4     H     0.03897   0.62839   0.83392   0.000001310668 -0.000034218451 -0.000043843485
    5     H     0.93342  -0.62898  -0.06218  -0.000029797308  0.000029760391 -0.000008162696
coordinates.forces>

***********************************************************
***********************************************************
       Fractional coordinates of the final structure       
***********************************************************
***********************************************************

     1      C     0.00420644572988   0.99999910138807   0.99368758061357
     2      H     0.91046425638556   0.92598228768852   0.99354952232102
     3      H     0.00400018934647   0.07407424109731   0.89999569510795
     4      H     0.00410163546300   0.07348246525557   0.08776488834763
     5      H     0.09823705471488   0.92644823655208   0.99345604417169

***********************************************************
***********************************************************
               Computational Time (second)                 
***********************************************************
***********************************************************

   Elapsed.Time.        20.299

                               Min_ID   Min_Time       Max_ID   Max_Time
   Total Computational Time =    85       20.298          0       20.299
   readfile                 =     4        2.486          0        2.490
   truncation               =   101        1.390          1        1.607
   MD_pac                   =     0        0.005         64        0.006
   OutData                  =     4        0.000          0        0.000
   DFT                      =     1       16.191         40       16.408

*** In DFT ***

   Set_OLP_Kin              =    34        0.497          1        0.646
   Set_Nonlocal             =     1        0.328         34        0.476
   Set_ProExpn_VNA          =    95        1.861          8        2.537
   Set_Hamiltonian          =    18        4.181         15        4.188
   Poisson                  =    55        0.875         74        0.884
   Diagonalization          =    22        2.202         64        2.211
   Mixing_DM                =    84        0.070          0        0.075
   Force                    =    19        0.997        110        0.998
   Total_Energy             =    89        0.758          0        0.760
   Set_Aden_Grid            =     8        0.089         12        0.681
   Set_Orbitals_Grid        =    98        0.000          1        0.453
   Set_Density_Grid         =    10        1.488         57        2.159
   RestartFileDFT           =    11        0.047        108        1.134
   Mulliken_Charge          =    11        0.020         94        0.026
   FFT(2D)_Density          =     0        0.000          0        0.000
   Others                   =    56        0.609         10        2.149
