***********************************************************
***********************************************************

  This calculation was performed by OpenMX Ver. 3.9
  using 112 MPI processes and 1 OpenMP threads.

  Sat Nov 23 00:37:07 2019

***********************************************************
***********************************************************

#
# Find maximally localized wannier function from six molecular orbitals of Benezene  
# 
  
#
#
#  SCF calculation of a Benzene molecule by the LDA
#  and the cluster method
#

System.CurrrentDirectory         ./    # default=./
System.Name                     Benzene 
level.of.stdout                   1    # default=1 (1-3)
level.of.fileout                  1    # default=1 (0-2)

#
# Definition of Atomic Species
#

Species.Number       4
<Definition.of.Atomic.Species
 H   H5.0-s2p1        H_CA19
 C   C5.0-s2p2d1      C_CA19
Cpro C5.0-s1p1        C_CA19
Hpro H5.0-s1          H_CA19
Definition.of.Atomic.Species>

#
# Atoms
#

Atoms.Number        12
toms.SpeciesAndCoordinates.Unit   Ang # Ang|AU
<Atoms.SpeciesAndCoordinates
   1   C      4.60890000000000    6.00000000000000    6.00000000000000      2.00      2.00
   2   C      5.30445000000000    7.20473000000000    6.00000000000000      2.00      2.00
   3   C      6.69555000000000    7.20473000000000    6.00000000000000      2.00      2.00
   4   C      7.39110000000000    6.00000000000000    6.00000000000000      2.00      2.00
   5   C      6.69555000000000    4.79527000000000    6.00000000000000      2.00      2.00
   6   C      5.30445000000000    4.79527000000000    6.00000000000000      2.00      2.00
   7   H      3.51418000000000    6.00000000000000    6.00000000000000      0.50      0.50
   8   H      8.48582000000000    6.00000000000000    6.00000000000000      0.50      0.50
   9   H      4.75709000000000    8.15278500000000    6.00000000000000      0.50      0.50
  10   H      7.24291000000000    8.15278500000000    6.00000000000000      0.50      0.50
  11   H      7.24291000000000    3.84721500000000    6.00000000000000      0.50      0.50
  12   H      4.75709000000000    3.84721500000000    6.00000000000000      0.50      0.50
Atoms.SpeciesAndCoordinates>
Atoms.UnitVectors.Unit             Ang # Ang|AU
<Atoms.UnitVectors
  12.0   0.0   0.0
   0.0  12.0   0.0
   0.0   0.0  12.0
Atoms.UnitVectors>

#
# SCF or Electronic System
#

scf.XcType                 LSDA-CA     # LDA|LSDA-CA|LSDA-PW|GGA-PBE
scf.SpinPolarization        off        # On|Off|NC
scf.SpinOrbit.Coupling      off        # On|Off, default=off       
scf.ElectronicTemperature  300.0       # default=300 (K)
scf.energycutoff           350.0       # default=150 (Ry)
scf.maxIter                  50        # default=40
scf.EigenvalueSolver       Cluster     # DC|GDC|Cluster|Band
scf.Kgrid                  1 1 1       # means n1 x n2 x n3
scf.Generation.Kpoint       regular    # regular|MP
scf.Mixing.Type           rmm-diisk    # Simple|Rmm-Diis|Gr-Pulay|Kerker|Rmm-Diisk
scf.Init.Mixing.Weight     0.20        # default=0.30 
scf.Min.Mixing.Weight      0.001       # default=0.001 
scf.Max.Mixing.Weight      0.500       # default=0.40 
scf.Mixing.History          7          # default=5
scf.Mixing.StartPulay       7          # default=6
scf.Mixing.EveryPulay       1          # default=6
scf.criterion             1.0e-7       # default=1.0e-6 (Hartree) 
scf.lapack.dste            dstevx      # dstevx|dstedc|dstegr,default=dstevx

#
# 1D FFT
#

1DFFT.NumGridK             900         # default=900
1DFFT.NumGridR             900         # default=900
1DFFT.EnergyCutoff        3600.0       # default=3600 (Ry)

#
# Orbital Optimization
#

orbitalOpt.Method           Off        # Off|Unrestricted|Restricted|species
orbitalOpt.InitCoes     Symmetrical    # Symmetrical|Free
orbitalOpt.initPrefactor   0.1         # default=0.1
orbitalOpt.scf.maxIter      12         # default=12
orbitalOpt.MD.maxIter        2         # default=5
orbitalOpt.per.MDIter        2         # default=1000000
orbitalOpt.criterion      1.0e-4       # default=1.0e-4 (Hartree/borh)

#
# output of contracted orbitals
#

CntOrb.fileout               off       # on|off, default=off
Num.CntOrb.Atoms              1        # default=1
<Atoms.Cont.Orbitals
 1
Atoms.Cont.Orbitals>
 
#
# SCF Order-N
#

orderN.HoppingRanges        4.0        # default=5.0 (Ang) 
orderN.NumHoppings           1         # default=2

#
# MD or Geometry Optimization
#

MD.Type                      opt       # Nomd|Constant_Energy_MD|Opt
MD.maxIter                    1        # default=1
MD.TimeStep                   1        # default=0.5 (fs)
MD.Opt.criterion         1.0e-5        # default=1.0e-4 (Hartree/bohr)

#
# MO output
#

MO.fileout                       off   # on|off
num.HOMOs                         5    # default=2
num.LUMOs                         6    # default=2

MO.Nkpoint                        1    # default=1 
<MO.kpoint
  0.0  0.0  0.0
MO.kpoint>

#
# DOS and PDOS
#

Dos.fileout                  off        # on|off, default=off
Dos.Erange              -20.0  20.0    # default = -20 20 
Dos.Kgrid                1  1  1       # default = Kgrid1 Kgrid2 Kgrid3

HS.fileout               off     # on|off, default=off

Band.dispersion              on         # on|off, default=off
# if <Band.KPath.UnitCell does not exist,
#     the reciprical lattice vector is employed.
Band.Nkpath                1
<Band.kpath
   2  0.0 0.0 0.0   0.0 0.0 0.5  g X
Band.kpath>


Wannier.Func.Calc        on  
Wannier.Func.Num          6 
Wannier.Outer.Window.Bottom -6.0
Wannier.Outer.Window.Top     6.8 
Wannier.Inner.Window.Bottom   0.0 
Wannier.Inner.Window.Top       0.0 
Wannier.Initial.Guess         on  
Wannier.Initial.Projectors.Unit ANG     # AU, ANG or FRAC 
<Wannier.Initial.Projectors
Cpro-pz  4.60890000    6.000000    6.00000000            0.0 0.0 1.0 1.0 0.0 0.0 
Cpro-pz  5.30445000    7.204730    6.00000000000000      0.0 0.0 1.0 1.0 0.0 0.0
Cpro-pz  6.69555000    7.204730    6.00000000000000      0.0 0.0 1.0 1.0 0.0 0.0 
Cpro-pz  7.3911000     6.000000    6.00000000000000      0.0 0.0 1.0 1.0 0.0 0.0 
Cpro-pz  6.69555000    4.795270    6.00000000000000      0.0 0.0 1.0 1.0 0.0 0.0  
Cpro-pz  5.30445000    4.795270    6.00000000000000      0.0 0.0 1.0 1.0 0.0 0.0  
Wannier.Initial.Projectors>
# Si1-s  1.275 1.275 1.275  0.0 0.0 1.0    1.0 0.0 0.0 
# Si1-s  -1.275 -1.275 1.275 0.0 0.0 1.0    1.0 0.0 0.0 
# Si1-s  -1.275 1.275 -1.275 0.0 0.0 1.0    1.0 0.0 0.0 
# Si1-s  1.275 -1.275 -1.275 0.0 0.0 1.0    1.0 0.0 0.0 
Wannier.Kgrid   1 1 1
Wannier.MaxShells   12 


Wannier.Interpolated.Bands              on   # on|off, default=off

Wannier.Function.Plot                   on   # on|off, default=off
Wannier.Function.Plot.SuperCells        0 0 0   # default=0 0 0 

Wannier.Dis.Mixing.Para                 0.5
Wannier.Dis.Conv.Criterion               1e-11
Wannier.Dis.SCF.Max.Steps               38000 

Wannier.Minimizing.Max.Steps            3000 
Wannier.Minimizing.Scheme               2
Wannier.Minimizing.StepLength  2.0 
Wannier.Minimizing.Secant.Steps         5
Wannier.Minimizing.Secant.StepLength    2.0 
Wannier.Minimizing.Conv.Criterion        1e-11 


Wannier.Readin.Overlap.Matrix            off    
scf.restart    off



***********************************************************
***********************************************************

  Required cutoff energy (Ryd) for 3D-grids = 350.0000
      Used cutoff energy (Ryd) for 3D-grids = 349.7898, 349.7898, 349.7898
  Num. of grids of a-, b-, and c-axes = 135, 135, 135

  Num.Grid1.   135
  Num.Grid2.   135
  Num.Grid3.   135


  Cell_Volume =  11661.119488115972 (Bohr^3)
  GridVol     =      0.004739569979 (Bohr^3)
  Cell vectors (bohr) of the grid cell (gtv)
    gtv_a =  0.167975643429,  0.000000000000,  0.000000000000
    gtv_b =  0.000000000000,  0.167975643429,  0.000000000000
    gtv_c =  0.000000000000,  0.000000000000,  0.167975643429
    |gtv_a| =  0.167975643429
    |gtv_b| =  0.167975643429
    |gtv_c| =  0.167975643429

***********************************************************
***********************************************************


***********************************************************
***********************************************************
                  SCF history at MD= 1                    
***********************************************************
***********************************************************

   SCF=   1  NormRD=  1.000000000000  Uele= -12.264526409079
   SCF=   2  NormRD=  3.475673076326  Uele= -12.264526409079
   SCF=   3  NormRD=  3.401646368933  Uele= -12.303747829421
   SCF=   4  NormRD=  1.753081910846  Uele= -13.213216000113
   SCF=   5  NormRD=  0.782423605727  Uele= -13.347300654889
   SCF=   6  NormRD=  0.381467471342  Uele= -13.180537968263
   SCF=   7  NormRD=  0.187628219389  Uele= -13.085814686994
   SCF=   8  NormRD=  0.010150341659  Uele= -12.961850813422
   SCF=   9  NormRD=  0.003025869835  Uele= -12.953961118160
   SCF=  10  NormRD=  0.000963244575  Uele= -12.946881015600
   SCF=  11  NormRD=  0.000078709483  Uele= -12.946674263217
   SCF=  12  NormRD=  0.000015890867  Uele= -12.946610083582
   SCF=  13  NormRD=  0.000004276602  Uele= -12.946615978883
   SCF=  14  NormRD=  0.000002463589  Uele= -12.946608300739
   SCF=  15  NormRD=  0.000000586836  Uele= -12.946607985356
   SCF=  16  NormRD=  0.000000338187  Uele= -12.946608486863
   SCF=  17  NormRD=  0.000000024392  Uele= -12.946608517790

*******************************************************
        Total energy (Hartree) at MD = 1        
*******************************************************

  Uele.        -12.946608517790

  Ukin.         28.151757985431
  UH0.        -132.318527691227
  UH1.           0.150542091903
  Una.         -21.477462506859
  Unl.          -2.541766888224
  Uxc0.         -6.748353569523
  Uxc1.         -6.748353569523
  Ucore.       103.181215952872
  Uhub.          0.000000000000
  Ucs.           0.000000000000
  Uzs.           0.000000000000
  Uzo.           0.000000000000
  Uef.           0.000000000000
  UvdW.          0.000000000000
  Uch.           0.000000000000
  Utot.        -38.350948195151

  UpV.           0.000000000000
  Enpy.        -38.350948195151
  Note:

  Utot = Ukin+UH0+UH1+Una+Unl+Uxc0+Uxc1+Ucore+Uhub+Ucs+Uzs+Uzo+Uef+UvdW+Uch

  Uele:   band energy
  Ukin:   kinetic energy
  UH0:    electric part of screened Coulomb energy
  UH1:    difference electron-electron Coulomb energy
  Una:    neutral atom potential energy
  Unl:    non-local potential energy
  Uxc0:   exchange-correlation energy for alpha spin
  Uxc1:   exchange-correlation energy for beta spin
  Ucore:  core-core Coulomb energy
  Uhub:   LDA+U energy
  Ucs:    constraint energy for spin orientation
  Uzs:    Zeeman term for spin magnetic moment
  Uzo:    Zeeman term for orbital magnetic moment
  Uef:    electric energy by electric field
  UvdW:   semi-empirical vdW energy
  Uch:    penalty term to create a core hole

  UpV:    pressure times volume
  Enpy:   Enthalpy = Utot + UpV
  (see also PRB 72, 045121(2005) for the energy contributions)



  Chemical potential (Hartree)      -0.123154283501

***********************************************************
***********************************************************
            Eigenvalues (Hartree) for SCF KS-eq.           
***********************************************************
***********************************************************

   Chemical Potential (Hartree) =  -0.12315428350121
   Number of States             =  30.00000000000000
   HOMO = 15
   Eigenvalues
                Up-spin            Down-spin
          1  -0.76792695622622  -0.76792695622622
          2  -0.66360641980654  -0.66360641980654
          3  -0.66360373044300  -0.66360373044300
          4  -0.53108534716290  -0.53108534716290
          5  -0.53108118736138  -0.53108118736138
          6  -0.46304123969554  -0.46304123969554
          7  -0.39445576162260  -0.39445576162260
          8  -0.39181557190689  -0.39181557190689
          9  -0.36267972595565  -0.36267972595565
         10  -0.36267518221402  -0.36267518221402
         11  -0.32184444586868  -0.32184444586868
         12  -0.28931096643048  -0.28931096643048
         13  -0.28930897083203  -0.28930897083203
         14  -0.22043531766149  -0.22043531766149
         15  -0.22043343448667  -0.22043343448667
         16  -0.02587596724420  -0.02587596724420
         17  -0.02587243790551  -0.02587243790551
         18   0.07517828512608   0.07517828512608
         19   0.11985529616439   0.11985529616439
         20   0.13089267952928   0.13089267952928
         21   0.13091215819221   0.13091215819221
         22   0.15286623918264   0.15286623918264
         23   0.15288230065730   0.15288230065730
         24   0.18285124103578   0.18285124103578
         25   0.23685322059134   0.23685322059134
         26   0.25161212861322   0.25161212861322
         27   0.25161631891696   0.25161631891696
         28   0.26345097388312   0.26345097388312
         29   0.27432311549428   0.27432311549428
         30   0.27432882528165   0.27432882528165
         31   0.33601001809330   0.33601001809330
         32   0.33602112298559   0.33602112298559
         33   0.40146755848216   0.40146755848216
         34   0.43532026172601   0.43532026172601
         35   0.43533426914040   0.43533426914040
         36   0.44963164754097   0.44963164754097
         37   0.44963569304343   0.44963569304343
         38   0.46425318250715   0.46425318250715
         39   0.48587808587988   0.48587808587988
         40   0.48588630976747   0.48588630976747
         41   0.49337918897610   0.49337918897610
         42   0.50342360491133   0.50342360491133
         43   0.54588174495896   0.54588174495896
         44   0.56669539021156   0.56669539021156
         45   0.61545712317682   0.61545712317682
         46   0.61546315243753   0.61546315243753
         47   0.70477210817583   0.70477210817583
         48   0.70946245797570   0.70946245797570
         49   0.70946409962907   0.70946409962907
         50   0.72261185655185   0.72261185655185
         51   0.72261442405366   0.72261442405366
         52   0.78285787553448   0.78285787553448
         53   0.81215957270326   0.81215957270326
         54   0.81216002836499   0.81216002836499
         55   0.83947326219106   0.83947326219106
         56   0.85303193003603   0.85303193003603
         57   0.87892838410047   0.87892838410047
         58   0.87893785452049   0.87893785452049
         59   0.90364656326410   0.90364656326410
         60   0.90560471867938   0.90560471867938
         61   0.94173076112213   0.94173076112213
         62   0.94173154645364   0.94173154645364
         63   0.97237754663850   0.97237754663850
         64   0.99219584114006   0.99219584114006
         65   0.99221535836110   0.99221535836110
         66   1.08819968043828   1.08819968043828
         67   1.08820467650062   1.08820467650062
         68   1.12555102571878   1.12555102571878
         69   1.12557897186040   1.12557897186040
         70   1.14188273212926   1.14188273212926
         71   1.16984304719220   1.16984304719220
         72   1.16984868937628   1.16984868937628
         73   1.35338614153956   1.35338614153956
         74   1.54367527796276   1.54367527796276
         75   1.54368147251411   1.54368147251411
         76   1.57495040257045   1.57495040257045
         77   1.57505092537375   1.57505092537375
         78   1.59115456018869   1.59115456018869
         79   1.59115981069599   1.59115981069599
         80   1.67800069591844   1.67800069591844
         81   1.67800518581243   1.67800518581243
         82   1.68748456185869   1.68748456185869
         83   1.68748618410176   1.68748618410176
         84   1.77174103257754   1.77174103257754
         85   1.77174515687150   1.77174515687150
         86   1.88936199133700   1.88936199133700
         87   1.98516598037304   1.98516598037304
         88   2.01962620458303   2.01962620458303
         89   2.05561980688771   2.05561980688771
         90   2.05563053186663   2.05563053186663
         91   2.13536346062231   2.13536346062231
         92   2.13536689214880   2.13536689214880
         93   2.14557294144199   2.14557294144199
         94   2.14558263563996   2.14558263563996
         95   2.20657059534002   2.20657059534002
         96   2.21532711470666   2.21532711470666
         97   2.29402689197649   2.29402689197649
         98   2.46639084733986   2.46639084733986
         99   2.46641748468915   2.46641748468915
        100   2.67035829055605   2.67035829055605
        101   2.67040430709896   2.67040430709896
        102   2.96128333072839   2.96128333072839
        103   2.96130943809823   2.96130943809823
        104   3.11072924059196   3.11072924059196
        105   3.11075832628940   3.11075832628940
        106   3.45839999964270   3.45839999964270
        107   4.28839285988946   4.28839285988946
        108   6.66292295728811   6.66292295728811

***********************************************************
***********************************************************
              History of geometry optimization             
***********************************************************
***********************************************************

  MD_iter   SD_scaling     |Maximum force|   Maximum step        Utot
                           (Hartree/Bohr)        (Ang)         (Hartree)

    1       1.25981731       0.00877921       0.00585281     -38.35094820

***********************************************************
***********************************************************
                   Mulliken populations                    
***********************************************************
***********************************************************

  Total spin moment (muB)   0.000000000

                    Up spin      Down spin     Sum           Diff
      1    C      1.914238562  1.914238562   3.828477123   0.000000000
      2    C      1.914219688  1.914219688   3.828439375   0.000000000
      3    C      1.914219689  1.914219689   3.828439378   0.000000000
      4    C      1.914238563  1.914238563   3.828477127   0.000000000
      5    C      1.914219691  1.914219691   3.828439382   0.000000000
      6    C      1.914219689  1.914219689   3.828439378   0.000000000
      7    H      0.585788056  0.585788056   1.171576113   0.000000000
      8    H      0.585788057  0.585788057   1.171576113   0.000000000
      9    H      0.585767002  0.585767002   1.171534003   0.000000000
     10    H      0.585767001  0.585767001   1.171534001   0.000000000
     11    H      0.585767001  0.585767001   1.171534002   0.000000000
     12    H      0.585767002  0.585767002   1.171534003   0.000000000

 Sum of MulP: up   =    15.00000 down          =    15.00000
              total=    30.00000 ideal(neutral)=    30.00000


  Decomposed Mulliken populations

    1    C          Up spin      Down spin     Sum           Diff
            multiple
  s           0    0.522318973  0.522318973   1.044637946   0.000000000
   sum over m      0.522318973  0.522318973   1.044637946   0.000000000
  s           1    0.000741944  0.000741944   0.001483888   0.000000000
   sum over m      0.000741944  0.000741944   0.001483888   0.000000000
   sum over m+mul  0.523060917  0.523060917   1.046121834   0.000000000
  px          0    0.442523395  0.442523395   0.885046790   0.000000000
  py          0    0.428366732  0.428366732   0.856733465   0.000000000
  pz          0    0.471161478  0.471161478   0.942322955   0.000000000
   sum over m      1.342051605  1.342051605   2.684103210   0.000000000
  px          1   -0.007363967 -0.007363967  -0.014727935   0.000000000
  py          1    0.008371025  0.008371025   0.016742050   0.000000000
  pz          1   -0.008107902 -0.008107902  -0.016215804   0.000000000
   sum over m     -0.007100844 -0.007100844  -0.014201688   0.000000000
   sum over m+mul  1.334950761  1.334950761   2.669901521   0.000000000
  d3z^2-r^2   0    0.002405017  0.002405017   0.004810034   0.000000000
  dx^2-y^2    0    0.025456580  0.025456580   0.050913160   0.000000000
  dxy         0    0.013366891  0.013366891   0.026733781   0.000000000
  dxz         0    0.003147819  0.003147819   0.006295637   0.000000000
  dyz         0    0.011850577  0.011850577   0.023701155   0.000000000
   sum over m      0.056226884  0.056226884   0.112453768   0.000000000
   sum over m+mul  0.056226884  0.056226884   0.112453768   0.000000000

    2    C          Up spin      Down spin     Sum           Diff
            multiple
  s           0    0.522316692  0.522316692   1.044633384   0.000000000
   sum over m      0.522316692  0.522316692   1.044633384   0.000000000
  s           1    0.000732252  0.000732252   0.001464503   0.000000000
   sum over m      0.000732252  0.000732252   0.001464503   0.000000000
   sum over m+mul  0.523048944  0.523048944   1.046097887   0.000000000
  px          0    0.431888236  0.431888236   0.863776472   0.000000000
  py          0    0.438993661  0.438993661   0.877987322   0.000000000
  pz          0    0.471158274  0.471158274   0.942316549   0.000000000
   sum over m      1.342040171  1.342040171   2.684080343   0.000000000
  px          1    0.004434550  0.004434550   0.008869101   0.000000000
  py          1   -0.003420526 -0.003420526  -0.006841052   0.000000000
  pz          1   -0.008107660 -0.008107660  -0.016215321   0.000000000
   sum over m     -0.007093636 -0.007093636  -0.014187273   0.000000000
   sum over m+mul  1.334946535  1.334946535   2.669893070   0.000000000
  d3z^2-r^2   0    0.002404896  0.002404896   0.004809793   0.000000000
  dx^2-y^2    0    0.016388286  0.016388286   0.032776571   0.000000000
  dxy         0    0.022432612  0.022432612   0.044865223   0.000000000
  dxz         0    0.009674763  0.009674763   0.019349526   0.000000000
  dyz         0    0.005323652  0.005323652   0.010647304   0.000000000
   sum over m      0.056224209  0.056224209   0.112448418   0.000000000
   sum over m+mul  0.056224209  0.056224209   0.112448418   0.000000000

    3    C          Up spin      Down spin     Sum           Diff
            multiple
  s           0    0.522316692  0.522316692   1.044633385   0.000000000
   sum over m      0.522316692  0.522316692   1.044633385   0.000000000
  s           1    0.000732252  0.000732252   0.001464504   0.000000000
   sum over m      0.000732252  0.000732252   0.001464504   0.000000000
   sum over m+mul  0.523048944  0.523048944   1.046097888   0.000000000
  px          0    0.431888236  0.431888236   0.863776473   0.000000000
  py          0    0.438993661  0.438993661   0.877987322   0.000000000
  pz          0    0.471158275  0.471158275   0.942316550   0.000000000
   sum over m      1.342040172  1.342040172   2.684080344   0.000000000
  px          1    0.004434550  0.004434550   0.008869100   0.000000000
  py          1   -0.003420526 -0.003420526  -0.006841051   0.000000000
  pz          1   -0.008107660 -0.008107660  -0.016215321   0.000000000
   sum over m     -0.007093636 -0.007093636  -0.014187272   0.000000000
   sum over m+mul  1.334946536  1.334946536   2.669893071   0.000000000
  d3z^2-r^2   0    0.002404896  0.002404896   0.004809793   0.000000000
  dx^2-y^2    0    0.016388286  0.016388286   0.032776571   0.000000000
  dxy         0    0.022432612  0.022432612   0.044865224   0.000000000
  dxz         0    0.009674763  0.009674763   0.019349526   0.000000000
  dyz         0    0.005323652  0.005323652   0.010647304   0.000000000
   sum over m      0.056224209  0.056224209   0.112448418   0.000000000
   sum over m+mul  0.056224209  0.056224209   0.112448418   0.000000000

    4    C          Up spin      Down spin     Sum           Diff
            multiple
  s           0    0.522318972  0.522318972   1.044637944   0.000000000
   sum over m      0.522318972  0.522318972   1.044637944   0.000000000
  s           1    0.000741944  0.000741944   0.001483888   0.000000000
   sum over m      0.000741944  0.000741944   0.001483888   0.000000000
   sum over m+mul  0.523060916  0.523060916   1.046121832   0.000000000
  px          0    0.442523395  0.442523395   0.885046789   0.000000000
  py          0    0.428366733  0.428366733   0.856733466   0.000000000
  pz          0    0.471161480  0.471161480   0.942322959   0.000000000
   sum over m      1.342051608  1.342051608   2.684103215   0.000000000
  px          1   -0.007363967 -0.007363967  -0.014727934   0.000000000
  py          1    0.008371025  0.008371025   0.016742050   0.000000000
  pz          1   -0.008107902 -0.008107902  -0.016215804   0.000000000
   sum over m     -0.007100844 -0.007100844  -0.014201688   0.000000000
   sum over m+mul  1.334950764  1.334950764   2.669901527   0.000000000
  d3z^2-r^2   0    0.002405017  0.002405017   0.004810034   0.000000000
  dx^2-y^2    0    0.025456580  0.025456580   0.050913160   0.000000000
  dxy         0    0.013366891  0.013366891   0.026733781   0.000000000
  dxz         0    0.003147819  0.003147819   0.006295637   0.000000000
  dyz         0    0.011850577  0.011850577   0.023701155   0.000000000
   sum over m      0.056226884  0.056226884   0.112453767   0.000000000
   sum over m+mul  0.056226884  0.056226884   0.112453767   0.000000000

    5    C          Up spin      Down spin     Sum           Diff
            multiple
  s           0    0.522316692  0.522316692   1.044633385   0.000000000
   sum over m      0.522316692  0.522316692   1.044633385   0.000000000
  s           1    0.000732252  0.000732252   0.001464504   0.000000000
   sum over m      0.000732252  0.000732252   0.001464504   0.000000000
   sum over m+mul  0.523048944  0.523048944   1.046097889   0.000000000
  px          0    0.431888236  0.431888236   0.863776473   0.000000000
  py          0    0.438993661  0.438993661   0.877987322   0.000000000
  pz          0    0.471158277  0.471158277   0.942316553   0.000000000
   sum over m      1.342040174  1.342040174   2.684080348   0.000000000
  px          1    0.004434550  0.004434550   0.008869100   0.000000000
  py          1   -0.003420526 -0.003420526  -0.006841052   0.000000000
  pz          1   -0.008107660 -0.008107660  -0.016215321   0.000000000
   sum over m     -0.007093637 -0.007093637  -0.014187273   0.000000000
   sum over m+mul  1.334946537  1.334946537   2.669893075   0.000000000
  d3z^2-r^2   0    0.002404896  0.002404896   0.004809793   0.000000000
  dx^2-y^2    0    0.016388286  0.016388286   0.032776571   0.000000000
  dxy         0    0.022432612  0.022432612   0.044865224   0.000000000
  dxz         0    0.009674763  0.009674763   0.019349527   0.000000000
  dyz         0    0.005323652  0.005323652   0.010647304   0.000000000
   sum over m      0.056224209  0.056224209   0.112448419   0.000000000
   sum over m+mul  0.056224209  0.056224209   0.112448419   0.000000000

    6    C          Up spin      Down spin     Sum           Diff
            multiple
  s           0    0.522316692  0.522316692   1.044633384   0.000000000
   sum over m      0.522316692  0.522316692   1.044633384   0.000000000
  s           1    0.000732252  0.000732252   0.001464504   0.000000000
   sum over m      0.000732252  0.000732252   0.001464504   0.000000000
   sum over m+mul  0.523048944  0.523048944   1.046097888   0.000000000
  px          0    0.431888236  0.431888236   0.863776473   0.000000000
  py          0    0.438993660  0.438993660   0.877987321   0.000000000
  pz          0    0.471158276  0.471158276   0.942316552   0.000000000
   sum over m      1.342040173  1.342040173   2.684080346   0.000000000
  px          1    0.004434550  0.004434550   0.008869099   0.000000000
  py          1   -0.003420526 -0.003420526  -0.006841053   0.000000000
  pz          1   -0.008107660 -0.008107660  -0.016215321   0.000000000
   sum over m     -0.007093637 -0.007093637  -0.014187274   0.000000000
   sum over m+mul  1.334946536  1.334946536   2.669893071   0.000000000
  d3z^2-r^2   0    0.002404896  0.002404896   0.004809793   0.000000000
  dx^2-y^2    0    0.016388286  0.016388286   0.032776571   0.000000000
  dxy         0    0.022432612  0.022432612   0.044865224   0.000000000
  dxz         0    0.009674763  0.009674763   0.019349526   0.000000000
  dyz         0    0.005323652  0.005323652   0.010647304   0.000000000
   sum over m      0.056224209  0.056224209   0.112448419   0.000000000
   sum over m+mul  0.056224209  0.056224209   0.112448419   0.000000000

    7    H          Up spin      Down spin     Sum           Diff
            multiple
  s           0    0.521917270  0.521917270   1.043834540   0.000000000
   sum over m      0.521917270  0.521917270   1.043834540   0.000000000
  s           1    0.005611149  0.005611149   0.011222297   0.000000000
   sum over m      0.005611149  0.005611149   0.011222297   0.000000000
   sum over m+mul  0.527528419  0.527528419   1.055056837   0.000000000
  px          0    0.019665284  0.019665284   0.039330569   0.000000000
  py          0    0.016642692  0.016642692   0.033285384   0.000000000
  pz          0    0.021951661  0.021951661   0.043903323   0.000000000
   sum over m      0.058259638  0.058259638   0.116519276   0.000000000
   sum over m+mul  0.058259638  0.058259638   0.116519276   0.000000000

    8    H          Up spin      Down spin     Sum           Diff
            multiple
  s           0    0.521917270  0.521917270   1.043834540   0.000000000
   sum over m      0.521917270  0.521917270   1.043834540   0.000000000
  s           1    0.005611149  0.005611149   0.011222297   0.000000000
   sum over m      0.005611149  0.005611149   0.011222297   0.000000000
   sum over m+mul  0.527528418  0.527528418   1.055056837   0.000000000
  px          0    0.019665284  0.019665284   0.039330569   0.000000000
  py          0    0.016642692  0.016642692   0.033285384   0.000000000
  pz          0    0.021951662  0.021951662   0.043903324   0.000000000
   sum over m      0.058259638  0.058259638   0.116519276   0.000000000
   sum over m+mul  0.058259638  0.058259638   0.116519276   0.000000000

    9    H          Up spin      Down spin     Sum           Diff
            multiple
  s           0    0.521906987  0.521906987   1.043813974   0.000000000
   sum over m      0.521906987  0.521906987   1.043813974   0.000000000
  s           1    0.005609327  0.005609327   0.011218654   0.000000000
   sum over m      0.005609327  0.005609327   0.011218654   0.000000000
   sum over m+mul  0.527516314  0.527516314   1.055032628   0.000000000
  px          0    0.017399417  0.017399417   0.034798833   0.000000000
  py          0    0.018902118  0.018902118   0.037804237   0.000000000
  pz          0    0.021949152  0.021949152   0.043898305   0.000000000
   sum over m      0.058250688  0.058250688   0.116501375   0.000000000
   sum over m+mul  0.058250688  0.058250688   0.116501375   0.000000000

   10    H          Up spin      Down spin     Sum           Diff
            multiple
  s           0    0.521906987  0.521906987   1.043813973   0.000000000
   sum over m      0.521906987  0.521906987   1.043813973   0.000000000
  s           1    0.005609327  0.005609327   0.011218654   0.000000000
   sum over m      0.005609327  0.005609327   0.011218654   0.000000000
   sum over m+mul  0.527516314  0.527516314   1.055032627   0.000000000
  px          0    0.017399417  0.017399417   0.034798833   0.000000000
  py          0    0.018902118  0.018902118   0.037804236   0.000000000
  pz          0    0.021949153  0.021949153   0.043898305   0.000000000
   sum over m      0.058250687  0.058250687   0.116501374   0.000000000
   sum over m+mul  0.058250687  0.058250687   0.116501374   0.000000000

   11    H          Up spin      Down spin     Sum           Diff
            multiple
  s           0    0.521906987  0.521906987   1.043813973   0.000000000
   sum over m      0.521906987  0.521906987   1.043813973   0.000000000
  s           1    0.005609327  0.005609327   0.011218654   0.000000000
   sum over m      0.005609327  0.005609327   0.011218654   0.000000000
   sum over m+mul  0.527516314  0.527516314   1.055032627   0.000000000
  px          0    0.017399417  0.017399417   0.034798833   0.000000000
  py          0    0.018902118  0.018902118   0.037804237   0.000000000
  pz          0    0.021949153  0.021949153   0.043898305   0.000000000
   sum over m      0.058250688  0.058250688   0.116501375   0.000000000
   sum over m+mul  0.058250688  0.058250688   0.116501375   0.000000000

   12    H          Up spin      Down spin     Sum           Diff
            multiple
  s           0    0.521906987  0.521906987   1.043813974   0.000000000
   sum over m      0.521906987  0.521906987   1.043813974   0.000000000
  s           1    0.005609327  0.005609327   0.011218654   0.000000000
   sum over m      0.005609327  0.005609327   0.011218654   0.000000000
   sum over m+mul  0.527516314  0.527516314   1.055032628   0.000000000
  px          0    0.017399417  0.017399417   0.034798833   0.000000000
  py          0    0.018902119  0.018902119   0.037804237   0.000000000
  pz          0    0.021949153  0.021949153   0.043898305   0.000000000
   sum over m      0.058250688  0.058250688   0.116501376   0.000000000
   sum over m+mul  0.058250688  0.058250688   0.116501376   0.000000000

***********************************************************
***********************************************************
                    Dipole moment (Debye)                  
***********************************************************
***********************************************************

 Absolute D        0.00026143

                      Dx                Dy                Dz
 Total              0.00015088        0.00015098        0.00015095
 Core             864.57722373      864.57722373      864.57722373
 Electron        -864.57707285     -864.57707275     -864.57707278
 Back ground       -0.00000000       -0.00000000       -0.00000000

***********************************************************
***********************************************************
       xyz-coordinates (Ang) and forces (Hartree/Bohr)  
***********************************************************
***********************************************************

<coordinates.forces
  12
    1     C     4.60890   6.00000   6.00000   0.008779206536  0.000000001690  0.000000000082
    2     C     5.30445   7.20473   6.00000   0.004227459295 -0.007489557738 -0.000000000124
    3     C     6.69555   7.20473   6.00000  -0.004227458727 -0.007489556969  0.000000000687
    4     C     7.39110   6.00000   6.00000  -0.008779207744  0.000000000563 -0.000000000066
    5     C     6.69555   4.79527   6.00000  -0.004227461617  0.007489556603 -0.000000000031
    6     C     5.30445   4.79527   6.00000   0.004227462104  0.007489556089  0.000000000135
    7     H     3.51418   6.00000   6.00000  -0.002554721951 -0.000000000003 -0.000000000020
    8     H     8.48582   6.00000   6.00000   0.002554721750  0.000000000042 -0.000000000182
    9     H     4.75709   8.15278   6.00000  -0.001290375979  0.002229061257  0.000000000087
   10     H     7.24291   8.15278   6.00000   0.001290375424  0.002229061280 -0.000000000029
   11     H     7.24291   3.84721   6.00000   0.001290375586 -0.002229061281 -0.000000000174
   12     H     4.75709   3.84721   6.00000  -0.001290375767 -0.002229061305  0.000000000050
coordinates.forces>

***********************************************************
***********************************************************
       Fractional coordinates of the final structure       
***********************************************************
***********************************************************

     1      C     0.38407500000000   0.50000000000000   0.50000000000000
     2      C     0.44203750000000   0.60039416666667   0.50000000000000
     3      C     0.55796250000000   0.60039416666667   0.50000000000000
     4      C     0.61592500000000   0.50000000000000   0.50000000000000
     5      C     0.55796250000000   0.39960583333333   0.50000000000000
     6      C     0.44203750000000   0.39960583333333   0.50000000000000
     7      H     0.29284833333333   0.50000000000000   0.50000000000000
     8      H     0.70715166666667   0.50000000000000   0.50000000000000
     9      H     0.39642416666667   0.67939875000000   0.50000000000000
    10      H     0.60357583333333   0.67939875000000   0.50000000000000
    11      H     0.60357583333333   0.32060125000000   0.50000000000000
    12      H     0.39642416666667   0.32060125000000   0.50000000000000

***********************************************************
***********************************************************
                   Wannier functions                       
***********************************************************
***********************************************************

          Center of Wannier Function (Angs)   |   Spread (Angs^2) 
 WF   1 ( 4.42912741,-0.00000000,-0.00000000) |   1.02623148
 WF   2 ( 2.22433153,-3.84144273,-0.00000000) |   1.02614097
 WF   3 (-2.22433153,-3.84144273,-0.00000000) |   1.02614097
 WF   4 (-4.42912741,-0.00000000,-0.00000000) |   1.02623148
 WF   5 (-2.22433153, 3.84144273,-0.00000000) |   1.02614097
 WF   6 ( 2.22433153, 3.84144273,-0.00000000) |   1.02614097

 Total Center ( 0.00000000,-0.00000000, 0.00000000)
 Sum.of.Spreads.  6.157026842754300

The component of spread function is:
 Omega I     =  6.106819144499
 Omega D     =  0.000000000000
 Omega OD    =  0.050207698255
 Total.Omega.=  6.157026842754297

***********************************************************
***********************************************************
               Computational Time (second)                 
***********************************************************
***********************************************************

   Elapsed.Time.        24.288

                               Min_ID   Min_Time       Max_ID   Max_Time
   Total Computational Time =   107       23.038          0       24.288
   readfile                 =   107        2.613          0        2.676
   truncation               =    67        2.346          6        2.382
   MD_pac                   =     0        0.001         35        0.001
   OutData                  =    27        4.685          0        4.778
   DFT                      =     6        4.432         67        4.468

*** In DFT ***

   Set_OLP_Kin              =   100        0.046          5        0.116
   Set_Nonlocal             =     5        0.106         66        0.176
   Set_ProExpn_VNA          =    87        0.310          5        0.379
   Set_Hamiltonian          =    23        1.260         10        1.261
   Poisson                  =    93        0.111          8        0.111
   Diagonalization          =    41        0.476         38        0.478
   Mixing_DM                =    81        0.276         56        0.276
   Force                    =    24        0.218         63        0.218
   Total_Energy             =   107        0.160          0        0.160
   Set_Aden_Grid            =     0        0.044         84        0.114
   Set_Orbitals_Grid        =    20        0.000          4        0.130
   Set_Density_Grid         =   109        0.035         68        0.695
   RestartFileDFT           =    20        0.002         73        0.270
   Mulliken_Charge          =    55        0.004         94        0.004
   FFT(2D)_Density          =    72        0.165         98        0.165
   Others                   =    73        0.180        108        0.986
