***********************************************************
***********************************************************

  This calculation was performed by OpenMX Ver. 3.9
  using 112 MPI processes and 1 OpenMP threads.

  Sat Nov 23 00:52:54 2019

***********************************************************
***********************************************************

#
# File Name
#

System.CurrrentDirectory         ./    # default=./
System.Name                      Si    # 
level.of.stdout                   1    # default=1 (1-3)
level.of.fileout                  1    # default=1 (0-2)

#
# Definition of Atomic Species
#

Species.Number       2
<Definition.of.Atomic.Species
 Si     Si7.0-s2p2d1      Si_CA19
 proj1  Si7.0-s1p1d1f1    Si_CA19
Definition.of.Atomic.Species>

#
# Atoms
#

Atoms.Number         2
Atoms.SpeciesAndCoordinates.Unit   FRAC # Ang|AU
<Atoms.SpeciesAndCoordinates           
   1   Si    0.25000000000000    0.25000000000000    0.25000000000000     2.0     2.0     
   2   Si    0.00000000000000    0.00000000000000    0.00000000000000     2.0     2.0     
Atoms.SpeciesAndCoordinates>
Atoms.UnitVectors.Unit             AU # Ang|AU
<Atoms.UnitVectors                     
 5.10   0.00   5.10
 0.00   5.10   5.10
 5.10   5.10   0.00
Atoms.UnitVectors>

#
# SCF or Electronic System
#

scf.XcType                 LSDA-CA     # LDA|LSDA-CA|LSDA-PW|GGA-PBE
scf.SpinPolarization        off        # On|Off|NC
scf.SpinOrbit.Coupling      off        # On|Off, default=off       
scf.ElectronicTemperature  300.0       # default=300 (K)
scf.energycutoff           350.0       # default=150 (Ry)
scf.maxIter                  40        # default=40
scf.EigenvalueSolver       band        # DC|GDC|Cluster|Band
scf.Kgrid                  5 5 5       # means n1 x n2 x n3
scf.Mixing.Type           rmm-diisk    # Simple|Rmm-Diis|Gr-Pulay|Kerker|Rmm-Diisk
scf.Init.Mixing.Weight     0.20        # default=0.30 
scf.Min.Mixing.Weight      0.001       # default=0.001 
scf.Max.Mixing.Weight      0.500       # default=0.40 
scf.Mixing.History          7          # default=5
scf.Mixing.StartPulay       7          # default=6
scf.Mixing.EveryPulay       1          # default=6
scf.criterion             1.0e-12      # default=1.0e-6 (Hartree) 
scf.lapack.dste            dstevx      # dstevx|dstedc|dstegr,default=dstevx

#
# MD or Geometry Optimization
#

MD.Type                      nomd      # Nomd|Constant_Energy_MD|Opt
MD.maxIter                    1        # default=1
MD.TimeStep                   1        # default=0.5 (fs)
MD.Opt.criterion         1.0e-5        # default=1.0e-4 (Hartree/bohr)

#
# Band dispersion 
#

Band.dispersion              on        # on|off, default=off
<Band.KPath.UnitCell
 10.20   0.00  0.00
 0.00   10.20  0.00
 0.00   0.00   10.20 
Band.KPath.UnitCell>
# if <Band.KPath.UnitCell does not exist,
#     the reciprical lattice vector is employed. 
Band.Nkpath                4
<Band.kpath
   25  0.5 0.5 0.5   0.0 0.0 0.0   L G
   25  0.0 0.0 0.0   1.0 0.0 0.0   G X
   25  1.0 0.0 0.0   0.75 0.75 0.0 X K
   25  0.75 0.75 0.0 0.0 0.0 0.0   K G
Band.kpath>
#   25  1.0 0.5 0.0   0.5 0.5 0.5   W L
#   25  1.0 0.0 0.0   1.0 0.5 0.0   X W
#   25  1.0 0.5 0.0   0.75 0.75 0.0   W K
#
# MO output
#

MO.fileout                       off   # on|off
num.HOMOs                         4    # default=2
num.LUMOs                         1    # default=2

MO.Nkpoint                        1    # default=1 
<MO.kpoint
  0.0  0.0  0.0
MO.kpoint>

#
# DOS and PDOS
#

Dos.fileout                  off       # on|off, default=off
Dos.Erange              -20.0  20.0    # default = -20 20 
Dos.Kgrid                12 12 12      # default = Kgrid1 Kgrid2 Kgrid3

HS.fileout               off     # on|off, default=off


#
# Generation of Wannier functions
#


Wannier.Func.Calc        on             # on|off, default=off 
Wannier.Func.Num          8             # default=0
Wannier.Outer.Window.Bottom -14.0       # default=-10.0 (eV)
Wannier.Outer.Window.Top     11.0       # default= 10.0 (eV)
Wannier.Inner.Window.Bottom   0.0       # default= 0.0 (eV)
Wannier.Inner.Window.Top      0.0       # default= 0.0 (eV)
Wannier.Initial.Guess          on       # on|off, default=on

Wannier.Initial.Projectors.Unit FRAC    # AU, ANG or FRAC 
<Wannier.Initial.Projectors
 proj1-sp3 0.250 0.250 0.250 -1.0 0.0 0.0  0.0 0.0 -1.0
 proj1-sp3 0.000 0.000 0.000  0.0 0.0 1.0  1.0 0.0  0.0
Wannier.Initial.Projectors>

Wannier.Kgrid   8 8 8                        # default=4x4x4
Wannier.MaxShells   12                       # default=12
Wannier.Interpolated.Bands              on   # on|off, default=off

Wannier.Function.Plot                   on   # on|off, default=off
Wannier.Function.Plot.SuperCells     1 1 1   # default=0 0 0 



Wannier.Dis.Mixing.Para                0.5    # default=0.5  
Wannier.Dis.Conv.Criterion             1e-10  # default=1e-8
Wannier.Dis.SCF.Max.Steps              2000   # default=200
Wannier.Minimizing.Max.Steps            200   # default=200
Wannier.Minimizing.Scheme                2    # 0=SD, 1=CG, 2=SD+CG
Wannier.Minimizing.StepLength           0.1   # default=2.0
Wannier.Minimizing.Secant.Steps          5    # default=5   
Wannier.Minimizing.Secant.StepLength    0.5   # default=2.0 
Wannier.Minimizing.Conv.Criterion      1e-8   # default=1e-8 

Wannier.Readin.Overlap.Matrix          off   # on|off, default=off

scf.restart    off



***********************************************************
***********************************************************

  Required cutoff energy (Ryd) for 3D-grids = 350.0000
      Used cutoff energy (Ryd) for 3D-grids = 348.6236, 348.6236, 348.6236
  Num. of grids of a-, b-, and c-axes = 35, 35, 35

  Num.Grid1.    35
  Num.Grid2.    35
  Num.Grid3.    35


  Cell_Volume =    265.302000000000 (Bohr^3)
  GridVol     =      0.006187801749 (Bohr^3)
  Cell vectors (bohr) of the grid cell (gtv)
    gtv_a =  0.145714285714,  0.000000000000,  0.145714285714
    gtv_b =  0.000000000000,  0.145714285714,  0.145714285714
    gtv_c =  0.145714285714,  0.145714285714,  0.000000000000
    |gtv_a| =  0.206071119089
    |gtv_b| =  0.206071119089
    |gtv_c| =  0.206071119089

***********************************************************
***********************************************************


***********************************************************
***********************************************************
                  SCF history at MD= 1                    
***********************************************************
***********************************************************

   SCF=   1  NormRD=  1.000000000000  Uele= -2.378825402216
   SCF=   2  NormRD=  0.881863306646  Uele= -2.378825402216
   SCF=   3  NormRD=  0.442732469232  Uele= -2.445287876803
   SCF=   4  NormRD=  0.224112661545  Uele= -2.469644954846
   SCF=   5  NormRD=  0.113837650358  Uele= -2.478606288178
   SCF=   6  NormRD=  0.057882576026  Uele= -2.481872564958
   SCF=   7  NormRD=  0.029454775732  Uele= -2.483033125322
   SCF=   8  NormRD=  0.000515997937  Uele= -2.483707471325
   SCF=   9  NormRD=  0.000032094016  Uele= -2.483552246908
   SCF=  10  NormRD=  0.000004945752  Uele= -2.483551774329
   SCF=  11  NormRD=  0.000000565678  Uele= -2.483551406223
   SCF=  12  NormRD=  0.000000070071  Uele= -2.483551371247
   SCF=  13  NormRD=  0.000000003148  Uele= -2.483551366575
   SCF=  14  NormRD=  0.000000000003  Uele= -2.483551366355
   SCF=  15  NormRD=  0.000000000001  Uele= -2.483551366355

*******************************************************
        Total energy (Hartree) at MD = 1        
*******************************************************

  Uele.         -2.483551366355

  Ukin.          3.066039697244
  UH0.        -146.847338448912
  UH1.           0.029821169820
  Una.          -3.420342896448
  Unl.           1.189631866687
  Uxc0.         -1.424943924002
  Uxc1.         -1.424943924002
  Ucore.       140.557475303542
  Uhub.          0.000000000000
  Ucs.           0.000000000000
  Uzs.           0.000000000000
  Uzo.           0.000000000000
  Uef.           0.000000000000
  UvdW.          0.000000000000
  Uch.           0.000000000000
  Utot.         -8.274601156071

  UpV.           0.000000000000
  Enpy.         -8.274601156071
  Note:

  Utot = Ukin+UH0+UH1+Una+Unl+Uxc0+Uxc1+Ucore+Uhub+Ucs+Uzs+Uzo+Uef+UvdW+Uch

  Uele:   band energy
  Ukin:   kinetic energy
  UH0:    electric part of screened Coulomb energy
  UH1:    difference electron-electron Coulomb energy
  Una:    neutral atom potential energy
  Unl:    non-local potential energy
  Uxc0:   exchange-correlation energy for alpha spin
  Uxc1:   exchange-correlation energy for beta spin
  Ucore:  core-core Coulomb energy
  Uhub:   LDA+U energy
  Ucs:    constraint energy for spin orientation
  Uzs:    Zeeman term for spin magnetic moment
  Uzo:    Zeeman term for orbital magnetic moment
  Uef:    electric energy by electric field
  UvdW:   semi-empirical vdW energy
  Uch:    penalty term to create a core hole

  UpV:    pressure times volume
  Enpy:   Enthalpy = Utot + UpV
  (see also PRB 72, 045121(2005) for the energy contributions)



  Chemical potential (Hartree)      -0.112733754274

***********************************************************
***********************************************************
           Eigenvalues (Hartree) of SCF KS-eq.           
***********************************************************
***********************************************************

   Chemical Potential (Hatree) =  -0.11273375427421
   Number of States            =   8.00000000000008
   Eigenvalues
              Up-spin           Down-spin

   kloop=0
   k1=  -0.40000 k2=  -0.40000 k3=  -0.40000

    1   -0.49640572271973  -0.49640572271973
    2   -0.35640039446077  -0.35640039446077
    3   -0.16412123696347  -0.16412123696347
    4   -0.16412085222788  -0.16412085222788
    5   -0.05752104487149  -0.05752104487149
    6    0.00779856164218   0.00779856164218
    7    0.00779892289967   0.00779892289967
    8    0.23107584700919   0.23107584700919
    9    0.23107794467239   0.23107794467239
   10    0.23472508635845   0.23472508635845
   11    0.30865979808532   0.30865979808532
   12    0.39420108351125   0.39420108351125
   13    0.39420333904469   0.39420333904469
   14    0.48955862609980   0.48955862609980
   15    0.65539750065020   0.65539750065020
   16    0.70039207419575   0.70039207419575
   17    0.70039261800889   0.70039261800889
   18    0.85626414811493   0.85626414811493
   19    0.85626597956056   0.85626597956056
   20    0.87206708667011   0.87206708667011
   21    1.16599035788903   1.16599035788903
   22    1.16600209834883   1.16600209834883
   23    1.54674414405518   1.54674414405518
   24    1.54676239594262   1.54676239594262
   25    2.96564986264973   2.96564986264973
   26    4.14168312237086   4.14168312237086

   kloop=1
   k1=  -0.40000 k2=  -0.40000 k3=  -0.20000

    1   -0.49822097260232  -0.49822097260232
    2   -0.31956217057700  -0.31956217057700
    3   -0.22060962742474  -0.22060962742474
    4   -0.19685732188818  -0.19685732188818
    5   -0.05377709115452  -0.05377709115452
    6    0.04573830640270   0.04573830640270
    7    0.06600815297476   0.06600815297476
    8    0.08306402378848   0.08306402378848
    9    0.27377709077404   0.27377709077404
   10    0.27937951159961   0.27937951159961
   11    0.32436026980329   0.32436026980329
   12    0.36958362597546   0.36958362597546
   13    0.48451088536135   0.48451088536135
   14    0.51622084463402   0.51622084463402
   15    0.60470655859679   0.60470655859679
   16    0.62154109464041   0.62154109464041
   17    0.67363862981472   0.67363862981472
   18    0.71707369347861   0.71707369347861
   19    0.82940599238394   0.82940599238394
   20    0.94411901377924   0.94411901377924
   21    0.94511611760847   0.94511611760847
   22    1.39385179906616   1.39385179906616
   23    2.17203864607947   2.17203864607947
   24    3.20663233438696   3.20663233438696
   25    3.34062269358226   3.34062269358226
   26    4.38490150876647   4.38490150876647

   kloop=2
   k1=  -0.40000 k2=  -0.40000 k3=   0.00000

    1   -0.46569477539969  -0.46569477539969
    2   -0.35116775705494  -0.35116775705494
    3   -0.22294465020593  -0.22294465020593
    4   -0.22294464541772  -0.22294464541772
    5   -0.10228800843832  -0.10228800843832
    6   -0.06939140051475  -0.06939140051475
    7    0.19708348884967   0.19708348884967
    8    0.19708348972489   0.19708348972489
    9    0.30239474588006   0.30239474588006
   10    0.30904136364908   0.30904136364908
   11    0.34976037466485   0.34976037466485
   12    0.34976037563937   0.34976037563937
   13    0.40960275703676   0.40960275703676
   14    0.46981020957961   0.46981020957961
   15    0.63063193256974   0.63063193256974
   16    0.63485109893257   0.63485109893257
   17    0.66712130551830   0.66712130551830
   18    0.66712130870590   0.66712130870590
   19    0.84516345043311   0.84516345043311
   20    0.84992014041282   0.84992014041282
   21    0.84992014724961   0.84992014724961
   22    0.85554258782102   0.85554258782102
   23    3.21944390889614   3.21944390889614
   24    3.36215597688432   3.36215597688432
   25    4.56924835324592   4.56924835324592
   26    4.56924847567309   4.56924847567309

   kloop=3
   k1=  -0.40000 k2=  -0.40000 k3=   0.20000

    1   -0.42035749889631  -0.42035749889631
    2   -0.39824674190227  -0.39824674190227
    3   -0.27548965635119  -0.27548965635119
    4   -0.21848434046850  -0.21848434046850
    5   -0.08381912624660  -0.08381912624660
    6    0.00032396743071   0.00032396743071
    7    0.18735924017308   0.18735924017308
    8    0.20399285531026   0.20399285531026
    9    0.21659902826755   0.21659902826755
   10    0.22371875731800   0.22371875731800
   11    0.42167596442965   0.42167596442965
   12    0.44193700724817   0.44193700724817
   13    0.45724051529046   0.45724051529046
   14    0.48753401344678   0.48753401344678
   15    0.59273128409927   0.59273128409927
   16    0.60688300804132   0.60688300804132
   17    0.66845468399351   0.66845468399351
   18    0.76834191723331   0.76834191723331
   19    0.77391432453544   0.77391432453544
   20    0.81760146781060   0.81760146781060
   21    0.88485968930003   0.88485968930003
   22    0.89595531494694   0.89595531494694
   23    3.00538818433476   3.00538818433476
   24    3.64859851822446   3.64859851822446
   25    4.20533887465444   4.20533887465444
   26    4.24504294790198   4.24504294790198

   kloop=4
   k1=  -0.40000 k2=  -0.40000 k3=   0.40000

    1   -0.46488817482682  -0.46488817482682
    2   -0.37199867272432  -0.37199867272432
    3   -0.25109519141727  -0.25109519141727
    4   -0.18613720746076  -0.18613720746076
    5   -0.04344173636136  -0.04344173636136
    6    0.05535450101538   0.05535450101538
    7    0.06141175532045   0.06141175532045
    8    0.17026676188965   0.17026676188965
    9    0.20487325181711   0.20487325181711
   10    0.21011422891936   0.21011422891936
   11    0.41571261914221   0.41571261914221
   12    0.43218241109714   0.43218241109714
   13    0.45833911971602   0.45833911971602
   14    0.49853274690938   0.49853274690938
   15    0.61150731974151   0.61150731974151
   16    0.63278868539674   0.63278868539674
   17    0.66381671694343   0.66381671694343
   18    0.72254769357547   0.72254769357547
   19    0.84433886693119   0.84433886693119
   20    0.94133892985331   0.94133892985331
   21    0.99516765689760   0.99516765689760
   22    1.14752914244610   1.14752914244610
   23    2.39459353377123   2.39459353377123
   24    2.41279634059516   2.41279634059516
   25    3.63272701306389   3.63272701306389
   26    4.21161850824055   4.21161850824055

   kloop=5
   k1=  -0.40000 k2=  -0.20000 k3=  -0.40000

    1   -0.49822173865227  -0.49822173865227
    2   -0.31956195028704  -0.31956195028704
    3   -0.22060807542885  -0.22060807542885
    4   -0.19685644235830  -0.19685644235830
    5   -0.05377580688732  -0.05377580688732
    6    0.04574156108741   0.04574156108741
    7    0.06600490592930   0.06600490592930
    8    0.08306157544137   0.08306157544137
    9    0.27377548124395   0.27377548124395
   10    0.27937798068634   0.27937798068634
   11    0.32435991494101   0.32435991494101
   12    0.36958500541615   0.36958500541615
   13    0.48450978625253   0.48450978625253
   14    0.51622079096484   0.51622079096484
   15    0.60470875074312   0.60470875074312
   16    0.62154002049231   0.62154002049231
   17    0.67363997762106   0.67363997762106
   18    0.71707668061649   0.71707668061649
   19    0.82940647212678   0.82940647212678
   20    0.94412022456847   0.94412022456847
   21    0.94511880289577   0.94511880289577
   22    1.39387692440282   1.39387692440282
   23    2.17201012796349   2.17201012796349
   24    3.20662069049539   3.20662069049539
   25    3.34058145994607   3.34058145994607
   26    4.38490155276932   4.38490155276932

   kloop=6
   k1=  -0.40000 k2=  -0.20000 k3=  -0.20000

    1   -0.51635710413164  -0.51635710413164
    2   -0.28837961870932  -0.28837961870932
    3   -0.23517847455101  -0.23517847455101
    4   -0.15348628567101  -0.15348628567101
    5   -0.01221793255777  -0.01221793255777
    6    0.02938059491812   0.02938059491812
    7    0.04204659550435   0.04204659550435
    8    0.11405598616520   0.11405598616520
    9    0.13009649085435   0.13009649085435
   10    0.29380354473346   0.29380354473346
   11    0.31361556625651   0.31361556625651
   12    0.42828937353397   0.42828937353397
   13    0.46412875639230   0.46412875639230
   14    0.52872466928443   0.52872466928443
   15    0.60134673073064   0.60134673073064
   16    0.65803326983610   0.65803326983610
   17    0.65855888501622   0.65855888501622
   18    0.78499438247885   0.78499438247885
   19    0.90367635741870   0.90367635741870
   20    0.99531517320867   0.99531517320867
   21    1.00172317782289   1.00172317782289
   22    1.46653111315648   1.46653111315648
   23    2.49144786521643   2.49144786521643
   24    2.56334982636968   2.56334982636968
   25    3.97832688648681   3.97832688648681
   26    4.56977969193099   4.56977969193099

   kloop=7
   k1=  -0.40000 k2=  -0.20000 k3=   0.00000

    1   -0.49822097066455  -0.49822097066455
    2   -0.31956218130192  -0.31956218130192
    3   -0.22060962182485  -0.22060962182485
    4   -0.19685731758816  -0.19685731758816
    5   -0.05377709086751  -0.05377709086751
    6    0.04573830344207   0.04573830344207
    7    0.06600815784006   0.06600815784006
    8    0.08306402796519   0.08306402796519
    9    0.27377708557449   0.27377708557449
   10    0.27937950608757   0.27937950608757
   11    0.32436026940260   0.32436026940260
   12    0.36958362237931   0.36958362237931
   13    0.48451088479530   0.48451088479530
   14    0.51622084490719   0.51622084490719
   15    0.60470656261088   0.60470656261088
   16    0.62154109032403   0.62154109032403
   17    0.67363863054224   0.67363863054224
   18    0.71707370056386   0.71707370056386
   19    0.82940599260796   0.82940599260796
   20    0.94411901240059   0.94411901240059
   21    0.94511612317134   0.94511612317134
   22    1.39385178897707   1.39385178897707
   23    2.17203865440546   2.17203865440546
   24    3.20663240947131   3.20663240947131
   25    3.34062264139609   3.34062264139609
   26    4.38490128891794   4.38490128891794

   kloop=8
   k1=  -0.40000 k2=  -0.20000 k3=   0.20000

    1   -0.44902443202332  -0.44902443202332
    2   -0.36539471710227  -0.36539471710227
    3   -0.27224285241900  -0.27224285241900
    4   -0.23483148597365  -0.23483148597365
    5    0.00776410672361   0.00776410672361
    6    0.02610539974792   0.02610539974792
    7    0.05167413472465   0.05167413472465
    8    0.17782842021268   0.17782842021268
    9    0.19626004644031   0.19626004644031
   10    0.27158158256554   0.27158158256554
   11    0.38654079396827   0.38654079396827
   12    0.46240690682458   0.46240690682458
   13    0.47379854490030   0.47379854490030
   14    0.54463771267582   0.54463771267582
   15    0.59348442220844   0.59348442220844
   16    0.62688949296926   0.62688949296926
   17    0.63490810082142   0.63490810082142
   18    0.69492803948907   0.69492803948907
   19    0.81323162285460   0.81323162285460
   20    0.90111561262180   0.90111561262180
   21    0.91185310143912   0.91185310143912
   22    1.06941092336779   1.06941092336779
   23    2.29065270120109   2.29065270120109
   24    3.40536464819196   3.40536464819196
   25    3.94386278459234   3.94386278459234
   26    4.21789397007377   4.21789397007377

   kloop=9
   k1=  -0.40000 k2=  -0.20000 k3=   0.40000

    1   -0.44902567450611  -0.44902567450611
    2   -0.36539353390202  -0.36539353390202
    3   -0.27224277750379  -0.27224277750379
    4   -0.23483028825159  -0.23483028825159
    5    0.00776422884401   0.00776422884401
    6    0.02610566767638   0.02610566767638
    7    0.05167308424035   0.05167308424035
    8    0.17783024399026   0.17783024399026
    9    0.19625800422942   0.19625800422942
   10    0.27157945545862   0.27157945545862
   11    0.38654272424300   0.38654272424300
   12    0.46240877074711   0.46240877074711
   13    0.47379590022993   0.47379590022993
   14    0.54463595979377   0.54463595979377
   15    0.59348434657436   0.59348434657436
   16    0.62688838742692   0.62688838742692
   17    0.63490959754705   0.63490959754705
   18    0.69492887896868   0.69492887896868
   19    0.81323156635825   0.81323156635825
   20    0.90111724666685   0.90111724666685
   21    0.91185420110163   0.91185420110163
   22    1.06941660133484   1.06941660133484
   23    2.29063723466570   2.29063723466570
   24    3.40536243900358   3.40536243900358
   25    3.94386555258293   3.94386555258293
   26    4.21789699388189   4.21789699388189

   kloop=10
   k1=  -0.40000 k2=  -0.00000 k3=  -0.40000

    1   -0.46569623696592  -0.46569623696592
    2   -0.35116584035139  -0.35116584035139
    3   -0.22294429981995  -0.22294429981995
    4   -0.22294429333689  -0.22294429333689
    5   -0.10228791232227  -0.10228791232227
    6   -0.06939024575383  -0.06939024575383
    7    0.19708135212258   0.19708135212258
    8    0.19708135331737   0.19708135331737
    9    0.30239274123654   0.30239274123654
   10    0.30903903067083   0.30903903067083
   11    0.34976253571688   0.34976253571688
   12    0.34976253703473   0.34976253703473
   13    0.40960272815441   0.40960272815441
   14    0.46981317763369   0.46981317763369
   15    0.63063068370482   0.63063068370482
   16    0.63485140294106   0.63485140294106
   17    0.66711960640444   0.66711960640444
   18    0.66711961083998   0.66711961083998
   19    0.84516462397369   0.84516462397369
   20    0.84992240688524   0.84992240688524
   21    0.84992241549626   0.84992241549626
   22    0.85554546550647   0.85554546550647
   23    3.21943669170973   3.21943669170973
   24    3.36215430624774   3.36215430624774
   25    4.56925657491908   4.56925657491908
   26    4.56925702467275   4.56925702467275

   kloop=11
   k1=  -0.40000 k2=  -0.00000 k3=  -0.20000

    1   -0.49822173698443  -0.49822173698443
    2   -0.31956195853064  -0.31956195853064
    3   -0.22060807611912  -0.22060807611912
    4   -0.19685643614694  -0.19685643614694
    5   -0.05377579760945  -0.05377579760945
    6    0.04574155259186   0.04574155259186
    7    0.06600490669111   0.06600490669111
    8    0.08306157515239   0.08306157515239
    9    0.27377547942725   0.27377547942725
   10    0.27937797747795   0.27937797747795
   11    0.32435991639100   0.32435991639100
   12    0.36958500509546   0.36958500509546
   13    0.48450978368598   0.48450978368598
   14    0.51622079339991   0.51622079339991
   15    0.60470874947764   0.60470874947764
   16    0.62154001180537   0.62154001180537
   17    0.67363998136177   0.67363998136177
   18    0.71707668505553   0.71707668505553
   19    0.82940647203209   0.82940647203209
   20    0.94412022326217   0.94412022326217
   21    0.94511880923970   0.94511880923970
   22    1.39387692453587   1.39387692453587
   23    2.17201011895975   2.17201011895975
   24    3.20662065117762   3.20662065117762
   25    3.34058147322406   3.34058147322406
   26    4.38490146662290   4.38490146662290

   kloop=12
   k1=  -0.40000 k2=  -0.00000 k3=   0.00000

    1   -0.49640571875476  -0.49640571875476
    2   -0.35640040711751  -0.35640040711751
    3   -0.16412123693359  -0.16412123693359
    4   -0.16412084335993  -0.16412084335993
    5   -0.05752103999322  -0.05752103999322
    6    0.00779856127149   0.00779856127149
    7    0.00779893237350   0.00779893237350
    8    0.23107584739248   0.23107584739248
    9    0.23107793838419   0.23107793838419
   10    0.23472508533861   0.23472508533861
   11    0.30865979662667   0.30865979662667
   12    0.39420107667456   0.39420107667456
   13    0.39420333538243   0.39420333538243
   14    0.48955861655878   0.48955861655878
   15    0.65539749789833   0.65539749789833
   16    0.70039207917183   0.70039207917183
   17    0.70039261688603   0.70039261688603
   18    0.85626415413030   0.85626415413030
   19    0.85626598828547   0.85626598828547
   20    0.87206708865638   0.87206708865638
   21    1.16599035878646   1.16599035878646
   22    1.16600209845457   1.16600209845457
   23    1.54674413944369   1.54674413944369
   24    1.54676239618082   1.54676239618082
   25    2.96564985993913   2.96564985993913
   26    4.14168305374031   4.14168305374031

   kloop=13
   k1=  -0.40000 k2=  -0.00000 k3=   0.20000

    1   -0.46488743579040  -0.46488743579040
    2   -0.37199850610450  -0.37199850610450
    3   -0.25109730070799  -0.25109730070799
    4   -0.18613790303317  -0.18613790303317
    5   -0.04344259738609  -0.04344259738609
    6    0.05535735779457   0.05535735779457
    7    0.06141406217340   0.06141406217340
    8    0.17026411035766   0.17026411035766
    9    0.20487204243264   0.20487204243264
   10    0.21011323044198   0.21011323044198
   11    0.41571506605804   0.41571506605804
   12    0.43218438690272   0.43218438690272
   13    0.45834284413460   0.45834284413460
   14    0.49853340351954   0.49853340351954
   15    0.61150578495045   0.61150578495045
   16    0.63278524457248   0.63278524457248
   17    0.66381419195086   0.66381419195086
   18    0.72254776231109   0.72254776231109
   19    0.84433848678074   0.84433848678074
   20    0.94133896955761   0.94133896955761
   21    0.99516264509068   0.99516264509068
   22    1.14752682072733   1.14752682072733
   23    2.39464354855848   2.39464354855848
   24    2.41280911557555   2.41280911557555
   25    3.63275366556840   3.63275366556840
   26    4.21162451516376   4.21162451516376

   kloop=14
   k1=  -0.40000 k2=  -0.00000 k3=   0.40000

    1   -0.42035715891438  -0.42035715891438
    2   -0.39824717244187  -0.39824717244187
    3   -0.27548898265104  -0.27548898265104
    4   -0.21848463916317  -0.21848463916317
    5   -0.08381948987576  -0.08381948987576
    6    0.00032172987573   0.00032172987573
    7    0.18736067517028   0.18736067517028
    8    0.20399431399611   0.20399431399611
    9    0.21660000099729   0.21660000099729
   10    0.22371997916087   0.22371997916087
   11    0.42167496024026   0.42167496024026
   12    0.44193579165224   0.44193579165224
   13    0.45723885476964   0.45723885476964
   14    0.48753194774195   0.48753194774195
   15    0.59273259561768   0.59273259561768
   16    0.60688341904129   0.60688341904129
   17    0.66845718520138   0.66845718520138
   18    0.76834244393560   0.76834244393560
   19    0.77391248536868   0.77391248536868
   20    0.81760088209377   0.81760088209377
   21    0.88485596271298   0.88485596271298
   22    0.89595422900160   0.89595422900160
   23    3.00539699497267   3.00539699497267
   24    3.64858857285636   3.64858857285636
   25    4.20534639810768   4.20534639810768
   26    4.24504427776290   4.24504427776290

   kloop=15
   k1=  -0.40000 k2=   0.20000 k3=  -0.40000

    1   -0.42035717040949  -0.42035717040949
    2   -0.39824715959397  -0.39824715959397
    3   -0.27548897620054  -0.27548897620054
    4   -0.21848464541419  -0.21848464541419
    5   -0.08381950056637  -0.08381950056637
    6    0.00032173917901   0.00032173917901
    7    0.18736068001594   0.18736068001594
    8    0.20399431927333   0.20399431927333
    9    0.21659999845381   0.21659999845381
   10    0.22371997696876   0.22371997696876
   11    0.42167495633067   0.42167495633067
   12    0.44193578821806   0.44193578821806
   13    0.45723885656861   0.45723885656861
   14    0.48753195024267   0.48753195024267
   15    0.59273259182770   0.59273259182770
   16    0.60688342091715   0.60688342091715
   17    0.66845719628156   0.66845719628156
   18    0.76834243858148   0.76834243858148
   19    0.77391248903191   0.77391248903191
   20    0.81760087270905   0.81760087270905
   21    0.88485596067449   0.88485596067449
   22    0.89595423194762   0.89595423194762
   23    3.00539699779092   3.00539699779092
   24    3.64858857401275   3.64858857401275
   25    4.20534652183069   4.20534652183069
   26    4.24504422583589   4.24504422583589

   kloop=16
   k1=  -0.40000 k2=   0.20000 k3=  -0.20000

    1   -0.44902567187203  -0.44902567187203
    2   -0.36539354019989  -0.36539354019989
    3   -0.27224277578342  -0.27224277578342
    4   -0.23483028460258  -0.23483028460258
    5    0.00776422441594   0.00776422441594
    6    0.02610567194195   0.02610567194195
    7    0.05167308828537   0.05167308828537
    8    0.17783024016639   0.17783024016639
    9    0.19625800246682   0.19625800246682
   10    0.27157945714321   0.27157945714321
   11    0.38654272764857   0.38654272764857
   12    0.46240877049565   0.46240877049565
   13    0.47379589545290   0.47379589545290
   14    0.54463595906424   0.54463595906424
   15    0.59348434690392   0.59348434690392
   16    0.62688838925162   0.62688838925162
   17    0.63490960107988   0.63490960107988
   18    0.69492887464317   0.69492887464317
   19    0.81323156942469   0.81323156942469
   20    0.90111724401748   0.90111724401748
   21    0.91185420308994   0.91185420308994
   22    1.06941660174989   1.06941660174989
   23    2.29063724035439   2.29063724035439
   24    3.40536242328083   3.40536242328083
   25    3.94386554349016   3.94386554349016
   26    4.21789694439271   4.21789694439271

   kloop=17
   k1=  -0.40000 k2=   0.20000 k3=   0.00000

    1   -0.46488816882505  -0.46488816882505
    2   -0.37199868883521  -0.37199868883521
    3   -0.25109518677266  -0.25109518677266
    4   -0.18613720276323  -0.18613720276323
    5   -0.04344173445578  -0.04344173445578
    6    0.05535450517693   0.05535450517693
    7    0.06141175802495   0.06141175802495
    8    0.17026675888939   0.17026675888939
    9    0.20487324615197   0.20487324615197
   10    0.21011422842018   0.21011422842018
   11    0.41571261784882   0.41571261784882
   12    0.43218240303671   0.43218240303671
   13    0.45833911413491   0.45833911413491
   14    0.49853274287476   0.49853274287476
   15    0.61150732156636   0.61150732156636
   16    0.63278869321857   0.63278869321857
   17    0.66381671813270   0.66381671813270
   18    0.72254769498841   0.72254769498841
   19    0.84433887563354   0.84433887563354
   20    0.94133893199065   0.94133893199065
   21    0.99516765820005   0.99516765820005
   22    1.14752914188463   1.14752914188463
   23    2.39459356325874   2.39459356325874
   24    2.41279634649638   2.41279634649638
   25    3.63272699823382   3.63272699823382
   26    4.21161848206116   4.21161848206116

   kloop=18
   k1=  -0.40000 k2=   0.20000 k3=   0.20000

    1   -0.46488756619246  -0.46488756619246
    2   -0.37199885824830  -0.37199885824830
    3   -0.25109627073909  -0.25109627073909
    4   -0.18613775986424  -0.18613775986424
    5   -0.04344237259338  -0.04344237259338
    6    0.05535609769057   0.05535609769057
    7    0.06141316715775   0.06141316715775
    8    0.17026442882921   0.17026442882921
    9    0.20487348905024   0.20487348905024
   10    0.21011437204277   0.21011437204277
   11    0.41571327213100   0.41571327213100
   12    0.43218240704161   0.43218240704161
   13    0.45834220112102   0.45834220112102
   14    0.49853316603628   0.49853316603628
   15    0.61150717072097   0.61150717072097
   16    0.63278680683582   0.63278680683582
   17    0.66381453963018   0.66381453963018
   18    0.72254815797279   0.72254815797279
   19    0.84433785104517   0.84433785104517
   20    0.94133873504189   0.94133873504189
   21    0.99516357909686   0.99516357909686
   22    1.14752943412689   1.14752943412689
   23    2.39462137147412   2.39462137147412
   24    2.41280230419250   2.41280230419250
   25    3.63273974625642   3.63273974625642
   26    4.21162099257747   4.21162099257747

   kloop=19
   k1=  -0.40000 k2=   0.20000 k3=   0.40000

    1   -0.44902417036129  -0.44902417036129
    2   -0.36539495258427  -0.36539495258427
    3   -0.27224264365953  -0.27224264365953
    4   -0.23483193163852  -0.23483193163852
    5    0.00776323428718   0.00776323428718
    6    0.02610501000401   0.02610501000401
    7    0.05167483835612   0.05167483835612
    8    0.17782873026687   0.17782873026687
    9    0.19626076928287   0.19626076928287
   10    0.27158255988564   0.27158255988564
   11    0.38653987297170   0.38653987297170
   12    0.46240606823925   0.46240606823925
   13    0.47379843160131   0.47379843160131
   14    0.54463839627144   0.54463839627144
   15    0.59348430574994   0.59348430574994
   16    0.62689068927423   0.62689068927423
   17    0.63490710402350   0.63490710402350
   18    0.69492845068303   0.69492845068303
   19    0.81323068836915   0.81323068836915
   20    0.90111492392183   0.90111492392183
   21    0.91185217965981   0.91185217965981
   22    1.06940924189927   1.06940924189927
   23    2.29065873555027   2.29065873555027
   24    3.40536414899318   3.40536414899318
   25    3.94386143830834   3.94386143830834
   26    4.21789485623961   4.21789485623961

   kloop=20
   k1=  -0.40000 k2=   0.40000 k3=  -0.40000

    1   -0.46488744379227  -0.46488744379227
    2   -0.37199849073527  -0.37199849073527
    3   -0.25109730317678  -0.25109730317678
    4   -0.18613791129753  -0.18613791129753
    5   -0.04344260905780  -0.04344260905780
    6    0.05535735819972   0.05535735819972
    7    0.06141406441603   0.06141406441603
    8    0.17026411973797   0.17026411973797
    9    0.20487204361413   0.20487204361413
   10    0.21011323221718   0.21011323221718
   11    0.41571506775352   0.41571506775352
   12    0.43218438795874   0.43218438795874
   13    0.45834285289220   0.45834285289220
   14    0.49853340634876   0.49853340634876
   15    0.61150578439450   0.61150578439450
   16    0.63278524182346   0.63278524182346
   17    0.66381418961173   0.66381418961173
   18    0.72254776006640   0.72254776006640
   19    0.84433848168389   0.84433848168389
   20    0.94133896787478   0.94133896787478
   21    0.99516264598099   0.99516264598099
   22    1.14752681734079   1.14752681734079
   23    2.39464358375103   2.39464358375103
   24    2.41280911276865   2.41280911276865
   25    3.63275365424434   3.63275365424434
   26    4.21162448422256   4.21162448422256

   kloop=21
   k1=  -0.40000 k2=   0.40000 k3=  -0.20000

    1   -0.44902443709167  -0.44902443709167
    2   -0.36539470680653  -0.36539470680653
    3   -0.27224285131783  -0.27224285131783
    4   -0.23483149278624  -0.23483149278624
    5    0.00776411140521   0.00776411140521
    6    0.02610539278272   0.02610539278272
    7    0.05167412564932   0.05167412564932
    8    0.17782842903042   0.17782842903042
    9    0.19626005043439   0.19626005043439
   10    0.27158158430134   0.27158158430134
   11    0.38654079229117   0.38654079229117
   12    0.46240690587330   0.46240690587330
   13    0.47379855787204   0.47379855787204
   14    0.54463769198767   0.54463769198767
   15    0.59348442275524   0.59348442275524
   16    0.62688950586186   0.62688950586186
   17    0.63490809277394   0.63490809277394
   18    0.69492804389199   0.69492804389199
   19    0.81323161700853   0.81323161700853
   20    0.90111561433208   0.90111561433208
   21    0.91185309621068   0.91185309621068
   22    1.06941092699119   1.06941092699119
   23    2.29065268159066   2.29065268159066
   24    3.40536459085235   3.40536459085235
   25    3.94386275138727   3.94386275138727
   26    4.21789403468993   4.21789403468993

   kloop=22
   k1=  -0.40000 k2=   0.40000 k3=   0.00000

    1   -0.42035749205967  -0.42035749205967
    2   -0.39824675024814  -0.39824675024814
    3   -0.27548965867694  -0.27548965867694
    4   -0.21848433562533  -0.21848433562533
    5   -0.08381912422387  -0.08381912422387
    6    0.00032396455133   0.00032396455133
    7    0.18735923573542   0.18735923573542
    8    0.20399285207476   0.20399285207476
    9    0.21659903029236   0.21659903029236
   10    0.22371876224323   0.22371876224323
   11    0.42167596701021   0.42167596701021
   12    0.44193701032695   0.44193701032695
   13    0.45724051474541   0.45724051474541
   14    0.48753401079606   0.48753401079606
   15    0.59273128626524   0.59273128626524
   16    0.60688300724580   0.60688300724580
   17    0.66845467719091   0.66845467719091
   18    0.76834191985496   0.76834191985496
   19    0.77391432613862   0.77391432613862
   20    0.81760147559507   0.81760147559507
   21    0.88485968652163   0.88485968652163
   22    0.89595531228297   0.89595531228297
   23    3.00538817945697   3.00538817945697
   24    3.64859848598686   3.64859848598686
   25    4.20533875636083   4.20533875636083
   26    4.24504288990346   4.24504288990346

   kloop=23
   k1=  -0.40000 k2=   0.40000 k3=   0.20000

    1   -0.44902496334175  -0.44902496334175
    2   -0.36539422924510  -0.36539422924510
    3   -0.27224327270850  -0.27224327270850
    4   -0.23483060308734  -0.23483060308734
    5    0.00776586153447   0.00776586153447
    6    0.02610616706067   0.02610616706067
    7    0.05167271226166   0.05167271226166
    8    0.17782781268642   0.17782781268642
    9    0.19625860664353   0.19625860664353
   10    0.27157963746088   0.27157963746088
   11    0.38654263279463   0.38654263279463
   12    0.46240858892158   0.46240858892158
   13    0.47379878867020   0.47379878867020
   14    0.54463631502489   0.54463631502489
   15    0.59348465940694   0.59348465940694
   16    0.62688711765240   0.62688711765240
   17    0.63491008506135   0.63491008506135
   18    0.69492722730511   0.69492722730511
   19    0.81323349337953   0.81323349337953
   20    0.90111700260153   0.90111700260153
   21    0.91185492434086   0.91185492434086
   22    1.06941429086284   1.06941429086284
   23    2.29064048035978   2.29064048035978
   24    3.40536566901405   3.40536566901405
   25    3.94386544603771   3.94386544603771
   26    4.21789194700533   4.21789194700533

   kloop=24
   k1=  -0.40000 k2=   0.40000 k3=   0.40000

    1   -0.46488757123981  -0.46488757123981
    2   -0.37199884378596  -0.37199884378596
    3   -0.25109627917362  -0.25109627917362
    4   -0.18613775855919  -0.18613775855919
    5   -0.04344237128168  -0.04344237128168
    6    0.05535609001326   0.05535609001326
    7    0.06141315919624   0.06141315919624
    8    0.17026442945745   0.17026442945745
    9    0.20487348992408   0.20487348992408
   10    0.21011437506267   0.21011437506267
   11    0.41571327521445   0.41571327521445
   12    0.43218242132652   0.43218242132652
   13    0.45834220145569   0.45834220145569
   14    0.49853317011068   0.49853317011068
   15    0.61150716889179   0.61150716889179
   16    0.63278679693944   0.63278679693944
   17    0.66381453577053   0.66381453577053
   18    0.72254815789647   0.72254815789647
   19    0.84433785257557   0.84433785257557
   20    0.94133872974998   0.94133872974998
   21    0.99516358086354   0.99516358086354
   22    1.14752943576035   1.14752943576035
   23    2.39462136592086   2.39462136592086
   24    2.41280231242897   2.41280231242897
   25    3.63273981174328   3.63273981174328
   26    4.21162107861776   4.21162107861776

   kloop=25
   k1=  -0.20000 k2=  -0.40000 k3=  -0.40000

    1   -0.49822122823646  -0.49822122823646
    2   -0.31956209569874  -0.31956209569874
    3   -0.22060911462074  -0.22060911462074
    4   -0.19685702519526  -0.19685702519526
    5   -0.05377666103841  -0.05377666103841
    6    0.04573938481182   0.04573938481182
    7    0.06600706903450   0.06600706903450
    8    0.08306320705685   0.08306320705685
    9    0.27377655907392   0.27377655907392
   10    0.27937900401458   0.27937900401458
   11    0.32436015104039   0.32436015104039
   12    0.36958408901077   0.36958408901077
   13    0.48451051615811   0.48451051615811
   14    0.51622082978837   0.51622082978837
   15    0.60470729024797   0.60470729024797
   16    0.62154073178204   0.62154073178204
   17    0.67363908420011   0.67363908420011
   18    0.71707469041105   0.71707469041105
   19    0.82940615078487   0.82940615078487
   20    0.94411941311709   0.94411941311709
   21    0.94511701376177   0.94511701376177
   22    1.39386017317253   1.39386017317253
   23    2.17202913454287   2.17202913454287
   24    3.20662847826725   3.20662847826725
   25    3.34060894772521   3.34060894772521
   26    4.38490143404856   4.38490143404856

   kloop=26
   k1=  -0.20000 k2=  -0.40000 k3=  -0.20000

    1   -0.51635662548355  -0.51635662548355
    2   -0.28838042120302  -0.28838042120302
    3   -0.23517910698886  -0.23517910698886
    4   -0.15348662967844  -0.15348662967844
    5   -0.01221819471844  -0.01221819471844
    6    0.02938114756049   0.02938114756049
    7    0.04204716229111   0.04204716229111
    8    0.11405615450668   0.11405615450668
    9    0.13009649269520   0.13009649269520
   10    0.29380521148981   0.29380521148981
   11    0.31361456624793   0.31361456624793
   12    0.42828977569953   0.42828977569953
   13    0.46412963028947   0.46412963028947
   14    0.52872480663093   0.52872480663093
   15    0.60134552701735   0.60134552701735
   16    0.65803329942596   0.65803329942596
   17    0.65855800887528   0.65855800887528
   18    0.78499363533984   0.78499363533984
   19    0.90367616493731   0.90367616493731
   20    0.99531479715396   0.99531479715396
   21    1.00172341199967   1.00172341199967
   22    1.46652447813471   1.46652447813471
   23    2.49144709869289   2.49144709869289
   24    2.56335711960927   2.56335711960927
   25    3.97832385984463   3.97832385984463
   26    4.56978120338029   4.56978120338029

   kloop=27
   k1=  -0.20000 k2=  -0.40000 k3=   0.00000

    1   -0.49822056338546  -0.49822056338546
    2   -0.31956345855689  -0.31956345855689
    3   -0.22060953411155  -0.22060953411155
    4   -0.19685698210106  -0.19685698210106
    5   -0.05377641892931  -0.05377641892931
    6    0.04574082155084   0.04574082155084
    7    0.06600651614204   0.06600651614204
    8    0.08306270510075   0.08306270510075
    9    0.27377789025405   0.27377789025405
   10    0.27938067685781   0.27938067685781
   11    0.32435901755145   0.32435901755145
   12    0.36958231766142   0.36958231766142
   13    0.48451189824574   0.48451189824574
   14    0.51622083879884   0.51622083879884
   15    0.60470813916199   0.60470813916199
   16    0.62153918606700   0.62153918606700
   17    0.67363907636913   0.67363907636913
   18    0.71707611944933   0.71707611944933
   19    0.82940459248808   0.82940459248808
   20    0.94411913557649   0.94411913557649
   21    0.94511701659339   0.94511701659339
   22    1.39386292158768   1.39386292158768
   23    2.17202525472396   2.17202525472396
   24    3.20662994293918   3.20662994293918
   25    3.34057772787194   3.34057772787194
   26    4.38489882100214   4.38489882100214

   kloop=28
   k1=  -0.20000 k2=  -0.40000 k3=   0.20000

    1   -0.44902413745007  -0.44902413745007
    2   -0.36539501399293  -0.36539501399293
    3   -0.27224332015588  -0.27224332015588
    4   -0.23483140544334  -0.23483140544334
    5    0.00776577912010   0.00776577912010
    6    0.02610598585350   0.02610598585350
    7    0.05167340654064   0.05167340654064
    8    0.17782660172277   0.17782660172277
    9    0.19625997065054   0.19625997065054
   10    0.27158105869147   0.27158105869147
   11    0.38654134565603   0.38654134565603
   12    0.46240734500688   0.46240734500688
   13    0.47380055713155   0.47380055713155
   14    0.54463747347093   0.54463747347093
   15    0.59348471237657   0.59348471237657
   16    0.62688785989023   0.62688785989023
   17    0.63490908478111   0.63490908478111
   18    0.69492666663967   0.69492666663967
   19    0.81323353098037   0.81323353098037
   20    0.90111591301621   0.90111591301621
   21    0.91185418954317   0.91185418954317
   22    1.06941050501127   1.06941050501127
   23    2.29065077812316   2.29065077812316
   24    3.40536715834586   3.40536715834586
   25    3.94386347416423   3.94386347416423
   26    4.21789011238765   4.21789011238765

   kloop=29
   k1=  -0.20000 k2=  -0.40000 k3=   0.40000

    1   -0.44902514589494  -0.44902514589494
    2   -0.36539401585041  -0.36539401585041
    3   -0.27224235776056  -0.27224235776056
    4   -0.23483117334415  -0.23483117334415
    5    0.00776247725588   0.00776247725588
    6    0.02610489711277   0.02610489711277
    7    0.05167450037792   0.05167450037792
    8    0.17783085444466   0.17783085444466
    9    0.19625944658831   0.19625944658831
   10    0.27158140461831   0.27158140461831
   11    0.38654088702470   0.38654088702470
   12    0.46240709095087   0.46240709095087
   13    0.47379566225256   0.47379566225256
   14    0.54463734135097   0.54463734135097
   15    0.59348411040627   0.59348411040627
   16    0.62689076797672   0.62689076797672
   17    0.63490760443851   0.63490760443851
   18    0.69492969340297   0.69492969340297
   19    0.81322969572722   0.81322969572722
   20    0.90111586088320   0.90111586088320
   21    0.91185237345985   0.91185237345985
   22    1.06941324475968   1.06941324475968
   23    2.29064945933231   2.29064945933231
   24    3.40536136829793   3.40536136829793
   25    3.94386308670130   3.94386308670130
   26    4.21789885099319   4.21789885099319

   kloop=30
   k1=  -0.20000 k2=  -0.20000 k3=  -0.40000

    1   -0.51635734435411  -0.51635734435411
    2   -0.28837921206742  -0.28837921206742
    3   -0.23517815709416  -0.23517815709416
    4   -0.15348611983728  -0.15348611983728
    5   -0.01221780485900  -0.01221780485900
    6    0.02938031639224   0.02938031639224
    7    0.04204631535848   0.04204631535848
    8    0.11405589920811   0.11405589920811
    9    0.13009648844405   0.13009648844405
   10    0.29380272438448   0.29380272438448
   11    0.31361606678997   0.31361606678997
   12    0.42828916649287   0.42828916649287
   13    0.46412832168672   0.46412832168672
   14    0.52872460436248   0.52872460436248
   15    0.60134733298073   0.60134733298073
   16    0.65803326083997   0.65803326083997
   17    0.65855931396619   0.65855931396619
   18    0.78499475576914   0.78499475576914
   19    0.90367644595987   0.90367644595987
   20    0.99531535786196   0.99531535786196
   21    1.00172305778805   1.00172305778805
   22    1.46653444120421   1.46653444120421
   23    2.49144824678401   2.49144824678401
   24    2.56334619604826   2.56334619604826
   25    3.97832818497359   3.97832818497359
   26    4.56977910502787   4.56977910502787

   kloop=31
   k1=  -0.20000 k2=  -0.20000 k3=  -0.20000

    1   -0.54731154859179  -0.54731154859179
    2   -0.23428651552269  -0.23428651552269
    3   -0.14393666816769  -0.14393666816769
    4   -0.14393580652609  -0.14393580652609
    5   -0.03512659465403  -0.03512659465403
    6    0.00400707431908   0.00400707431908
    7    0.00400804592286   0.00400804592286
    8    0.11871217264331   0.11871217264331
    9    0.16173422809823   0.16173422809823
   10    0.16173561834485   0.16173561834485
   11    0.33114325953239   0.33114325953239
   12    0.39703847767381   0.39703847767381
   13    0.47117498145752   0.47117498145752
   14    0.47117666667785   0.47117666667785
   15    0.70472777847034   0.70472777847034
   16    0.70472935355784   0.70472935355784
   17    0.76256659360985   0.76256659360985
   18    0.86705909514234   0.86705909514234
   19    0.86706249790777   0.86706249790777
   20    1.02990301937241   1.02990301937241
   21    1.14242695529475   1.14242695529475
   22    1.14243840388738   1.14243840388738
   23    2.69432554820829   2.69432554820829
   24    2.73489323086401   2.73489323086401
   25    2.73492852247081   2.73492852247081
   26    4.00059159335544   4.00059159335544

   kloop=32
   k1=  -0.20000 k2=  -0.20000 k3=   0.00000

    1   -0.54080567206577  -0.54080567206577
    2   -0.21896962746926  -0.21896962746926
    3   -0.17802165570880  -0.17802165570880
    4   -0.17802164999353  -0.17802164999353
    5   -0.06739956308697  -0.06739956308697
    6    0.04592756363832   0.04592756363832
    7    0.06096631673712   0.06096631673712
    8    0.06096631713819   0.06096631713819
    9    0.15831904599955   0.15831904599955
   10    0.20306506305941   0.20306506305941
   11    0.33213815663008   0.33213815663008
   12    0.42778068081815   0.42778068081815
   13    0.42778068532710   0.42778068532710
   14    0.51223048026816   0.51223048026816
   15    0.67539080793891   0.67539080793891
   16    0.68455736503383   0.68455736503383
   17    0.68455737200036   0.68455737200036
   18    0.71941631562389   0.71941631562389
   19    0.90350504616013   0.90350504616013
   20    0.99093798405821   0.99093798405821
   21    0.99093799146181   0.99093799146181
   22    1.40987690634356   1.40987690634356
   23    2.50597378456335   2.50597378456335
   24    2.87616742832807   2.87616742832807
   25    4.19300584027039   4.19300584027039
   26    4.19300585981388   4.19300585981388

   kloop=33
   k1=  -0.20000 k2=  -0.20000 k3=   0.20000

    1   -0.49822056231364  -0.49822056231364
    2   -0.31956346452832  -0.31956346452832
    3   -0.22060952344686  -0.22060952344686
    4   -0.19685698686977  -0.19685698686977
    5   -0.05377642302947  -0.05377642302947
    6    0.04574082427259   0.04574082427259
    7    0.06600652055934   0.06600652055934
    8    0.08306271062328   0.08306271062328
    9    0.27377788000936   0.27377788000936
   10    0.27938067101246   0.27938067101246
   11    0.32435901479161   0.32435901479161
   12    0.36958230924126   0.36958230924126
   13    0.48451190004740   0.48451190004740
   14    0.51622084125491   0.51622084125491
   15    0.60470815140897   0.60470815140897
   16    0.62153919289333   0.62153919289333
   17    0.67363907441910   0.67363907441910
   18    0.71707611598892   0.71707611598892
   19    0.82940459164331   0.82940459164331
   20    0.94411914266808   0.94411914266808
   21    0.94511700968600   0.94511700968600
   22    1.39386290768132   1.39386290768132
   23    2.17202525257530   2.17202525257530
   24    3.20662995080069   3.20662995080069
   25    3.34057766269846   3.34057766269846
   26    4.38489860462877   4.38489860462877

   kloop=34
   k1=  -0.20000 k2=  -0.20000 k3=   0.40000

    1   -0.46488804272734  -0.46488804272734
    2   -0.37199833007253  -0.37199833007253
    3   -0.25109621292816  -0.25109621292816
    4   -0.18613735607978  -0.18613735607978
    5   -0.04344196791258  -0.04344196791258
    6    0.05535577034757   0.05535577034757
    7    0.06141265908287   0.06141265908287
    8    0.17026644634430   0.17026644634430
    9    0.20487180038580   0.20487180038580
   10    0.21011308429868   0.21011308429868
   11    0.41571440871335   0.41571440871335
   12    0.43218437979066   0.43218437979066
   13    0.45833976510079   0.45833976510079
   14    0.49853298037959   0.49853298037959
   15    0.61150593579907   0.61150593579907
   16    0.63278713572206   0.63278713572206
   17    0.66381637365420   0.66381637365420
   18    0.72254729471524   0.72254729471524
   19    0.84433949835262   0.84433949835262
   20    0.94133917354268   0.94133917354268
   21    0.99516672093941   0.99516672093941
   22    1.14752652854978   1.14752652854978
   23    2.39461575614663   2.39461575614663
   24    2.41280317272953   2.41280317272953
   25    3.63274083189261   3.63274083189261
   26    4.21162210590482   4.21162210590482

   kloop=35
   k1=  -0.20000 k2=  -0.00000 k3=  -0.40000

    1   -0.49822194213083  -0.49822194213083
    2   -0.31956131234876  -0.31956131234876
    3   -0.22060812648484  -0.22060812648484
    4   -0.19685660314868  -0.19685660314868
    5   -0.05377613237378  -0.05377613237378
    6    0.04574029398712   0.04574029398712
    7    0.06600572253146   0.06600572253146
    8    0.08306222947025   0.08306222947025
    9    0.27377508536542   0.27377508536542
   10    0.27937739760382   0.27937739760382
   11    0.32436054229156   0.32436054229156
   12    0.36958566414641   0.36958566414641
   13    0.48450927620710   0.48450927620710
   14    0.51622079601017   0.51622079601017
   15    0.60470795488555   0.60470795488555
   16    0.62154096259629   0.62154096259629
   17    0.67363975888044   0.67363975888044
   18    0.71707547262984   0.71707547262984
   19    0.82940717122599   0.82940717122599
   20    0.94412016067586   0.94412016067586
   21    0.94511836384487   0.94511836384487
   22    1.39387136334361   1.39387136334361
   23    2.17201680926601   2.17201680926601
   24    3.20662186826780   3.20662186826780
   25    3.34060397220392   3.34060397220392
   26    4.38490288551535   4.38490288551535

   kloop=36
   k1=  -0.20000 k2=  -0.00000 k3=  -0.20000

    1   -0.54080643990558  -0.54080643990558
    2   -0.21896764867085  -0.21896764867085
    3   -0.17802069840893  -0.17802069840893
    4   -0.17802069050398  -0.17802069050398
    5   -0.06739873713323  -0.06739873713323
    6    0.04592920484939   0.04592920484939
    7    0.06096442201635   0.06096442201635
    8    0.06096442297892   0.06096442297892
    9    0.15831740832207   0.15831740832207
   10    0.20306408501677   0.20306408501677
   11    0.33213681343168   0.33213681343168
   12    0.42778059865635   0.42778059865635
   13    0.42778060488480   0.42778060488480
   14    0.51222869837516   0.51222869837516
   15    0.67539366820571   0.67539366820571
   16    0.68456023937951   0.68456023937951
   17    0.68456024453174   0.68456024453174
   18    0.71941782218604   0.71941782218604
   19    0.90350537082565   0.90350537082565
   20    0.99093982519662   0.99093982519662
   21    0.99093983202944   0.99093983202944
   22    1.40988935995291   1.40988935995291
   23    2.50596746398236   2.50596746398236
   24    2.87615111830486   2.87615111830486
   25    4.19296399725336   4.19296399725336
   26    4.19296408757034   4.19296408757034

   kloop=37
   k1=  -0.20000 k2=  -0.00000 k3=   0.00000

    1   -0.54731154801999  -0.54731154801999
    2   -0.23428652606591  -0.23428652606591
    3   -0.14393666736940  -0.14393666736940
    4   -0.14393579718232  -0.14393579718232
    5   -0.03512658768075  -0.03512658768075
    6    0.00400707101681   0.00400707101681
    7    0.00400804863411   0.00400804863411
    8    0.11871216475319   0.11871216475319
    9    0.16173422391861   0.16173422391861
   10    0.16173561396729   0.16173561396729
   11    0.33114326069143   0.33114326069143
   12    0.39703848189416   0.39703848189416
   13    0.47117498081464   0.47117498081464
   14    0.47117666568213   0.47117666568213
   15    0.70472777951825   0.70472777951825
   16    0.70472935544032   0.70472935544032
   17    0.76256658183890   0.76256658183890
   18    0.86705909974658   0.86705909974658
   19    0.86706250639221   0.86706250639221
   20    1.02990301842442   1.02990301842442
   21    1.14242695796384   1.14242695796384
   22    1.14243840600532   1.14243840600532
   23    2.69432550757145   2.69432550757145
   24    2.73489318878511   2.73489318878511
   25    2.73492852469436   2.73492852469436
   26    4.00059166591070   4.00059166591070

   kloop=38
   k1=  -0.20000 k2=  -0.00000 k3=   0.20000

    1   -0.51635662380843  -0.51635662380843
    2   -0.28838043273700  -0.28838043273700
    3   -0.23517910495568  -0.23517910495568
    4   -0.15348661766237  -0.15348661766237
    5   -0.01221818150672  -0.01221818150672
    6    0.02938114201901   0.02938114201901
    7    0.04204715841902   0.04204715841902
    8    0.11405615513075   0.11405615513075
    9    0.13009649504408   0.13009649504408
   10    0.29380519846540   0.29380519846540
   11    0.31361456223189   0.31361456223189
   12    0.42828977837228   0.42828977837228
   13    0.46412962876412   0.46412962876412
   14    0.52872480161966   0.52872480161966
   15    0.60134552883036   0.60134552883036
   16    0.65803330295282   0.65803330295282
   17    0.65855801089225   0.65855801089225
   18    0.78499363028937   0.78499363028937
   19    0.90367617503514   0.90367617503514
   20    0.99531479760695   0.99531479760695
   21    1.00172341778822   1.00172341778822
   22    1.46652448268660   1.46652448268660
   23    2.49144709175277   2.49144709175277
   24    2.56335710556084   2.56335710556084
   25    3.97832399392833   3.97832399392833
   26    4.56978121931094   4.56978121931094

   kloop=39
   k1=  -0.20000 k2=  -0.00000 k3=   0.40000

    1   -0.46488769539258  -0.46488769539258
    2   -0.37199920763469  -0.37199920763469
    3   -0.25109524791224  -0.25109524791224
    4   -0.18613760659160  -0.18613760659160
    5   -0.04344213536488  -0.04344213536488
    6    0.05535482706329   0.05535482706329
    7    0.06141225672301   0.06141225672301
    8    0.17026474030423   0.17026474030423
    9    0.20487493734301   0.20487493734301
   10    0.21011551744563   0.21011551744563
   11    0.41571148310960   0.41571148310960
   12    0.43218043917239   0.43218043917239
   13    0.45834155377440   0.45834155377440
   14    0.49853293112469   0.49853293112469
   15    0.61150855609616   0.61150855609616
   16    0.63278835514084   0.63278835514084
   17    0.66381488388907   0.66381488388907
   18    0.72254855898592   0.72254855898592
   19    0.84433722482360   0.84433722482360
   20    0.94133849110156   0.94133849110156
   21    0.99516451692156   0.99516451692156
   22    1.14753205061899   1.14753205061899
   23    2.39459916927601   2.39459916927601
   24    2.41279549301634   2.41279549301634
   25    3.63272582594138   3.63272582594138
   26    4.21161767064137   4.21161767064137

   kloop=40
   k1=  -0.20000 k2=   0.20000 k3=  -0.40000

    1   -0.44902582163991  -0.44902582163991
    2   -0.36539338758222  -0.36539338758222
    3   -0.27224254102690  -0.27224254102690
    4   -0.23483032757667  -0.23483032757667
    5    0.00776339141740   0.00776339141740
    6    0.02610537751505   0.02610537751505
    7    0.05167344353049   0.05167344353049
    8    0.17783115364956   0.17783115364956
    9    0.19625804214873   0.19625804214873
   10    0.27157972326082   0.27157972326082
   11    0.38654245243367   0.38654245243367
   12    0.46240855320486   0.46240855320486
   13    0.47379489188082   0.47379489188082
   14    0.54463607153945   0.54463607153945
   15    0.59348420173535   0.59348420173535
   16    0.62688920737821   0.62688920737821
   17    0.63490910325255   0.63490910325255
   18    0.69492956400928   0.69492956400928
   19    0.81323061495955   0.81323061495955
   20    0.90111709840702   0.90111709840702
   21    0.91185365311922   0.91185365311922
   22    1.06941681678713   1.06941681678713
   23    2.29063813052779   2.29063813052779
   24    3.40536108900854   3.40536108900854
   25    3.94386526305786   3.94386526305786
   26    4.21789915123948   4.21789915123948

   kloop=41
   k1=  -0.20000 k2=   0.20000 k3=  -0.20000

    1   -0.49822194230350  -0.49822194230350
    2   -0.31956131389372  -0.31956131389372
    3   -0.22060811491249  -0.22060811491249
    4   -0.19685660960624  -0.19685660960624
    5   -0.05377614461053  -0.05377614461053
    6    0.04574030369443   0.04574030369443
    7    0.06600572616446   0.06600572616446
    8    0.08306223239534   0.08306223239534
    9    0.27377508387838   0.27377508387838
   10    0.27937739441476   0.27937739441476
   11    0.32436053676604   0.32436053676604
   12    0.36958566251796   0.36958566251796
   13    0.48450928041103   0.48450928041103
   14    0.51622079385185   0.51622079385185
   15    0.60470795898609   0.60470795898609
   16    0.62154097116125   0.62154097116125
   17    0.67363975352083   0.67363975352083
   18    0.71707546949164   0.71707546949164
   19    0.82940716903949   0.82940716903949
   20    0.94412016707069   0.94412016707069
   21    0.94511835699367   0.94511835699367
   22    1.39387137350909   1.39387137350909
   23    2.17201683153709   2.17201683153709
   24    3.20662192175275   3.20662192175275
   25    3.34060391151121   3.34060391151121
   26    4.38490300640382   4.38490300640382

   kloop=42
   k1=  -0.20000 k2=   0.20000 k3=   0.00000

    1   -0.51635734351783  -0.51635734351783
    2   -0.28837922095865  -0.28837922095865
    3   -0.23517815360038  -0.23517815360038
    4   -0.15348611370243  -0.15348611370243
    5   -0.01221780108196  -0.01221780108196
    6    0.02938031203730   0.02938031203730
    7    0.04204631355921   0.04204631355921
    8    0.11405589974733   0.11405589974733
    9    0.13009649039311   0.13009649039311
   10    0.29380271610764   0.29380271610764
   11    0.31361606409123   0.31361606409123
   12    0.42828916991843   0.42828916991843
   13    0.46412832351107   0.46412832351107
   14    0.52872460498306   0.52872460498306
   15    0.60134733149666   0.60134733149666
   16    0.65803326153276   0.65803326153276
   17    0.65855931813094   0.65855931813094
   18    0.78499474984223   0.78499474984223
   19    0.90367645379191   0.90367645379191
   20    0.99531535739884   0.99531535739884
   21    1.00172306018412   1.00172306018412
   22    1.46653444135587   1.46653444135587
   23    2.49144819101868   2.49144819101868
   24    2.56334618743025   2.56334618743025
   25    3.97832818939115   3.97832818939115
   26    4.56977871586868   4.56977871586868

   kloop=43
   k1=  -0.20000 k2=   0.20000 k3=   0.20000

    1   -0.49822122598142  -0.49822122598142
    2   -0.31956210893755  -0.31956210893755
    3   -0.22060910103863  -0.22060910103863
    4   -0.19685702641532  -0.19685702641532
    5   -0.05377666445128  -0.05377666445128
    6    0.04573938542349   0.04573938542349
    7    0.06600707611633   0.06600707611633
    8    0.08306321364715   0.08306321364715
    9    0.27377655220693   0.27377655220693
   10    0.27937899544512   0.27937899544512
   11    0.32436014743588   0.32436014743588
   12    0.36958408383549   0.36958408383549
   13    0.48451051754185   0.48451051754185
   14    0.51622083122199   0.51622083122199
   15    0.60470729513739   0.60470729513739
   16    0.62154073288745   0.62154073288745
   17    0.67363908264075   0.67363908264075
   18    0.71707469276228   0.71707469276228
   19    0.82940614946479   0.82940614946479
   20    0.94411941877313   0.94411941877313
   21    0.94511701314285   0.94511701314285
   22    1.39386016883648   1.39386016883648
   23    2.17202914003728   2.17202914003728
   24    3.20662852348075   3.20662852348075
   25    3.34060887898556   3.34060887898556
   26    4.38490136375934   4.38490136375934

   kloop=44
   k1=  -0.20000 k2=   0.20000 k3=   0.40000

    1   -0.44902469652013  -0.44902469652013
    2   -0.36539447635550  -0.36539447635550
    3   -0.27224306194501  -0.27224306194501
    4   -0.23483104284042  -0.23483104284042
    5    0.00776498067475   0.00776498067475
    6    0.02610578481818   0.02610578481818
    7    0.05167342521097   0.05167342521097
    8    0.17782811479892   0.17782811479892
    9    0.19625932724538   0.19625932724538
   10    0.27158061185987   0.27158061185987
   11    0.38654171521133   0.38654171521133
   12    0.46240774803898   0.46240774803898
   13    0.47379866504091   0.47379866504091
   14    0.54463701825938   0.54463701825938
   15    0.59348454048769   0.59348454048769
   16    0.62688830316917   0.62688830316917
   17    0.63490910061488   0.63490910061488
   18    0.69492763129887   0.69492763129887
   19    0.81323256261744   0.81323256261744
   20    0.90111630824396   0.90111630824396
   21    0.91185400945508   0.91185400945508
   22    1.06941260713621   1.06941260713621
   23    2.29064649786479   2.29064649786479
   24    3.40536513265630   3.40536513265630
   25    3.94386413872307   3.94386413872307
   26    4.21789296228205   4.21789296228205

   kloop=45
   k1=  -0.20000 k2=   0.40000 k3=  -0.40000

    1   -0.44902470159100  -0.44902470159100
    2   -0.36539446606508  -0.36539446606508
    3   -0.27224306084425  -0.27224306084425
    4   -0.23483104965571  -0.23483104965571
    5    0.00776498536953   0.00776498536953
    6    0.02610577779945   0.02610577779945
    7    0.05167341622277   0.05167341622277
    8    0.17782812358098   0.17782812358098
    9    0.19625933125850   0.19625933125850
   10    0.27158061357424   0.27158061357424
   11    0.38654171356806   0.38654171356806
   12    0.46240774713695   0.46240774713695
   13    0.47379867801153   0.47379867801153
   14    0.54463699763652   0.54463699763652
   15    0.59348454109259   0.59348454109259
   16    0.62688831605799   0.62688831605799
   17    0.63490909263373   0.63490909263373
   18    0.69492763581500   0.69492763581500
   19    0.81323255695367   0.81323255695367
   20    0.90111630984303   0.90111630984303
   21    0.91185400537573   0.91185400537573
   22    1.06941261297287   1.06941261297287
   23    2.29064649792825   2.29064649792825
   24    3.40536511340383   3.40536511340383
   25    3.94386416153155   3.94386416153155
   26    4.21789309458550   4.21789309458550

   kloop=46
   k1=  -0.20000 k2=   0.40000 k3=  -0.20000

    1   -0.46488769965715  -0.46488769965715
    2   -0.37199920214469  -0.37199920214469
    3   -0.25109524317928  -0.25109524317928
    4   -0.18613761515305  -0.18613761515305
    5   -0.04344214782981  -0.04344214782981
    6    0.05535483236306   0.05535483236306
    7    0.06141226170310   0.06141226170310
    8    0.17026474841917   0.17026474841917
    9    0.20487493605497   0.20487493605497
   10    0.21011551660120   0.21011551660120
   11    0.41571148184755   0.41571148184755
   12    0.43218043694067   0.43218043694067
   13    0.45834156296984   0.45834156296984
   14    0.49853292662464   0.49853292662464
   15    0.61150855701014   0.61150855701014
   16    0.63278835562837   0.63278835562837
   17    0.66381488493737   0.66381488493737
   18    0.72254855627538   0.72254855627538
   19    0.84433722114016   0.84433722114016
   20    0.94133849372112   0.94133849372112
   21    0.99516451768523   0.99516451768523
   22    1.14753204833423   1.14753204833423
   23    2.39459916693348   2.39459916693348
   24    2.41279548815905   2.41279548815905
   25    3.63272591311296   3.63272591311296
   26    4.21161761278222   4.21161761278222

   kloop=47
   k1=  -0.20000 k2=   0.40000 k3=   0.00000

    1   -0.46488804309007  -0.46488804309007
    2   -0.37199832714116  -0.37199832714116
    3   -0.25109621794681  -0.25109621794681
    4   -0.18613734926552  -0.18613734926552
    5   -0.04344196415877  -0.04344196415877
    6    0.05535576388821   0.05535576388821
    7    0.06141265158302   0.06141265158302
    8    0.17026644347547   0.17026644347547
    9    0.20487180902819   0.20487180902819
   10    0.21011308750073   0.21011308750073
   11    0.41571441051664   0.41571441051664
   12    0.43218439037531   0.43218439037531
   13    0.45833976027506   0.45833976027506
   14    0.49853297795729   0.49853297795729
   15    0.61150593510422   0.61150593510422
   16    0.63278712681304   0.63278712681304
   17    0.66381637029300   0.66381637029300
   18    0.72254729560426   0.72254729560426
   19    0.84433950312934   0.84433950312934
   20    0.94133916853820   0.94133916853820
   21    0.99516672491652   0.99516672491652
   22    1.14752653086114   1.14752653086114
   23    2.39461575384501   2.39461575384501
   24    2.41280315871689   2.41280315871689
   25    3.63274080086313   3.63274080086313
   26    4.21162208173768   4.21162208173768

   kloop=48
   k1=  -0.20000 k2=   0.40000 k3=   0.20000

    1   -0.44902514326440  -0.44902514326440
    2   -0.36539402275976  -0.36539402275976
    3   -0.27224235603880  -0.27224235603880
    4   -0.23483117005182  -0.23483117005182
    5    0.00776247286656   0.00776247286656
    6    0.02610490155374   0.02610490155374
    7    0.05167450343970   0.05167450343970
    8    0.17783085053652   0.17783085053652
    9    0.19625944506745   0.19625944506745
   10    0.27158140499213   0.27158140499213
   11    0.38654088799070   0.38654088799070
   12    0.46240709074718   0.46240709074718
   13    0.47379565417402   0.47379565417402
   14    0.54463734501057   0.54463734501057
   15    0.59348411082762   0.59348411082762
   16    0.62689076871467   0.62689076871467
   17    0.63490760827508   0.63490760827508
   18    0.69492968938990   0.69492968938990
   19    0.81322969915267   0.81322969915267
   20    0.90111585835531   0.90111585835531
   21    0.91185237617337   0.91185237617337
   22    1.06941324657489   1.06941324657489
   23    2.29064946305216   2.29064946305216
   24    3.40536136204480   3.40536136204480
   25    3.94386307181186   3.94386307181186
   26    4.21789910626853   4.21789910626853

   kloop=49
   k1=  -0.20000 k2=   0.40000 k3=   0.40000

    1   -0.42035716543392  -0.42035716543392
    2   -0.39824716513099  -0.39824716513099
    3   -0.27548897942737  -0.27548897942737
    4   -0.21848464246310  -0.21848464246310
    5   -0.08381949448229  -0.08381949448229
    6    0.00032173255686   0.00032173255686
    7    0.18736068007563   0.18736068007563
    8    0.20399431611881   0.20399431611881
    9    0.21659999962210   0.21659999962210
   10    0.22371997682589   0.22371997682589
   11    0.42167495645084   0.42167495645084
   12    0.44193579033391   0.44193579033391
   13    0.45723885990848   0.45723885990848
   14    0.48753194905225   0.48753194905225
   15    0.59273259324834   0.59273259324834
   16    0.60688341840069   0.60688341840069
   17    0.66845719049922   0.66845719049922
   18    0.76834244014613   0.76834244014613
   19    0.77391248227084   0.77391248227084
   20    0.81760087487426   0.81760087487426
   21    0.88485596555895   0.88485596555895
   22    0.89595423219149   0.89595423219149
   23    3.00539701195868   3.00539701195868
   24    3.64858860678576   3.64858860678576
   25    4.20534632731147   4.20534632731147
   26    4.24504454093145   4.24504454093145

   kloop=50
   k1=   0.00000 k2=  -0.40000 k3=  -0.40000

    1   -0.46569526276307  -0.46569526276307
    2   -0.35116711865086  -0.35116711865086
    3   -0.22294453053279  -0.22294453053279
    4   -0.22294452784180  -0.22294452784180
    5   -0.10228797961284  -0.10228797961284
    6   -0.06939101960413  -0.06939101960413
    7    0.19708277817037   0.19708277817037
    8    0.19708278005099   0.19708278005099
    9    0.30239408289255   0.30239408289255
   10    0.30904058472208   0.30904058472208
   11    0.34976109429706   0.34976109429706
   12    0.34976109482124   0.34976109482124
   13    0.40960274304415   0.40960274304415
   14    0.46981120500772   0.46981120500772
   15    0.63063151837096   0.63063151837096
   16    0.63485120636246   0.63485120636246
   17    0.66712073918785   0.66712073918785
   18    0.66712074465773   0.66712074465773
   19    0.84516383641056   0.84516383641056
   20    0.84992089617857   0.84992089617857
   21    0.84992090188474   0.84992090188474
   22    0.85554354633789   0.85554354633789
   23    3.21944150342538   3.21944150342538
   24    3.36215541320173   3.36215541320173
   25    4.56925105954181   4.56925105954181
   26    4.56925113186970   4.56925113186970

   kloop=51
   k1=   0.00000 k2=  -0.40000 k3=  -0.20000

    1   -0.49822081871133  -0.49822081871133
    2   -0.31956338608127  -0.31956338608127
    3   -0.22060901514632  -0.22060901514632
    4   -0.19685668817017  -0.19685668817017
    5   -0.05377599630626  -0.05377599630626
    6    0.04574190484715   0.04574190484715
    7    0.06600543505122   0.06600543505122
    8    0.08306189308144   0.08306189308144
    9    0.27377735542857   0.27377735542857
   10    0.27938016546822   0.27938016546822
   11    0.32435889627629   0.32435889627629
   12    0.36958277870915   0.36958277870915
   13    0.48451153121256   0.48451153121256
   14    0.51622082222363   0.51622082222363
   15    0.60470887453273   0.60470887453273
   16    0.62153882818240   0.62153882818240
   17    0.67363952809365   0.67363952809365
   18    0.71707711703031   0.71707711703031
   19    0.82940475080666   0.82940475080666
   20    0.94411953685034   0.94411953685034
   21    0.94511790962802   0.94511790962802
   22    1.39387129093742   1.39387129093742
   23    2.17201573566237   2.17201573566237
   24    3.20662602084825   3.20662602084825
   25    3.34056379663924   3.34056379663924
   26    4.38489877941608   4.38489877941608

   kloop=52
   k1=   0.00000 k2=  -0.40000 k3=   0.00000

    1   -0.49640499307711  -0.49640499307711
    2   -0.35640161903759  -0.35640161903759
    3   -0.16412131330187  -0.16412131330187
    4   -0.16412104943741  -0.16412104943741
    5   -0.05752119727501  -0.05752119727501
    6    0.00779848573886   0.00779848573886
    7    0.00779873081038   0.00779873081038
    8    0.23107772529663   0.23107772529663
    9    0.23107909292740   0.23107909292740
   10    0.23472603054529   0.23472603054529
   11    0.30865948912317   0.30865948912317
   12    0.39419946274004   0.39419946274004
   13    0.39420094560443   0.39420094560443
   14    0.48955954688941   0.48955954688941
   15    0.65539710454187   0.65539710454187
   16    0.70039297654825   0.70039297654825
   17    0.70039333059247   0.70039333059247
   18    0.85626417935378   0.85626417935378
   19    0.85626538689516   0.85626538689516
   20    0.87206517726922   0.87206517726922
   21    1.16599373901324   1.16599373901324
   22    1.16600143330095   1.16600143330095
   23    1.54673567896970   1.54673567896970
   24    1.54674761330778   1.54674761330778
   25    2.96565472861752   2.96565472861752
   26    4.14167750517302   4.14167750517302

   kloop=53
   k1=   0.00000 k2=  -0.40000 k3=   0.20000

    1   -0.46488721010275  -0.46488721010275
    2   -0.37199908137607  -0.37199908137607
    3   -0.25109665468589  -0.25109665468589
    4   -0.18613807621102  -0.18613807621102
    5   -0.04344272327692  -0.04344272327692
    6    0.05535673165686   0.05535673165686
    7    0.06141379477199   0.06141379477199
    8    0.17026298150824   0.17026298150824
    9    0.20487413209552   0.20487413209552
   10    0.21011485257848   0.21011485257848
   11    0.41571311357324   0.41571311357324
   12    0.43218176445978   0.43218176445978
   13    0.45834404400764   0.45834404400764
   14    0.49853336352864   0.49853336352864
   15    0.61150753158682   0.61150753158682
   16    0.63278606140985   0.63278606140985
   17    0.66381319578794   0.66381319578794
   18    0.72254860128918   0.72254860128918
   19    0.84433696869845   0.84433696869845
   20    0.94133851715368   0.94133851715368
   21    0.99516117818905   0.99516117818905
   22    1.14753049937217   1.14753049937217
   23    2.39463254743011   2.39463254743011
   24    2.41280399675767   2.41280399675767
   25    3.63274352685022   3.63274352685022
   26    4.21162163918563   4.21162163918563

   kloop=54
   k1=   0.00000 k2=  -0.40000 k3=   0.40000

    1   -0.42035694343629  -0.42035694343629
    2   -0.39824744728090  -0.39824744728090
    3   -0.27548852662250  -0.27548852662250
    4   -0.21848484280196  -0.21848484280196
    5   -0.08381974452701  -0.08381974452701
    6    0.00032024857439   0.00032024857439
    7    0.18736163631890   0.18736163631890
    8    0.20399529052136   0.20399529052136
    9    0.21660064736698   0.21660064736698
   10    0.22372079106981   0.22372079106981
   11    0.42167428413340   0.42167428413340
   12    0.44193498124729   0.44193498124729
   13    0.45723775225504   0.45723775225504
   14    0.48753057051659   0.48753057051659
   15    0.59273345842082   0.59273345842082
   16    0.60688369287911   0.60688369287911
   17    0.66845886206717   0.66845886206717
   18    0.76834278808553   0.76834278808553
   19    0.77391126415440   0.77391126415440
   20    0.81760048228898   0.81760048228898
   21    0.88485347405343   0.88485347405343
   22    0.89595351065919   0.89595351065919
   23    3.00540290524219   3.00540290524219
   24    3.64858199396374   3.64858199396374
   25    4.20535142188468   4.20535142188468
   26    4.24504518101000   4.24504518101000

   kloop=55
   k1=   0.00000 k2=  -0.20000 k3=  -0.40000

    1   -0.49822143112472  -0.49822143112472
    2   -0.31956146265234  -0.31956146265234
    3   -0.22060915322490  -0.22060915322490
    4   -0.19685719066494  -0.19685719066494
    5   -0.05377700303494  -0.05377700303494
    6    0.04573812812353   0.04573812812353
    7    0.06600789268328   0.06600789268328
    8    0.08306387005003   0.08306387005003
    9    0.27377615644797   0.27377615644797
   10    0.27937841463978   0.27937841463978
   11    0.32436077400457   0.32436077400457
   12    0.36958474271356   0.36958474271356
   13    0.48451001026072   0.48451001026072
   14    0.51622083073274   0.51622083073274
   15    0.60470650065217   0.60470650065217
   16    0.62154168324628   0.62154168324628
   17    0.67363885965218   0.67363885965218
   18    0.71707348598973   0.71707348598973
   19    0.82940685026139   0.82940685026139
   20    0.94411935117330   0.94411935117330
   21    0.94511657136443   0.94511657136443
   22    1.39385460299280   1.39385460299280
   23    2.17203583315143   2.17203583315143
   24    3.20662972399333   3.20662972399333
   25    3.34063133943715   3.34063133943715
   26    4.38490262286343   4.38490262286343

   kloop=56
   k1=   0.00000 k2=  -0.20000 k3=  -0.20000

    1   -0.54080592805799  -0.54080592805799
    2   -0.21896896933487  -0.21896896933487
    3   -0.17802133328616  -0.17802133328616
    4   -0.17802133055674  -0.17802133055674
    5   -0.06739929054936  -0.06739929054936
    6    0.04592810423626   0.04592810423626
    7    0.06096568663299   0.06096568663299
    8    0.06096568716778   0.06096568716778
    9    0.15831850148946   0.15831850148946
   10    0.20306474136148   0.20306474136148
   11    0.33213770681529   0.33213770681529
   12    0.42778065388074   0.42778065388074
   13    0.42778065632459   0.42778065632459
   14    0.51222988624210   0.51222988624210
   15    0.67539176800513   0.67539176800513
   16    0.68455832482709   0.68455832482709
   17    0.68455833048896   0.68455833048896
   18    0.71941681763270   0.71941681763270
   19    0.90350514944204   0.90350514944204
   20    0.99093859778139   0.99093859778139
   21    0.99093860341295   0.99093860341295
   22    1.40988105072628   1.40988105072628
   23    2.50597167552072   2.50597167552072
   24    2.87616199637928   2.87616199637928
   25    4.19299186205053   4.19299186205053
   26    4.19299200144930   4.19299200144930

   kloop=57
   k1=   0.00000 k2=  -0.20000 k3=   0.00000

    1   -0.54731104481083  -0.54731104481083
    2   -0.23428838708734  -0.23428838708734
    3   -0.14393689489031  -0.14393689489031
    4   -0.14393631832316  -0.14393631832316
    5   -0.03512698403594  -0.03512698403594
    6    0.00400765459796   0.00400765459796
    7    0.00400829445997   0.00400829445997
    8    0.11871395517336   0.11871395517336
    9    0.16173466776259   0.16173466776259
   10    0.16173557444815   0.16173557444815
   11    0.33114400280025   0.33114400280025
   12    0.39703843962483   0.39703843962483
   13    0.47117581527069   0.47117581527069
   14    0.47117691765011   0.47117691765011
   15    0.70472661911056   0.70472661911056
   16    0.70472765473504   0.70472765473504
   17    0.76256475305265   0.76256475305265
   18    0.86705963981404   0.86705963981404
   19    0.86706187613708   0.86706187613708
   20    1.02990111759234   1.02990111759234
   21    1.14242853417530   1.14242853417530
   22    1.14243603347504   1.14243603347504
   23    2.69432776175471   2.69432776175471
   24    2.73490737021616   2.73490737021616
   25    2.73493048871118   2.73493048871118
   26    4.00061176055528   4.00061176055528

   kloop=58
   k1=   0.00000 k2=  -0.20000 k3=   0.20000

    1   -0.51635614510378  -0.51635614510378
    2   -0.28838123525968  -0.28838123525968
    3   -0.23517973863616  -0.23517973863616
    4   -0.15348695953547  -0.15348695953547
    5   -0.01221844821869  -0.01221844821869
    6    0.02938169736932   0.02938169736932
    7    0.04204772312187   0.04204772312187
    8    0.11405632725702   0.11405632725702
    9    0.13009649224786   0.13009649224786
   10    0.29380686004508   0.29380686004508
   11    0.31361356337773   0.31361356337773
   12    0.42829018007144   0.42829018007144
   13    0.46413050241227   0.46413050241227
   14    0.52872494074190   0.52872494074190
   15    0.60134432150356   0.60134432150356
   16    0.65803332429723   0.65803332429723
   17    0.65855714462704   0.65855714462704
   18    0.78499288391726   0.78499288391726
   19    0.90367598366782   0.90367598366782
   20    0.99531442433765   0.99531442433765
   21    1.00172365273077   1.00172365273077
   22    1.46651784780141   1.46651784780141
   23    2.49144633230387   2.49144633230387
   24    2.56336445626118   2.56336445626118
   25    3.97832097694830   3.97832097694830
   26    4.56978257673904   4.56978257673904

   kloop=59
   k1=   0.00000 k2=  -0.20000 k3=   0.40000

    1   -0.46488720879677  -0.46488720879677
    2   -0.37199908595213  -0.37199908595213
    3   -0.25109665346603  -0.25109665346603
    4   -0.18613807716743  -0.18613807716743
    5   -0.04344272384849  -0.04344272384849
    6    0.05535673466968   0.05535673466968
    7    0.06141379993557   0.06141379993557
    8    0.17026298204254   0.17026298204254
    9    0.20487413416375   0.20487413416375
   10    0.21011485216096   0.21011485216096
   11    0.41571311334035   0.41571311334035
   12    0.43218175469838   0.43218175469838
   13    0.45834404336897   0.45834404336897
   14    0.49853336715578   0.49853336715578
   15    0.61150753212069   0.61150753212069
   16    0.63278606409744   0.63278606409744
   17    0.66381319649612   0.66381319649612
   18    0.72254860143592   0.72254860143592
   19    0.84433696576724   0.84433696576724
   20    0.94133851830626   0.94133851830626
   21    0.99516117725893   0.99516117725893
   22    1.14753049735459   1.14753049735459
   23    2.39463256062108   2.39463256062108
   24    2.41280400691685   2.41280400691685
   25    3.63274355743280   3.63274355743280
   26    4.21162150625712   4.21162150625712

   kloop=60
   k1=   0.00000 k2=  -0.00000 k3=  -0.40000

    1   -0.49640608426075  -0.49640608426075
    2   -0.35639979374545  -0.35639979374545
    3   -0.16412109885139  -0.16412109885139
    4   -0.16412084060903  -0.16412084060903
    5   -0.05752096498546  -0.05752096498546
    6    0.00779868524230   0.00779868524230
    7    0.00779893547283   0.00779893547283
    8    0.23107545429611   0.23107545429611
    9    0.23107682445998   0.23107682445998
   10    0.23472461148381   0.23472461148381
   11    0.30865994745956   0.30865994745956
   12    0.39420247316716   0.39420247316716
   13    0.39420395212464   0.39420395212464
   14    0.48955815496869   0.48955815496869
   15    0.65539769571427   0.65539769571427
   16    0.70039177021536   0.70039177021536
   17    0.70039211723258   0.70039211723258
   18    0.85626461121675   0.85626461121675
   19    0.85626581142600   0.85626581142600
   20    0.87206804117518   0.87206804117518
   21    1.16599170456094   1.16599170456094
   22    1.16599939896115   1.16599939896115
   23    1.54675312362703   1.54675312362703
   24    1.54676504951998   1.54676504951998
   25    2.96564741498458   2.96564741498458
   26    4.14168596453989   4.14168596453989

   kloop=61
   k1=   0.00000 k2=  -0.00000 k3=  -0.20000

    1   -0.54731180000563  -0.54731180000563
    2   -0.23428559033122  -0.23428559033122
    3   -0.14393633153438  -0.14393633153438
    4   -0.14393576129633  -0.14393576129633
    5   -0.03512639420645  -0.03512639420645
    6    0.00400702842328   0.00400702842328
    7    0.00400767183934   0.00400767183934
    8    0.11871127322625   0.11871127322625
    9    0.16173436587974   0.16173436587974
   10    0.16173527748906   0.16173527748906
   11    0.33114288740603   0.33114288740603
   12    0.39703849965121   0.39703849965121
   13    0.47117500285718   0.47117500285718
   14    0.47117610387996   0.47117610387996
   15    0.70472876972344   0.70472876972344
   16    0.70472979667602   0.70472979667602
   17    0.76256749923618   0.76256749923618
   18    0.86705970826273   0.86705970826273
   19    0.86706193714420   0.86706193714420
   20    1.02990396619634   1.02990396619634
   21    1.14242913326444   1.14242913326444
   22    1.14243663235663   1.14243663235663
   23    2.69432433221970   2.69432433221970
   24    2.73489526020142   2.73489526020142
   25    2.73491837770178   2.73491837770178
   26    4.00058167940455   4.00058167940455

   kloop=62
   k1=   0.00000 k2=  -0.00000 k3=   0.00000

    1   -0.56637157408926  -0.56637157408926
    2   -0.12252102043787  -0.12252102043787
    3   -0.12252101388358  -0.12252101388358
    4   -0.12252100203813  -0.12252100203813
    5   -0.02659837664595  -0.02659837664595
    6   -0.02659836975471  -0.02659836975471
    7   -0.02659836910515  -0.02659836910515
    8    0.02596655199933   0.02596655199933
    9    0.17054770750241   0.17054770750241
   10    0.17054771267953   0.17054771267953
   11    0.30335199432213   0.30335199432213
   12    0.41812276179160   0.41812276179160
   13    0.41812276562630   0.41812276562630
   14    0.41812277004150   0.41812277004150
   15    0.78503177652907   0.78503177652907
   16    0.78503178547371   0.78503178547371
   17    0.87786243363693   0.87786243363693
   18    0.87786243882798   0.87786243882798
   19    0.87786245023642   0.87786245023642
   20    1.18038402156123   1.18038402156123
   21    1.18038402494347   1.18038402494347
   22    1.18038403143293   1.18038403143293
   23    1.81150481696334   1.81150481696334
   24    1.81150482391377   1.81150482391377
   25    1.81150482858290   1.81150482858290
   26    2.52868997968049   2.52868997968049

***********************************************************
***********************************************************
                   Mulliken populations                    
***********************************************************
***********************************************************

  Total spin moment (muB)   0.000000000

                    Up spin      Down spin     Sum           Diff
      1   Si      2.000001616  2.000001616   4.000003231   0.000000000
      2   Si      1.999998384  1.999998384   3.999996769   0.000000000

 Sum of MulP: up   =     4.00000 down          =     4.00000
              total=     8.00000 ideal(neutral)=     8.00000


  Decomposed Mulliken populations

    1   Si          Up spin      Down spin     Sum           Diff
            multiple
  s           0    0.637473521  0.637473521   1.274947041   0.000000000
   sum over m      0.637473521  0.637473521   1.274947041   0.000000000
  s           1   -0.000573941 -0.000573941  -0.001147882   0.000000000
   sum over m     -0.000573941 -0.000573941  -0.001147882   0.000000000
   sum over m+mul  0.636899580  0.636899580   1.273799160   0.000000000
  px          0    0.415805168  0.415805168   0.831610336   0.000000000
  py          0    0.415805358  0.415805358   0.831610716   0.000000000
  pz          0    0.415805201  0.415805201   0.831610403   0.000000000
   sum over m      1.247415727  1.247415727   2.494831455   0.000000000
  px          1    0.004266324  0.004266324   0.008532648   0.000000000
  py          1    0.004266292  0.004266292   0.008532585   0.000000000
  pz          1    0.004266324  0.004266324   0.008532649   0.000000000
   sum over m      0.012798941  0.012798941   0.025597881   0.000000000
   sum over m+mul  1.260214668  1.260214668   2.520429336   0.000000000
  d3z^2-r^2   0    0.012111118  0.012111118   0.024222237   0.000000000
  dx^2-y^2    0    0.012111163  0.012111163   0.024222325   0.000000000
  dxy         0    0.026221683  0.026221683   0.052443367   0.000000000
  dxz         0    0.026221733  0.026221733   0.052443465   0.000000000
  dyz         0    0.026221670  0.026221670   0.052443341   0.000000000
   sum over m      0.102887368  0.102887368   0.205774735   0.000000000
   sum over m+mul  0.102887368  0.102887368   0.205774735   0.000000000

    2   Si          Up spin      Down spin     Sum           Diff
            multiple
  s           0    0.637488594  0.637488594   1.274977188   0.000000000
   sum over m      0.637488594  0.637488594   1.274977188   0.000000000
  s           1   -0.000576832 -0.000576832  -0.001153664   0.000000000
   sum over m     -0.000576832 -0.000576832  -0.001153664   0.000000000
   sum over m+mul  0.636911762  0.636911762   1.273823524   0.000000000
  px          0    0.415800343  0.415800343   0.831600685   0.000000000
  py          0    0.415800533  0.415800533   0.831601065   0.000000000
  pz          0    0.415800376  0.415800376   0.831600751   0.000000000
   sum over m      1.247401251  1.247401251   2.494802502   0.000000000
  px          1    0.004266092  0.004266092   0.008532183   0.000000000
  py          1    0.004266060  0.004266060   0.008532121   0.000000000
  pz          1    0.004266092  0.004266092   0.008532184   0.000000000
   sum over m      0.012798244  0.012798244   0.025596488   0.000000000
   sum over m+mul  1.260199495  1.260199495   2.520398990   0.000000000
  d3z^2-r^2   0    0.012111121  0.012111121   0.024222243   0.000000000
  dx^2-y^2    0    0.012111166  0.012111166   0.024222331   0.000000000
  dxy         0    0.026221602  0.026221602   0.052443203   0.000000000
  dxz         0    0.026221651  0.026221651   0.052443301   0.000000000
  dyz         0    0.026221588  0.026221588   0.052443177   0.000000000
   sum over m      0.102887127  0.102887127   0.205774255   0.000000000
   sum over m+mul  0.102887127  0.102887127   0.205774255   0.000000000

***********************************************************
***********************************************************
                    Dipole moment (Debye)                  
***********************************************************
***********************************************************

 Absolute D      107.67436037

                      Dx                Dy                Dz
 Total            -62.16582023      -62.16582157      -62.16582103
 Core              25.92582715       25.92582715       25.92582715
 Electron         -88.09164739      -88.09164872      -88.09164818
 Back ground       -0.00000000       -0.00000000       -0.00000000

***********************************************************
***********************************************************
       xyz-coordinates (Ang) and forces (Hartree/Bohr)  
***********************************************************
***********************************************************

<coordinates.forces
  2
    1    Si     1.34940   1.34940   1.34940  -0.000000039949 -0.000000011888 -0.000000021463
    2    Si     0.00000   0.00000   0.00000   0.000000039945  0.000000011882  0.000000021456
coordinates.forces>

***********************************************************
***********************************************************
       Fractional coordinates of the final structure       
***********************************************************
***********************************************************

     1     Si     0.25000000000000   0.25000000000000   0.25000000000000
     2     Si     0.00000000000000   0.00000000000000   0.00000000000000

***********************************************************
***********************************************************
                   Wannier functions                       
***********************************************************
***********************************************************

          Center of Wannier Function (Angs)   |   Spread (Angs^2) 
 WF   1 ( 1.14582611, 1.14582610, 1.14582611) |   2.85460254
 WF   2 ( 1.55297788, 1.55297787, 1.14582610) |   2.85460253
 WF   3 ( 1.55297788, 1.14582609, 1.55297787) |   2.85460254
 WF   4 ( 1.14582610, 1.55297787, 1.55297787) |   2.85460253
 WF   5 ( 0.20358126, 0.20358127, 0.20358127) |   2.85465247
 WF   6 ( 0.20358128,-0.20358128,-0.20358128) |   2.85465246
 WF   7 (-0.20358128, 0.20358128,-0.20358128) |   2.85465246
 WF   8 (-0.20358128,-0.20358127, 0.20358128) |   2.85465245

 Total Center ( 5.39760794, 5.39760794, 5.39760794)
 Sum.of.Spreads. 22.837019966498382

The component of spread function is:
 Omega I     = 16.933997998549
 Omega D     =  0.165509466547
 Omega OD    =  5.737512501402
 Total.Omega.= 22.837019966498328

***********************************************************
***********************************************************
               Computational Time (second)                 
***********************************************************
***********************************************************

   Elapsed.Time.       101.484

                               Min_ID   Min_Time       Max_ID   Max_Time
   Total Computational Time =    79      101.442          0      101.484
   readfile                 =   111        2.180         29        2.181
   truncation               =     4        1.794          0        1.839
   MD_pac                   =     0        0.000         95        0.000
   OutData                  =     0        0.177        110        0.829
   DFT                      =     0       14.444          4       14.489

*** In DFT ***

   Set_OLP_Kin              =    16        0.043          0        0.688
   Set_Nonlocal             =     0        0.631         16        1.276
   Set_ProExpn_VNA          =    18        1.281          0        2.840
   Set_Hamiltonian          =    17        4.637         59        4.638
   Poisson                  =    59        0.013          2        0.014
   Diagonalization          =     0        0.248         12        0.249
   Mixing_DM                =    11        0.020         73        0.020
   Force                    =    38        1.676         31        1.677
   Total_Energy             =    11        0.983          0        0.983
   Set_Aden_Grid            =     0        0.037         22        1.603
   Set_Orbitals_Grid        =    15        0.000          0        0.377
   Set_Density_Grid         =    36        2.173          6        2.182
   RestartFileDFT           =     0        0.001         61        0.029
   Mulliken_Charge          =    21        0.002         94        0.003
   FFT(2D)_Density          =    50        0.021         27        0.022
   Others                   =     0        0.084         13        0.513
