***********************************************************
***********************************************************

  This calculation was performed by OpenMX Ver. 3.842
  using 112 MPI processes and 1 OpenMP threads.

  Sat Jul 27 00:47:12 2019

***********************************************************
***********************************************************

#
#      File Name      
#

System.CurrrentDirectory         ./    # default=./
System.Name                      C60
level.of.stdout                   1    # default=1 (1-3)
level.of.fileout                  1    # default=1 (0-2)

#
# Definition of Atomic Species
#

Species.Number       1
<Definition.of.Atomic.Species
  C   C5.0-s1p1   C_CA19
Definition.of.Atomic.Species>

#
# Atoms
#
  
Atoms.Number        60
Atoms.SpeciesAndCoordinates.Unit   Ang # Ang|AU
<Atoms.SpeciesAndCoordinates           # Unit=Ang.
  1  C -3.45975  0.71223 -4.17587  2.0 2.0
  2  C -4.63970  1.44078 -3.72814  2.0 2.0
  3  C -4.17340  2.64914 -3.01671  2.0 2.0
  4  C -2.71712  2.63783 -3.01734  2.0 2.0
  5  C -2.26803  1.42282 -3.72893  2.0 2.0
  6  C -4.21253 -2.58327 -3.01960  2.0 2.0
  7  C -4.65882 -1.36899 -3.73089  2.0 2.0
  8  C -3.46907 -0.66197 -4.17801  2.0 2.0
  9  C -2.29023 -1.38629 -3.72899  2.0 2.0
 10  C -2.75245 -2.59292 -3.01741  2.0 2.0
 11  C -6.94116  0.05339 -1.38546  2.0 2.0
 12  C -6.48842  1.23310 -2.10383  2.0 2.0
 13  C -5.78134  0.77169 -3.31304  2.0 2.0
 14  C -5.78870 -0.68434 -3.31378  2.0 2.0
 15  C -6.50467 -1.13456 -2.10443  2.0 2.0
 16  C -4.85294  3.07180  0.48806  2.0 2.0
 17  C -4.12468  3.50538 -0.69960  2.0 2.0
 18  C -4.84847  3.06734 -1.88104  2.0 2.0
 19  C -6.06212  2.36282 -1.42738  2.0 2.0
 20  C -6.06394  2.36210  0.02794  2.0 2.0
 21  C -0.82864  2.32416  0.02798  2.0 2.0
 22  C -0.83107  2.32488 -1.42866  2.0 2.0
 23  C -2.03410  3.04854 -1.88170  2.0 2.0
 24  C -2.75176  3.49844 -0.70094  2.0 2.0
 25  C -2.03560  3.04360  0.48409  2.0 2.0
 26  C -0.43997 -1.17957 -2.10599  2.0 2.0
 27  C -1.14911 -0.72002 -3.31402  2.0 2.0
 28  C -1.13718  0.73625 -3.31311  2.0 2.0
 29  C -0.42382  1.18630 -2.10273  2.0 2.0
 30  C  0.01172  0.00003 -1.38503  2.0 2.0
 31  C -4.21230 -2.58581  1.61962  2.0 2.0
 32  C -4.66235 -1.36996  2.33164  2.0 2.0
 33  C -3.46988 -0.65903  2.77906  2.0 2.0
 34  C -2.28854 -1.38763  2.33141  2.0 2.0
 35  C -2.75599 -2.59765  1.61875  2.0 2.0
 36  C -6.10043 -2.27391 -1.42633  2.0 2.0
 37  C -6.09703 -2.27271  0.03017  2.0 2.0
 38  C -4.89414 -2.99686  0.48325  2.0 2.0
 39  C -4.17545 -3.44594 -0.69664  2.0 2.0
 40  C -4.89031 -2.99150 -1.88111  2.0 2.0
 41  C -6.48881  1.23117  0.70849  2.0 2.0
 42  C -5.77982  0.77236  1.91597  2.0 2.0
 43  C -5.79282 -0.68318  1.91497  2.0 2.0
 44  C -6.50569 -1.13451  0.70414  2.0 2.0
 45  C -6.94021  0.05143 -0.01338  2.0 2.0
 46  C -2.71422  2.63243  1.62175  2.0 2.0
 47  C -2.26878  1.42029  2.33348  2.0 2.0
 48  C -3.45947  0.71557  2.78090  2.0 2.0
 49  C -4.63834  1.43816  2.33078  2.0 2.0
 50  C -4.17691  2.64697  1.62294  2.0 2.0
 51  C  0.01344 -0.00165 -0.01301  2.0 2.0
 52  C -0.43904 -1.18095  0.70482  2.0 2.0
 53  C -1.14655 -0.71871  1.91526  2.0 2.0
 54  C -1.13888  0.73667  1.91591  2.0 2.0
 55  C -0.42313  1.18579  0.70697  2.0 2.0
 56  C -2.07685 -3.01759 -1.88359  2.0 2.0
 57  C -2.80281 -3.45482 -0.69865  2.0 2.0
 58  C -2.08055 -3.01574  0.48274  2.0 2.0
 59  C -0.86620 -2.31124  0.02824  2.0 2.0
 60  C -0.86415 -2.31095 -1.42670  2.0 2.0
Atoms.SpeciesAndCoordinates>
Atoms.UnitVectors.Unit             Ang #  Ang|AU
<Atoms.UnitVectors                     # unit=Ang.
  12.0   0.0   0.0
   0.0  12.0   0.0
   0.0   0.0  12.0
Atoms.UnitVectors>

#
# SCF or Electronic System
#

scf.XcType                 LDA         # LDA|LSDA-CA|LSDA-PW|GGA-PBE
scf.SpinPolarization       Off         # On|Off|NC
scf.ElectronicTemperature  300.0       # default=300 (K)
scf.energycutoff           140.0       # default=150 (Ry)
scf.maxIter                 3          # default=40
scf.EigenvalueSolver        dc         # DC|GDC|Cluster|Band
scf.Kgrid                  1 1 1       # means 4x4x4
scf.Mixing.Type           rmm-diisk    # Simple|Rmm-Diis|Gr-Pulay|Kerker|Rmm-Diisk
scf.Init.Mixing.Weight     0.30        # default=0.30 
scf.Min.Mixing.Weight      0.001       # default=0.001 
scf.Max.Mixing.Weight      0.400       # default=0.40 
scf.Mixing.History         30          # default=5
scf.Mixing.StartPulay       5          # default=6
scf.criterion             1.0e-9       # default=1.0e-6 (Hartree) 
 
#
# SCF Order-N
#
 
orderN.HoppingRanges        6.0        # default=5.0 (Ang) 
orderN.NumHoppings           2         # default=2

#
# MD or Geometry Optimization
#

MD.Type                    nomd        # Nomd|Opt|NVE|NVT_VS|NVT_NH
MD.maxIter                  1          # default=1
MD.TimeStep                1.0         # default=0.5 (fs)
MD.Opt.criterion          1.0e-4       # default=1.0e-4 (Hartree/bohr)


***********************************************************
***********************************************************

  Required cutoff energy (Ryd) for 3D-grids = 140.0000
      Used cutoff energy (Ryd) for 3D-grids = 135.4248, 135.4248, 135.4248
  Num. of grids of a-, b-, and c-axes = 84, 84, 84

  Num.Grid1.    84
  Num.Grid2.    84
  Num.Grid3.    84


  Cell_Volume =  11661.119488115972 (Bohr^3)
  GridVol     =      0.019674440341 (Bohr^3)
  Cell vectors (bohr) of the grid cell (gtv)
    gtv_a =  0.269960855511,  0.000000000000,  0.000000000000
    gtv_b =  0.000000000000,  0.269960855511,  0.000000000000
    gtv_c =  0.000000000000,  0.000000000000,  0.269960855511
    |gtv_a| =  0.269960855511
    |gtv_b| =  0.269960855511
    |gtv_c| =  0.269960855511

***********************************************************
***********************************************************


***********************************************************
***********************************************************
                  SCF history at MD= 1                    
***********************************************************
***********************************************************

   SCF=   1  NormRD=  1.000000000000  Uele= -88.053364029879
   SCF=   2  NormRD=  5.292977046798  Uele= -88.053364029879
   SCF=   3  NormRD=  5.239553137902  Uele= -88.546860870869

*******************************************************
        Total energy (Hartree) at MD = 1        
*******************************************************

  Uele.        -88.546860870869

  Ukin.        217.094542198099
  UH0.       -2843.055056298984
  UH1.           0.025745694141
  Una.        -151.485457467218
  Unl.         -21.695804724680
  Uxc0.        -56.495466115490
  Uxc1.        -56.495466115490
  Ucore.      2560.202650328739
  Uhub.          0.000000000000
  Ucs.           0.000000000000
  Uzs.           0.000000000000
  Uzo.           0.000000000000
  Uef.           0.000000000000
  UvdW           0.000000000000
  Uch            0.000000000000
  Utot.       -351.904312500884

  Note:

  Utot = Ukin+UH0+UH1+Una+Unl+Uxc0+Uxc1+Ucore+Uhub+Ucs+Uzs+Uzo+Uef+UvdW+Uch

  Uele:   band energy
  Ukin:   kinetic energy
  UH0:    electric part of screened Coulomb energy
  UH1:    difference electron-electron Coulomb energy
  Una:    neutral atom potential energy
  Unl:    non-local potential energy
  Uxc0:   exchange-correlation energy for alpha spin
  Uxc1:   exchange-correlation energy for beta spin
  Ucore:  core-core Coulomb energy
  Uhub:   LDA+U energy
  Ucs:    constraint energy for spin orientation
  Uzs:    Zeeman term for spin magnetic moment
  Uzo:    Zeeman term for orbital magnetic moment
  Uef:    electric energy by electric field
  UvdW:   semi-empirical vdW energy
  Uch:    penalty term to create a core hole

  (see also PRB 72, 045121(2005) for the energy contributions)



  Chemical potential (Hartree)      -0.053842753354

***********************************************************
***********************************************************
                   Mulliken populations                    
***********************************************************
***********************************************************

  Total spin moment (muB)   0.000000000

                    Up spin      Down spin     Sum           Diff
      1    C      2.000170545  2.000170545   4.000341090   0.000000000
      2    C      1.992007422  1.992007422   3.984014844   0.000000000
      3    C      2.005980724  2.005980724   4.011961449   0.000000000
      4    C      2.005932540  2.005932540   4.011865080   0.000000000
      5    C      1.992462662  1.992462662   3.984925324   0.000000000
      6    C      2.008702173  2.008702173   4.017404345   0.000000000
      7    C      1.992356722  1.992356722   3.984713444   0.000000000
      8    C      2.000959075  2.000959075   4.001918151   0.000000000
      9    C      1.992606447  1.992606447   3.985212894   0.000000000
     10    C      2.006997012  2.006997012   4.013994024   0.000000000
     11    C      2.000868223  2.000868223   4.001736446   0.000000000
     12    C      1.993379321  1.993379321   3.986758642   0.000000000
     13    C      2.007080638  2.007080638   4.014161277   0.000000000
     14    C      2.007759388  2.007759388   4.015518776   0.000000000
     15    C      1.991584899  1.991584899   3.983169797   0.000000000
     16    C      1.993780742  1.993780742   3.987561483   0.000000000
     17    C      1.999539251  1.999539251   3.999078501   0.000000000
     18    C      1.992985520  1.992985520   3.985971040   0.000000000
     19    C      2.006673251  2.006673251   4.013346502   0.000000000
     20    C      2.006074189  2.006074189   4.012148379   0.000000000
     21    C      2.008479831  2.008479831   4.016959662   0.000000000
     22    C      2.006085252  2.006085252   4.012170503   0.000000000
     23    C      1.992290193  1.992290193   3.984580386   0.000000000
     24    C      2.001924225  2.001924225   4.003848450   0.000000000
     25    C      1.991928094  1.991928094   3.983856187   0.000000000
     26    C      1.992774084  1.992774084   3.985548167   0.000000000
     27    C      2.006494625  2.006494625   4.012989249   0.000000000
     28    C      2.007603930  2.007603930   4.015207860   0.000000000
     29    C      1.993535575  1.993535575   3.987071149   0.000000000
     30    C      2.000502121  2.000502121   4.001004242   0.000000000
     31    C      2.005461706  2.005461706   4.010923412   0.000000000
     32    C      1.992429870  1.992429870   3.984859740   0.000000000
     33    C      1.999929425  1.999929425   3.999858849   0.000000000
     34    C      1.991978755  1.991978755   3.983957511   0.000000000
     35    C      2.006147406  2.006147406   4.012294812   0.000000000
     36    C      2.009106185  2.009106185   4.018212370   0.000000000
     37    C      2.005986427  2.005986427   4.011972854   0.000000000
     38    C      1.992295613  1.992295613   3.984591226   0.000000000
     39    C      2.001784639  2.001784639   4.003569278   0.000000000
     40    C      1.991004042  1.991004042   3.982008085   0.000000000
     41    C      1.992906315  1.992906315   3.985812630   0.000000000
     42    C      2.007178836  2.007178836   4.014357673   0.000000000
     43    C      2.007208938  2.007208938   4.014417875   0.000000000
     44    C      1.994003030  1.994003030   3.988006060   0.000000000
     45    C      2.000417874  2.000417874   4.000835748   0.000000000
     46    C      2.007666983  2.007666983   4.015333965   0.000000000
     47    C      1.992987917  1.992987917   3.985975833   0.000000000
     48    C      2.000924829  2.000924829   4.001849657   0.000000000
     49    C      1.992353614  1.992353614   3.984707227   0.000000000
     50    C      2.007424623  2.007424623   4.014849246   0.000000000
     51    C      2.000876820  2.000876820   4.001753640   0.000000000
     52    C      1.993662767  1.993662767   3.987325534   0.000000000
     53    C      2.006739364  2.006739364   4.013478728   0.000000000
     54    C      2.007819924  2.007819924   4.015639847   0.000000000
     55    C      1.991832320  1.991832320   3.983664639   0.000000000
     56    C      1.993571508  1.993571508   3.987143016   0.000000000
     57    C      2.000095737  2.000095737   4.000191474   0.000000000
     58    C      1.992747538  1.992747538   3.985495076   0.000000000
     59    C      2.007013288  2.007013288   4.014026577   0.000000000
     60    C      2.006925036  2.006925036   4.013850073   0.000000000

 Sum of MulP: up   =   120.00000 down          =   120.00000
              total=   240.00000 ideal(neutral)=   240.00000


  Decomposed Mulliken populations

    1    C          Up spin      Down spin     Sum           Diff
            multiple
  s           0    0.502907761  0.502907761   1.005815522   0.000000000
   sum over m      0.502907761  0.502907761   1.005815522   0.000000000
   sum over m+mul  0.502907761  0.502907761   1.005815522   0.000000000
  px          0    0.495211520  0.495211520   0.990423041   0.000000000
  py          0    0.506773350  0.506773350   1.013546699   0.000000000
  pz          0    0.495277914  0.495277914   0.990555829   0.000000000
   sum over m      1.497262784  1.497262784   2.994525569   0.000000000
   sum over m+mul  1.497262784  1.497262784   2.994525569   0.000000000

    2    C          Up spin      Down spin     Sum           Diff
            multiple
  s           0    0.505332634  0.505332634   1.010665267   0.000000000
   sum over m      0.505332634  0.505332634   1.010665267   0.000000000
   sum over m+mul  0.505332634  0.505332634   1.010665267   0.000000000
  px          0    0.497842760  0.497842760   0.995685520   0.000000000
  py          0    0.494307468  0.494307468   0.988614935   0.000000000
  pz          0    0.494524560  0.494524560   0.989049121   0.000000000
   sum over m      1.486674788  1.486674788   2.973349576   0.000000000
   sum over m+mul  1.486674788  1.486674788   2.973349576   0.000000000

    3    C          Up spin      Down spin     Sum           Diff
            multiple
  s           0    0.508616332  0.508616332   1.017232664   0.000000000
   sum over m      0.508616332  0.508616332   1.017232664   0.000000000
   sum over m+mul  0.508616332  0.508616332   1.017232664   0.000000000
  px          0    0.495848057  0.495848057   0.991696114   0.000000000
  py          0    0.494944072  0.494944072   0.989888144   0.000000000
  pz          0    0.506572263  0.506572263   1.013144526   0.000000000
   sum over m      1.497364393  1.497364393   2.994728785   0.000000000
   sum over m+mul  1.497364393  1.497364393   2.994728785   0.000000000

    4    C          Up spin      Down spin     Sum           Diff
            multiple
  s           0    0.508817640  0.508817640   1.017635281   0.000000000
   sum over m      0.508817640  0.508817640   1.017635281   0.000000000
   sum over m+mul  0.508817640  0.508817640   1.017635281   0.000000000
  px          0    0.495766016  0.495766016   0.991532031   0.000000000
  py          0    0.494908893  0.494908893   0.989817786   0.000000000
  pz          0    0.506439991  0.506439991   1.012879982   0.000000000
   sum over m      1.497114899  1.497114899   2.994229799   0.000000000
   sum over m+mul  1.497114899  1.497114899   2.994229799   0.000000000

    5    C          Up spin      Down spin     Sum           Diff
            multiple
  s           0    0.505490072  0.505490072   1.010980145   0.000000000
   sum over m      0.505490072  0.505490072   1.010980145   0.000000000
   sum over m+mul  0.505490072  0.505490072   1.010980145   0.000000000
  px          0    0.497717685  0.497717685   0.995435370   0.000000000
  py          0    0.494495632  0.494495632   0.988991263   0.000000000
  pz          0    0.494759273  0.494759273   0.989518547   0.000000000
   sum over m      1.486972590  1.486972590   2.973945180   0.000000000
   sum over m+mul  1.486972590  1.486972590   2.973945180   0.000000000

    6    C          Up spin      Down spin     Sum           Diff
            multiple
  s           0    0.509343650  0.509343650   1.018687300   0.000000000
   sum over m      0.509343650  0.509343650   1.018687300   0.000000000
   sum over m+mul  0.509343650  0.509343650   1.018687300   0.000000000
  px          0    0.495582287  0.495582287   0.991164575   0.000000000
  py          0    0.496246725  0.496246725   0.992493450   0.000000000
  pz          0    0.507529510  0.507529510   1.015059021   0.000000000
   sum over m      1.499358523  1.499358523   2.998717045   0.000000000
   sum over m+mul  1.499358523  1.499358523   2.998717045   0.000000000

    7    C          Up spin      Down spin     Sum           Diff
            multiple
  s           0    0.504517926  0.504517926   1.009035853   0.000000000
   sum over m      0.504517926  0.504517926   1.009035853   0.000000000
   sum over m+mul  0.504517926  0.504517926   1.009035853   0.000000000
  px          0    0.498207579  0.498207579   0.996415157   0.000000000
  py          0    0.494721706  0.494721706   0.989443413   0.000000000
  pz          0    0.494909511  0.494909511   0.989819022   0.000000000
   sum over m      1.487838796  1.487838796   2.975677592   0.000000000
   sum over m+mul  1.487838796  1.487838796   2.975677592   0.000000000

    8    C          Up spin      Down spin     Sum           Diff
            multiple
  s           0    0.502387697  0.502387697   1.004775394   0.000000000
   sum over m      0.502387697  0.502387697   1.004775394   0.000000000
   sum over m+mul  0.502387697  0.502387697   1.004775394   0.000000000
  px          0    0.495655733  0.495655733   0.991311467   0.000000000
  py          0    0.507159733  0.507159733   1.014319467   0.000000000
  pz          0    0.495755912  0.495755912   0.991511823   0.000000000
   sum over m      1.498571378  1.498571378   2.997142757   0.000000000
   sum over m+mul  1.498571378  1.498571378   2.997142757   0.000000000

    9    C          Up spin      Down spin     Sum           Diff
            multiple
  s           0    0.504247949  0.504247949   1.008495898   0.000000000
   sum over m      0.504247949  0.504247949   1.008495898   0.000000000
   sum over m+mul  0.504247949  0.504247949   1.008495898   0.000000000
  px          0    0.498356379  0.498356379   0.996712758   0.000000000
  py          0    0.494847577  0.494847577   0.989695154   0.000000000
  pz          0    0.495154542  0.495154542   0.990309084   0.000000000
   sum over m      1.488358498  1.488358498   2.976716996   0.000000000
   sum over m+mul  1.488358498  1.488358498   2.976716996   0.000000000

   10    C          Up spin      Down spin     Sum           Diff
            multiple
  s           0    0.508653149  0.508653149   1.017306298   0.000000000
   sum over m      0.508653149  0.508653149   1.017306298   0.000000000
   sum over m+mul  0.508653149  0.508653149   1.017306298   0.000000000
  px          0    0.495408665  0.495408665   0.990817330   0.000000000
  py          0    0.495791334  0.495791334   0.991582669   0.000000000
  pz          0    0.507143864  0.507143864   1.014287727   0.000000000
   sum over m      1.498343863  1.498343863   2.996687726   0.000000000
   sum over m+mul  1.498343863  1.498343863   2.996687726   0.000000000

   11    C          Up spin      Down spin     Sum           Diff
            multiple
  s           0    0.501756398  0.501756398   1.003512796   0.000000000
   sum over m      0.501756398  0.501756398   1.003512796   0.000000000
   sum over m+mul  0.501756398  0.501756398   1.003512796   0.000000000
  px          0    0.496004935  0.496004935   0.992009869   0.000000000
  py          0    0.495721862  0.495721862   0.991443724   0.000000000
  pz          0    0.507385028  0.507385028   1.014770056   0.000000000
   sum over m      1.499111825  1.499111825   2.998223650   0.000000000
   sum over m+mul  1.499111825  1.499111825   2.998223650   0.000000000

   12    C          Up spin      Down spin     Sum           Diff
            multiple
  s           0    0.504134728  0.504134728   1.008269457   0.000000000
   sum over m      0.504134728  0.504134728   1.008269457   0.000000000
   sum over m+mul  0.504134728  0.504134728   1.008269457   0.000000000
  px          0    0.495631597  0.495631597   0.991263193   0.000000000
  py          0    0.498581062  0.498581062   0.997162124   0.000000000
  pz          0    0.495031934  0.495031934   0.990063868   0.000000000
   sum over m      1.489244593  1.489244593   2.978489186   0.000000000
   sum over m+mul  1.489244593  1.489244593   2.978489186   0.000000000

   13    C          Up spin      Down spin     Sum           Diff
            multiple
  s           0    0.508457744  0.508457744   1.016915488   0.000000000
   sum over m      0.508457744  0.508457744   1.016915488   0.000000000
   sum over m+mul  0.508457744  0.508457744   1.016915488   0.000000000
  px          0    0.507111358  0.507111358   1.014222717   0.000000000
  py          0    0.495872918  0.495872918   0.991745835   0.000000000
  pz          0    0.495638618  0.495638618   0.991277237   0.000000000
   sum over m      1.498622895  1.498622895   2.997245789   0.000000000
   sum over m+mul  1.498622895  1.498622895   2.997245789   0.000000000

   14    C          Up spin      Down spin     Sum           Diff
            multiple
  s           0    0.508043263  0.508043263   1.016086525   0.000000000
   sum over m      0.508043263  0.508043263   1.016086525   0.000000000
   sum over m+mul  0.508043263  0.508043263   1.016086525   0.000000000
  px          0    0.507420494  0.507420494   1.014840987   0.000000000
  py          0    0.496033679  0.496033679   0.992067358   0.000000000
  pz          0    0.496261953  0.496261953   0.992523906   0.000000000
   sum over m      1.499716125  1.499716125   2.999432251   0.000000000
   sum over m+mul  1.499716125  1.499716125   2.999432251   0.000000000

   15    C          Up spin      Down spin     Sum           Diff
            multiple
  s           0    0.504760623  0.504760623   1.009521246   0.000000000
   sum over m      0.504760623  0.504760623   1.009521246   0.000000000
   sum over m+mul  0.504760623  0.504760623   1.009521246   0.000000000
  px          0    0.494375369  0.494375369   0.988750738   0.000000000
  py          0    0.497844300  0.497844300   0.995688600   0.000000000
  pz          0    0.494604607  0.494604607   0.989209213   0.000000000
   sum over m      1.486824276  1.486824276   2.973648551   0.000000000
   sum over m+mul  1.486824276  1.486824276   2.973648551   0.000000000

   16    C          Up spin      Down spin     Sum           Diff
            multiple
  s           0    0.506293309  0.506293309   1.012586619   0.000000000
   sum over m      0.506293309  0.506293309   1.012586619   0.000000000
   sum over m+mul  0.506293309  0.506293309   1.012586619   0.000000000
  px          0    0.494624182  0.494624182   0.989248364   0.000000000
  py          0    0.495485036  0.495485036   0.990970073   0.000000000
  pz          0    0.497378214  0.497378214   0.994756428   0.000000000
   sum over m      1.487487432  1.487487432   2.974974865   0.000000000
   sum over m+mul  1.487487432  1.487487432   2.974974865   0.000000000

   17    C          Up spin      Down spin     Sum           Diff
            multiple
  s           0    0.501886949  0.501886949   1.003773899   0.000000000
   sum over m      0.501886949  0.501886949   1.003773899   0.000000000
   sum over m+mul  0.501886949  0.501886949   1.003773899   0.000000000
  px          0    0.507029116  0.507029116   1.014058232   0.000000000
  py          0    0.495258368  0.495258368   0.990516736   0.000000000
  pz          0    0.495364817  0.495364817   0.990729634   0.000000000
   sum over m      1.497652301  1.497652301   2.995304603   0.000000000
   sum over m+mul  1.497652301  1.497652301   2.995304603   0.000000000

   18    C          Up spin      Down spin     Sum           Diff
            multiple
  s           0    0.504421329  0.504421329   1.008842657   0.000000000
   sum over m      0.504421329  0.504421329   1.008842657   0.000000000
   sum over m+mul  0.504421329  0.504421329   1.008842657   0.000000000
  px          0    0.494931456  0.494931456   0.989862911   0.000000000
  py          0    0.495326933  0.495326933   0.990653866   0.000000000
  pz          0    0.498305803  0.498305803   0.996611606   0.000000000
   sum over m      1.488564191  1.488564191   2.977128383   0.000000000
   sum over m+mul  1.488564191  1.488564191   2.977128383   0.000000000

   19    C          Up spin      Down spin     Sum           Diff
            multiple
  s           0    0.507564779  0.507564779   1.015129558   0.000000000
   sum over m      0.507564779  0.507564779   1.015129558   0.000000000
   sum over m+mul  0.507564779  0.507564779   1.015129558   0.000000000
  px          0    0.495646415  0.495646415   0.991292830   0.000000000
  py          0    0.507273576  0.507273576   1.014547153   0.000000000
  pz          0    0.496188481  0.496188481   0.992376962   0.000000000
   sum over m      1.499108472  1.499108472   2.998216944   0.000000000
   sum over m+mul  1.499108472  1.499108472   2.998216944   0.000000000

   20    C          Up spin      Down spin     Sum           Diff
            multiple
  s           0    0.508119595  0.508119595   1.016239190   0.000000000
   sum over m      0.508119595  0.508119595   1.016239190   0.000000000
   sum over m+mul  0.508119595  0.508119595   1.016239190   0.000000000
  px          0    0.495584722  0.495584722   0.991169444   0.000000000
  py          0    0.506528430  0.506528430   1.013056861   0.000000000
  pz          0    0.495841442  0.495841442   0.991682885   0.000000000
   sum over m      1.497954594  1.497954594   2.995909189   0.000000000
   sum over m+mul  1.497954594  1.497954594   2.995909189   0.000000000

   21    C          Up spin      Down spin     Sum           Diff
            multiple
  s           0    0.508782871  0.508782871   1.017565742   0.000000000
   sum over m      0.508782871  0.508782871   1.017565742   0.000000000
   sum over m+mul  0.508782871  0.508782871   1.017565742   0.000000000
  px          0    0.496375480  0.496375480   0.992750960   0.000000000
  py          0    0.507410089  0.507410089   1.014820177   0.000000000
  pz          0    0.495911391  0.495911391   0.991822783   0.000000000
   sum over m      1.499696960  1.499696960   2.999393920   0.000000000
   sum over m+mul  1.499696960  1.499696960   2.999393920   0.000000000

   22    C          Up spin      Down spin     Sum           Diff
            multiple
  s           0    0.507938975  0.507938975   1.015877951   0.000000000
   sum over m      0.507938975  0.507938975   1.015877951   0.000000000
   sum over m+mul  0.507938975  0.507938975   1.015877951   0.000000000
  px          0    0.495397486  0.495397486   0.990794972   0.000000000
  py          0    0.506796895  0.506796895   1.013593789   0.000000000
  pz          0    0.495951895  0.495951895   0.991903791   0.000000000
   sum over m      1.498146276  1.498146276   2.996292553   0.000000000
   sum over m+mul  1.498146276  1.498146276   2.996292553   0.000000000

   23    C          Up spin      Down spin     Sum           Diff
            multiple
  s           0    0.504745229  0.504745229   1.009490458   0.000000000
   sum over m      0.504745229  0.504745229   1.009490458   0.000000000
   sum over m+mul  0.504745229  0.504745229   1.009490458   0.000000000
  px          0    0.494810790  0.494810790   0.989621579   0.000000000
  py          0    0.494701482  0.494701482   0.989402964   0.000000000
  pz          0    0.498032692  0.498032692   0.996065385   0.000000000
   sum over m      1.487544964  1.487544964   2.975089928   0.000000000
   sum over m+mul  1.487544964  1.487544964   2.975089928   0.000000000

   24    C          Up spin      Down spin     Sum           Diff
            multiple
  s           0    0.502260342  0.502260342   1.004520684   0.000000000
   sum over m      0.502260342  0.502260342   1.004520684   0.000000000
   sum over m+mul  0.502260342  0.502260342   1.004520684   0.000000000
  px          0    0.507336018  0.507336018   1.014672036   0.000000000
  py          0    0.496631044  0.496631044   0.993262088   0.000000000
  pz          0    0.495696821  0.495696821   0.991393642   0.000000000
   sum over m      1.499663883  1.499663883   2.999327766   0.000000000
   sum over m+mul  1.499663883  1.499663883   2.999327766   0.000000000

   25    C          Up spin      Down spin     Sum           Diff
            multiple
  s           0    0.505326448  0.505326448   1.010652896   0.000000000
   sum over m      0.505326448  0.505326448   1.010652896   0.000000000
   sum over m+mul  0.505326448  0.505326448   1.010652896   0.000000000
  px          0    0.494330769  0.494330769   0.988661539   0.000000000
  py          0    0.494635653  0.494635653   0.989271307   0.000000000
  pz          0    0.497635223  0.497635223   0.995270445   0.000000000
   sum over m      1.486601645  1.486601645   2.973203291   0.000000000
   sum over m+mul  1.486601645  1.486601645   2.973203291   0.000000000

   26    C          Up spin      Down spin     Sum           Diff
            multiple
  s           0    0.504563971  0.504563971   1.009127942   0.000000000
   sum over m      0.504563971  0.504563971   1.009127942   0.000000000
   sum over m+mul  0.504563971  0.504563971   1.009127942   0.000000000
  px          0    0.495282737  0.495282737   0.990565474   0.000000000
  py          0    0.498056983  0.498056983   0.996113966   0.000000000
  pz          0    0.494870392  0.494870392   0.989740785   0.000000000
   sum over m      1.488210113  1.488210113   2.976420225   0.000000000
   sum over m+mul  1.488210113  1.488210113   2.976420225   0.000000000

   27    C          Up spin      Down spin     Sum           Diff
            multiple
  s           0    0.507950756  0.507950756   1.015901512   0.000000000
   sum over m      0.507950756  0.507950756   1.015901512   0.000000000
   sum over m+mul  0.507950756  0.507950756   1.015901512   0.000000000
  px          0    0.506904200  0.506904200   1.013808400   0.000000000
  py          0    0.495976390  0.495976390   0.991952779   0.000000000
  pz          0    0.495663279  0.495663279   0.991326559   0.000000000
   sum over m      1.498543869  1.498543869   2.997087737   0.000000000
   sum over m+mul  1.498543869  1.498543869   2.997087737   0.000000000

   28    C          Up spin      Down spin     Sum           Diff
            multiple
  s           0    0.508482208  0.508482208   1.016964417   0.000000000
   sum over m      0.508482208  0.508482208   1.016964417   0.000000000
   sum over m+mul  0.508482208  0.508482208   1.016964417   0.000000000
  px          0    0.507334948  0.507334948   1.014669895   0.000000000
  py          0    0.495852828  0.495852828   0.991705656   0.000000000
  pz          0    0.495933946  0.495933946   0.991867893   0.000000000
   sum over m      1.499121722  1.499121722   2.998243444   0.000000000
   sum over m+mul  1.499121722  1.499121722   2.998243444   0.000000000

   29    C          Up spin      Down spin     Sum           Diff
            multiple
  s           0    0.504112721  0.504112721   1.008225443   0.000000000
   sum over m      0.504112721  0.504112721   1.008225443   0.000000000
   sum over m+mul  0.504112721  0.504112721   1.008225443   0.000000000
  px          0    0.495778913  0.495778913   0.991557826   0.000000000
  py          0    0.498652629  0.498652629   0.997305259   0.000000000
  pz          0    0.494991311  0.494991311   0.989982622   0.000000000
   sum over m      1.489422853  1.489422853   2.978845706   0.000000000
   sum over m+mul  1.489422853  1.489422853   2.978845706   0.000000000

   30    C          Up spin      Down spin     Sum           Diff
            multiple
  s           0    0.501399854  0.501399854   1.002799707   0.000000000
   sum over m      0.501399854  0.501399854   1.002799707   0.000000000
   sum over m+mul  0.501399854  0.501399854   1.002799707   0.000000000
  px          0    0.495781778  0.495781778   0.991563557   0.000000000
  py          0    0.495852242  0.495852242   0.991704483   0.000000000
  pz          0    0.507468248  0.507468248   1.014936495   0.000000000
   sum over m      1.499102267  1.499102267   2.998204535   0.000000000
   sum over m+mul  1.499102267  1.499102267   2.998204535   0.000000000

   31    C          Up spin      Down spin     Sum           Diff
            multiple
  s           0    0.509017331  0.509017331   1.018034661   0.000000000
   sum over m      0.509017331  0.509017331   1.018034661   0.000000000
   sum over m+mul  0.509017331  0.509017331   1.018034661   0.000000000
  px          0    0.495708694  0.495708694   0.991417389   0.000000000
  py          0    0.494539961  0.494539961   0.989079922   0.000000000
  pz          0    0.506195720  0.506195720   1.012391440   0.000000000
   sum over m      1.496444376  1.496444376   2.992888751   0.000000000
   sum over m+mul  1.496444376  1.496444376   2.992888751   0.000000000

   32    C          Up spin      Down spin     Sum           Diff
            multiple
  s           0    0.505799091  0.505799091   1.011598182   0.000000000
   sum over m      0.505799091  0.505799091   1.011598182   0.000000000
   sum over m+mul  0.505799091  0.505799091   1.011598182   0.000000000
  px          0    0.497634367  0.497634367   0.995268734   0.000000000
  py          0    0.494311178  0.494311178   0.988622355   0.000000000
  pz          0    0.494685234  0.494685234   0.989370468   0.000000000
   sum over m      1.486630779  1.486630779   2.973261558   0.000000000
   sum over m+mul  1.486630779  1.486630779   2.973261558   0.000000000

   33    C          Up spin      Down spin     Sum           Diff
            multiple
  s           0    0.503264833  0.503264833   1.006529666   0.000000000
   sum over m      0.503264833  0.503264833   1.006529666   0.000000000
   sum over m+mul  0.503264833  0.503264833   1.006529666   0.000000000
  px          0    0.495007590  0.495007590   0.990015180   0.000000000
  py          0    0.506596137  0.506596137   1.013192274   0.000000000
  pz          0    0.495060865  0.495060865   0.990121729   0.000000000
   sum over m      1.496664592  1.496664592   2.993329183   0.000000000
   sum over m+mul  1.496664592  1.496664592   2.993329183   0.000000000

   34    C          Up spin      Down spin     Sum           Diff
            multiple
  s           0    0.505915887  0.505915887   1.011831774   0.000000000
   sum over m      0.505915887  0.505915887   1.011831774   0.000000000
   sum over m+mul  0.505915887  0.505915887   1.011831774   0.000000000
  px          0    0.497631379  0.497631379   0.995262758   0.000000000
  py          0    0.494021064  0.494021064   0.988042128   0.000000000
  pz          0    0.494410425  0.494410425   0.988820850   0.000000000
   sum over m      1.486062868  1.486062868   2.972125736   0.000000000
   sum over m+mul  1.486062868  1.486062868   2.972125736   0.000000000

   35    C          Up spin      Down spin     Sum           Diff
            multiple
  s           0    0.509008318  0.509008318   1.018016637   0.000000000
   sum over m      0.509008318  0.509008318   1.018016637   0.000000000
   sum over m+mul  0.509008318  0.509008318   1.018016637   0.000000000
  px          0    0.495766067  0.495766067   0.991532135   0.000000000
  py          0    0.494864557  0.494864557   0.989729113   0.000000000
  pz          0    0.506508464  0.506508464   1.013016927   0.000000000
   sum over m      1.497139088  1.497139088   2.994278175   0.000000000
   sum over m+mul  1.497139088  1.497139088   2.994278175   0.000000000

   36    C          Up spin      Down spin     Sum           Diff
            multiple
  s           0    0.509151838  0.509151838   1.018303675   0.000000000
   sum over m      0.509151838  0.509151838   1.018303675   0.000000000
   sum over m+mul  0.509151838  0.509151838   1.018303675   0.000000000
  px          0    0.496421339  0.496421339   0.992842678   0.000000000
  py          0    0.507621568  0.507621568   1.015243137   0.000000000
  pz          0    0.495911440  0.495911440   0.991822880   0.000000000
   sum over m      1.499954347  1.499954347   2.999908694   0.000000000
   sum over m+mul  1.499954347  1.499954347   2.999908694   0.000000000

   37    C          Up spin      Down spin     Sum           Diff
            multiple
  s           0    0.507813974  0.507813974   1.015627949   0.000000000
   sum over m      0.507813974  0.507813974   1.015627949   0.000000000
   sum over m+mul  0.507813974  0.507813974   1.015627949   0.000000000
  px          0    0.495398749  0.495398749   0.990797497   0.000000000
  py          0    0.506795361  0.506795361   1.013590722   0.000000000
  pz          0    0.495978343  0.495978343   0.991956687   0.000000000
   sum over m      1.498172453  1.498172453   2.996344906   0.000000000
   sum over m+mul  1.498172453  1.498172453   2.996344906   0.000000000

   38    C          Up spin      Down spin     Sum           Diff
            multiple
  s           0    0.504761263  0.504761263   1.009522526   0.000000000
   sum over m      0.504761263  0.504761263   1.009522526   0.000000000
   sum over m+mul  0.504761263  0.504761263   1.009522526   0.000000000
  px          0    0.494848313  0.494848313   0.989696627   0.000000000
  py          0    0.494663714  0.494663714   0.989327429   0.000000000
  pz          0    0.498022322  0.498022322   0.996044644   0.000000000
   sum over m      1.487534350  1.487534350   2.975068700   0.000000000
   sum over m+mul  1.487534350  1.487534350   2.975068700   0.000000000

   39    C          Up spin      Down spin     Sum           Diff
            multiple
  s           0    0.501884979  0.501884979   1.003769958   0.000000000
   sum over m      0.501884979  0.501884979   1.003769958   0.000000000
   sum over m+mul  0.501884979  0.501884979   1.003769958   0.000000000
  px          0    0.507450868  0.507450868   1.014901736   0.000000000
  py          0    0.496557514  0.496557514   0.993115029   0.000000000
  pz          0    0.495891277  0.495891277   0.991782555   0.000000000
   sum over m      1.499899660  1.499899660   2.999799319   0.000000000
   sum over m+mul  1.499899660  1.499899660   2.999799319   0.000000000

   40    C          Up spin      Down spin     Sum           Diff
            multiple
  s           0    0.505040367  0.505040367   1.010080733   0.000000000
   sum over m      0.505040367  0.505040367   1.010080733   0.000000000
   sum over m+mul  0.505040367  0.505040367   1.010080733   0.000000000
  px          0    0.494124888  0.494124888   0.988249775   0.000000000
  py          0    0.494206237  0.494206237   0.988412475   0.000000000
  pz          0    0.497632551  0.497632551   0.995265101   0.000000000
   sum over m      1.485963676  1.485963676   2.971927352   0.000000000
   sum over m+mul  1.485963676  1.485963676   2.971927352   0.000000000

   41    C          Up spin      Down spin     Sum           Diff
            multiple
  s           0    0.504690152  0.504690152   1.009380304   0.000000000
   sum over m      0.504690152  0.504690152   1.009380304   0.000000000
   sum over m+mul  0.504690152  0.504690152   1.009380304   0.000000000
  px          0    0.495347030  0.495347030   0.990694059   0.000000000
  py          0    0.498009245  0.498009245   0.996018490   0.000000000
  pz          0    0.494859888  0.494859888   0.989719776   0.000000000
   sum over m      1.488216163  1.488216163   2.976432326   0.000000000
   sum over m+mul  1.488216163  1.488216163   2.976432326   0.000000000

   42    C          Up spin      Down spin     Sum           Diff
            multiple
  s           0    0.507732629  0.507732629   1.015465257   0.000000000
   sum over m      0.507732629  0.507732629   1.015465257   0.000000000
   sum over m+mul  0.507732629  0.507732629   1.015465257   0.000000000
  px          0    0.507093827  0.507093827   1.014187654   0.000000000
  py          0    0.496164497  0.496164497   0.992328994   0.000000000
  pz          0    0.496187884  0.496187884   0.992375768   0.000000000
   sum over m      1.499446208  1.499446208   2.998892416   0.000000000
   sum over m+mul  1.499446208  1.499446208   2.998892416   0.000000000

   43    C          Up spin      Down spin     Sum           Diff
            multiple
  s           0    0.508482191  0.508482191   1.016964383   0.000000000
   sum over m      0.508482191  0.508482191   1.016964383   0.000000000
   sum over m+mul  0.508482191  0.508482191   1.016964383   0.000000000
  px          0    0.507245829  0.507245829   1.014491658   0.000000000
  py          0    0.495849016  0.495849016   0.991698031   0.000000000
  pz          0    0.495631902  0.495631902   0.991263803   0.000000000
   sum over m      1.498726746  1.498726746   2.997453492   0.000000000
   sum over m+mul  1.498726746  1.498726746   2.997453492   0.000000000

   44    C          Up spin      Down spin     Sum           Diff
            multiple
  s           0    0.504130089  0.504130089   1.008260178   0.000000000
   sum over m      0.504130089  0.504130089   1.008260178   0.000000000
   sum over m+mul  0.504130089  0.504130089   1.008260178   0.000000000
  px          0    0.496080965  0.496080965   0.992161929   0.000000000
  py          0    0.498761665  0.498761665   0.997523329   0.000000000
  pz          0    0.495030312  0.495030312   0.990060623   0.000000000
   sum over m      1.489872941  1.489872941   2.979745882   0.000000000
   sum over m+mul  1.489872941  1.489872941   2.979745882   0.000000000

   45    C          Up spin      Down spin     Sum           Diff
            multiple
  s           0    0.501383302  0.501383302   1.002766604   0.000000000
   sum over m      0.501383302  0.501383302   1.002766604   0.000000000
   sum over m+mul  0.501383302  0.501383302   1.002766604   0.000000000
  px          0    0.495688699  0.495688699   0.991377397   0.000000000
  py          0    0.495859809  0.495859809   0.991719619   0.000000000
  pz          0    0.507486064  0.507486064   1.014972128   0.000000000
   sum over m      1.499034572  1.499034572   2.998069144   0.000000000
   sum over m+mul  1.499034572  1.499034572   2.998069144   0.000000000

   46    C          Up spin      Down spin     Sum           Diff
            multiple
  s           0    0.509240278  0.509240278   1.018480556   0.000000000
   sum over m      0.509240278  0.509240278   1.018480556   0.000000000
   sum over m+mul  0.509240278  0.509240278   1.018480556   0.000000000
  px          0    0.495187849  0.495187849   0.990375698   0.000000000
  py          0    0.495929794  0.495929794   0.991859588   0.000000000
  pz          0    0.507309062  0.507309062   1.014618124   0.000000000
   sum over m      1.498426705  1.498426705   2.996853409   0.000000000
   sum over m+mul  1.498426705  1.498426705   2.996853409   0.000000000

   47    C          Up spin      Down spin     Sum           Diff
            multiple
  s           0    0.504178263  0.504178263   1.008356526   0.000000000
   sum over m      0.504178263  0.504178263   1.008356526   0.000000000
   sum over m+mul  0.504178263  0.504178263   1.008356526   0.000000000
  px          0    0.498444890  0.498444890   0.996889780   0.000000000
  py          0    0.495057173  0.495057173   0.990114347   0.000000000
  pz          0    0.495307590  0.495307590   0.990615181   0.000000000
   sum over m      1.488809654  1.488809654   2.977619307   0.000000000
   sum over m+mul  1.488809654  1.488809654   2.977619307   0.000000000

   48    C          Up spin      Down spin     Sum           Diff
            multiple
  s           0    0.502436654  0.502436654   1.004873307   0.000000000
   sum over m      0.502436654  0.502436654   1.004873307   0.000000000
   sum over m+mul  0.502436654  0.502436654   1.004873307   0.000000000
  px          0    0.495668629  0.495668629   0.991337257   0.000000000
  py          0    0.507121528  0.507121528   1.014243057   0.000000000
  pz          0    0.495698018  0.495698018   0.991396036   0.000000000
   sum over m      1.498488175  1.498488175   2.996976350   0.000000000
   sum over m+mul  1.498488175  1.498488175   2.996976350   0.000000000

   49    C          Up spin      Down spin     Sum           Diff
            multiple
  s           0    0.503966295  0.503966295   1.007932590   0.000000000
   sum over m      0.503966295  0.503966295   1.007932590   0.000000000
   sum over m+mul  0.503966295  0.503966295   1.007932590   0.000000000
  px          0    0.498454399  0.498454399   0.996908799   0.000000000
  py          0    0.494769819  0.494769819   0.989539638   0.000000000
  pz          0    0.495163100  0.495163100   0.990326201   0.000000000
   sum over m      1.488387319  1.488387319   2.976774637   0.000000000
   sum over m+mul  1.488387319  1.488387319   2.976774637   0.000000000

   50    C          Up spin      Down spin     Sum           Diff
            multiple
  s           0    0.509451603  0.509451603   1.018903206   0.000000000
   sum over m      0.509451603  0.509451603   1.018903206   0.000000000
   sum over m+mul  0.509451603  0.509451603   1.018903206   0.000000000
  px          0    0.495028357  0.495028357   0.990056714   0.000000000
  py          0    0.495681366  0.495681366   0.991362731   0.000000000
  pz          0    0.507263297  0.507263297   1.014526595   0.000000000
   sum over m      1.497973020  1.497973020   2.995946041   0.000000000
   sum over m+mul  1.497973020  1.497973020   2.995946041   0.000000000

   51    C          Up spin      Down spin     Sum           Diff
            multiple
  s           0    0.501689742  0.501689742   1.003379483   0.000000000
   sum over m      0.501689742  0.501689742   1.003379483   0.000000000
   sum over m+mul  0.501689742  0.501689742   1.003379483   0.000000000
  px          0    0.495947434  0.495947434   0.991894869   0.000000000
  py          0    0.495802318  0.495802318   0.991604637   0.000000000
  pz          0    0.507437326  0.507437326   1.014874652   0.000000000
   sum over m      1.499187078  1.499187078   2.998374157   0.000000000
   sum over m+mul  1.499187078  1.499187078   2.998374157   0.000000000

   52    C          Up spin      Down spin     Sum           Diff
            multiple
  s           0    0.504378148  0.504378148   1.008756296   0.000000000
   sum over m      0.504378148  0.504378148   1.008756296   0.000000000
   sum over m+mul  0.504378148  0.504378148   1.008756296   0.000000000
  px          0    0.495796445  0.495796445   0.991592891   0.000000000
  py          0    0.498563114  0.498563114   0.997126228   0.000000000
  pz          0    0.494925060  0.494925060   0.989850119   0.000000000
   sum over m      1.489284619  1.489284619   2.978569238   0.000000000
   sum over m+mul  1.489284619  1.489284619   2.978569238   0.000000000

   53    C          Up spin      Down spin     Sum           Diff
            multiple
  s           0    0.508653174  0.508653174   1.017306349   0.000000000
   sum over m      0.508653174  0.508653174   1.017306349   0.000000000
   sum over m+mul  0.508653174  0.508653174   1.017306349   0.000000000
  px          0    0.506991983  0.506991983   1.013983966   0.000000000
  py          0    0.495811731  0.495811731   0.991623461   0.000000000
  pz          0    0.495282476  0.495282476   0.990564952   0.000000000
   sum over m      1.498086190  1.498086190   2.996172379   0.000000000
   sum over m+mul  1.498086190  1.498086190   2.996172379   0.000000000

   54    C          Up spin      Down spin     Sum           Diff
            multiple
  s           0    0.507774325  0.507774325   1.015548650   0.000000000
   sum over m      0.507774325  0.507774325   1.015548650   0.000000000
   sum over m+mul  0.507774325  0.507774325   1.015548650   0.000000000
  px          0    0.507472062  0.507472062   1.014944124   0.000000000
  py          0    0.496167702  0.496167702   0.992335405   0.000000000
  pz          0    0.496405834  0.496405834   0.992811668   0.000000000
   sum over m      1.500045598  1.500045598   3.000091197   0.000000000
   sum over m+mul  1.500045598  1.500045598   3.000091197   0.000000000

   55    C          Up spin      Down spin     Sum           Diff
            multiple
  s           0    0.504722332  0.504722332   1.009444665   0.000000000
   sum over m      0.504722332  0.504722332   1.009444665   0.000000000
   sum over m+mul  0.504722332  0.504722332   1.009444665   0.000000000
  px          0    0.494616437  0.494616437   0.989232874   0.000000000
  py          0    0.497842493  0.497842493   0.995684985   0.000000000
  pz          0    0.494651058  0.494651058   0.989302115   0.000000000
   sum over m      1.487109987  1.487109987   2.974219975   0.000000000
   sum over m+mul  1.487109987  1.487109987   2.974219975   0.000000000

   56    C          Up spin      Down spin     Sum           Diff
            multiple
  s           0    0.505455995  0.505455995   1.010911990   0.000000000
   sum over m      0.505455995  0.505455995   1.010911990   0.000000000
   sum over m+mul  0.505455995  0.505455995   1.010911990   0.000000000
  px          0    0.494791507  0.494791507   0.989583014   0.000000000
  py          0    0.495564668  0.495564668   0.991129336   0.000000000
  pz          0    0.497759338  0.497759338   0.995518676   0.000000000
   sum over m      1.488115513  1.488115513   2.976231026   0.000000000
   sum over m+mul  1.488115513  1.488115513   2.976231026   0.000000000

   57    C          Up spin      Down spin     Sum           Diff
            multiple
  s           0    0.501685689  0.501685689   1.003371378   0.000000000
   sum over m      0.501685689  0.501685689   1.003371378   0.000000000
   sum over m+mul  0.501685689  0.501685689   1.003371378   0.000000000
  px          0    0.507234686  0.507234686   1.014469373   0.000000000
  py          0    0.495504711  0.495504711   0.991009423   0.000000000
  pz          0    0.495670650  0.495670650   0.991341301   0.000000000
   sum over m      1.498410048  1.498410048   2.996820096   0.000000000
   sum over m+mul  1.498410048  1.498410048   2.996820096   0.000000000

   58    C          Up spin      Down spin     Sum           Diff
            multiple
  s           0    0.504481904  0.504481904   1.008963808   0.000000000
   sum over m      0.504481904  0.504481904   1.008963808   0.000000000
   sum over m+mul  0.504481904  0.504481904   1.008963808   0.000000000
  px          0    0.494872652  0.494872652   0.989745304   0.000000000
  py          0    0.495170151  0.495170151   0.990340303   0.000000000
  pz          0    0.498222831  0.498222831   0.996445662   0.000000000
   sum over m      1.488265634  1.488265634   2.976531268   0.000000000
   sum over m+mul  1.488265634  1.488265634   2.976531268   0.000000000

   59    C          Up spin      Down spin     Sum           Diff
            multiple
  s           0    0.507736391  0.507736391   1.015472782   0.000000000
   sum over m      0.507736391  0.507736391   1.015472782   0.000000000
   sum over m+mul  0.507736391  0.507736391   1.015472782   0.000000000
  px          0    0.495757293  0.495757293   0.991514586   0.000000000
  py          0    0.507381336  0.507381336   1.014762673   0.000000000
  pz          0    0.496138268  0.496138268   0.992276536   0.000000000
   sum over m      1.499276897  1.499276897   2.998553795   0.000000000
   sum over m+mul  1.499276897  1.499276897   2.998553795   0.000000000

   60    C          Up spin      Down spin     Sum           Diff
            multiple
  s           0    0.508018274  0.508018274   1.016036548   0.000000000
   sum over m      0.508018274  0.508018274   1.016036548   0.000000000
   sum over m+mul  0.508018274  0.508018274   1.016036548   0.000000000
  px          0    0.495890449  0.495890449   0.991780899   0.000000000
  py          0    0.506954708  0.506954708   1.013909416   0.000000000
  pz          0    0.496061605  0.496061605   0.992123209   0.000000000
   sum over m      1.498906762  1.498906762   2.997813524   0.000000000
   sum over m+mul  1.498906762  1.498906762   2.997813524   0.000000000

***********************************************************
***********************************************************
                    Dipole moment (Debye)                  
***********************************************************
***********************************************************

 Absolute D        0.00662373

                      Dx                Dy                Dz
 Total             -0.00655173        0.00063589        0.00073770
 Core           -3993.44915033       29.99487369     -805.64591100
 Electron        3993.44259860      -29.99423779      805.64664871
 Back ground        0.00000000       -0.00000000        0.00000000

***********************************************************
***********************************************************
       xyz-coordinates (Ang) and forces (Hartree/Bohr)  
***********************************************************
***********************************************************

<coordinates.forces
  60
    1     C    -3.45975   0.71223  -4.17587   0.000703365579  0.050817070535 -0.024460507629
    2     C    -4.63970   1.44078  -3.72814   0.020864748177  0.041317098194 -0.029444775376
    3     C    -4.17340   2.64914  -3.01671   0.004948721360 -0.003540954762 -0.044536245024
    4     C    -2.71712   2.63783  -3.01734  -0.003858765365 -0.002629688319 -0.043267602893
    5     C    -2.26803   1.42282  -3.72893  -0.020583661945  0.041543357515 -0.029139453988
    6     C    -4.21253  -2.58327  -3.01960   0.007463135881  0.001683741660 -0.041823191217
    7     C    -4.65882  -1.36899  -3.73089   0.018842803669 -0.043110939435 -0.029005251266
    8     C    -3.46907  -0.66197  -4.17801  -0.000248378476 -0.047255491365 -0.025328518760
    9     C    -2.29023  -1.38629  -3.72899  -0.019725628242 -0.042916514053 -0.029597074646
   10     C    -2.75245  -2.59292  -3.01741  -0.007599181106  0.001199011515 -0.043207850256
   11     C    -6.94116   0.05339  -1.38546  -0.026067294818 -0.001000537714 -0.050304166396
   12     C    -6.48842   1.23310  -2.10383  -0.029684169996 -0.019514991975 -0.042722029809
   13     C    -5.78134   0.77169  -3.31304  -0.041404838417 -0.004145994145  0.000533374252
   14     C    -5.78870  -0.68434  -3.31378  -0.044074485662  0.005400753047  0.001775884439
   15     C    -6.50467  -1.13456  -2.10443  -0.029090776466  0.019271763860 -0.041385220411
   16     C    -4.85294   3.07180   0.48806  -0.038384946331  0.028074083213 -0.020305628352
   17     C    -4.12468   3.50538  -0.69960  -0.051064634251  0.026717244998  0.003117262933
   18     C    -4.84847   3.06734  -1.88104  -0.040928277764  0.029299356096  0.018055458295
   19     C    -6.06212   2.36282  -1.42738   0.001897642192  0.044713154281  0.006030632061
   20     C    -6.06394   2.36210   0.02794   0.002319384564  0.044298624433 -0.003141106588
   21     C    -0.82864   2.32416   0.02798  -0.003038902268  0.043923367341 -0.004481204150
   22     C    -0.83107   2.32488  -1.42866  -0.001203754302  0.044553356430  0.006847782238
   23     C    -2.03410   3.04854  -1.88170   0.041020211429  0.027998680987  0.016281416973
   24     C    -2.75176   3.49844  -0.70094   0.050336447207  0.024522742189  0.003135245209
   25     C    -2.03560   3.04360   0.48409   0.041614782620  0.028701839267 -0.018769085419
   26     C    -0.43997  -1.17957  -2.10599   0.029353811029  0.017449547215 -0.040476646592
   27     C    -1.14911  -0.72002  -3.31402   0.043811355685  0.006077459239  0.001162202306
   28     C    -1.13718   0.73625  -3.31311   0.041826790339 -0.004321868488  0.000947550427
   29     C    -0.42382   1.18630  -2.10273   0.029046644232 -0.019339030443 -0.043355204936
   30     C     0.01172   0.00003  -1.38503   0.026401746295 -0.000412538587 -0.050264544888
   31     C    -4.21230  -2.58581   1.61962   0.003887271158  0.003190915146  0.043535215377
   32     C    -4.66235  -1.36996   2.33164   0.021576125757 -0.041853566943  0.029007693349
   33     C    -3.46988  -0.65903   2.77906  -0.000352468929 -0.051358584968  0.023953670209
   34     C    -2.28854  -1.38763   2.33141  -0.021664099247 -0.042002282344  0.028629466831
   35     C    -2.75599  -2.59765   1.61875  -0.004203966484  0.004711891116  0.044949968044
   36     C    -6.10043  -2.27391  -1.42633   0.003872466007 -0.043815309535  0.004331517131
   37     C    -6.09703  -2.27271   0.03017   0.001044129575 -0.044854297484 -0.006721852148
   38     C    -4.89414  -2.99686   0.48325  -0.041147089372 -0.027641607584 -0.015777190348
   39     C    -4.17545  -3.44594  -0.69664  -0.050668868132 -0.024916889890 -0.002983893010
   40     C    -4.89031  -2.99150  -1.88111  -0.043326810502 -0.028738049788  0.018783507791
   41     C    -6.48881   1.23117   0.70849  -0.029371007077 -0.016901127475  0.039412090163
   42     C    -5.77982   0.77236   1.91597  -0.043703528208 -0.005818799137 -0.000859318629
   43     C    -5.79282  -0.68318   1.91497  -0.041550943252  0.003424900016 -0.001008588114
   44     C    -6.50569  -1.13451   0.70414  -0.028681688839  0.019072369532  0.043711683397
   45     C    -6.94021   0.05143  -0.01338  -0.026494689311  0.001004992442  0.050067231686
   46     C    -2.71422   2.63243   1.62175  -0.009256125650  0.000304810554  0.041189681638
   47     C    -2.26878   1.42029   2.33348  -0.019060506660  0.043136333069  0.029227003132
   48     C    -3.45947   0.71557   2.78090   0.000257372276  0.045830746584  0.025422733980
   49     C    -4.63834   1.43816   2.33078   0.019475418562  0.043483241691  0.030034304861
   50     C    -4.17691   2.64697   1.62294   0.008940194812 -0.001225908781  0.041582211281
   51     C     0.01344  -0.00165  -0.01301   0.026105154203  0.001196779295  0.050368186598
   52     C    -0.43904  -1.18095   0.70482   0.028784286751  0.018547274419  0.043322644924
   53     C    -1.14655  -0.71871   1.91526   0.041265543188  0.002851173286 -0.000995008462
   54     C    -1.13888   0.73667   1.91591   0.044285446850 -0.005675257021 -0.001557898265
   55     C    -0.42313   1.18579   0.70697   0.029181346328 -0.018804561051  0.040720748866
   56     C    -2.07685  -3.01759  -1.88359   0.039359043123 -0.028673165027  0.018993344473
   57     C    -2.80281  -3.45482  -0.69865   0.050348387107 -0.026661517806 -0.001911459049
   58     C    -2.08055  -3.01574   0.48274   0.041578487380 -0.028851656777 -0.017310750486
   59     C    -0.86620  -2.31124   0.02824  -0.001780114460 -0.044102688397 -0.004777096032
   60     C    -0.86415  -2.31095  -1.42670  -0.002225630157 -0.044029000984  0.003898075454
coordinates.forces>

***********************************************************
***********************************************************
       Fractional coordinates of the final structure       
***********************************************************
***********************************************************

     1      C     0.71168750000000   0.05935250000000   0.65201083333333
     2      C     0.61335833333333   0.12006500000000   0.68932166666667
     3      C     0.65221666666667   0.22076166666667   0.74860750000000
     4      C     0.77357333333333   0.21981916666667   0.74855500000000
     5      C     0.81099750000000   0.11856833333333   0.68925583333333
     6      C     0.64895583333333   0.78472750000000   0.74836666666667
     7      C     0.61176500000000   0.88591750000000   0.68909250000000
     8      C     0.71091083333333   0.94483583333333   0.65183250000000
     9      C     0.80914750000000   0.88447583333333   0.68925083333333
    10      C     0.77062916666667   0.78392333333333   0.74854916666667
    11      C     0.42157000000000   0.00444916666667   0.88454500000000
    12      C     0.45929833333333   0.10275833333333   0.82468083333333
    13      C     0.51822166666667   0.06430750000000   0.72391333333333
    14      C     0.51760833333333   0.94297166666667   0.72385166666667
    15      C     0.45794416666667   0.90545333333333   0.82463083333333
    16      C     0.59558833333333   0.25598333333333   0.04067166666667
    17      C     0.65627666666667   0.29211500000000   0.94170000000000
    18      C     0.59596083333333   0.25561166666667   0.84324666666667
    19      C     0.49482333333333   0.19690166666667   0.88105166666667
    20      C     0.49467166666667   0.19684166666667   0.00232833333333
    21      C     0.93094666666667   0.19368000000000   0.00233166666667
    22      C     0.93074416666667   0.19374000000000   0.88094500000000
    23      C     0.83049166666667   0.25404500000000   0.84319166666667
    24      C     0.77068666666667   0.29153666666667   0.94158833333333
    25      C     0.83036666666667   0.25363333333333   0.04034083333333
    26      C     0.96333583333333   0.90170250000000   0.82450083333333
    27      C     0.90424083333333   0.93999833333333   0.72383166666667
    28      C     0.90523500000000   0.06135416666667   0.72390750000000
    29      C     0.96468166666667   0.09885833333333   0.82477250000000
    30      C     0.00097666666667   0.00000250000000   0.88458083333333
    31      C     0.64897500000000   0.78451583333333   0.13496833333333
    32      C     0.61147083333333   0.88583666666667   0.19430333333333
    33      C     0.71084333333333   0.94508083333333   0.23158833333333
    34      C     0.80928833333333   0.88436416666667   0.19428416666667
    35      C     0.77033416666667   0.78352916666667   0.13489583333333
    36      C     0.49163083333333   0.81050750000000   0.88113916666667
    37      C     0.49191416666667   0.81060750000000   0.00251416666667
    38      C     0.59215500000000   0.75026166666667   0.04027083333333
    39      C     0.65204583333333   0.71283833333333   0.94194666666667
    40      C     0.59247416666667   0.75070833333333   0.84324083333333
    41      C     0.45926583333333   0.10259750000000   0.05904083333333
    42      C     0.51834833333333   0.06436333333333   0.15966416666667
    43      C     0.51726500000000   0.94306833333333   0.15958083333333
    44      C     0.45785916666667   0.90545750000000   0.05867833333333
    45      C     0.42164916666667   0.00428583333333   0.99888500000000
    46      C     0.77381500000000   0.21936916666667   0.13514583333333
    47      C     0.81093500000000   0.11835750000000   0.19445666666667
    48      C     0.71171083333333   0.05963083333333   0.23174166666667
    49      C     0.61347166666667   0.11984666666667   0.19423166666667
    50      C     0.65192416666667   0.22058083333333   0.13524500000000
    51      C     0.00112000000000   0.99986250000000   0.99891583333333
    52      C     0.96341333333333   0.90158750000000   0.05873500000000
    53      C     0.90445416666667   0.94010750000000   0.15960500000000
    54      C     0.90509333333333   0.06138916666667   0.15965916666667
    55      C     0.96473916666667   0.09881583333333   0.05891416666667
    56      C     0.82692916666667   0.74853416666667   0.84303416666667
    57      C     0.76643250000000   0.71209833333333   0.94177916666667
    58      C     0.82662083333333   0.74868833333333   0.04022833333333
    59      C     0.92781666666667   0.80739666666667   0.00235333333333
    60      C     0.92798750000000   0.80742083333333   0.88110833333333

***********************************************************
***********************************************************
               Computational Time (second)                 
***********************************************************
***********************************************************

   Elapsed.Time.         7.661

                               Min_ID   Min_Time       Max_ID   Max_Time
   Total Computational Time =    92        7.366          0        7.661
   readfile                 =    96        1.988         10        2.002
   truncation               =    80        2.375         29        2.383
   MD_pac                   =     0        0.014         43        0.039
   OutData                  =    93        0.946          0        1.237
   DFT                      =    29        1.893         64        1.902

*** In DFT ***

   Set_OLP_Kin              =    77        0.048         54        0.103
   Set_Nonlocal             =    54        0.180         77        0.235
   Set_ProExpn_VNA          =    67        0.278          0        0.411
   Set_Hamiltonian          =    52        0.041         66        0.042
   Poisson                  =    27        0.007         80        0.007
   Diagonalization          =    82        0.134         44        0.134
   Mixing_DM                =   102        0.036         57        0.036
   Force                    =    25        0.150         67        0.150
   Total_Energy             =    19        0.343          0        0.343
   Set_Aden_Grid            =     0        0.032         67        0.192
   Set_Orbitals_Grid        =    62        0.000         18        0.036
   Set_Density_Grid         =     4        0.021         82        0.032
   RestartFileDFT           =    16        0.047         28        0.322
   Mulliken_Charge          =    33        0.002         86        0.002
   FFT(2D)_Density          =    88        0.033        110        0.033
   Others                   =    59        0.017         16        0.311
