***********************************************************
***********************************************************

  This calculation was performed by OpenMX Ver. 3.842
  using 112 MPI processes and 1 OpenMP threads.

  Sat Jul 27 01:21:34 2019

***********************************************************
***********************************************************

#
#  sialic acid
#

System.CurrrentDirectory         ./    # default=./
System.Name                    SialicAcid
level.of.stdout                   1    # default=1 (1-3)
level.of.fileout                  1    # default=1 (1-3)

#
# Definition of Atomic Species
#

Species.Number       4
<Definition.of.Atomic.Species
 H   H7.0-s2         H_PBE19
 C   C7.0-s2p2d1     C_PBE19
 N   N7.0-s2p2d1     N_PBE19
 O   O7.0-s2p2d1     O_PBE19
Definition.of.Atomic.Species>

#
# Atoms
#

Atoms.Number        40
Atoms.SpeciesAndCoordinates.Unit   Ang # Ang|AU
<Atoms.SpeciesAndCoordinates           # Unit=Ang.
  1    C      2.582389    0.082263    0.275981  2.0 2.0
  2    C      2.373302   -1.138641    1.194045  2.0 2.0
  3    C      1.025279   -1.046303    1.915805  2.0 2.0
  4    O      1.494760    0.417412   -0.551026  3.0 3.0
  5    O      2.737365    1.290409    0.959881  3.0 3.0
  6    C      3.786642   -0.218196   -0.669598  2.0 2.0
  7    C     -0.094548   -0.880994    0.852978  2.0 2.0
  8    O      0.818810   -2.142299    2.769607  3.0 3.0
  9    C      0.189860    0.406427    0.032303  2.0 2.0
 10    O      3.643031   -0.765984   -1.887826  3.0 3.0
 11    N     -1.439593   -0.763227    1.473170  2.5 2.5
 12    C     -0.794830    0.555420   -1.164775  2.0 2.0
 13    C     -2.201474   -1.933622    1.785979  2.0 2.0
 14    C     -0.699037    1.970172   -1.816905  2.0 2.0
 15    O     -0.492165   -0.473838   -2.086758  3.0 3.0
 16    C     -3.380212   -1.734942    2.703342  2.0 2.0
 17    C     -1.692264    2.084875   -3.001286  2.0 2.0
 18    O     -1.043670    2.903447   -0.812168  3.0 3.0
 19    O     -1.330304    3.229879   -3.734910  3.0 3.0
 20    H      2.425174   -2.068894    0.591604  0.5 0.5
 21    H      3.200545   -1.206435    1.928208  0.5 0.5
 22    H      1.026448   -0.193694    2.636486  0.5 0.5
 23    H      3.581516    1.287328    1.392610  0.5 0.5
 24    O      4.952256   -0.033514   -0.388556  3.0 3.0
 25    H     -0.102022   -1.766810    0.166650  0.5 0.5
 26    H      0.735183   -2.921643    2.231726  0.5 0.5
 27    H      0.107549    1.303998    0.694823  0.5 0.5
 28    H      2.725125   -0.850757   -2.119188  0.5 0.5
 29    H     -1.471475   -0.065661    2.186538  0.5 0.5
 30    H     -1.836523    0.400014   -0.786384  0.5 0.5
 31    O     -1.917639   -2.999691    1.261455  3.0 3.0
 32    H      0.345774    2.154635   -2.170503  0.5 0.5
 33    H     -0.997689   -0.290669   -2.871991  0.5 0.5
 34    H     -4.034390   -0.927209    2.348403  0.5 0.5
 35    H     -3.989613   -2.645567    2.777278  0.5 0.5
 36    H     -3.048059   -1.477466    3.718235  0.5 0.5
 37    H     -1.627818    1.184534   -3.650635  0.5 0.5
 38    H     -2.737481    2.157517   -2.640910  0.5 0.5
 39    H     -0.814953    3.755808   -1.157336  0.5 0.5
 40    H     -2.005246    3.361919   -4.386353  0.5 0.5
Atoms.SpeciesAndCoordinates>
Atoms.UnitVectors.Unit             Ang #  Ang|AU
<Atoms.UnitVectors          
  16.0   0.0   0.0
   0.0  14.0   0.0
   0.0   0.0  15.0
Atoms.UnitVectors>

#
# SCF or Electronic System
#

scf.XcType                GGA-PBE      # LDA|LSDA-CA|LSDA-PW
scf.SpinPolarization       off         # On|Off
scf.ElectronicTemperature  900.0       # default=300 (K)
scf.energycutoff           150.0       # default=150 (Ry)
scf.maxIter                 3          # default=40
scf.EigenvalueSolver       cluster     # Recursion|Cluster|Band
scf.Kgrid                  1 1 1       # means 4x4x4
scf.Mixing.Type           rmm-diisk    # Simple|Rmm-Diis|Gr-Pulay
scf.Init.Mixing.Weight     0.100       # default=0.30 
scf.Min.Mixing.Weight      0.001       # default=0.001 
scf.Max.Mixing.Weight      0.600       # default=0.40 
scf.Mixing.History          15         # default=5
scf.Mixing.StartPulay       9          # default=6
scf.criterion             1.0e-10      # default=1.0e-6 (Hartree) 

#
# MD or Geometry Optimization
#

MD.Type                     nomd       # Nomd|Opt|NVE|NVT_VS|NVT_NH
MD.maxIter                   1         # default=1
MD.TimeStep                1.0         # default=0.5 (fs)
MD.Opt.criterion          1.0e-4       # default=1.0e-4 (Hartree/bohr)



***********************************************************
***********************************************************

  Required cutoff energy (Ryd) for 3D-grids = 150.0000
      Used cutoff energy (Ryd) for 3D-grids = 155.4621, 155.4621, 154.0833
  Num. of grids of a-, b-, and c-axes = 120, 105, 112

  Num.Grid1.   120
  Num.Grid2.   105
  Num.Grid3.   112


  Cell_Volume =  22674.399004669944 (Bohr^3)
  GridVol     =      0.016067459612 (Bohr^3)
  Cell vectors (bohr) of the grid cell (gtv)
    gtv_a =  0.251963465144,  0.000000000000,  0.000000000000
    gtv_b =  0.000000000000,  0.251963465144,  0.000000000000
    gtv_c =  0.000000000000,  0.000000000000,  0.253088302042
    |gtv_a| =  0.251963465144
    |gtv_b| =  0.251963465144
    |gtv_c| =  0.253088302042

***********************************************************
***********************************************************


***********************************************************
***********************************************************
                  SCF history at MD= 1                    
***********************************************************
***********************************************************

   SCF=   1  NormRD=  1.000000000000  Uele= -68.542792453854
   SCF=   2  NormRD=  5.276639032490  Uele= -68.542792453854
   SCF=   3  NormRD=  5.239215402064  Uele= -68.502141038703

*******************************************************
        Total energy (Hartree) at MD = 1        
*******************************************************

  Uele.        -68.502141038703

  Ukin.        180.594642349379
  UH0.       -1198.310945845791
  UH1.           0.006955924897
  Una.        -198.348757144643
  Unl.          29.463016651777
  Uxc0.        -33.294415076524
  Uxc1.        -33.294415076524
  Ucore.      1020.638740305686
  Uhub.          0.000000000000
  Ucs.           0.000000000000
  Uzs.           0.000000000000
  Uzo.           0.000000000000
  Uef.           0.000000000000
  UvdW           0.000000000000
  Uch            0.000000000000
  Utot.       -232.545177911743

  Note:

  Utot = Ukin+UH0+UH1+Una+Unl+Uxc0+Uxc1+Ucore+Uhub+Ucs+Uzs+Uzo+Uef+UvdW+Uch

  Uele:   band energy
  Ukin:   kinetic energy
  UH0:    electric part of screened Coulomb energy
  UH1:    difference electron-electron Coulomb energy
  Una:    neutral atom potential energy
  Unl:    non-local potential energy
  Uxc0:   exchange-correlation energy for alpha spin
  Uxc1:   exchange-correlation energy for beta spin
  Ucore:  core-core Coulomb energy
  Uhub:   LDA+U energy
  Ucs:    constraint energy for spin orientation
  Uzs:    Zeeman term for spin magnetic moment
  Uzo:    Zeeman term for orbital magnetic moment
  Uef:    electric energy by electric field
  UvdW:   semi-empirical vdW energy
  Uch:    penalty term to create a core hole

  (see also PRB 72, 045121(2005) for the energy contributions)



  Chemical potential (Hartree)      -0.139238453259

***********************************************************
***********************************************************
            Eigenvalues (Hartree) for SCF KS-eq.           
***********************************************************
***********************************************************

   Chemical Potential (Hartree) =  -0.13923845325880
   Number of States             = 122.00000000000000
   HOMO = 61
   Eigenvalues
                Up-spin            Down-spin
          1  -1.09461062001282  -1.09461062001282
          2  -1.07705372565325  -1.07705372565325
          3  -1.07320894179503  -1.07320894179503
          4  -1.06750118238650  -1.06750118238650
          5  -1.06569022006824  -1.06569022006824
          6  -1.06283744390316  -1.06283744390316
          7  -1.03917480929442  -1.03917480929442
          8  -1.02160542221191  -1.02160542221191
          9  -1.00743133311418  -1.00743133311418
         10  -0.91615496739121  -0.91615496739121
         11  -0.72330141006970  -0.72330141006970
         12  -0.71832048507869  -0.71832048507869
         13  -0.69922218401504  -0.69922218401504
         14  -0.68865439412860  -0.68865439412860
         15  -0.65155609509165  -0.65155609509165
         16  -0.63362547868570  -0.63362547868570
         17  -0.62844071088749  -0.62844071088749
         18  -0.62132892740371  -0.62132892740371
         19  -0.60789407348028  -0.60789407348028
         20  -0.59625499274117  -0.59625499274117
         21  -0.58234623346902  -0.58234623346902
         22  -0.56676777081921  -0.56676777081921
         23  -0.54790260881453  -0.54790260881453
         24  -0.54152703537382  -0.54152703537382
         25  -0.52931872208970  -0.52931872208970
         26  -0.51758407504915  -0.51758407504915
         27  -0.50862006925217  -0.50862006925217
         28  -0.49879142934334  -0.49879142934334
         29  -0.49541515114858  -0.49541515114858
         30  -0.48865182142375  -0.48865182142375
         31  -0.48028705256725  -0.48028705256725
         32  -0.47521726262736  -0.47521726262736
         33  -0.46840156639598  -0.46840156639598
         34  -0.46205678661489  -0.46205678661489
         35  -0.45727028208657  -0.45727028208657
         36  -0.45430040081683  -0.45430040081683
         37  -0.44795786562739  -0.44795786562739
         38  -0.44388339071238  -0.44388339071238
         39  -0.43658118077216  -0.43658118077216
         40  -0.43109817403259  -0.43109817403259
         41  -0.42692570900305  -0.42692570900305
         42  -0.42193927153259  -0.42193927153259
         43  -0.41138821065640  -0.41138821065640
         44  -0.40934023819486  -0.40934023819486
         45  -0.40206231917871  -0.40206231917871
         46  -0.39821505820027  -0.39821505820027
         47  -0.39593197062051  -0.39593197062051
         48  -0.38811189072525  -0.38811189072525
         49  -0.38611688820923  -0.38611688820923
         50  -0.38145483444498  -0.38145483444498
         51  -0.36349489727323  -0.36349489727323
         52  -0.34806877478848  -0.34806877478848
         53  -0.34325774179422  -0.34325774179422
         54  -0.33274976037496  -0.33274976037496
         55  -0.32369885716853  -0.32369885716853
         56  -0.31820000192209  -0.31820000192209
         57  -0.30811498269982  -0.30811498269982
         58  -0.29027386195195  -0.29027386195195
         59  -0.28198384205964  -0.28198384205964
         60  -0.25620356278836  -0.25620356278836
         61  -0.23569154906294  -0.23569154906294
         62  -0.03540585896512  -0.03540585896512
         63  -0.02818923826796  -0.02818923826796
         64  -0.01606006197308  -0.01606006197308
         65  -0.00905508631608  -0.00905508631608
         66   0.00451655131964   0.00451655131964
         67   0.00831246687245   0.00831246687245
         68   0.01203345817730   0.01203345817730
         69   0.01794561111560   0.01794561111560
         70   0.02642288330401   0.02642288330401
         71   0.06232528781107   0.06232528781107
         72   0.06736553203873   0.06736553203873
         73   0.08315716435946   0.08315716435946
         74   0.08594092427886   0.08594092427886
         75   0.09352223838374   0.09352223838374
         76   0.09824462868502   0.09824462868502
         77   0.10529136441800   0.10529136441800
         78   0.10973582015273   0.10973582015273
         79   0.11091075969784   0.11091075969784
         80   0.12039980203232   0.12039980203232
         81   0.13184097737655   0.13184097737655
         82   0.13559333528498   0.13559333528498
         83   0.13731428845907   0.13731428845907
         84   0.14205825597793   0.14205825597793
         85   0.15138641705209   0.15138641705209
         86   0.15750804616957   0.15750804616957
         87   0.17417943633570   0.17417943633570
         88   0.17460014657413   0.17460014657413
         89   0.18094611430382   0.18094611430382
         90   0.18972001274640   0.18972001274640
         91   0.19831083697515   0.19831083697515
         92   0.20861402035864   0.20861402035864
         93   0.21317188231695   0.21317188231695
         94   0.21842690525213   0.21842690525213
         95   0.22546735242056   0.22546735242056
         96   0.23687074569997   0.23687074569997
         97   0.23765721756922   0.23765721756922
         98   0.24110169963277   0.24110169963277
         99   0.24366666720674   0.24366666720674
        100   0.24989856242568   0.24989856242568
        101   0.25423702986252   0.25423702986252
        102   0.26518578534865   0.26518578534865
        103   0.26663398703956   0.26663398703956
        104   0.27237847566218   0.27237847566218
        105   0.27456962356381   0.27456962356381
        106   0.28501359742076   0.28501359742076
        107   0.28675977541181   0.28675977541181
        108   0.29382078376601   0.29382078376601
        109   0.30157336422211   0.30157336422211
        110   0.30334295268436   0.30334295268436
        111   0.31583750040381   0.31583750040381
        112   0.31768070850377   0.31768070850377
        113   0.31968469734059   0.31968469734059
        114   0.32925823428709   0.32925823428709
        115   0.33832904736660   0.33832904736660
        116   0.34202739749005   0.34202739749005
        117   0.34557376581715   0.34557376581715
        118   0.34739194837999   0.34739194837999
        119   0.35877159635815   0.35877159635815
        120   0.37156959768773   0.37156959768773
        121   0.37628695717975   0.37628695717975
        122   0.38760735897699   0.38760735897699
        123   0.39493816805867   0.39493816805867
        124   0.39844454719524   0.39844454719524
        125   0.40358641018889   0.40358641018889
        126   0.41259308508285   0.41259308508285
        127   0.43042571038590   0.43042571038590
        128   0.43482059432798   0.43482059432798
        129   0.43738516593149   0.43738516593149
        130   0.43962972844213   0.43962972844213
        131   0.44812695370830   0.44812695370830
        132   0.46288609536565   0.46288609536565
        133   0.48114330699549   0.48114330699549
        134   0.48965180260485   0.48965180260485
        135   0.49231688641046   0.49231688641046
        136   0.51201284941178   0.51201284941178
        137   0.52181366150302   0.52181366150302
        138   0.53273550358075   0.53273550358075
        139   0.54521680264342   0.54521680264342
        140   0.55841720451900   0.55841720451900
        141   0.57300603594572   0.57300603594572
        142   0.58281421175957   0.58281421175957
        143   0.58981267445177   0.58981267445177
        144   0.60131015091160   0.60131015091160
        145   0.61375569137107   0.61375569137107
        146   0.63197578213869   0.63197578213869
        147   0.64613068947614   0.64613068947614
        148   0.65027514959507   0.65027514959507
        149   0.67415381602437   0.67415381602437
        150   0.69083997427513   0.69083997427513
        151   0.69841732658116   0.69841732658116
        152   0.70863316016784   0.70863316016784
        153   0.73174403475383   0.73174403475383
        154   0.74136708546293   0.74136708546293
        155   0.74771887547411   0.74771887547411
        156   0.76036450196279   0.76036450196279
        157   0.77059681351079   0.77059681351079
        158   0.77818902903289   0.77818902903289
        159   0.78181717888654   0.78181717888654
        160   0.78947154871476   0.78947154871476
        161   0.79125975149328   0.79125975149328
        162   0.80969460488619   0.80969460488619
        163   0.81886084616190   0.81886084616190
        164   0.82398201115736   0.82398201115736
        165   0.83583340333791   0.83583340333791
        166   0.84759056071085   0.84759056071085
        167   0.85881402833786   0.85881402833786
        168   0.86631115904873   0.86631115904873
        169   0.88225128203715   0.88225128203715
        170   0.88854918955521   0.88854918955521
        171   0.89480242702300   0.89480242702300
        172   0.90560167420624   0.90560167420624
        173   0.91845710771584   0.91845710771584
        174   0.92709063554448   0.92709063554448
        175   0.93192523483336   0.93192523483336
        176   0.95134203652857   0.95134203652857
        177   0.96087488946772   0.96087488946772
        178   0.97485959225296   0.97485959225296
        179   0.99720786983390   0.99720786983390
        180   1.00470216835374   1.00470216835374
        181   1.01327571030760   1.01327571030760
        182   1.03554660297784   1.03554660297784
        183   1.03767814420823   1.03767814420823
        184   1.04783418464761   1.04783418464761
        185   1.07225602420508   1.07225602420508
        186   1.08385632919938   1.08385632919938
        187   1.09058965406052   1.09058965406052
        188   1.11019810356024   1.11019810356024
        189   1.12874547626828   1.12874547626828
        190   1.13478578327230   1.13478578327230
        191   1.17227764995527   1.17227764995527
        192   1.17922561582479   1.17922561582479
        193   1.19389804957188   1.19389804957188
        194   1.21078885485175   1.21078885485175
        195   1.23107306173080   1.23107306173080
        196   1.24783323684477   1.24783323684477
        197   1.25316138769438   1.25316138769438
        198   1.26339259643128   1.26339259643128
        199   1.27796418536800   1.27796418536800
        200   1.29621644515987   1.29621644515987
        201   1.31249108851626   1.31249108851626
        202   1.32546800684886   1.32546800684886
        203   1.33332395187778   1.33332395187778
        204   1.34065522241059   1.34065522241059
        205   1.35842619537541   1.35842619537541
        206   1.37268228533839   1.37268228533839
        207   1.39148252265660   1.39148252265660
        208   1.41035355702370   1.41035355702370
        209   1.41507046828830   1.41507046828830
        210   1.42939306012477   1.42939306012477
        211   1.44839718299151   1.44839718299151
        212   1.45333489703744   1.45333489703744
        213   1.46963856140113   1.46963856140113
        214   1.48586780228272   1.48586780228272
        215   1.49118505867205   1.49118505867205
        216   1.50799203548910   1.50799203548910
        217   1.51513838704546   1.51513838704546
        218   1.52311637815124   1.52311637815124
        219   1.53257427072919   1.53257427072919
        220   1.54213998112427   1.54213998112427
        221   1.54856853704306   1.54856853704306
        222   1.57480871361454   1.57480871361454
        223   1.57559037567992   1.57559037567992
        224   1.58322638424263   1.58322638424263
        225   1.59846569400046   1.59846569400046
        226   1.61146989929501   1.61146989929501
        227   1.61722612364677   1.61722612364677
        228   1.63466398573466   1.63466398573466
        229   1.63642928309270   1.63642928309270
        230   1.64510486337068   1.64510486337068
        231   1.65616872394281   1.65616872394281
        232   1.66116988687422   1.66116988687422
        233   1.66884736636757   1.66884736636757
        234   1.67294791833865   1.67294791833865
        235   1.68138968500631   1.68138968500631
        236   1.68875669045994   1.68875669045994
        237   1.69414597918206   1.69414597918206
        238   1.70457975882560   1.70457975882560
        239   1.71431776612211   1.71431776612211
        240   1.72182575308246   1.72182575308246
        241   1.73057457408570   1.73057457408570
        242   1.73832011561373   1.73832011561373
        243   1.74764077374845   1.74764077374845
        244   1.75357170996337   1.75357170996337
        245   1.75735186931546   1.75735186931546
        246   1.76299611223265   1.76299611223265
        247   1.77389652065161   1.77389652065161
        248   1.79411886036432   1.79411886036432
        249   1.79715780308989   1.79715780308989
        250   1.81482054723499   1.81482054723499
        251   1.83021901640297   1.83021901640297
        252   1.83455358723377   1.83455358723377
        253   1.84868978380140   1.84868978380140
        254   1.85390467206371   1.85390467206371
        255   1.87311443116561   1.87311443116561
        256   1.87882518190198   1.87882518190198
        257   1.89616240648963   1.89616240648963
        258   1.90475384775175   1.90475384775175
        259   1.90878250178628   1.90878250178628
        260   1.91750951767824   1.91750951767824
        261   1.93016886638860   1.93016886638860
        262   1.93849187988284   1.93849187988284
        263   1.94960323159561   1.94960323159561
        264   1.96285658747834   1.96285658747834
        265   1.96710057529860   1.96710057529860
        266   1.98239857697061   1.98239857697061
        267   1.99896755106416   1.99896755106416
        268   2.01274640159310   2.01274640159310
        269   2.04337921818670   2.04337921818670
        270   2.04874446221388   2.04874446221388
        271   2.06699740961964   2.06699740961964
        272   2.07124130082267   2.07124130082267
        273   2.08803144215835   2.08803144215835
        274   2.09255231939288   2.09255231939288
        275   2.09802733568131   2.09802733568131
        276   2.12753432541214   2.12753432541214
        277   2.14660073827851   2.14660073827851
        278   2.17386340674756   2.17386340674756
        279   2.18179735845708   2.18179735845708
        280   2.19167948535122   2.19167948535122
        281   2.21557251350680   2.21557251350680
        282   2.22596811519507   2.22596811519507
        283   2.26019294322768   2.26019294322768
        284   2.30227011942032   2.30227011942032
        285   2.32455221667346   2.32455221667346
        286   2.34770460594126   2.34770460594126
        287   2.38301715869377   2.38301715869377
        288   2.40490569282376   2.40490569282376
        289   2.43906226437570   2.43906226437570
        290   2.46070331029958   2.46070331029958
        291   2.51321479241454   2.51321479241454
        292   2.55356404453530   2.55356404453530
        293   2.57558654863505   2.57558654863505
        294   2.60009762140254   2.60009762140254
        295   2.61849480521490   2.61849480521490
        296   2.64812855471396   2.64812855471396
        297   2.67857680864465   2.67857680864465
        298   2.71103619077104   2.71103619077104
        299   2.82486994234144   2.82486994234144
        300   2.96443031296251   2.96443031296251
        301   3.28650890061393   3.28650890061393
        302   3.34665064093515   3.34665064093515
        303   3.80339497941482   3.80339497941482
        304   4.06138381153316   4.06138381153316
        305   4.19783867791125   4.19783867791125
        306   4.33563334583161   4.33563334583161
        307   4.48646616118962   4.48646616118962
        308   4.78463065695626   4.78463065695626
        309   5.02207774394905   5.02207774394905
        310   5.25014192293164   5.25014192293164
        311   5.41551612844932   5.41551612844932

***********************************************************
***********************************************************
                   Mulliken populations                    
***********************************************************
***********************************************************

  Total spin moment (muB)   0.000000000

                    Up spin      Down spin     Sum           Diff
      1    C      1.512861476  1.512861476   3.025722952   0.000000000
      2    C      2.161943483  2.161943483   4.323886966   0.000000000
      3    C      1.778545394  1.778545394   3.557090787   0.000000000
      4    O      3.410703715  3.410703715   6.821407429   0.000000000
      5    O      3.460247574  3.460247574   6.920495149   0.000000000
      6    C      1.312304184  1.312304184   2.624608368   0.000000000
      7    C      1.794414186  1.794414186   3.588828371   0.000000000
      8    O      3.437216960  3.437216960   6.874433920   0.000000000
      9    C      1.814941581  1.814941581   3.629883163   0.000000000
     10    O      3.427209065  3.427209065   6.854418131   0.000000000
     11    N      3.235928492  3.235928492   6.471856985   0.000000000
     12    C      1.820109547  1.820109547   3.640219094   0.000000000
     13    C      1.224377658  1.224377658   2.448755317   0.000000000
     14    C      1.807072128  1.807072128   3.614144257   0.000000000
     15    O      3.442358173  3.442358173   6.884716345   0.000000000
     16    C      2.257643672  2.257643672   4.515287344   0.000000000
     17    C      1.913924509  1.913924509   3.827849018   0.000000000
     18    O      3.437061883  3.437061883   6.874123766   0.000000000
     19    O      3.419463288  3.419463288   6.838926575   0.000000000
     20    H      0.454942713  0.454942713   0.909885427   0.000000000
     21    H      0.453354826  0.453354826   0.906709652   0.000000000
     22    H      0.479727256  0.479727256   0.959454513   0.000000000
     23    H      0.259967666  0.259967666   0.519935333   0.000000000
     24    O      3.513623251  3.513623251   7.027246502   0.000000000
     25    H      0.472855164  0.472855164   0.945710328   0.000000000
     26    H      0.263087553  0.263087553   0.526175107   0.000000000
     27    H      0.478349486  0.478349486   0.956698973   0.000000000
     28    H      0.253093986  0.253093986   0.506187971   0.000000000
     29    H      0.239587320  0.239587320   0.479174640   0.000000000
     30    H      0.478201933  0.478201933   0.956403867   0.000000000
     31    O      3.505237089  3.505237089   7.010474178   0.000000000
     32    H      0.474824684  0.474824684   0.949649369   0.000000000
     33    H      0.264116973  0.264116973   0.528233946   0.000000000
     34    H      0.431041312  0.431041312   0.862082625   0.000000000
     35    H      0.432966763  0.432966763   0.865933525   0.000000000
     36    H      0.431383181  0.431383181   0.862766362   0.000000000
     37    H      0.464848747  0.464848747   0.929697494   0.000000000
     38    H      0.457399057  0.457399057   0.914798114   0.000000000
     39    H      0.259889066  0.259889066   0.519778131   0.000000000
     40    H      0.263175004  0.263175004   0.526350008   0.000000000

 Sum of MulP: up   =    61.00000 down          =    61.00000
              total=   122.00000 ideal(neutral)=   122.00000


  Decomposed Mulliken populations

    1    C          Up spin      Down spin     Sum           Diff
            multiple
  s           0    0.395333578  0.395333578   0.790667155   0.000000000
   sum over m      0.395333578  0.395333578   0.790667155   0.000000000
  s           1    0.018074877  0.018074877   0.036149753   0.000000000
   sum over m      0.018074877  0.018074877   0.036149753   0.000000000
   sum over m+mul  0.413408454  0.413408454   0.826816909   0.000000000
  px          0    0.348491058  0.348491058   0.696982117   0.000000000
  py          0    0.271351862  0.271351862   0.542703725   0.000000000
  pz          0    0.339803211  0.339803211   0.679606421   0.000000000
   sum over m      0.959646132  0.959646132   1.919292263   0.000000000
  px          1    0.016895915  0.016895915   0.033791830   0.000000000
  py          1    0.023643201  0.023643201   0.047286402   0.000000000
  pz          1    0.016547643  0.016547643   0.033095287   0.000000000
   sum over m      0.057086759  0.057086759   0.114173519   0.000000000
   sum over m+mul  1.016732891  1.016732891   2.033465782   0.000000000
  d3z^2-r^2   0    0.012630411  0.012630411   0.025260822   0.000000000
  dx^2-y^2    0    0.018239286  0.018239286   0.036478572   0.000000000
  dxy         0    0.014019915  0.014019915   0.028039830   0.000000000
  dxz         0    0.017997900  0.017997900   0.035995800   0.000000000
  dyz         0    0.019832619  0.019832619   0.039665237   0.000000000
   sum over m      0.082720130  0.082720130   0.165440261   0.000000000
   sum over m+mul  0.082720130  0.082720130   0.165440261   0.000000000

    2    C          Up spin      Down spin     Sum           Diff
            multiple
  s           0    0.507497378  0.507497378   1.014994756   0.000000000
   sum over m      0.507497378  0.507497378   1.014994756   0.000000000
  s           1    0.007509263  0.007509263   0.015018525   0.000000000
   sum over m      0.007509263  0.007509263   0.015018525   0.000000000
   sum over m+mul  0.515006640  0.515006640   1.030013281   0.000000000
  px          0    0.525261960  0.525261960   1.050523919   0.000000000
  py          0    0.533833979  0.533833979   1.067667959   0.000000000
  pz          0    0.529245234  0.529245234   1.058490468   0.000000000
   sum over m      1.588341173  1.588341173   3.176682346   0.000000000
  px          1    0.008689669  0.008689669   0.017379338   0.000000000
  py          1    0.003391387  0.003391387   0.006782775   0.000000000
  pz          1    0.003078771  0.003078771   0.006157541   0.000000000
   sum over m      0.015159827  0.015159827   0.030319654   0.000000000
   sum over m+mul  1.603501000  1.603501000   3.207002000   0.000000000
  d3z^2-r^2   0    0.003701305  0.003701305   0.007402610   0.000000000
  dx^2-y^2    0    0.012057856  0.012057856   0.024115712   0.000000000
  dxy         0    0.003923629  0.003923629   0.007847258   0.000000000
  dxz         0    0.013472066  0.013472066   0.026944133   0.000000000
  dyz         0    0.010280986  0.010280986   0.020561972   0.000000000
   sum over m      0.043435842  0.043435842   0.086871685   0.000000000
   sum over m+mul  0.043435842  0.043435842   0.086871685   0.000000000

    3    C          Up spin      Down spin     Sum           Diff
            multiple
  s           0    0.441610700  0.441610700   0.883221400   0.000000000
   sum over m      0.441610700  0.441610700   0.883221400   0.000000000
  s           1    0.011955334  0.011955334   0.023910669   0.000000000
   sum over m      0.011955334  0.011955334   0.023910669   0.000000000
   sum over m+mul  0.453566034  0.453566034   0.907132069   0.000000000
  px          0    0.489510813  0.489510813   0.979021626   0.000000000
  py          0    0.339314561  0.339314561   0.678629122   0.000000000
  pz          0    0.391713623  0.391713623   0.783427246   0.000000000
   sum over m      1.220538997  1.220538997   2.441077994   0.000000000
  px          1    0.012790379  0.012790379   0.025580758   0.000000000
  py          1    0.005119644  0.005119644   0.010239289   0.000000000
  pz          1    0.017033935  0.017033935   0.034067870   0.000000000
   sum over m      0.034943958  0.034943958   0.069887917   0.000000000
   sum over m+mul  1.255482955  1.255482955   2.510965911   0.000000000
  d3z^2-r^2   0    0.008066201  0.008066201   0.016132402   0.000000000
  dx^2-y^2    0    0.013095231  0.013095231   0.026190463   0.000000000
  dxy         0    0.010283692  0.010283692   0.020567383   0.000000000
  dxz         0    0.014421986  0.014421986   0.028843971   0.000000000
  dyz         0    0.023629295  0.023629295   0.047258589   0.000000000
   sum over m      0.069496404  0.069496404   0.138992808   0.000000000
   sum over m+mul  0.069496404  0.069496404   0.138992808   0.000000000

    4    O          Up spin      Down spin     Sum           Diff
            multiple
  s           0    0.921225627  0.921225627   1.842451255   0.000000000
   sum over m      0.921225627  0.921225627   1.842451255   0.000000000
  s           1   -0.004873133 -0.004873133  -0.009746266   0.000000000
   sum over m     -0.004873133 -0.004873133  -0.009746266   0.000000000
   sum over m+mul  0.916352494  0.916352494   1.832704989   0.000000000
  px          0    0.716464041  0.716464041   1.432928082   0.000000000
  py          0    0.943557240  0.943557240   1.887114480   0.000000000
  pz          0    0.865067419  0.865067419   1.730134839   0.000000000
   sum over m      2.525088701  2.525088701   5.050177401   0.000000000
  px          1    0.008516594  0.008516594   0.017033188   0.000000000
  py          1   -0.012731249 -0.012731249  -0.025462499   0.000000000
  pz          1   -0.012715548 -0.012715548  -0.025431096   0.000000000
   sum over m     -0.016930203 -0.016930203  -0.033860407   0.000000000
   sum over m+mul  2.508158497  2.508158497   5.016316994   0.000000000
  d3z^2-r^2   0   -0.002718811 -0.002718811  -0.005437623   0.000000000
  dx^2-y^2    0   -0.003074797 -0.003074797  -0.006149593   0.000000000
  dxy         0   -0.004014944 -0.004014944  -0.008029889   0.000000000
  dxz         0   -0.001946069 -0.001946069  -0.003892137   0.000000000
  dyz         0   -0.002052656 -0.002052656  -0.004105312   0.000000000
   sum over m     -0.013807277 -0.013807277  -0.027614554   0.000000000
   sum over m+mul -0.013807277 -0.013807277  -0.027614554   0.000000000

    5    O          Up spin      Down spin     Sum           Diff
            multiple
  s           0    0.928166578  0.928166578   1.856333157   0.000000000
   sum over m      0.928166578  0.928166578   1.856333157   0.000000000
  s           1   -0.004519988 -0.004519988  -0.009039976   0.000000000
   sum over m     -0.004519988 -0.004519988  -0.009039976   0.000000000
   sum over m+mul  0.923646590  0.923646590   1.847293181   0.000000000
  px          0    0.813262999  0.813262999   1.626525998   0.000000000
  py          0    0.845141854  0.845141854   1.690283708   0.000000000
  pz          0    0.897942210  0.897942210   1.795884419   0.000000000
   sum over m      2.556347063  2.556347063   5.112694126   0.000000000
  px          1   -0.002978829 -0.002978829  -0.005957658   0.000000000
  py          1   -0.004532315 -0.004532315  -0.009064629   0.000000000
  pz          1   -0.008655490 -0.008655490  -0.017310981   0.000000000
   sum over m     -0.016166634 -0.016166634  -0.032333268   0.000000000
   sum over m+mul  2.540180429  2.540180429   5.080360858   0.000000000
  d3z^2-r^2   0   -0.001579385 -0.001579385  -0.003158769   0.000000000
  dx^2-y^2    0    0.000263539  0.000263539   0.000527078   0.000000000
  dxy         0   -0.001212600 -0.001212600  -0.002425199   0.000000000
  dxz         0   -0.000357127 -0.000357127  -0.000714254   0.000000000
  dyz         0   -0.000693873 -0.000693873  -0.001387745   0.000000000
   sum over m     -0.003579445 -0.003579445  -0.007158890   0.000000000
   sum over m+mul -0.003579445 -0.003579445  -0.007158890   0.000000000

    6    C          Up spin      Down spin     Sum           Diff
            multiple
  s           0    0.410786131  0.410786131   0.821572263   0.000000000
   sum over m      0.410786131  0.410786131   0.821572263   0.000000000
  s           1    0.023559639  0.023559639   0.047119278   0.000000000
   sum over m      0.023559639  0.023559639   0.047119278   0.000000000
   sum over m+mul  0.434345770  0.434345770   0.868691540   0.000000000
  px          0    0.266824793  0.266824793   0.533649585   0.000000000
  py          0    0.207169027  0.207169027   0.414338055   0.000000000
  pz          0    0.224786782  0.224786782   0.449573565   0.000000000
   sum over m      0.698780602  0.698780602   1.397561204   0.000000000
  px          1    0.064700264  0.064700264   0.129400528   0.000000000
  py          1    0.000515193  0.000515193   0.001030386   0.000000000
  pz          1    0.027494801  0.027494801   0.054989601   0.000000000
   sum over m      0.092710257  0.092710257   0.185420515   0.000000000
   sum over m+mul  0.791490860  0.791490860   1.582981719   0.000000000
  d3z^2-r^2   0    0.018484618  0.018484618   0.036969236   0.000000000
  dx^2-y^2    0    0.011984494  0.011984494   0.023968988   0.000000000
  dxy         0    0.017846523  0.017846523   0.035693046   0.000000000
  dxz         0    0.026954205  0.026954205   0.053908409   0.000000000
  dyz         0    0.011197715  0.011197715   0.022395430   0.000000000
   sum over m      0.086467554  0.086467554   0.172935108   0.000000000
   sum over m+mul  0.086467554  0.086467554   0.172935108   0.000000000

    7    C          Up spin      Down spin     Sum           Diff
            multiple
  s           0    0.409096236  0.409096236   0.818192473   0.000000000
   sum over m      0.409096236  0.409096236   0.818192473   0.000000000
  s           1    0.013301772  0.013301772   0.026603543   0.000000000
   sum over m      0.013301772  0.013301772   0.026603543   0.000000000
   sum over m+mul  0.422398008  0.422398008   0.844796016   0.000000000
  px          0    0.332086031  0.332086031   0.664172063   0.000000000
  py          0    0.487978704  0.487978704   0.975957408   0.000000000
  pz          0    0.461318967  0.461318967   0.922637934   0.000000000
   sum over m      1.281383703  1.281383703   2.562767405   0.000000000
  px          1    0.020563842  0.020563842   0.041127684   0.000000000
  py          1    0.005619102  0.005619102   0.011238203   0.000000000
  pz          1    0.004844853  0.004844853   0.009689706   0.000000000
   sum over m      0.031027797  0.031027797   0.062055594   0.000000000
   sum over m+mul  1.312411499  1.312411499   2.624822999   0.000000000
  d3z^2-r^2   0    0.008265684  0.008265684   0.016531368   0.000000000
  dx^2-y^2    0    0.016855279  0.016855279   0.033710558   0.000000000
  dxy         0    0.007224873  0.007224873   0.014449746   0.000000000
  dxz         0    0.012671586  0.012671586   0.025343173   0.000000000
  dyz         0    0.014587256  0.014587256   0.029174512   0.000000000
   sum over m      0.059604678  0.059604678   0.119209357   0.000000000
   sum over m+mul  0.059604678  0.059604678   0.119209357   0.000000000

    8    O          Up spin      Down spin     Sum           Diff
            multiple
  s           0    0.924706358  0.924706358   1.849412716   0.000000000
   sum over m      0.924706358  0.924706358   1.849412716   0.000000000
  s           1   -0.004665765 -0.004665765  -0.009331530   0.000000000
   sum over m     -0.004665765 -0.004665765  -0.009331530   0.000000000
   sum over m+mul  0.920040593  0.920040593   1.840081186   0.000000000
  px          0    0.974256029  0.974256029   1.948512058   0.000000000
  py          0    0.722541832  0.722541832   1.445083663   0.000000000
  pz          0    0.848880028  0.848880028   1.697760057   0.000000000
   sum over m      2.545677889  2.545677889   5.091355778   0.000000000
  px          1   -0.010481217 -0.010481217  -0.020962433   0.000000000
  py          1   -0.007440762 -0.007440762  -0.014881523   0.000000000
  pz          1   -0.005523862 -0.005523862  -0.011047724   0.000000000
   sum over m     -0.023445840 -0.023445840  -0.046891681   0.000000000
   sum over m+mul  2.522232048  2.522232048   5.044464097   0.000000000
  d3z^2-r^2   0   -0.001636304 -0.001636304  -0.003272608   0.000000000
  dx^2-y^2    0   -0.002195193 -0.002195193  -0.004390385   0.000000000
  dxy         0   -0.001871617 -0.001871617  -0.003743234   0.000000000
  dxz         0   -0.000685391 -0.000685391  -0.001370781   0.000000000
  dyz         0    0.001332823  0.001332823   0.002665647   0.000000000
   sum over m     -0.005055681 -0.005055681  -0.010111362   0.000000000
   sum over m+mul -0.005055681 -0.005055681  -0.010111362   0.000000000

    9    C          Up spin      Down spin     Sum           Diff
            multiple
  s           0    0.449411838  0.449411838   0.898823677   0.000000000
   sum over m      0.449411838  0.449411838   0.898823677   0.000000000
  s           1    0.015825827  0.015825827   0.031651655   0.000000000
   sum over m      0.015825827  0.015825827   0.031651655   0.000000000
   sum over m+mul  0.465237666  0.465237666   0.930475332   0.000000000
  px          0    0.290575551  0.290575551   0.581151102   0.000000000
  py          0    0.488990155  0.488990155   0.977980310   0.000000000
  pz          0    0.461994564  0.461994564   0.923989128   0.000000000
   sum over m      1.241560270  1.241560270   2.483120539   0.000000000
  px          1    0.019680241  0.019680241   0.039360483   0.000000000
  py          1    0.004966280  0.004966280   0.009932560   0.000000000
  pz          1    0.018494969  0.018494969   0.036989938   0.000000000
   sum over m      0.043141490  0.043141490   0.086282980   0.000000000
   sum over m+mul  1.284701760  1.284701760   2.569403520   0.000000000
  d3z^2-r^2   0    0.007681845  0.007681845   0.015363690   0.000000000
  dx^2-y^2    0    0.014666231  0.014666231   0.029332462   0.000000000
  dxy         0    0.011192561  0.011192561   0.022385122   0.000000000
  dxz         0    0.013578286  0.013578286   0.027156572   0.000000000
  dyz         0    0.017883232  0.017883232   0.035766465   0.000000000
   sum over m      0.065002156  0.065002156   0.130004311   0.000000000
   sum over m+mul  0.065002156  0.065002156   0.130004311   0.000000000

   10    O          Up spin      Down spin     Sum           Diff
            multiple
  s           0    0.923392945  0.923392945   1.846785889   0.000000000
   sum over m      0.923392945  0.923392945   1.846785889   0.000000000
  s           1   -0.004897848 -0.004897848  -0.009795696   0.000000000
   sum over m     -0.004897848 -0.004897848  -0.009795696   0.000000000
   sum over m+mul  0.918495097  0.918495097   1.836990193   0.000000000
  px          0    0.788370355  0.788370355   1.576740710   0.000000000
  py          0    0.915447224  0.915447224   1.830894449   0.000000000
  pz          0    0.811344121  0.811344121   1.622688242   0.000000000
   sum over m      2.515161700  2.515161700   5.030323401   0.000000000
  px          1   -0.000107116 -0.000107116  -0.000214232   0.000000000
  py          1   -0.003679777 -0.003679777  -0.007359553   0.000000000
  pz          1   -0.002677424 -0.002677424  -0.005354848   0.000000000
   sum over m     -0.006464316 -0.006464316  -0.012928633   0.000000000
   sum over m+mul  2.508697384  2.508697384   5.017394768   0.000000000
  d3z^2-r^2   0    0.000255401  0.000255401   0.000510802   0.000000000
  dx^2-y^2    0    0.001153733  0.001153733   0.002307467   0.000000000
  dxy         0   -0.000499027 -0.000499027  -0.000998054   0.000000000
  dxz         0   -0.000770127 -0.000770127  -0.001540254   0.000000000
  dyz         0   -0.000123396 -0.000123396  -0.000246792   0.000000000
   sum over m      0.000016585  0.000016585   0.000033169   0.000000000
   sum over m+mul  0.000016585  0.000016585   0.000033169   0.000000000

   11    N          Up spin      Down spin     Sum           Diff
            multiple
  s           0    0.850213008  0.850213008   1.700426015   0.000000000
   sum over m      0.850213008  0.850213008   1.700426015   0.000000000
  s           1    0.015198708  0.015198708   0.030397416   0.000000000
   sum over m      0.015198708  0.015198708   0.030397416   0.000000000
   sum over m+mul  0.865411715  0.865411715   1.730823431   0.000000000
  px          0    0.758622649  0.758622649   1.517245298   0.000000000
  py          0    0.744446343  0.744446343   1.488892686   0.000000000
  pz          0    0.804699015  0.804699015   1.609398029   0.000000000
   sum over m      2.307768006  2.307768006   4.615536013   0.000000000
  px          1    0.010504844  0.010504844   0.021009688   0.000000000
  py          1    0.005881272  0.005881272   0.011762543   0.000000000
  pz          1   -0.000327362 -0.000327362  -0.000654724   0.000000000
   sum over m      0.016058754  0.016058754   0.032117507   0.000000000
   sum over m+mul  2.323826760  2.323826760   4.647653520   0.000000000
  d3z^2-r^2   0    0.006697738  0.006697738   0.013395476   0.000000000
  dx^2-y^2    0    0.011133250  0.011133250   0.022266500   0.000000000
  dxy         0    0.008900116  0.008900116   0.017800231   0.000000000
  dxz         0    0.006549461  0.006549461   0.013098923   0.000000000
  dyz         0    0.013409452  0.013409452   0.026818904   0.000000000
   sum over m      0.046690017  0.046690017   0.093380034   0.000000000
   sum over m+mul  0.046690017  0.046690017   0.093380034   0.000000000

   12    C          Up spin      Down spin     Sum           Diff
            multiple
  s           0    0.451894863  0.451894863   0.903789727   0.000000000
   sum over m      0.451894863  0.451894863   0.903789727   0.000000000
  s           1    0.015226145  0.015226145   0.030452289   0.000000000
   sum over m      0.015226145  0.015226145   0.030452289   0.000000000
   sum over m+mul  0.467121008  0.467121008   0.934242016   0.000000000
  px          0    0.491117222  0.491117222   0.982234445   0.000000000
  py          0    0.360256224  0.360256224   0.720512448   0.000000000
  pz          0    0.404620653  0.404620653   0.809241306   0.000000000
   sum over m      1.255994100  1.255994100   2.511988199   0.000000000
  px          1    0.003283334  0.003283334   0.006566668   0.000000000
  py          1    0.021081624  0.021081624   0.042163248   0.000000000
  pz          1    0.009615357  0.009615357   0.019230713   0.000000000
   sum over m      0.033980315  0.033980315   0.067960629   0.000000000
   sum over m+mul  1.289974414  1.289974414   2.579948829   0.000000000
  d3z^2-r^2   0    0.010864249  0.010864249   0.021728498   0.000000000
  dx^2-y^2    0    0.017194628  0.017194628   0.034389256   0.000000000
  dxy         0    0.007733966  0.007733966   0.015467932   0.000000000
  dxz         0    0.013005786  0.013005786   0.026011572   0.000000000
  dyz         0    0.014215496  0.014215496   0.028430992   0.000000000
   sum over m      0.063014125  0.063014125   0.126028249   0.000000000
   sum over m+mul  0.063014125  0.063014125   0.126028249   0.000000000

   13    C          Up spin      Down spin     Sum           Diff
            multiple
  s           0    0.329116611  0.329116611   0.658233221   0.000000000
   sum over m      0.329116611  0.329116611   0.658233221   0.000000000
  s           1    0.030378832  0.030378832   0.060757665   0.000000000
   sum over m      0.030378832  0.030378832   0.060757665   0.000000000
   sum over m+mul  0.359495443  0.359495443   0.718990886   0.000000000
  px          0    0.281691746  0.281691746   0.563383492   0.000000000
  py          0    0.187498173  0.187498173   0.374996345   0.000000000
  pz          0    0.239075611  0.239075611   0.478151222   0.000000000
   sum over m      0.708265530  0.708265530   1.416531060   0.000000000
  px          1    0.011959286  0.011959286   0.023918571   0.000000000
  py          1    0.048657228  0.048657228   0.097314456   0.000000000
  pz          1    0.008465190  0.008465190   0.016930379   0.000000000
   sum over m      0.069081703  0.069081703   0.138163406   0.000000000
   sum over m+mul  0.777347233  0.777347233   1.554694466   0.000000000
  d3z^2-r^2   0    0.013089707  0.013089707   0.026179414   0.000000000
  dx^2-y^2    0    0.021097463  0.021097463   0.042194926   0.000000000
  dxy         0    0.026040855  0.026040855   0.052081711   0.000000000
  dxz         0    0.008938535  0.008938535   0.017877069   0.000000000
  dyz         0    0.018368422  0.018368422   0.036736845   0.000000000
   sum over m      0.087534982  0.087534982   0.175069965   0.000000000
   sum over m+mul  0.087534982  0.087534982   0.175069965   0.000000000

   14    C          Up spin      Down spin     Sum           Diff
            multiple
  s           0    0.452224653  0.452224653   0.904449306   0.000000000
   sum over m      0.452224653  0.452224653   0.904449306   0.000000000
  s           1    0.013840738  0.013840738   0.027681476   0.000000000
   sum over m      0.013840738  0.013840738   0.027681476   0.000000000
   sum over m+mul  0.466065391  0.466065391   0.932130782   0.000000000
  px          0    0.466855812  0.466855812   0.933711624   0.000000000
  py          0    0.415835069  0.415835069   0.831670138   0.000000000
  pz          0    0.368860590  0.368860590   0.737721181   0.000000000
   sum over m      1.251551471  1.251551471   2.503102943   0.000000000
  px          1    0.002427487  0.002427487   0.004854973   0.000000000
  py          1    0.004813090  0.004813090   0.009626179   0.000000000
  pz          1    0.020062262  0.020062262   0.040124524   0.000000000
   sum over m      0.027302838  0.027302838   0.054605676   0.000000000
   sum over m+mul  1.278854310  1.278854310   2.557708619   0.000000000
  d3z^2-r^2   0    0.012205944  0.012205944   0.024411888   0.000000000
  dx^2-y^2    0    0.014479629  0.014479629   0.028959259   0.000000000
  dxy         0    0.008320901  0.008320901   0.016641801   0.000000000
  dxz         0    0.013842808  0.013842808   0.027685615   0.000000000
  dyz         0    0.013303147  0.013303147   0.026606293   0.000000000
   sum over m      0.062152428  0.062152428   0.124304856   0.000000000
   sum over m+mul  0.062152428  0.062152428   0.124304856   0.000000000

   15    O          Up spin      Down spin     Sum           Diff
            multiple
  s           0    0.927231166  0.927231166   1.854462331   0.000000000
   sum over m      0.927231166  0.927231166   1.854462331   0.000000000
  s           1   -0.003004854 -0.003004854  -0.006009708   0.000000000
   sum over m     -0.003004854 -0.003004854  -0.006009708   0.000000000
   sum over m+mul  0.924226312  0.924226312   1.848452623   0.000000000
  px          0    0.915359633  0.915359633   1.830719267   0.000000000
  py          0    0.878347571  0.878347571   1.756695141   0.000000000
  pz          0    0.751956816  0.751956816   1.503913633   0.000000000
   sum over m      2.545664020  2.545664020   5.091328041   0.000000000
  px          1   -0.010576895 -0.010576895  -0.021153791   0.000000000
  py          1   -0.005289698 -0.005289698  -0.010579395   0.000000000
  pz          1   -0.006093833 -0.006093833  -0.012187666   0.000000000
   sum over m     -0.021960426 -0.021960426  -0.043920852   0.000000000
   sum over m+mul  2.523703594  2.523703594   5.047407188   0.000000000
  d3z^2-r^2   0   -0.002501652 -0.002501652  -0.005003304   0.000000000
  dx^2-y^2    0   -0.000793818 -0.000793818  -0.001587636   0.000000000
  dxy         0   -0.000666916 -0.000666916  -0.001333832   0.000000000
  dxz         0   -0.000746307 -0.000746307  -0.001492615   0.000000000
  dyz         0   -0.000863040 -0.000863040  -0.001726080   0.000000000
   sum over m     -0.005571733 -0.005571733  -0.011143466   0.000000000
   sum over m+mul -0.005571733 -0.005571733  -0.011143466   0.000000000

   16    C          Up spin      Down spin     Sum           Diff
            multiple
  s           0    0.558926679  0.558926679   1.117853357   0.000000000
   sum over m      0.558926679  0.558926679   1.117853357   0.000000000
  s           1   -0.000156968 -0.000156968  -0.000313937   0.000000000
   sum over m     -0.000156968 -0.000156968  -0.000313937   0.000000000
   sum over m+mul  0.558769710  0.558769710   1.117539420   0.000000000
  px          0    0.555611298  0.555611298   1.111222595   0.000000000
  py          0    0.554843813  0.554843813   1.109687627   0.000000000
  pz          0    0.554229561  0.554229561   1.108459122   0.000000000
   sum over m      1.664684672  1.664684672   3.329369343   0.000000000
  px          1    0.001463079  0.001463079   0.002926159   0.000000000
  py          1    0.000209890  0.000209890   0.000419780   0.000000000
  pz          1   -0.000986955 -0.000986955  -0.001973911   0.000000000
   sum over m      0.000686014  0.000686014   0.001372027   0.000000000
   sum over m+mul  1.665370685  1.665370685   3.330741371   0.000000000
  d3z^2-r^2   0    0.009537368  0.009537368   0.019074735   0.000000000
  dx^2-y^2    0    0.002077289  0.002077289   0.004154579   0.000000000
  dxy         0    0.013190518  0.013190518   0.026381036   0.000000000
  dxz         0    0.004950996  0.004950996   0.009901992   0.000000000
  dyz         0    0.003747106  0.003747106   0.007494212   0.000000000
   sum over m      0.033503277  0.033503277   0.067006553   0.000000000
   sum over m+mul  0.033503277  0.033503277   0.067006553   0.000000000

   17    C          Up spin      Down spin     Sum           Diff
            multiple
  s           0    0.492199536  0.492199536   0.984399073   0.000000000
   sum over m      0.492199536  0.492199536   0.984399073   0.000000000
  s           1    0.006905776  0.006905776   0.013811552   0.000000000
   sum over m      0.006905776  0.006905776   0.013811552   0.000000000
   sum over m+mul  0.499105313  0.499105313   0.998210625   0.000000000
  px          0    0.517871569  0.517871569   1.035743139   0.000000000
  py          0    0.352930864  0.352930864   0.705861727   0.000000000
  pz          0    0.469397567  0.469397567   0.938795134   0.000000000
   sum over m      1.340200000  1.340200000   2.680399999   0.000000000
  px          1    0.002151002  0.002151002   0.004302004   0.000000000
  py          1    0.008533697  0.008533697   0.017067394   0.000000000
  pz          1    0.003357650  0.003357650   0.006715300   0.000000000
   sum over m      0.014042349  0.014042349   0.028084698   0.000000000
   sum over m+mul  1.354242349  1.354242349   2.708484697   0.000000000
  d3z^2-r^2   0    0.009492033  0.009492033   0.018984066   0.000000000
  dx^2-y^2    0    0.019397562  0.019397562   0.038795124   0.000000000
  dxy         0    0.005374012  0.005374012   0.010748023   0.000000000
  dxz         0    0.009043633  0.009043633   0.018087266   0.000000000
  dyz         0    0.017269609  0.017269609   0.034539217   0.000000000
   sum over m      0.060576848  0.060576848   0.121153696   0.000000000
   sum over m+mul  0.060576848  0.060576848   0.121153696   0.000000000

   18    O          Up spin      Down spin     Sum           Diff
            multiple
  s           0    0.924069036  0.924069036   1.848138071   0.000000000
   sum over m      0.924069036  0.924069036   1.848138071   0.000000000
  s           1   -0.003421465 -0.003421465  -0.006842930   0.000000000
   sum over m     -0.003421465 -0.003421465  -0.006842930   0.000000000
   sum over m+mul  0.920647571  0.920647571   1.841295141   0.000000000
  px          0    0.957228434  0.957228434   1.914456868   0.000000000
  py          0    0.720751540  0.720751540   1.441503081   0.000000000
  pz          0    0.864441387  0.864441387   1.728882774   0.000000000
   sum over m      2.542421362  2.542421362   5.084842723   0.000000000
  px          1   -0.009668372 -0.009668372  -0.019336743   0.000000000
  py          1   -0.003792843 -0.003792843  -0.007585685   0.000000000
  pz          1   -0.006594716 -0.006594716  -0.013189432   0.000000000
   sum over m     -0.020055930 -0.020055930  -0.040111860   0.000000000
   sum over m+mul  2.522365431  2.522365431   5.044730863   0.000000000
  d3z^2-r^2   0   -0.001491307 -0.001491307  -0.002982614   0.000000000
  dx^2-y^2    0   -0.001501694 -0.001501694  -0.003003387   0.000000000
  dxy         0   -0.001378107 -0.001378107  -0.002756213   0.000000000
  dxz         0   -0.001246724 -0.001246724  -0.002493449   0.000000000
  dyz         0   -0.000333287 -0.000333287  -0.000666574   0.000000000
   sum over m     -0.005951119 -0.005951119  -0.011902238   0.000000000
   sum over m+mul -0.005951119 -0.005951119  -0.011902238   0.000000000

   19    O          Up spin      Down spin     Sum           Diff
            multiple
  s           0    0.921919197  0.921919197   1.843838395   0.000000000
   sum over m      0.921919197  0.921919197   1.843838395   0.000000000
  s           1   -0.004627528 -0.004627528  -0.009255056   0.000000000
   sum over m     -0.004627528 -0.004627528  -0.009255056   0.000000000
   sum over m+mul  0.917291669  0.917291669   1.834583339   0.000000000
  px          0    0.860533932  0.860533932   1.721067863   0.000000000
  py          0    0.844802355  0.844802355   1.689604709   0.000000000
  pz          0    0.822843452  0.822843452   1.645686904   0.000000000
   sum over m      2.528179738  2.528179738   5.056359477   0.000000000
  px          1   -0.009438775 -0.009438775  -0.018877550   0.000000000
  py          1   -0.005161248 -0.005161248  -0.010322496   0.000000000
  pz          1   -0.006585784 -0.006585784  -0.013171569   0.000000000
   sum over m     -0.021185807 -0.021185807  -0.042371614   0.000000000
   sum over m+mul  2.506993931  2.506993931   5.013987862   0.000000000
  d3z^2-r^2   0   -0.001625511 -0.001625511  -0.003251022   0.000000000
  dx^2-y^2    0   -0.000940943 -0.000940943  -0.001881886   0.000000000
  dxy         0   -0.001173211 -0.001173211  -0.002346422   0.000000000
  dxz         0    0.000325391  0.000325391   0.000650783   0.000000000
  dyz         0   -0.001408039 -0.001408039  -0.002816077   0.000000000
   sum over m     -0.004822313 -0.004822313  -0.009644626   0.000000000
   sum over m+mul -0.004822313 -0.004822313  -0.009644626   0.000000000

   20    H          Up spin      Down spin     Sum           Diff
            multiple
  s           0    0.436636684  0.436636684   0.873273368   0.000000000
   sum over m      0.436636684  0.436636684   0.873273368   0.000000000
  s           1    0.018306029  0.018306029   0.036612059   0.000000000
   sum over m      0.018306029  0.018306029   0.036612059   0.000000000
   sum over m+mul  0.454942713  0.454942713   0.909885427   0.000000000

   21    H          Up spin      Down spin     Sum           Diff
            multiple
  s           0    0.435856407  0.435856407   0.871712815   0.000000000
   sum over m      0.435856407  0.435856407   0.871712815   0.000000000
  s           1    0.017498418  0.017498418   0.034996837   0.000000000
   sum over m      0.017498418  0.017498418   0.034996837   0.000000000
   sum over m+mul  0.453354826  0.453354826   0.906709652   0.000000000

   22    H          Up spin      Down spin     Sum           Diff
            multiple
  s           0    0.462182926  0.462182926   0.924365853   0.000000000
   sum over m      0.462182926  0.462182926   0.924365853   0.000000000
  s           1    0.017544330  0.017544330   0.035088660   0.000000000
   sum over m      0.017544330  0.017544330   0.035088660   0.000000000
   sum over m+mul  0.479727256  0.479727256   0.959454513   0.000000000

   23    H          Up spin      Down spin     Sum           Diff
            multiple
  s           0    0.227425206  0.227425206   0.454850413   0.000000000
   sum over m      0.227425206  0.227425206   0.454850413   0.000000000
  s           1    0.032542460  0.032542460   0.065084920   0.000000000
   sum over m      0.032542460  0.032542460   0.065084920   0.000000000
   sum over m+mul  0.259967666  0.259967666   0.519935333   0.000000000

   24    O          Up spin      Down spin     Sum           Diff
            multiple
  s           0    0.944290391  0.944290391   1.888580783   0.000000000
   sum over m      0.944290391  0.944290391   1.888580783   0.000000000
  s           1   -0.001983315 -0.001983315  -0.003966629   0.000000000
   sum over m     -0.001983315 -0.001983315  -0.003966629   0.000000000
   sum over m+mul  0.942307077  0.942307077   1.884614153   0.000000000
  px          0    0.774203317  0.774203317   1.548406634   0.000000000
  py          0    0.873396199  0.873396199   1.746792398   0.000000000
  pz          0    0.922567285  0.922567285   1.845134569   0.000000000
   sum over m      2.570166801  2.570166801   5.140333601   0.000000000
  px          1    0.002262265  0.002262265   0.004524530   0.000000000
  py          1   -0.003525638 -0.003525638  -0.007051276   0.000000000
  pz          1   -0.001084879 -0.001084879  -0.002169758   0.000000000
   sum over m     -0.002348252 -0.002348252  -0.004696504   0.000000000
   sum over m+mul  2.567818548  2.567818548   5.135637097   0.000000000
  d3z^2-r^2   0    0.000265598  0.000265598   0.000531197   0.000000000
  dx^2-y^2    0    0.002793402  0.002793402   0.005586804   0.000000000
  dxy         0   -0.000093025 -0.000093025  -0.000186050   0.000000000
  dxz         0    0.000786781  0.000786781   0.001573562   0.000000000
  dyz         0   -0.000255131 -0.000255131  -0.000510262   0.000000000
   sum over m      0.003497626  0.003497626   0.006995251   0.000000000
   sum over m+mul  0.003497626  0.003497626   0.006995251   0.000000000

   25    H          Up spin      Down spin     Sum           Diff
            multiple
  s           0    0.457727861  0.457727861   0.915455722   0.000000000
   sum over m      0.457727861  0.457727861   0.915455722   0.000000000
  s           1    0.015127303  0.015127303   0.030254606   0.000000000
   sum over m      0.015127303  0.015127303   0.030254606   0.000000000
   sum over m+mul  0.472855164  0.472855164   0.945710328   0.000000000

   26    H          Up spin      Down spin     Sum           Diff
            multiple
  s           0    0.231118797  0.231118797   0.462237594   0.000000000
   sum over m      0.231118797  0.231118797   0.462237594   0.000000000
  s           1    0.031968756  0.031968756   0.063937513   0.000000000
   sum over m      0.031968756  0.031968756   0.063937513   0.000000000
   sum over m+mul  0.263087553  0.263087553   0.526175107   0.000000000

   27    H          Up spin      Down spin     Sum           Diff
            multiple
  s           0    0.463037917  0.463037917   0.926075833   0.000000000
   sum over m      0.463037917  0.463037917   0.926075833   0.000000000
  s           1    0.015311570  0.015311570   0.030623140   0.000000000
   sum over m      0.015311570  0.015311570   0.030623140   0.000000000
   sum over m+mul  0.478349486  0.478349486   0.956698973   0.000000000

   28    H          Up spin      Down spin     Sum           Diff
            multiple
  s           0    0.219985488  0.219985488   0.439970976   0.000000000
   sum over m      0.219985488  0.219985488   0.439970976   0.000000000
  s           1    0.033108498  0.033108498   0.066216995   0.000000000
   sum over m      0.033108498  0.033108498   0.066216995   0.000000000
   sum over m+mul  0.253093986  0.253093986   0.506187971   0.000000000

   29    H          Up spin      Down spin     Sum           Diff
            multiple
  s           0    0.196492054  0.196492054   0.392984107   0.000000000
   sum over m      0.196492054  0.196492054   0.392984107   0.000000000
  s           1    0.043095266  0.043095266   0.086190532   0.000000000
   sum over m      0.043095266  0.043095266   0.086190532   0.000000000
   sum over m+mul  0.239587320  0.239587320   0.479174640   0.000000000

   30    H          Up spin      Down spin     Sum           Diff
            multiple
  s           0    0.463189342  0.463189342   0.926378683   0.000000000
   sum over m      0.463189342  0.463189342   0.926378683   0.000000000
  s           1    0.015012592  0.015012592   0.030025183   0.000000000
   sum over m      0.015012592  0.015012592   0.030025183   0.000000000
   sum over m+mul  0.478201933  0.478201933   0.956403867   0.000000000

   31    O          Up spin      Down spin     Sum           Diff
            multiple
  s           0    0.942779239  0.942779239   1.885558478   0.000000000
   sum over m      0.942779239  0.942779239   1.885558478   0.000000000
  s           1   -0.002007616 -0.002007616  -0.004015232   0.000000000
   sum over m     -0.002007616 -0.002007616  -0.004015232   0.000000000
   sum over m+mul  0.940771623  0.940771623   1.881543247   0.000000000
  px          0    0.907453247  0.907453247   1.814906495   0.000000000
  py          0    0.797389910  0.797389910   1.594779820   0.000000000
  pz          0    0.862526224  0.862526224   1.725052447   0.000000000
   sum over m      2.567369381  2.567369381   5.134738762   0.000000000
  px          1   -0.004643112 -0.004643112  -0.009286223   0.000000000
  py          1    0.004645478  0.004645478   0.009290955   0.000000000
  pz          1   -0.004384526 -0.004384526  -0.008769053   0.000000000
   sum over m     -0.004382160 -0.004382160  -0.008764321   0.000000000
   sum over m+mul  2.562987220  2.562987220   5.125974441   0.000000000
  d3z^2-r^2   0   -0.000157903 -0.000157903  -0.000315806   0.000000000
  dx^2-y^2    0    0.001318878  0.001318878   0.002637756   0.000000000
  dxy         0   -0.000412561 -0.000412561  -0.000825122   0.000000000
  dxz         0   -0.000520465 -0.000520465  -0.001040930   0.000000000
  dyz         0    0.001250297  0.001250297   0.002500593   0.000000000
   sum over m      0.001478245  0.001478245   0.002956490   0.000000000
   sum over m+mul  0.001478245  0.001478245   0.002956490   0.000000000

   32    H          Up spin      Down spin     Sum           Diff
            multiple
  s           0    0.460577161  0.460577161   0.921154323   0.000000000
   sum over m      0.460577161  0.460577161   0.921154323   0.000000000
  s           1    0.014247523  0.014247523   0.028495046   0.000000000
   sum over m      0.014247523  0.014247523   0.028495046   0.000000000
   sum over m+mul  0.474824684  0.474824684   0.949649369   0.000000000

   33    H          Up spin      Down spin     Sum           Diff
            multiple
  s           0    0.229060848  0.229060848   0.458121696   0.000000000
   sum over m      0.229060848  0.229060848   0.458121696   0.000000000
  s           1    0.035056125  0.035056125   0.070112250   0.000000000
   sum over m      0.035056125  0.035056125   0.070112250   0.000000000
   sum over m+mul  0.264116973  0.264116973   0.528233946   0.000000000

   34    H          Up spin      Down spin     Sum           Diff
            multiple
  s           0    0.410535291  0.410535291   0.821070582   0.000000000
   sum over m      0.410535291  0.410535291   0.821070582   0.000000000
  s           1    0.020506021  0.020506021   0.041012043   0.000000000
   sum over m      0.020506021  0.020506021   0.041012043   0.000000000
   sum over m+mul  0.431041312  0.431041312   0.862082625   0.000000000

   35    H          Up spin      Down spin     Sum           Diff
            multiple
  s           0    0.412699553  0.412699553   0.825399107   0.000000000
   sum over m      0.412699553  0.412699553   0.825399107   0.000000000
  s           1    0.020267209  0.020267209   0.040534419   0.000000000
   sum over m      0.020267209  0.020267209   0.040534419   0.000000000
   sum over m+mul  0.432966763  0.432966763   0.865933525   0.000000000

   36    H          Up spin      Down spin     Sum           Diff
            multiple
  s           0    0.411070959  0.411070959   0.822141917   0.000000000
   sum over m      0.411070959  0.411070959   0.822141917   0.000000000
  s           1    0.020312222  0.020312222   0.040624444   0.000000000
   sum over m      0.020312222  0.020312222   0.040624444   0.000000000
   sum over m+mul  0.431383181  0.431383181   0.862766362   0.000000000

   37    H          Up spin      Down spin     Sum           Diff
            multiple
  s           0    0.447047987  0.447047987   0.894095975   0.000000000
   sum over m      0.447047987  0.447047987   0.894095975   0.000000000
  s           1    0.017800760  0.017800760   0.035601519   0.000000000
   sum over m      0.017800760  0.017800760   0.035601519   0.000000000
   sum over m+mul  0.464848747  0.464848747   0.929697494   0.000000000

   38    H          Up spin      Down spin     Sum           Diff
            multiple
  s           0    0.439387380  0.439387380   0.878774760   0.000000000
   sum over m      0.439387380  0.439387380   0.878774760   0.000000000
  s           1    0.018011677  0.018011677   0.036023354   0.000000000
   sum over m      0.018011677  0.018011677   0.036023354   0.000000000
   sum over m+mul  0.457399057  0.457399057   0.914798114   0.000000000

   39    H          Up spin      Down spin     Sum           Diff
            multiple
  s           0    0.228287519  0.228287519   0.456575038   0.000000000
   sum over m      0.228287519  0.228287519   0.456575038   0.000000000
  s           1    0.031601547  0.031601547   0.063203093   0.000000000
   sum over m      0.031601547  0.031601547   0.063203093   0.000000000
   sum over m+mul  0.259889066  0.259889066   0.519778131   0.000000000

   40    H          Up spin      Down spin     Sum           Diff
            multiple
  s           0    0.231870934  0.231870934   0.463741868   0.000000000
   sum over m      0.231870934  0.231870934   0.463741868   0.000000000
  s           1    0.031304070  0.031304070   0.062608140   0.000000000
   sum over m      0.031304070  0.031304070   0.062608140   0.000000000
   sum over m+mul  0.263175004  0.263175004   0.526350008   0.000000000

***********************************************************
***********************************************************
                    Dipole moment (Debye)                  
***********************************************************
***********************************************************

 Absolute D        3.46732806

                      Dx                Dy                Dz
 Total             -3.23798260        1.10349181       -0.56580777
 Core             200.96219539       -7.13000025      -48.68155280
 Electron        -204.20017799        8.23349206       48.11574504
 Back ground       -0.00000000       -0.00000000        0.00000000

***********************************************************
***********************************************************
       xyz-coordinates (Ang) and forces (Hartree/Bohr)  
***********************************************************
***********************************************************

<coordinates.forces
  40
    1     C     2.58239   0.08226   0.27598   0.003186956221 -0.019639035089 -0.029466729294
    2     C     2.37330  -1.13864   1.19404  -0.017102605851  0.017402463600  0.003347902154
    3     C     1.02528  -1.04630   1.91580  -0.000437684582 -0.012092470189 -0.029958085042
    4     O     1.49476   0.41741  -0.55103  -0.023651192362 -0.031829848691  0.052264617133
    5     O     2.73737   1.29041   0.95988   0.069662074843 -0.019068858413  0.036138846638
    6     C     3.78664  -0.21820  -0.66960  -0.082004162350 -0.001182939565 -0.001580845272
    7     C    -0.09455  -0.88099   0.85298  -0.001774981269  0.024092149525  0.030410610361
    8     O     0.81881  -2.14230   2.76961  -0.003579069614 -0.043426276403 -0.051260561258
    9     C     0.18986   0.40643   0.03230   0.003879272014 -0.027609711373 -0.027484689408
   10     O     3.64303  -0.76598  -1.88783  -0.066226689402 -0.001123785834  0.003238732440
   11     N    -1.43959  -0.76323   1.47317   0.019504206097 -0.007863734623  0.034271178577
   12     C    -0.79483   0.55542  -1.16477   0.031397648968  0.016129755667  0.003516270665
   13     C    -2.20147  -1.93362   1.78598  -0.012916678338  0.086487866543  0.032981141865
   14     C    -0.69904   1.97017  -1.81690  -0.040408208515 -0.025898979946 -0.001681850984
   15     O    -0.49217  -0.47384  -2.08676  -0.048507773054  0.042830790777 -0.030408844307
   16     C    -3.38021  -1.73494   2.70334   0.011895354351 -0.002858387671 -0.008476805544
   17     C    -1.69226   2.08487  -3.00129   0.038995559844  0.020596035744  0.014594612899
   18     O    -1.04367   2.90345  -0.81217   0.033459251094  0.037253868053 -0.052376527923
   19     O    -1.33030   3.22988  -3.73491  -0.070012646176 -0.026861303166 -0.030655069696
   20     H     2.42517  -2.06889   0.59160   0.001056109860 -0.012696135418 -0.006759901337
   21     H     3.20054  -1.20643   1.92821   0.012795241766 -0.002319215982  0.007720703331
   22     H     1.02645  -0.19369   2.63649  -0.001293226586  0.020402077338  0.013866724958
   23     H     3.58152   1.28733   1.39261   0.014534838433  0.006875630134  0.011890837035
   24     O     4.95226  -0.03351  -0.38856   0.031296806208  0.005011345813  0.013530522252
   25     H    -0.10202  -1.76681   0.16665  -0.004179284132 -0.014594600097 -0.009278210650
   26     H     0.73518  -2.92164   2.23173  -0.001777534868 -0.016360783089 -0.003021339159
   27     H     0.10755   1.30400   0.69482  -0.001816318460  0.018188057916  0.014512449441
   28     H     2.72512  -0.85076  -2.11919  -0.023400762166 -0.004440002657 -0.010418977305
   29     H    -1.47148  -0.06566   2.18654  -0.002299133963 -0.003793987970 -0.005918343152
   30     H    -1.83652   0.40001  -0.78638  -0.021948692218 -0.004553479358  0.005634428200
   31     O    -1.91764  -2.99969   1.26145   0.011561907940 -0.005239560788 -0.009888995511
   32     H     0.34577   2.15463  -2.17050   0.021615164523  0.007050040534 -0.006023042053
   33     H    -0.99769  -0.29067  -2.87199  -0.003110721696 -0.007650542042 -0.014163298802
   34     H    -4.03439  -0.92721   2.34840  -0.010686545001  0.012935219738 -0.003099920075
   35     H    -3.98961  -2.64557   2.77728  -0.009445303984 -0.012042965881  0.002373446192
   36     H    -3.04806  -1.47747   3.71823   0.002857110841  0.005369365041  0.016835835027
   37     H    -1.62782   1.18453  -3.65063  -0.000236416933 -0.019185866289 -0.019978221820
   38     H    -2.73748   2.15752  -2.64091  -0.024141106106  0.003196666550  0.007015361762
   39     H    -0.81495   3.75581  -1.15734   0.000637405339  0.021639416479  0.001113159450
   40     H    -2.00525   3.36192  -4.38635  -0.011001672914  0.012032730623 -0.019737419244
coordinates.forces>

***********************************************************
***********************************************************
       Fractional coordinates of the final structure       
***********************************************************
***********************************************************

     1      C     0.16139931250000   0.00587592857143   0.01839873333333
     2      C     0.14833137500000   0.91866850000000   0.07960300000000
     3      C     0.06407993750000   0.92526407142857   0.12772033333333
     4      O     0.09342250000000   0.02981514285714   0.96326493333333
     5      O     0.17108531250000   0.09217207142857   0.06399206666667
     6      C     0.23666512500000   0.98441457142857   0.95536013333333
     7      C     0.99409075000000   0.93707185714286   0.05686520000000
     8      O     0.05117562500000   0.84697864285714   0.18464046666667
     9      C     0.01186625000000   0.02903050000000   0.00215353333333
    10      O     0.22768943750000   0.94528685714286   0.87414493333333
    11      N     0.91002543750000   0.94548378571429   0.09821133333333
    12      C     0.95032312500000   0.03967285714286   0.92234833333333
    13      C     0.86240787500000   0.86188414285714   0.11906526666667
    14      C     0.95631018750000   0.14072657142857   0.87887300000000
    15      O     0.96923968750000   0.96615442857143   0.86088280000000
    16      C     0.78873675000000   0.87607557142857   0.18022280000000
    17      C     0.89423350000000   0.14891964285714   0.79991426666667
    18      O     0.93477062500000   0.20738907142857   0.94585546666667
    19      O     0.91685600000000   0.23070564285714   0.75100600000000
    20      H     0.15157337500000   0.85222185714286   0.03944026666667
    21      H     0.20003406250000   0.91382607142857   0.12854720000000
    22      H     0.06415300000000   0.98616471428571   0.17576573333333
    23      H     0.22384475000000   0.09195200000000   0.09284066666667
    24      O     0.30951600000000   0.99760614285714   0.97409626666667
    25      H     0.99362362500000   0.87379928571429   0.01111000000000
    26      H     0.04594893750000   0.79131121428571   0.14878173333333
    27      H     0.00672181250000   0.09314271428571   0.04632153333333
    28      H     0.17032031250000   0.93923164285714   0.85872080000000
    29      H     0.90803281250000   0.99530992857143   0.14576920000000
    30      H     0.88521731250000   0.02857242857143   0.94757440000000
    31      O     0.88014756250000   0.78573635714286   0.08409700000000
    32      H     0.02161087500000   0.15390250000000   0.85529980000000
    33      H     0.93764443750000   0.97923792857143   0.80853393333333
    34      H     0.74785062500000   0.93377078571429   0.15656020000000
    35      H     0.75064918750000   0.81103092857143   0.18515186666667
    36      H     0.80949631250000   0.89446671428571   0.24788233333333
    37      H     0.89826137500000   0.08460957142857   0.75662433333333
    38      H     0.82890743750000   0.15410835714286   0.82393933333333
    39      H     0.94906543750000   0.26827200000000   0.92284426666667
    40      H     0.87467212500000   0.24013707142857   0.70757646666667

***********************************************************
***********************************************************
               Computational Time (second)                 
***********************************************************
***********************************************************

   Elapsed.Time.        13.607

                               Min_ID   Min_Time       Max_ID   Max_Time
   Total Computational Time =   105       12.921          0       13.607
   readfile                 =    96        2.699         20        2.708
   truncation               =    41        2.688         14        2.768
   MD_pac                   =     0        0.010         31        0.037
   OutData                  =   111        2.223          0        2.906
   DFT                      =    14        5.070         68        5.150

*** In DFT ***

   Set_OLP_Kin              =    69        0.046          5        0.267
   Set_Nonlocal             =     5        0.377         69        0.598
   Set_ProExpn_VNA          =    45        0.597          5        1.221
   Set_Hamiltonian          =    68        0.526         93        0.526
   Poisson                  =    77        0.010         20        0.010
   Diagonalization          =    63        0.447          0        0.447
   Mixing_DM                =    21        0.043          0        0.043
   Force                    =    92        0.820          1        0.821
   Total_Energy             =    99        0.544          0        0.544
   Set_Aden_Grid            =     5        0.048         55        0.680
   Set_Orbitals_Grid        =    40        0.000         14        0.296
   Set_Density_Grid         =   109        0.173         78        0.255
   RestartFileDFT           =     7        0.009         68        0.161
   Mulliken_Charge          =    12        0.002         94        0.002
   FFT(2D)_Density          =    17        0.043        111        0.044
   Others                   =    32        0.072        108        0.558
