***********************************************************
***********************************************************

  This calculation was performed by OpenMX Ver. 3.873
  using 20 MPI processes and 1 OpenMP threads.

  Thu Aug 22 18:27:54 2019

***********************************************************
***********************************************************

#
#      File Name      
#

System.CurrrentDirectory         ./    # default=./
System.Name                      Benzene
level.of.stdout                   1    # default=1 (1-3)
level.of.fileout                  1    # default=1 (0-2)

#
# Definition of Atomic Species
#

Species.Number       2
<Definition.of.Atomic.Species
 H   H5.0-s1        H_CA19
 C   C5.0-s1p1      C_CA19
Definition.of.Atomic.Species>

#
# Atoms
#

Atoms.Number        12
Atoms.SpeciesAndCoordinates.Unit   Ang # Ang|AU
<Atoms.SpeciesAndCoordinates           
  1  C      0.570331    1.275019    0.0000000  2.0 2.0
  2  C      1.389391    0.143589    0.0000000  2.0 2.0
  3  C      0.819041   -1.131441    0.0000000  2.0 2.0
  4  C     -0.570339   -1.275021    0.0000000  2.0 2.0
  5  C     -1.389389   -0.143591    0.0000000  2.0 2.0
  6  C     -0.819039    1.131439    0.0000000  2.0 2.0
  7  H      1.020761    2.281989    0.0000000  0.5 0.5
  8  H      2.486651    0.256999    0.0000000  0.5 0.5
  9  H      1.465881   -2.025001    0.0000000  0.5 0.5
 10  H     -1.020759   -2.281991    0.0000000  0.5 0.5
 11  H     -2.486649   -0.257001    0.0000000  0.5 0.5
 12  H     -1.465879    2.025009    0.0000000  0.5 0.5
Atoms.SpeciesAndCoordinates>
Atoms.UnitVectors.Unit             Ang #  Ang|AU
<Atoms.UnitVectors                     
  13.0   0.0   0.0
   0.0  13.0   0.0
   0.0   0.0   7.0
Atoms.UnitVectors>

#
# SCF or Electronic System
#

scf.XcType                LSDA-CA      # LDA|LSDA-CA|LSDA-PW|GGA-PBE
scf.SpinPolarization       Off         # On|Off|NC
scf.ElectronicTemperature  300.0       # default=300 (K)
scf.energycutoff           200.0       # default=150 (Ry)
scf.maxIter                100         # default=40
scf.EigenvalueSolver       cluster     # DC|GDC|Cluster|Band
scf.Kgrid                  1 1 1       # means 4x4x4
scf.Mixing.Type           rmm-diis     # Simple|Rmm-Diis|Gr-Pulay|Kerker|Rmm-Diisk
scf.Init.Mixing.Weight     0.30        # default=0.30 
scf.Min.Mixing.Weight      0.001       # default=0.001 
scf.Max.Mixing.Weight      0.400       # default=0.40 
scf.Mixing.History          7          # default=5
scf.Mixing.StartPulay       5          # default=6
scf.criterion             1.0e-9       # default=1.0e-6 (Hartree) 

#
# MD or Geometry Optimization
#

MD.Type                     nomd       # Nomd|Opt|NVE|NVT_VS|NVT_NH
MD.maxIter                   1         # default=1
MD.TimeStep                1.0         # default=0.5 (fs)
MD.Opt.criterion          1.0e-4       # default=1.0e-4 (Hartree/bohr)


***********************************************************
***********************************************************

  Required cutoff energy (Ryd) for 3D-grids = 200.0000
      Used cutoff energy (Ryd) for 3D-grids = 205.1405, 205.1405, 203.0526
  Num. of grids of a-, b-, and c-axes = 112, 112, 60

  Num.Grid1.   112
  Num.Grid2.   112
  Num.Grid3.    60


  Cell_Volume =   7983.277982894209 (Bohr^3)
  GridVol     =      0.010607033885 (Bohr^3)
  Cell vectors (bohr) of the grid cell (gtv)
    gtv_a =  0.219343195103,  0.000000000000,  0.000000000000
    gtv_b =  0.000000000000,  0.219343195103,  0.000000000000
    gtv_c =  0.000000000000,  0.000000000000,  0.220468032001
    |gtv_a| =  0.219343195103
    |gtv_b| =  0.219343195103
    |gtv_c| =  0.220468032001

***********************************************************
***********************************************************


***********************************************************
***********************************************************
                  SCF history at MD= 1                    
***********************************************************
***********************************************************

   SCF=   1  NormRD=  1.000000000000  Uele= -11.807087965720
   SCF=   2  NormRD=  0.523118969901  Uele= -14.556381177183
   SCF=   3  NormRD=  0.825361511944  Uele= -16.534575355328
   SCF=   4  NormRD=  1.080286294997  Uele= -18.429049734337
   SCF=   5  NormRD=  0.996314131689  Uele= -18.221518823226
   SCF=   6  NormRD=  0.918809867375  Uele= -18.030072587709
   SCF=   7  NormRD=  0.025955610734  Uele= -15.738793724652
   SCF=   8  NormRD=  0.009338477028  Uele= -15.772400431277
   SCF=   9  NormRD=  0.003667268766  Uele= -15.764203127891
   SCF=  10  NormRD=  0.001959364844  Uele= -15.762560491611
   SCF=  11  NormRD=  0.001606944455  Uele= -15.762262814907
   SCF=  12  NormRD=  0.000867110674  Uele= -15.761637239319
   SCF=  13  NormRD=  0.000012741261  Uele= -15.760915440992
   SCF=  14  NormRD=  0.000000144248  Uele= -15.760905953030
   SCF=  15  NormRD=  0.000000069346  Uele= -15.760906421265
   SCF=  16  NormRD=  0.000000035971  Uele= -15.760906291844
   SCF=  17  NormRD=  0.000000003693  Uele= -15.760906277983
   SCF=  18  NormRD=  0.000000002482  Uele= -15.760906279320
   SCF=  19  NormRD=  0.000000000515  Uele= -15.760906280238

*******************************************************
        Total energy (Hartree) at MD = 1        
*******************************************************

  Uele.        -15.760906280238

  Ukin.         24.572738781249
  UH0.        -131.905756072662
  UH1.           0.377895405456
  Una.         -18.783571420164
  Unl.          -1.949464098442
  Uxc0.         -6.373621509092
  Uxc1.         -6.373621509092
  Ucore.       102.688243958898
  Uhub.          0.000000000000
  Ucs.           0.000000000000
  Uzs.           0.000000000000
  Uzo.           0.000000000000
  Uef.           0.000000000000
  UvdW           0.000000000000
  Uch            0.000000000000
  Utot.        -37.747156463850

  Note:

  Utot = Ukin+UH0+UH1+Una+Unl+Uxc0+Uxc1+Ucore+Uhub+Ucs+Uzs+Uzo+Uef+UvdW+Uch

  Uele:   band energy
  Ukin:   kinetic energy
  UH0:    electric part of screened Coulomb energy
  UH1:    difference electron-electron Coulomb energy
  Una:    neutral atom potential energy
  Unl:    non-local potential energy
  Uxc0:   exchange-correlation energy for alpha spin
  Uxc1:   exchange-correlation energy for beta spin
  Ucore:  core-core Coulomb energy
  Uhub:   LDA+U energy
  Ucs:    constraint energy for spin orientation
  Uzs:    Zeeman term for spin magnetic moment
  Uzo:    Zeeman term for orbital magnetic moment
  Uef:    electric energy by electric field
  UvdW:   semi-empirical vdW energy
  Uch:    penalty term to create a core hole

  (see also PRB 72, 045121(2005) for the energy contributions)



  Chemical potential (Hartree)      -0.209887640085

***********************************************************
***********************************************************
            Eigenvalues (Hartree) for SCF KS-eq.           
***********************************************************
***********************************************************

   Chemical Potential (Hartree) =  -0.20988764008507
   Number of States             =  30.00000000000000
   HOMO = 15
   Eigenvalues
                Up-spin            Down-spin
          1  -0.87457456118828  -0.87457456118828
          2  -0.77168545869805  -0.77168545869805
          3  -0.77168274988702  -0.77168274988702
          4  -0.62412931413479  -0.62412931413479
          5  -0.62412215876834  -0.62412215876834
          6  -0.53717187617669  -0.53717187617669
          7  -0.49215305904455  -0.49215305904455
          8  -0.47467684893755  -0.47467684893755
          9  -0.45825769170345  -0.45825769170345
         10  -0.45825640819777  -0.45825640819777
         11  -0.40056978559070  -0.40056978559070
         12  -0.39024611084157  -0.39024611084157
         13  -0.39022919940694  -0.39022919940694
         14  -0.30635002291869  -0.30635002291869
         15  -0.30634789462362  -0.30634789462362
         16  -0.11342907153718  -0.11342907153718
         17  -0.11342358423719  -0.11342358423719
         18   0.03323271946028   0.03323271946028
         19   0.09891774800700   0.09891774800700
         20   0.16157788148863   0.16157788148863
         21   0.16159241392210   0.16159241392210
         22   0.23738072317530   0.23738072317530
         23   0.24737559347926   0.24737559347926
         24   0.24737950918942   0.24737950918942
         25   0.34446113603804   0.34446113603804
         26   0.34448304928510   0.34448304928510
         27   0.38210315768657   0.38210315768657
         28   0.38212412652604   0.38212412652604
         29   0.53699760299892   0.53699760299892
         30   0.58683574245495   0.58683574245495

***********************************************************
***********************************************************
                   Mulliken populations                    
***********************************************************
***********************************************************

  Total spin moment (muB)   0.000000000

                    Up spin      Down spin     Sum           Diff
      1    C      2.140047996  2.140047996   4.280095993   0.000000000
      2    C      2.140042601  2.140042601   4.280085202   0.000000000
      3    C      2.140036109  2.140036109   4.280072217   0.000000000
      4    C      2.140048544  2.140048544   4.280097088   0.000000000
      5    C      2.140043254  2.140043254   4.280086508   0.000000000
      6    C      2.140035939  2.140035939   4.280071878   0.000000000
      7    H      0.359949117  0.359949117   0.719898235   0.000000000
      8    H      0.359960648  0.359960648   0.719921297   0.000000000
      9    H      0.359963218  0.359963218   0.719926436   0.000000000
     10    H      0.359948746  0.359948746   0.719897492   0.000000000
     11    H      0.359960376  0.359960376   0.719920751   0.000000000
     12    H      0.359963451  0.359963451   0.719926903   0.000000000

 Sum of MulP: up   =    15.00000 down          =    15.00000
              total=    30.00000 ideal(neutral)=    30.00000


  Decomposed Mulliken populations

    1    C          Up spin      Down spin     Sum           Diff
            multiple
  s           0    0.541876496  0.541876496   1.083752991   0.000000000
   sum over m      0.541876496  0.541876496   1.083752991   0.000000000
   sum over m+mul  0.541876496  0.541876496   1.083752991   0.000000000
  px          0    0.521833261  0.521833261   1.043666523   0.000000000
  py          0    0.576341640  0.576341640   1.152683279   0.000000000
  pz          0    0.499996600  0.499996600   0.999993200   0.000000000
   sum over m      1.598171501  1.598171501   3.196343002   0.000000000
   sum over m+mul  1.598171501  1.598171501   3.196343002   0.000000000

    2    C          Up spin      Down spin     Sum           Diff
            multiple
  s           0    0.541879215  0.541879215   1.083758430   0.000000000
   sum over m      0.541879215  0.541879215   1.083758430   0.000000000
   sum over m+mul  0.541879215  0.541879215   1.083758430   0.000000000
  px          0    0.589102412  0.589102412   1.178204823   0.000000000
  py          0    0.509057000  0.509057000   1.018113999   0.000000000
  pz          0    0.500003975  0.500003975   1.000007950   0.000000000
   sum over m      1.598163386  1.598163386   3.196326772   0.000000000
   sum over m+mul  1.598163386  1.598163386   3.196326772   0.000000000

    3    C          Up spin      Down spin     Sum           Diff
            multiple
  s           0    0.541875986  0.541875986   1.083751972   0.000000000
   sum over m      0.541875986  0.541875986   1.083751972   0.000000000
   sum over m+mul  0.541875986  0.541875986   1.083751972   0.000000000
  px          0    0.536319944  0.536319944   1.072639889   0.000000000
  py          0    0.561841098  0.561841098   1.123682196   0.000000000
  pz          0    0.499999080  0.499999080   0.999998160   0.000000000
   sum over m      1.598160123  1.598160123   3.196320245   0.000000000
   sum over m+mul  1.598160123  1.598160123   3.196320245   0.000000000

    4    C          Up spin      Down spin     Sum           Diff
            multiple
  s           0    0.541877170  0.541877170   1.083754339   0.000000000
   sum over m      0.541877170  0.541877170   1.083754339   0.000000000
   sum over m+mul  0.541877170  0.541877170   1.083754339   0.000000000
  px          0    0.521831950  0.521831950   1.043663899   0.000000000
  py          0    0.576342598  0.576342598   1.152685196   0.000000000
  pz          0    0.499996827  0.499996827   0.999993654   0.000000000
   sum over m      1.598171374  1.598171374   3.196342749   0.000000000
   sum over m+mul  1.598171374  1.598171374   3.196342749   0.000000000

    5    C          Up spin      Down spin     Sum           Diff
            multiple
  s           0    0.541878049  0.541878049   1.083756098   0.000000000
   sum over m      0.541878049  0.541878049   1.083756098   0.000000000
   sum over m+mul  0.541878049  0.541878049   1.083756098   0.000000000
  px          0    0.589103125  0.589103125   1.178206250   0.000000000
  py          0    0.509057848  0.509057848   1.018115696   0.000000000
  pz          0    0.500004232  0.500004232   1.000008463   0.000000000
   sum over m      1.598165205  1.598165205   3.196330410   0.000000000
   sum over m+mul  1.598165205  1.598165205   3.196330410   0.000000000

    6    C          Up spin      Down spin     Sum           Diff
            multiple
  s           0    0.541874813  0.541874813   1.083749627   0.000000000
   sum over m      0.541874813  0.541874813   1.083749627   0.000000000
   sum over m+mul  0.541874813  0.541874813   1.083749627   0.000000000
  px          0    0.536320502  0.536320502   1.072641003   0.000000000
  py          0    0.561841338  0.561841338   1.123682675   0.000000000
  pz          0    0.499999287  0.499999287   0.999998573   0.000000000
   sum over m      1.598161126  1.598161126   3.196322252   0.000000000
   sum over m+mul  1.598161126  1.598161126   3.196322252   0.000000000

    7    H          Up spin      Down spin     Sum           Diff
            multiple
  s           0    0.359949117  0.359949117   0.719898235   0.000000000
   sum over m      0.359949117  0.359949117   0.719898235   0.000000000
   sum over m+mul  0.359949117  0.359949117   0.719898235   0.000000000

    8    H          Up spin      Down spin     Sum           Diff
            multiple
  s           0    0.359960648  0.359960648   0.719921297   0.000000000
   sum over m      0.359960648  0.359960648   0.719921297   0.000000000
   sum over m+mul  0.359960648  0.359960648   0.719921297   0.000000000

    9    H          Up spin      Down spin     Sum           Diff
            multiple
  s           0    0.359963218  0.359963218   0.719926436   0.000000000
   sum over m      0.359963218  0.359963218   0.719926436   0.000000000
   sum over m+mul  0.359963218  0.359963218   0.719926436   0.000000000

   10    H          Up spin      Down spin     Sum           Diff
            multiple
  s           0    0.359948746  0.359948746   0.719897492   0.000000000
   sum over m      0.359948746  0.359948746   0.719897492   0.000000000
   sum over m+mul  0.359948746  0.359948746   0.719897492   0.000000000

   11    H          Up spin      Down spin     Sum           Diff
            multiple
  s           0    0.359960376  0.359960376   0.719920751   0.000000000
   sum over m      0.359960376  0.359960376   0.719920751   0.000000000
   sum over m+mul  0.359960376  0.359960376   0.719920751   0.000000000

   12    H          Up spin      Down spin     Sum           Diff
            multiple
  s           0    0.359963451  0.359963451   0.719926903   0.000000000
   sum over m      0.359963451  0.359963451   0.719926903   0.000000000
   sum over m+mul  0.359963451  0.359963451   0.719926903   0.000000000

***********************************************************
***********************************************************
                    Dipole moment (Debye)                  
***********************************************************
***********************************************************

 Absolute D        0.00001883

                      Dx                Dy                Dz
 Total              0.00001166        0.00001478       -0.00000000
 Core              -0.00004803       -0.00009606        0.00000000
 Electron           0.00005969        0.00011084       -0.00000000
 Back ground       -0.00000000        0.00000000       -0.00000000

***********************************************************
***********************************************************
       xyz-coordinates (Ang) and forces (Hartree/Bohr)  
***********************************************************
***********************************************************

<coordinates.forces
  12
    1     C     0.57033   1.27502   0.00000   0.000385415260  0.000938269197 -0.000000000035
    2     C     1.38939   0.14359   0.00000   0.001095348530  0.000271997091  0.000000000020
    3     C     0.81904  -1.13144   0.00000   0.000662275698 -0.000741194859 -0.000000000042
    4     C    -0.57034  -1.27502   0.00000  -0.000370773171 -0.000937162406  0.000000000030
    5     C    -1.38939  -0.14359   0.00000  -0.001100147170 -0.000269936263  0.000000000040
    6     C    -0.81904   1.13144   0.00000  -0.000674601251  0.000747347189 -0.000000000034
    7     H     1.02076   2.28199   0.00000   0.026528033397  0.059377626443  0.000000000023
    8     H     2.48665   0.25700   0.00000   0.064669578144  0.006693732577 -0.000000000005
    9     H     1.46588  -2.02500   0.00000   0.038103988072 -0.052660284221  0.000000000004
   10     H    -1.02076  -2.28199   0.00000  -0.026529662447 -0.059381016459 -0.000000000015
   11     H    -2.48665  -0.25700   0.00000  -0.064669612303 -0.006693383384  0.000000000016
   12     H    -1.46588   2.02501   0.00000  -0.038099937108  0.052654038986 -0.000000000002
coordinates.forces>

***********************************************************
***********************************************************
       Fractional coordinates of the final structure       
***********************************************************
***********************************************************

     1      C     0.04387161538462   0.09807838461538   0.00000000000000
     2      C     0.10687623076923   0.01104530769231   0.00000000000000
     3      C     0.06300315384615   0.91296607692308   0.00000000000000
     4      C     0.95612776923077   0.90192146153846   0.00000000000000
     5      C     0.89312392307692   0.98895453846154   0.00000000000000
     6      C     0.93699700000000   0.08703376923077   0.00000000000000
     7      H     0.07852007692308   0.17553761538462   0.00000000000000
     8      H     0.19128084615385   0.01976915384615   0.00000000000000
     9      H     0.11276007692308   0.84423069230769   0.00000000000000
    10      H     0.92148007692308   0.82446223076923   0.00000000000000
    11      H     0.80871930769231   0.98023069230769   0.00000000000000
    12      H     0.88724007692308   0.15576992307692   0.00000000000000

***********************************************************
***********************************************************
               Computational Time (second)                 
***********************************************************
***********************************************************

   Elapsed.Time.         3.054

                               Min_ID   Min_Time       Max_ID   Max_Time
   Total Computational Time =    19        3.034          0        3.054
   readfile                 =    16        1.757          0        1.757
   truncation               =    19        0.093          1        0.106
   MD_pac                   =     0        0.000         14        0.000
   OutData                  =     5        0.120          0        0.140
   DFT                      =     8        1.050         19        1.063

*** In DFT ***

   Set_OLP_Kin              =    18        0.042          9        0.059
   Set_Nonlocal             =     9        0.047         18        0.063
   Set_ProExpn_VNA          =    18        0.187          5        0.209
   Set_Hamiltonian          =     5        0.196         19        0.196
   Poisson                  =    18        0.099          7        0.099
   Diagonalization          =     4        0.055         10        0.055
   Mixing_DM                =     5        0.003         10        0.003
   Force                    =    19        0.037          5        0.037
   Total_Energy             =     6        0.128          0        0.128
   Set_Aden_Grid            =     5        0.018         12        0.040
   Set_Orbitals_Grid        =    12        0.000          7        0.045
   Set_Density_Grid         =    18        0.084          8        0.135
   RestartFileDFT           =     9        0.008          1        0.013
   Mulliken_Charge          =    12        0.001          5        0.002
   FFT(2D)_Density          =     0        0.000          0        0.000
   Others                   =     8        0.005         18        0.118
