***********************************************************
***********************************************************

  This calculation was performed by OpenMX Ver. 3.873
  using 20 MPI processes and 1 OpenMP threads.

  Thu Aug 22 18:28:09 2019

***********************************************************
***********************************************************

#
#   orbital and geometry optimizations of a carbon monoxide
#   molecule by the LDA and the cluster method
#
  
#
# File Name      
#

System.CurrrentDirectory         ./    # default=./
System.Name                       CO
level.of.stdout                   1    # default=1 (1-3)
level.of.fileout                  1    # default=1 (0-2)

#
# Definition of Atomic Species
#

Species.Number       2
<Definition.of.Atomic.Species
 O    O6.0-s2>1p2>1       O_PBE19
 C    C6.0-s2>1p2>1       C_PBE19
Definition.of.Atomic.Species>

#
# Atoms
#

Atoms.Number         2
Atoms.SpeciesAndCoordinates.Unit   Ang # Ang|AU
<Atoms.SpeciesAndCoordinates           
 1  O  0.000  0.000  0.000    3.0  3.0
 2  C  1.600  0.000  0.000    2.0  2.0
Atoms.SpeciesAndCoordinates>
Atoms.UnitVectors.Unit             Ang # Ang|AU
#<Atoms.UnitVectors                     
#  10.0   0.0   0.0  
#   0.0  10.0   0.0  
#   0.0   0.0  10.0  
#Atoms.UnitVectors>

#
# SCF or Electronic System
#

scf.XcType                 GGA-PBE     # LDA|LSDA-CA|LSDA-PW|GGA-PBE
scf.SpinPolarization        off        # On|Off|NC
scf.ElectronicTemperature  500.0       # default=300 (K)
scf.energycutoff           150.0       # default=150 (Ry)
scf.maxIter                 50         # default=40
scf.EigenvalueSolver       cluster     # DC|GDC|Cluster|Band
scf.Kgrid                  1 1 1       # means n1 x n2 x n3
scf.Mixing.Type           rmm-diis     # Simple|Rmm-Diis|Gr-Pulay|Kerker|Rmm-Diisk
scf.Init.Mixing.Weight     0.010       # default=0.30 
scf.Min.Mixing.Weight      0.001       # default=0.001 
scf.Max.Mixing.Weight      0.300       # default=0.40 
scf.Mixing.History          6          # default=5
scf.Mixing.StartPulay       6          # default=6
scf.criterion             1.0e-9       # default=1.0e-6 (Hartree) 

#
# Orbital Optimization
#

orbitalOpt.Method         atoms        # Off|Unrestricted|Restricted
orbitalOpt.InitCoes     Symmetrical    # Symmetrical|Free
orbitalOpt.initPrefactor   0.1         # default=0.1
orbitalOpt.scf.maxIter      40         # default=12
orbitalOpt.Opt.maxIter       5         # default=5
orbitalOpt.per.MDIter        2         # default=1000000
orbitalOpt.criterion      1.0e-4       # default=1.0e-4 (Hartree/borh)

#
# output of contracted orbitals
#

CntOrb.fileout               off       # on|off, default=off
Num.CntOrb.Atoms              1        # default=1
<Atoms.Cont.Orbitals
 1
Atoms.Cont.Orbitals>
 
#
# MD or Geometry Optimization
#

MD.Type                     opt        # Nomd|Opt|NVE|NVT_VS|NVT_NH
MD.maxIter                    3        # default=1
MD.TimeStep                 1.0        # default=0.5 (fs)
MD.Opt.criterion         1.0e-4        # default=1.0e-4 (Hartree/bohr)


***********************************************************
***********************************************************

  Required cutoff energy (Ryd) for 3D-grids = 150.0000
      Used cutoff energy (Ryd) for 3D-grids = 150.0010, 150.0010, 150.0010
  Num. of grids of a-, b-, and c-axes = 70, 54, 54

  Num.Grid1.    70
  Num.Grid2.    54
  Num.Grid3.    54


  Cell_Volume =   3445.037441039801 (Bohr^3)
  GridVol     =      0.016877510489 (Bohr^3)
  Cell vectors (bohr) of the grid cell (gtv)
    gtv_a =  0.256509111003,  0.000000000000,  0.000000000000
    gtv_b =  0.000000000000,  0.256509111003,  0.000000000000
    gtv_c =  0.000000000000,  0.000000000000,  0.256509111003
    |gtv_a| =  0.256509111003
    |gtv_b| =  0.256509111003
    |gtv_c| =  0.256509111003

***********************************************************
***********************************************************


***********************************************************
***********************************************************
                  SCF history at MD= 1                    
***********************************************************
***********************************************************

  OrbOpt=  1  SCF=   1  NormRD=  1.000000000000  Uele= -4.628744758143
  OrbOpt=  1  SCF=   2  NormRD=  2.455872828593  Uele= -5.398588554401
  OrbOpt=  1  SCF=   3  NormRD=  2.450554261126  Uele= -5.391402712046
  OrbOpt=  1  SCF=   4  NormRD=  0.765622637905  Uele= -5.490939750801
  OrbOpt=  1  SCF=   5  NormRD=  1.151028686248  Uele= -4.592684427658
  OrbOpt=  1  SCF=   6  NormRD=  0.534743703005  Uele= -4.829014590588
  OrbOpt=  1  SCF=   7  NormRD=  0.511609255232  Uele= -4.820328657984
  OrbOpt=  1  SCF=   8  NormRD=  0.358991012877  Uele= -5.137444947089
  OrbOpt=  1  SCF=   9  NormRD=  0.048594834366  Uele= -5.008863340584
  OrbOpt=  1  SCF=  10  NormRD=  0.015460107109  Uele= -5.001935582248
  OrbOpt=  1  SCF=  11  NormRD=  0.011196192654  Uele= -5.006733134931
  OrbOpt=  1  SCF=  12  NormRD=  0.007354543446  Uele= -5.006107453189
  OrbOpt=  1  SCF=  13  NormRD=  0.000804852072  Uele= -5.005016651950
  OrbOpt=  1  SCF=  14  NormRD=  0.000065997240  Uele= -5.004856069253
  OrbOpt=  1  SCF=  15  NormRD=  0.000001303508  Uele= -5.004846545793
  OrbOpt=  1  SCF=  16  NormRD=  0.000000785962  Uele= -5.004845907078
  OrbOpt=  1  SCF=  17  NormRD=  0.000000011544  Uele= -5.004846228633
  OrbOpt=  1  SCF=  18  NormRD=  0.000000008925  Uele= -5.004846221765
  OrbOpt=  1  SCF=  19  NormRD=  0.000000000008  Uele= -5.004846224554
  OrbOpt=  2  SCF=  20  NormRD=  0.000000000001  Uele= -5.004846224552
  OrbOpt=  2  SCF=  21  NormRD=  0.024654666176  Uele= -4.976104157819
  OrbOpt=  2  SCF=  22  NormRD=  0.239201184356  Uele= -4.895774568831
  OrbOpt=  2  SCF=  23  NormRD=  0.236397493623  Uele= -4.896477176854
  OrbOpt=  2  SCF=  24  NormRD=  0.120340114338  Uele= -4.927868130403
  OrbOpt=  2  SCF=  25  NormRD=  0.045583133856  Uele= -4.950814483222
  OrbOpt=  2  SCF=  26  NormRD=  0.014184764195  Uele= -4.961200810302
  OrbOpt=  2  SCF=  27  NormRD=  0.004994465754  Uele= -4.964384633245
  OrbOpt=  2  SCF=  28  NormRD=  0.005196439970  Uele= -4.964694803142
  OrbOpt=  2  SCF=  29  NormRD=  0.000422843778  Uele= -4.966248074042
  OrbOpt=  2  SCF=  30  NormRD=  0.000025667861  Uele= -4.966396915033
  OrbOpt=  2  SCF=  31  NormRD=  0.000000470508  Uele= -4.966403518892
  OrbOpt=  2  SCF=  32  NormRD=  0.000000051464  Uele= -4.966403397309
  OrbOpt=  2  SCF=  33  NormRD=  0.000000000773  Uele= -4.966403407708
  OrbOpt=  3  SCF=  34  NormRD=  0.000000000030  Uele= -4.966403407886
  OrbOpt=  3  SCF=  35  NormRD=  0.030946448605  Uele= -4.933238222092
  OrbOpt=  3  SCF=  36  NormRD=  0.301229913706  Uele= -4.836423070798
  OrbOpt=  3  SCF=  37  NormRD=  0.297618211219  Uele= -4.837260398835
  OrbOpt=  3  SCF=  38  NormRD=  0.151678458009  Uele= -4.874504689352
  OrbOpt=  3  SCF=  39  NormRD=  0.058503243872  Uele= -4.902352965644
  OrbOpt=  3  SCF=  40  NormRD=  0.018854016492  Uele= -4.915356283092
  OrbOpt=  3  SCF=  41  NormRD=  0.006965563833  Uele= -4.919472445468
  OrbOpt=  3  SCF=  42  NormRD=  0.007970238067  Uele= -4.919547762531
  OrbOpt=  3  SCF=  43  NormRD=  0.000361807999  Uele= -4.922086862360
  OrbOpt=  3  SCF=  44  NormRD=  0.000039582286  Uele= -4.922206756287
  OrbOpt=  3  SCF=  45  NormRD=  0.000001088932  Uele= -4.922216149540
  OrbOpt=  3  SCF=  46  NormRD=  0.000000070036  Uele= -4.922215951468
  OrbOpt=  3  SCF=  47  NormRD=  0.000000001136  Uele= -4.922215968571
  OrbOpt=  4  SCF=  48  NormRD=  0.000000000041  Uele= -4.922215968342
  OrbOpt=  4  SCF=  49  NormRD=  0.026522620822  Uele= -4.896980437219
  OrbOpt=  4  SCF=  50  NormRD=  0.253736066837  Uele= -4.814452772771
  OrbOpt=  4  SCF=  51  NormRD=  0.250760157535  Uele= -4.815185863342
  OrbOpt=  4  SCF=  52  NormRD=  0.127775564412  Uele= -4.848059306606
  OrbOpt=  4  SCF=  53  NormRD=  0.048712588527  Uele= -4.872238464791
  OrbOpt=  4  SCF=  54  NormRD=  0.015307730245  Uele= -4.883289787415
  OrbOpt=  4  SCF=  55  NormRD=  0.005426341697  Uele= -4.886705191471
  OrbOpt=  4  SCF=  56  NormRD=  0.005610294428  Uele= -4.886865749316
  OrbOpt=  4  SCF=  57  NormRD=  0.000161980862  Uele= -4.888722220173
  OrbOpt=  4  SCF=  58  NormRD=  0.000007232301  Uele= -4.888774204519
  OrbOpt=  4  SCF=  59  NormRD=  0.000000722968  Uele= -4.888774881237
  OrbOpt=  4  SCF=  60  NormRD=  0.000000061425  Uele= -4.888774683861
  OrbOpt=  4  SCF=  61  NormRD=  0.000000000649  Uele= -4.888774691439
  OrbOpt=  5  SCF=  62  NormRD=  0.000000000004  Uele= -4.888774691341
  OrbOpt=  5  SCF=  63  NormRD=  0.022247753506  Uele= -4.869490135220
  OrbOpt=  5  SCF=  64  NormRD=  0.209354184237  Uele= -4.800414735927
  OrbOpt=  5  SCF=  65  NormRD=  0.206956722620  Uele= -4.801040378101
  OrbOpt=  5  SCF=  66  NormRD=  0.105307930742  Uele= -4.829434672045
  OrbOpt=  5  SCF=  67  NormRD=  0.039572440762  Uele= -4.849981227397
  OrbOpt=  5  SCF=  68  NormRD=  0.012098820402  Uele= -4.859145966030
  OrbOpt=  5  SCF=  69  NormRD=  0.004110555154  Uele= -4.861904451858
  OrbOpt=  5  SCF=  70  NormRD=  0.003789950887  Uele= -4.862107689269
  OrbOpt=  5  SCF=  71  NormRD=  0.000118638887  Uele= -4.863387843069
  OrbOpt=  5  SCF=  72  NormRD=  0.000021271834  Uele= -4.863413053930
  OrbOpt=  5  SCF=  73  NormRD=  0.000000496397  Uele= -4.863419765821
  OrbOpt=  5  SCF=  74  NormRD=  0.000000047330  Uele= -4.863419598511
  OrbOpt=  5  SCF=  75  NormRD=  0.000000000275  Uele= -4.863419602257
  OrbOpt=  6  SCF=  76  NormRD=  0.000000000010  Uele= -4.863419602119
  OrbOpt=  6  SCF=  77  NormRD=  0.018486390862  Uele= -4.848494446145
  OrbOpt=  6  SCF=  78  NormRD=  0.171392594766  Uele= -4.791169295929
  OrbOpt=  6  SCF=  79  NormRD=  0.169474464523  Uele= -4.791695556780
  OrbOpt=  6  SCF=  80  NormRD=  0.086052641738  Uele= -4.815908100154
  OrbOpt=  6  SCF=  81  NormRD=  0.031849658727  Uele= -4.833172981801
  OrbOpt=  6  SCF=  82  NormRD=  0.009479351030  Uele= -4.840688793991
  OrbOpt=  6  SCF=  83  NormRD=  0.003093977362  Uele= -4.842892725619
  OrbOpt=  6  SCF=  84  NormRD=  0.002515058903  Uele= -4.843103848370
  OrbOpt=  6  SCF=  85  NormRD=  0.000163969958  Uele= -4.843945890343
  OrbOpt=  6  SCF=  86  NormRD=  0.000015734395  Uele= -4.843986663846
  OrbOpt=  6  SCF=  87  NormRD=  0.000000334003  Uele= -4.843991606561
  OrbOpt=  6  SCF=  88  NormRD=  0.000000032786  Uele= -4.843991473030
  OrbOpt=  6  SCF=  89  NormRD=  0.000000000415  Uele= -4.843991475033
  OrbOpt=  6  SCF=  90  NormRD=  0.000000000006  Uele= -4.843991474891

*******************************************************
        Total energy (Hartree) at MD = 1        
*******************************************************

  Uele.         -4.843991474891

  Ukin.         14.063275510855
  UH0.         -26.457650043134
  UH1.           0.098736840671
  Una.         -15.440896576367
  Unl.           3.273791626223
  Uxc0.         -2.674541995158
  Uxc1.         -2.674541995158
  Ucore.         7.937658735000
  Uhub.          0.000000000000
  Ucs.           0.000000000000
  Uzs.           0.000000000000
  Uzo.           0.000000000000
  Uef.           0.000000000000
  UvdW           0.000000000000
  Uch            0.000000000000
  Utot.        -21.874167897070

  Note:

  Utot = Ukin+UH0+UH1+Una+Unl+Uxc0+Uxc1+Ucore+Uhub+Ucs+Uzs+Uzo+Uef+UvdW+Uch

  Uele:   band energy
  Ukin:   kinetic energy
  UH0:    electric part of screened Coulomb energy
  UH1:    difference electron-electron Coulomb energy
  Una:    neutral atom potential energy
  Unl:    non-local potential energy
  Uxc0:   exchange-correlation energy for alpha spin
  Uxc1:   exchange-correlation energy for beta spin
  Ucore:  core-core Coulomb energy
  Uhub:   LDA+U energy
  Ucs:    constraint energy for spin orientation
  Uzs:    Zeeman term for spin magnetic moment
  Uzo:    Zeeman term for orbital magnetic moment
  Uef:    electric energy by electric field
  UvdW:   semi-empirical vdW energy
  Uch:    penalty term to create a core hole

  (see also PRB 72, 045121(2005) for the energy contributions)



  Chemical potential (Hartree)      -0.254456843724

***********************************************************
***********************************************************
                  SCF history at MD= 2                    
***********************************************************
***********************************************************

   SCF=   1  NormRD=  1.000000000000  Uele= -4.856810346291
   SCF=   2  NormRD=  2.202839160198  Uele= -5.100921065942
   SCF=   3  NormRD=  1.924740261805  Uele= -4.982098064317
   SCF=   4  NormRD=  0.435928940512  Uele= -5.420741487074
   SCF=   5  NormRD=  0.398035014015  Uele= -5.171838633867
   SCF=   6  NormRD=  0.223044642345  Uele= -5.285908312308
   SCF=   7  NormRD=  0.213148593572  Uele= -5.223271154987
   SCF=   8  NormRD=  0.072747660385  Uele= -5.299667839715
   SCF=   9  NormRD=  0.026072099174  Uele= -5.295300531029
   SCF=  10  NormRD=  0.000689270975  Uele= -5.308054936321
   SCF=  11  NormRD=  0.000036198763  Uele= -5.308404336764
   SCF=  12  NormRD=  0.000014163922  Uele= -5.308405651991
   SCF=  13  NormRD=  0.000000321010  Uele= -5.308400959315
   SCF=  14  NormRD=  0.000000008213  Uele= -5.308401063623
   SCF=  15  NormRD=  0.000000001305  Uele= -5.308401059193
   SCF=  16  NormRD=  0.000000000005  Uele= -5.308401059887

*******************************************************
        Total energy (Hartree) at MD = 2        
*******************************************************

  Uele.         -5.308401059887

  Ukin.         14.120132020825
  UH0.         -27.476025323937
  UH1.           0.108418252555
  Una.         -15.676014746477
  Unl.           3.249527838473
  Uxc0.         -2.702747206969
  Uxc1.         -2.702747206969
  Ucore.         9.145268240802
  Uhub.          0.000000000000
  Ucs.           0.000000000000
  Uzs.           0.000000000000
  Uzo.           0.000000000000
  Uef.           0.000000000000
  UvdW           0.000000000000
  Uch            0.000000000000
  Utot.        -21.934188131699

  Note:

  Utot = Ukin+UH0+UH1+Una+Unl+Uxc0+Uxc1+Ucore+Uhub+Ucs+Uzs+Uzo+Uef+UvdW+Uch

  Uele:   band energy
  Ukin:   kinetic energy
  UH0:    electric part of screened Coulomb energy
  UH1:    difference electron-electron Coulomb energy
  Una:    neutral atom potential energy
  Unl:    non-local potential energy
  Uxc0:   exchange-correlation energy for alpha spin
  Uxc1:   exchange-correlation energy for beta spin
  Ucore:  core-core Coulomb energy
  Uhub:   LDA+U energy
  Ucs:    constraint energy for spin orientation
  Uzs:    Zeeman term for spin magnetic moment
  Uzo:    Zeeman term for orbital magnetic moment
  Uef:    electric energy by electric field
  UvdW:   semi-empirical vdW energy
  Uch:    penalty term to create a core hole

  (see also PRB 72, 045121(2005) for the energy contributions)



  Chemical potential (Hartree)      -0.256670317103

***********************************************************
***********************************************************
                  SCF history at MD= 3                    
***********************************************************
***********************************************************

  OrbOpt=  1  SCF=   1  NormRD=  1.000000000000  Uele= -5.091647774460
  OrbOpt=  1  SCF=   2  NormRD=  1.710268396658  Uele= -5.221522390448
  OrbOpt=  1  SCF=   3  NormRD=  1.257343386036  Uele= -5.262682393833
  OrbOpt=  1  SCF=   4  NormRD=  0.310111482638  Uele= -5.635471086915
  OrbOpt=  1  SCF=   5  NormRD=  0.203078889518  Uele= -5.710196997107
  OrbOpt=  1  SCF=   6  NormRD=  0.131388771647  Uele= -5.731585025061
  OrbOpt=  1  SCF=   7  NormRD=  0.092086800235  Uele= -5.730014550346
  OrbOpt=  1  SCF=   8  NormRD=  0.054714891394  Uele= -5.782504421162
  OrbOpt=  1  SCF=   9  NormRD=  0.017179940738  Uele= -5.737152684218
  OrbOpt=  1  SCF=  10  NormRD=  0.000275423344  Uele= -5.747846839875
  OrbOpt=  1  SCF=  11  NormRD=  0.000033803738  Uele= -5.747843237242
  OrbOpt=  1  SCF=  12  NormRD=  0.000010903227  Uele= -5.747839308239
  OrbOpt=  1  SCF=  13  NormRD=  0.000000217971  Uele= -5.747836182600
  OrbOpt=  1  SCF=  14  NormRD=  0.000000004790  Uele= -5.747836202705
  OrbOpt=  1  SCF=  15  NormRD=  0.000000000057  Uele= -5.747836199760
  OrbOpt=  2  SCF=  16  NormRD=  0.000000000005  Uele= -5.747836199737
  OrbOpt=  2  SCF=  17  NormRD=  0.003296085340  Uele= -5.729697810897
  OrbOpt=  2  SCF=  18  NormRD=  0.006216492329  Uele= -5.732270788432
  OrbOpt=  2  SCF=  19  NormRD=  0.006186858021  Uele= -5.732252302403
  OrbOpt=  2  SCF=  20  NormRD=  0.003092382682  Uele= -5.730319590895
  OrbOpt=  2  SCF=  21  NormRD=  0.001068965348  Uele= -5.729041132912
  OrbOpt=  2  SCF=  22  NormRD=  0.000404592332  Uele= -5.728570048571
  OrbOpt=  2  SCF=  23  NormRD=  0.000285493990  Uele= -5.728467562711
  OrbOpt=  2  SCF=  24  NormRD=  0.000217387945  Uele= -5.728638593270
  OrbOpt=  2  SCF=  25  NormRD=  0.000000295866  Uele= -5.728499958540
  OrbOpt=  2  SCF=  26  NormRD=  0.000000007369  Uele= -5.728499829862
  OrbOpt=  2  SCF=  27  NormRD=  0.000000000140  Uele= -5.728499824690
  OrbOpt=  3  SCF=  28  NormRD=  0.000000000037  Uele= -5.728499824803
  OrbOpt=  3  SCF=  29  NormRD=  0.003296564368  Uele= -5.709634399610
  OrbOpt=  3  SCF=  30  NormRD=  0.005567109931  Uele= -5.711414253426
  OrbOpt=  3  SCF=  31  NormRD=  0.005540591242  Uele= -5.711397747042
  OrbOpt=  3  SCF=  32  NormRD=  0.002772733534  Uele= -5.709670590843
  OrbOpt=  3  SCF=  33  NormRD=  0.000978447380  Uele= -5.708530131715
  OrbOpt=  3  SCF=  34  NormRD=  0.000410483859  Uele= -5.708111373591
  OrbOpt=  3  SCF=  35  NormRD=  0.000304009263  Uele= -5.708024994581
  OrbOpt=  3  SCF=  36  NormRD=  0.000305283514  Uele= -5.708262491217
  OrbOpt=  3  SCF=  37  NormRD=  0.000000569929  Uele= -5.708068553512
  OrbOpt=  3  SCF=  38  NormRD=  0.000000007317  Uele= -5.708068203873
  OrbOpt=  3  SCF=  39  NormRD=  0.000000000566  Uele= -5.708068207883
  OrbOpt=  4  SCF=  40  NormRD=  0.000000000012  Uele= -5.708068208265
  OrbOpt=  4  SCF=  41  NormRD=  0.003298349386  Uele= -5.688391469429
  OrbOpt=  4  SCF=  42  NormRD=  0.004711839140  Uele= -5.689160380146
  OrbOpt=  4  SCF=  43  NormRD=  0.004689454984  Uele= -5.689146480572
  OrbOpt=  4  SCF=  44  NormRD=  0.002352628866  Uele= -5.687688037204
  OrbOpt=  4  SCF=  45  NormRD=  0.000864538299  Uele= -5.686728833927
  OrbOpt=  4  SCF=  46  NormRD=  0.000419280413  Uele= -5.686379157530
  OrbOpt=  4  SCF=  47  NormRD=  0.000324498009  Uele= -5.686315063332
  OrbOpt=  4  SCF=  48  NormRD=  0.000445891556  Uele= -5.686654096015
  OrbOpt=  4  SCF=  49  NormRD=  0.000000953733  Uele= -5.686372785402
  OrbOpt=  4  SCF=  50  NormRD=  0.000000033281  Uele= -5.686372158869
  OrbOpt=  4  SCF=  51  NormRD=  0.000000000234  Uele= -5.686372179906
  OrbOpt=  5  SCF=  52  NormRD=  0.000000000003  Uele= -5.686372180020
  OrbOpt=  5  SCF=  53  NormRD=  0.003310437315  Uele= -5.665789848922
  OrbOpt=  5  SCF=  54  NormRD=  0.003571308875  Uele= -5.665245021622
  OrbOpt=  5  SCF=  55  NormRD=  0.003554521080  Uele= -5.665234613115
  OrbOpt=  5  SCF=  56  NormRD=  0.001795385135  Uele= -5.664130790649
  OrbOpt=  5  SCF=  57  NormRD=  0.000727165705  Uele= -5.663413547107
  OrbOpt=  5  SCF=  58  NormRD=  0.000431780482  Uele= -5.663157641687
  OrbOpt=  5  SCF=  59  NormRD=  0.000343005480  Uele= -5.663127363260
  OrbOpt=  5  SCF=  60  NormRD=  0.000621534056  Uele= -5.663590990556
  OrbOpt=  5  SCF=  61  NormRD=  0.000001375760  Uele= -5.663202792151
  OrbOpt=  5  SCF=  62  NormRD=  0.000000062765  Uele= -5.663201867947
  OrbOpt=  5  SCF=  63  NormRD=  0.000000001898  Uele= -5.663201906859
  OrbOpt=  5  SCF=  64  NormRD=  0.000000000003  Uele= -5.663201907988
  OrbOpt=  6  SCF=  65  NormRD=  0.000000000000  Uele= -5.663201907987
  OrbOpt=  6  SCF=  66  NormRD=  0.003354959710  Uele= -5.641614119070
  OrbOpt=  6  SCF=  67  NormRD=  0.002053454009  Uele= -5.639321178201
  OrbOpt=  6  SCF=  68  NormRD=  0.002039115156  Uele= -5.639312175108
  OrbOpt=  6  SCF=  69  NormRD=  0.001066840836  Uele= -5.638670532267
  OrbOpt=  6  SCF=  70  NormRD=  0.000588606366  Uele= -5.638286646935
  OrbOpt=  6  SCF=  71  NormRD=  0.000422216910  Uele= -5.638177989163
  OrbOpt=  6  SCF=  72  NormRD=  0.000305981940  Uele= -5.638218743869
  OrbOpt=  6  SCF=  73  NormRD=  0.000199846692  Uele= -5.638172466907
  OrbOpt=  6  SCF=  74  NormRD=  0.000002795760  Uele= -5.638297243776
  OrbOpt=  6  SCF=  75  NormRD=  0.000000035346  Uele= -5.638295434272
  OrbOpt=  6  SCF=  76  NormRD=  0.000000000876  Uele= -5.638295456924
  OrbOpt=  6  SCF=  77  NormRD=  0.000000000001  Uele= -5.638295457464

*******************************************************
        Total energy (Hartree) at MD = 3        
*******************************************************

  Uele.         -5.638295457464

  Ukin.         14.346850552734
  UH0.         -28.290711365894
  UH1.           0.109180652411
  Una.         -16.057280548862
  Unl.           3.209219920340
  Uxc0.         -2.743262362357
  Uxc1.         -2.743262362357
  Ucore.        10.215684461271
  Uhub.          0.000000000000
  Ucs.           0.000000000000
  Uzs.           0.000000000000
  Uzo.           0.000000000000
  Uef.           0.000000000000
  UvdW           0.000000000000
  Uch            0.000000000000
  Utot.        -21.953581052714

  Note:

  Utot = Ukin+UH0+UH1+Una+Unl+Uxc0+Uxc1+Ucore+Uhub+Ucs+Uzs+Uzo+Uef+UvdW+Uch

  Uele:   band energy
  Ukin:   kinetic energy
  UH0:    electric part of screened Coulomb energy
  UH1:    difference electron-electron Coulomb energy
  Una:    neutral atom potential energy
  Unl:    non-local potential energy
  Uxc0:   exchange-correlation energy for alpha spin
  Uxc1:   exchange-correlation energy for beta spin
  Ucore:  core-core Coulomb energy
  Uhub:   LDA+U energy
  Ucs:    constraint energy for spin orientation
  Uzs:    Zeeman term for spin magnetic moment
  Uzo:    Zeeman term for orbital magnetic moment
  Uef:    electric energy by electric field
  UvdW:   semi-empirical vdW energy
  Uch:    penalty term to create a core hole

  (see also PRB 72, 045121(2005) for the energy contributions)



  Chemical potential (Hartree)      -0.237086171833

***********************************************************
***********************************************************
            Eigenvalues (Hartree) for SCF KS-eq.           
***********************************************************
***********************************************************

   Chemical Potential (Hartree) =  -0.23708617183274
   Number of States             =  10.00000000000000
   HOMO =  5
   Eigenvalues
                Up-spin            Down-spin
          1  -1.09022441245122  -1.09022441245122
          2  -0.52010493751534  -0.52010493751534
          3  -0.43435799213317  -0.43435799213317
          4  -0.43435799203776  -0.43435799203776
          5  -0.34010239455084  -0.34010239455084
          6  -0.12858243279859  -0.12858243279859
          7  -0.12858243272069  -0.12858243272069
          8   0.31925995385959   0.31925995385959

***********************************************************
***********************************************************
         History of orbital optimization   MD= 1          
*********     Gradient Norm ((Hartree/borh)^2)     ********
              Required criterion=  0.000100000000                  
***********************************************************

   iter=   1  Gradient Norm=  0.113116622324  Uele= -5.004846224552
   iter=   2  Gradient Norm=  0.080573572718  Uele= -4.966403407886
   iter=   3  Gradient Norm=  0.050314053248  Uele= -4.922215968342
   iter=   4  Gradient Norm=  0.032047053960  Uele= -4.888774691341
   iter=   5  Gradient Norm=  0.020751408212  Uele= -4.863419602119

***********************************************************
***********************************************************
         History of orbital optimization   MD= 3          
*********     Gradient Norm ((Hartree/borh)^2)     ********
              Required criterion=  0.000100000000                  
***********************************************************

   iter=   1  Gradient Norm=  0.426627734158  Uele= -5.747836199737
   iter=   2  Gradient Norm=  0.379666058815  Uele= -5.728499824803
   iter=   3  Gradient Norm=  0.333812737634  Uele= -5.708068208265
   iter=   4  Gradient Norm=  0.289250082141  Uele= -5.686372180020
   iter=   5  Gradient Norm=  0.246211674395  Uele= -5.663201907987

***********************************************************
***********************************************************
              History of geometry optimization             
***********************************************************
***********************************************************

  MD_iter   SD_scaling     |Maximum force|   Maximum step        Utot
                           (Hartree/Bohr)        (Ang)         (Hartree)

    1       1.25981732       0.17243777       0.10583545     -21.87416790
    2       1.25981732       0.10953176       0.07302118     -21.93418813
    3       1.25981732       0.02636512       0.01757675     -21.95358105

***********************************************************
***********************************************************
                   Mulliken populations                    
***********************************************************
***********************************************************

  Total spin moment (muB)   0.000000000

                    Up spin      Down spin     Sum           Diff
      1    O      3.143760043  3.143760043   6.287520086   0.000000000
      2    C      1.856239957  1.856239957   3.712479914   0.000000000

 Sum of MulP: up   =     5.00000 down          =     5.00000
              total=    10.00000 ideal(neutral)=    10.00000


  Decomposed Mulliken populations

    1    O          Up spin      Down spin     Sum           Diff
            multiple
  s           0    0.944532895  0.944532895   1.889065790   0.000000000
   sum over m      0.944532895  0.944532895   1.889065790   0.000000000
   sum over m+mul  0.944532895  0.944532895   1.889065790   0.000000000
  px          0    0.741934729  0.741934729   1.483869458   0.000000000
  py          0    0.728646210  0.728646210   1.457292419   0.000000000
  pz          0    0.728646209  0.728646209   1.457292419   0.000000000
   sum over m      2.199227148  2.199227148   4.398454296   0.000000000
   sum over m+mul  2.199227148  2.199227148   4.398454296   0.000000000

    2    C          Up spin      Down spin     Sum           Diff
            multiple
  s           0    0.884682841  0.884682841   1.769365682   0.000000000
   sum over m      0.884682841  0.884682841   1.769365682   0.000000000
   sum over m+mul  0.884682841  0.884682841   1.769365682   0.000000000
  px          0    0.428849535  0.428849535   0.857699070   0.000000000
  py          0    0.271353790  0.271353790   0.542707581   0.000000000
  pz          0    0.271353791  0.271353791   0.542707581   0.000000000
   sum over m      0.971557116  0.971557116   1.943114232   0.000000000
   sum over m+mul  0.971557116  0.971557116   1.943114232   0.000000000

***********************************************************
***********************************************************
                    Dipole moment (Debye)                  
***********************************************************
***********************************************************

 Absolute D        0.35410782

                      Dx                Dy                Dz
 Total              0.35410782        0.00000000        0.00000000
 Core              32.43205046        0.00000000        0.00000001
 Electron         -32.07794264       -0.00000000       -0.00000001
 Back ground       -0.00000000        0.00000000       -0.00000000

***********************************************************
***********************************************************
       xyz-coordinates (Ang) and forces (Hartree/Bohr)  
***********************************************************
***********************************************************

<coordinates.forces
  2
    1     O     0.17793   0.00000   0.00000  -0.024946882463 -0.000000000808  0.000000002681
    2     C     1.42114  -0.00000   0.00000   0.026365121952  0.000000000029 -0.000000000189
coordinates.forces>

***********************************************************
***********************************************************
       Fractional coordinates of the final structure       
***********************************************************
***********************************************************

     1      O     0.01872631543032   0.00000000000497   0.00000000004093
     2      C     0.14956703866325   0.99999999999808   0.00000000000007

***********************************************************
***********************************************************
               Computational Time (second)                 
***********************************************************
***********************************************************

   Elapsed.Time.         6.757

                               Min_ID   Min_Time       Max_ID   Max_Time
   Total Computational Time =     5        6.744          0        6.757
   readfile                 =    10        1.971          0        1.971
   truncation               =    18        0.080          0        0.088
   MD_pac                   =     0        0.001         18        0.001
   OutData                  =     5        0.048          0        0.061
   DFT                      =     1        4.636         18        4.643

*** In DFT ***

   Set_OLP_Kin              =     6        0.115          0        0.142
   Set_Nonlocal             =     0        0.056          6        0.082
   Set_ProExpn_VNA          =    15        0.406          0        0.469
   Set_Hamiltonian          =    18        2.199         11        2.200
   Poisson                  =    10        0.215         17        0.215
   Diagonalization          =    16        0.251         11        0.251
   Mixing_DM                =    18        0.012         11        0.012
   Force                    =    18        0.261         13        0.261
   Total_Energy             =    11        0.100          0        0.100
   Set_Aden_Grid            =     1        0.020          6        0.039
   Set_Orbitals_Grid        =     5        0.000          0        0.210
   Set_Density_Grid         =     0        0.654         13        0.772
   RestartFileDFT           =     8        0.009         19        0.072
   Mulliken_Charge          =    11        0.006          8        0.006
   FFT(2D)_Density          =     0        0.000          0        0.000
   Others                   =     0        0.027          3        0.191
