***********************************************************
***********************************************************

  This calculation was performed by OpenMX Ver. 3.873
  using 20 MPI processes and 1 OpenMP threads.

  Thu Aug 22 18:29:08 2019

***********************************************************
***********************************************************

#
#      File Name
#

System.CurrrentDirectory         ./    # default=./
System.Name                      Glycine
level.of.stdout                   1    # default=1 (1-3)
level.of.fileout                  1    # default=1 (0-2)

#
# Definition of Atomic Species
#

Species.Number       4
<Definition.of.Atomic.Species
 H    H5.0-s1     H_PBE19
 C    C5.0-s1p1   C_PBE19
 N    N5.0-s1p1   N_PBE19
 O    O5.0-s1p1   O_PBE19
Definition.of.Atomic.Species>

#
# Atoms
#

Atoms.Number        10
Atoms.SpeciesAndCoordinates.Unit   Ang # Ang|AU
<Atoms.SpeciesAndCoordinates           
  1  C  -0.555017   -0.051675    0.354086   2.0  2.0
  2  C   0.815000   -0.465853   -0.137825   2.0  2.0
  3  O   0.868601   -1.679578   -0.731357   3.0  3.0
  4  N  -0.896974    1.284812   -0.176738   2.5  2.5
  5  H  -1.335795   -0.760116    0.008336   0.5  0.5
  6  H  -0.547565   -0.109411    1.464499   0.5  0.5
  7  O   1.870955    0.133646   -0.045947   3.0  3.0
  8  H   1.758633   -1.867358   -1.013112   0.5  0.5
  9  H  -1.778440    1.565012    0.196758   0.5  0.5
 10  H  -0.199398    1.950523    0.081299   0.5  0.5
Atoms.SpeciesAndCoordinates>
Atoms.UnitVectors.Unit             Ang #  Ang|AU
#<Atoms.UnitVectors                     
#  10.0   0.0   0.0
#   0.0  10.0   0.0
#   0.0   0.0  10.0
#Atoms.UnitVectors>

#
# SCF or Electronic System
#

scf.XcType                 GGA-PBE     # LDA|LSDA-CA|LSDA-PW|GGA-PBE
scf.SpinPolarization       off         # On|Off|NC
scf.ElectronicTemperature  200.0       # default=300 (K)
scf.energycutoff           170         # default=150 (Ry)
scf.maxIter                40          # default=40
scf.EigenvalueSolver       cluster     # DC|GDC|Cluster|Band
scf.Kgrid                  1 1 1       # means 4x4x4
scf.Mixing.Type           rmm-diisk    # Simple|Rmm-Diis|Gr-Pulay|Kerker|Rmm-Diisk
scf.Init.Mixing.Weight     0.10        # default=0.30 
scf.Min.Mixing.Weight      0.001       # default=0.001 
scf.Max.Mixing.Weight      0.200       # default=0.40 
scf.Mixing.History          10         # default=5
scf.Mixing.StartPulay       5          # default=6
scf.criterion             1.0e-10      # default=1.0e-6 (Hartree) 

#
# MD or Geometry Optimization
#

MD.Type                     nomd       # Nomd|Opt|NVE|NVT_VS|NVT_NH
                                       # Constraint_Opt|DIIS2|Constraint_DIIS2
MD.maxIter                   1         # default=1
MD.TimeStep                1.0         # default=0.5 (fs)
MD.Opt.criterion          1.0e-14      # default=1.0e-4 (Hartree/bohr)
MD.Opt.DIIS_Mixing          0.1        # default=0.5


***********************************************************
***********************************************************

  Required cutoff energy (Ryd) for 3D-grids = 170.0000
      Used cutoff energy (Ryd) for 3D-grids = 170.0010, 170.0010, 170.0010
  Num. of grids of a-, b-, and c-axes = 80, 80, 70

  Num.Grid1.    80
  Num.Grid2.    80
  Num.Grid3.    70


  Cell_Volume =   6266.866136064819 (Bohr^3)
  GridVol     =      0.013988540482 (Bohr^3)
  Cell vectors (bohr) of the grid cell (gtv)
    gtv_a =  0.240948448781,  0.000000000000,  0.000000000000
    gtv_b =  0.000000000000,  0.240948448781,  0.000000000000
    gtv_c =  0.000000000000,  0.000000000000,  0.240948448781
    |gtv_a| =  0.240948448781
    |gtv_b| =  0.240948448781
    |gtv_c| =  0.240948448781

***********************************************************
***********************************************************


***********************************************************
***********************************************************
                  SCF history at MD= 1                    
***********************************************************
***********************************************************

   SCF=   1  NormRD=  1.000000000000  Uele= -16.248989074205
   SCF=   2  NormRD=  3.076408974481  Uele= -16.248989074205
   SCF=   3  NormRD=  3.025757959223  Uele= -16.236707838984
   SCF=   4  NormRD=  1.972981185944  Uele= -16.020355678325
   SCF=   5  NormRD=  1.361568876177  Uele= -15.999325123302
   SCF=   6  NormRD=  0.194032825407  Uele= -16.659799538064
   SCF=   7  NormRD=  0.094807817681  Uele= -16.630187436380
   SCF=   8  NormRD=  0.028272401063  Uele= -16.607132540065
   SCF=   9  NormRD=  0.015674966439  Uele= -16.595236406786
   SCF=  10  NormRD=  0.001670079027  Uele= -16.593240563559
   SCF=  11  NormRD=  0.000642994485  Uele= -16.592493727321
   SCF=  12  NormRD=  0.000098709368  Uele= -16.592678883384
   SCF=  13  NormRD=  0.000020568853  Uele= -16.592666411717
   SCF=  14  NormRD=  0.000002892192  Uele= -16.592675645214
   SCF=  15  NormRD=  0.000000426228  Uele= -16.592673116254
   SCF=  16  NormRD=  0.000000081758  Uele= -16.592673268868
   SCF=  17  NormRD=  0.000000007154  Uele= -16.592673284651
   SCF=  18  NormRD=  0.000000001004  Uele= -16.592673281440
   SCF=  19  NormRD=  0.000000000175  Uele= -16.592673281793
   SCF=  20  NormRD=  0.000000000015  Uele= -16.592673281738

*******************************************************
        Total energy (Hartree) at MD = 1        
*******************************************************

  Uele.        -16.592673281738

  Ukin.         40.401553344671
  UH0.        -144.142599850953
  UH1.           0.336294152977
  Una.         -43.586120737342
  Unl.           6.167545195880
  Uxc0.         -7.920048475357
  Uxc1.         -7.920048475357
  Ucore.        99.950365047936
  Uhub.          0.000000000000
  Ucs.           0.000000000000
  Uzs.           0.000000000000
  Uzo.           0.000000000000
  Uef.           0.000000000000
  UvdW           0.000000000000
  Uch            0.000000000000
  Utot.        -56.713059797546

  Note:

  Utot = Ukin+UH0+UH1+Una+Unl+Uxc0+Uxc1+Ucore+Uhub+Ucs+Uzs+Uzo+Uef+UvdW+Uch

  Uele:   band energy
  Ukin:   kinetic energy
  UH0:    electric part of screened Coulomb energy
  UH1:    difference electron-electron Coulomb energy
  Una:    neutral atom potential energy
  Unl:    non-local potential energy
  Uxc0:   exchange-correlation energy for alpha spin
  Uxc1:   exchange-correlation energy for beta spin
  Ucore:  core-core Coulomb energy
  Uhub:   LDA+U energy
  Ucs:    constraint energy for spin orientation
  Uzs:    Zeeman term for spin magnetic moment
  Uzo:    Zeeman term for orbital magnetic moment
  Uef:    electric energy by electric field
  UvdW:   semi-empirical vdW energy
  Uch:    penalty term to create a core hole

  (see also PRB 72, 045121(2005) for the energy contributions)



  Chemical potential (Hartree)      -0.157767777418

***********************************************************
***********************************************************
            Eigenvalues (Hartree) for SCF KS-eq.           
***********************************************************
***********************************************************

   Chemical Potential (Hartree) =  -0.15776777741848
   Number of States             =  30.00000000000000
   HOMO = 15
   Eigenvalues
                Up-spin            Down-spin
          1  -1.11189257736958  -1.11189257736958
          2  -1.00768584774595  -1.00768584774595
          3  -0.88207632251812  -0.88207632251812
          4  -0.73347768373371  -0.73347768373371
          5  -0.61703511000566  -0.61703511000566
          6  -0.53893695783326  -0.53893695783326
          7  -0.49564233243426  -0.49564233243426
          8  -0.46565025997579  -0.46565025997579
          9  -0.44381583255725  -0.44381583255725
         10  -0.43069501923519  -0.43069501923519
         11  -0.41381024566550  -0.41381024566550
         12  -0.35907125623648  -0.35907125623648
         13  -0.31414351314765  -0.31414351314765
         14  -0.27025943453860  -0.27025943453860
         15  -0.21214424795838  -0.21214424795838
         16  -0.10339130698121  -0.10339130698121
         17   0.08903087887566   0.08903087887566
         18   0.12559493404853   0.12559493404853
         19   0.15764096750594   0.15764096750594
         20   0.17421324089021   0.17421324089021
         21   0.19999627780548   0.19999627780548
         22   0.23228705565745   0.23228705565745
         23   0.24456464550047   0.24456464550047
         24   0.27257715846960   0.27257715846960
         25   0.42086973532643   0.42086973532643

***********************************************************
***********************************************************
                   Mulliken populations                    
***********************************************************
***********************************************************

  Total spin moment (muB)   0.000000000

                    Up spin      Down spin     Sum           Diff
      1    C      2.239445083  2.239445083   4.478890166   0.000000000
      2    C      1.826559856  1.826559856   3.653119712   0.000000000
      3    O      3.244330865  3.244330865   6.488661730   0.000000000
      4    N      2.813186520  2.813186520   5.626373040   0.000000000
      5    H      0.355309723  0.355309723   0.710619447   0.000000000
      6    H      0.372000157  0.372000157   0.744000313   0.000000000
      7    O      3.188604304  3.188604304   6.377208608   0.000000000
      8    H      0.274533519  0.274533519   0.549067038   0.000000000
      9    H      0.343884127  0.343884127   0.687768253   0.000000000
     10    H      0.342145847  0.342145847   0.684291693   0.000000000

 Sum of MulP: up   =    15.00000 down          =    15.00000
              total=    30.00000 ideal(neutral)=    30.00000


  Decomposed Mulliken populations

    1    C          Up spin      Down spin     Sum           Diff
            multiple
  s           0    0.614643845  0.614643845   1.229287691   0.000000000
   sum over m      0.614643845  0.614643845   1.229287691   0.000000000
   sum over m+mul  0.614643845  0.614643845   1.229287691   0.000000000
  px          0    0.524728326  0.524728326   1.049456652   0.000000000
  py          0    0.510749431  0.510749431   1.021498862   0.000000000
  pz          0    0.589323480  0.589323480   1.178646961   0.000000000
   sum over m      1.624801238  1.624801238   3.249602475   0.000000000
   sum over m+mul  1.624801238  1.624801238   3.249602475   0.000000000

    2    C          Up spin      Down spin     Sum           Diff
            multiple
  s           0    0.468290629  0.468290629   0.936581258   0.000000000
   sum over m      0.468290629  0.468290629   0.936581258   0.000000000
   sum over m+mul  0.468290629  0.468290629   0.936581258   0.000000000
  px          0    0.465435557  0.465435557   0.930871114   0.000000000
  py          0    0.414034257  0.414034257   0.828068514   0.000000000
  pz          0    0.478799413  0.478799413   0.957598825   0.000000000
   sum over m      1.358269227  1.358269227   2.716538453   0.000000000
   sum over m+mul  1.358269227  1.358269227   2.716538453   0.000000000

    3    O          Up spin      Down spin     Sum           Diff
            multiple
  s           0    0.906399287  0.906399287   1.812798575   0.000000000
   sum over m      0.906399287  0.906399287   1.812798575   0.000000000
   sum over m+mul  0.906399287  0.906399287   1.812798575   0.000000000
  px          0    0.790710160  0.790710160   1.581420320   0.000000000
  py          0    0.733040097  0.733040097   1.466080194   0.000000000
  pz          0    0.814181320  0.814181320   1.628362641   0.000000000
   sum over m      2.337931577  2.337931577   4.675863155   0.000000000
   sum over m+mul  2.337931577  2.337931577   4.675863155   0.000000000

    4    N          Up spin      Down spin     Sum           Diff
            multiple
  s           0    0.787100867  0.787100867   1.574201734   0.000000000
   sum over m      0.787100867  0.787100867   1.574201734   0.000000000
   sum over m+mul  0.787100867  0.787100867   1.574201734   0.000000000
  px          0    0.598113989  0.598113989   1.196227978   0.000000000
  py          0    0.529446297  0.529446297   1.058892594   0.000000000
  pz          0    0.898525367  0.898525367   1.797050734   0.000000000
   sum over m      2.026085653  2.026085653   4.052171306   0.000000000
   sum over m+mul  2.026085653  2.026085653   4.052171306   0.000000000

    5    H          Up spin      Down spin     Sum           Diff
            multiple
  s           0    0.355309723  0.355309723   0.710619447   0.000000000
   sum over m      0.355309723  0.355309723   0.710619447   0.000000000
   sum over m+mul  0.355309723  0.355309723   0.710619447   0.000000000

    6    H          Up spin      Down spin     Sum           Diff
            multiple
  s           0    0.372000157  0.372000157   0.744000313   0.000000000
   sum over m      0.372000157  0.372000157   0.744000313   0.000000000
   sum over m+mul  0.372000157  0.372000157   0.744000313   0.000000000

    7    O          Up spin      Down spin     Sum           Diff
            multiple
  s           0    0.936206821  0.936206821   1.872413643   0.000000000
   sum over m      0.936206821  0.936206821   1.872413643   0.000000000
   sum over m+mul  0.936206821  0.936206821   1.872413643   0.000000000
  px          0    0.731044003  0.731044003   1.462088006   0.000000000
  py          0    0.812607054  0.812607054   1.625214107   0.000000000
  pz          0    0.708746426  0.708746426   1.417492852   0.000000000
   sum over m      2.252397483  2.252397483   4.504794966   0.000000000
   sum over m+mul  2.252397483  2.252397483   4.504794966   0.000000000

    8    H          Up spin      Down spin     Sum           Diff
            multiple
  s           0    0.274533519  0.274533519   0.549067038   0.000000000
   sum over m      0.274533519  0.274533519   0.549067038   0.000000000
   sum over m+mul  0.274533519  0.274533519   0.549067038   0.000000000

    9    H          Up spin      Down spin     Sum           Diff
            multiple
  s           0    0.343884127  0.343884127   0.687768253   0.000000000
   sum over m      0.343884127  0.343884127   0.687768253   0.000000000
   sum over m+mul  0.343884127  0.343884127   0.687768253   0.000000000

   10    H          Up spin      Down spin     Sum           Diff
            multiple
  s           0    0.342145847  0.342145847   0.684291693   0.000000000
   sum over m      0.342145847  0.342145847   0.684291693   0.000000000
   sum over m+mul  0.342145847  0.342145847   0.684291693   0.000000000

***********************************************************
***********************************************************
                    Dipole moment (Debye)                  
***********************************************************
***********************************************************

 Absolute D        1.64091870

                      Dx                Dy                Dz
 Total             -0.84978567       -0.47765370        1.31997175
 Core              52.30611990      -19.89965695      -18.94716183
 Electron         -53.15590557       19.42200325       20.26713358
 Back ground        0.00000000       -0.00000000        0.00000000

***********************************************************
***********************************************************
       xyz-coordinates (Ang) and forces (Hartree/Bohr)  
***********************************************************
***********************************************************

<coordinates.forces
  10
    1     C    -0.55502  -0.05167   0.35409  -0.013213612063  0.035526076166 -0.017644858739
    2     C     0.81500  -0.46585  -0.13783  -0.101173031538 -0.025619530495  0.006010511111
    3     O     0.86860  -1.67958  -0.73136  -0.157481085228 -0.099501145376 -0.015955310212
    4     N    -0.89697   1.28481  -0.17674   0.013730513017 -0.060478009374 -0.073697545476
    5     H    -1.33580  -0.76012   0.00834  -0.044347726209 -0.048585571835 -0.022292381020
    6     H    -0.54756  -0.10941   1.46450   0.004696084847 -0.009474162096  0.075939457232
    7     O     1.87095   0.13365  -0.04595   0.183595192353  0.133906144854  0.028370824407
    8     H     1.75863  -1.86736  -1.01311   0.132090725874 -0.021931518720 -0.038657844182
    9     H    -1.77844   1.56501   0.19676  -0.094313689112  0.028617532692  0.034154803706
   10     H    -0.19940   1.95052   0.08130   0.076865424512  0.067873882621  0.023520740871
coordinates.forces>

***********************************************************
***********************************************************
       Fractional coordinates of the final structure       
***********************************************************
***********************************************************

     1      C     0.94558846226718   0.99493399983722   0.03967212072457
     2      C     0.07989918011926   0.95432972667964   0.98455796038572
     3      O     0.08515399724021   0.83534122067933   0.91805808985174
     4      N     0.91206443289780   0.12595757718698   0.98019811211791
     5      H     0.86904426342650   0.92548141693800   0.00093397309795
     6      H     0.94631902507730   0.98927380466745   0.16408381333634
     7      O     0.18342057734973   0.01310209303830   0.99485205591034
     8      H     0.17240899979224   0.81693205743664   0.88649000081475
     9      H     0.82564920504135   0.15342720941939   0.02204494707366
    10      H     0.98045185678844   0.19122109018866   0.00910881464612

***********************************************************
***********************************************************
               Computational Time (second)                 
***********************************************************
***********************************************************

   Elapsed.Time.         3.449

                               Min_ID   Min_Time       Max_ID   Max_Time
   Total Computational Time =    19        3.431          0        3.449
   readfile                 =     9        1.947          0        1.947
   truncation               =    10        0.047          3        0.052
   MD_pac                   =     0        0.000         17        0.000
   OutData                  =    17        0.087          0        0.105
   DFT                      =     3        1.344         10        1.349

*** In DFT ***

   Set_OLP_Kin              =    10        0.040          7        0.055
   Set_Nonlocal             =     8        0.036         10        0.053
   Set_ProExpn_VNA          =    10        0.152          8        0.189
   Set_Hamiltonian          =     2        0.473         13        0.473
   Poisson                  =     2        0.031         15        0.031
   Diagonalization          =     1        0.044         10        0.044
   Mixing_DM                =     2        0.160         15        0.160
   Force                    =     3        0.024         13        0.024
   Total_Energy             =     3        0.148          0        0.148
   Set_Aden_Grid            =     8        0.009         10        0.046
   Set_Orbitals_Grid        =    10        0.000          3        0.035
   Set_Density_Grid         =    18        0.077          5        0.097
   RestartFileDFT           =    14        0.002          1        0.007
   Mulliken_Charge          =    17        0.001          2        0.001
   FFT(2D)_Density          =     5        0.028          2        0.028
   Others                   =     6        0.010         18        0.069
