***********************************************************
***********************************************************

  This calculation was performed by OpenMX Ver. 3.873
  using 20 MPI processes and 1 OpenMP threads.

  Thu Aug 22 18:29:12 2019

***********************************************************
***********************************************************

#
#      File Name      
#

System.CurrrentDirectory         ./    # default=./
System.Name                      Graphite4
level.of.stdout                   1    # default=1 (1-3)
level.of.fileout                  1    # default=1 (0-2)

#
# Definition of Atomic Species
#

Species.Number       1
<Definition.of.Atomic.Species
 C   C5.0-s2p2   C_PBE19
Definition.of.Atomic.Species>

#
# Atoms
#

Atoms.Number         4
Atoms.SpeciesAndCoordinates.Unit   Ang # Ang|AU
<Atoms.SpeciesAndCoordinates           # Unit=Ang.
 1  C  0.000000000  0.000000000  0.000000000  2.0 2.0
 2  C  2.840000000  0.000000000  0.000000000  2.0 2.0
 3  C  0.710000000  1.229756000  0.000000000  2.0 2.0
 4  C  2.130000000  1.229756000  0.000000000  2.0 2.0
Atoms.SpeciesAndCoordinates>
Atoms.UnitVectors.Unit             Ang #  Ang|AU
<Atoms.UnitVectors                     # unit=Ang.
4.26000000000000 0.00000000000000  0.00000000000000
0.00000000000000 2.45951214674781  0.00000000000000
0.00000000000000 0.00000000000000 10.00000000000000
Atoms.UnitVectors>

#
# SCF or Electronic System
#

scf.XcType                 GGA-PBE     # LDA|LSDA-CA|LSDA-PW|GGA-PBE
scf.SpinPolarization       Off         # On|Off|NC
scf.ElectronicTemperature  300.0       # default=300 (K)
scf.energycutoff           150.0       # default=150 (Ry)
scf.maxIter                100         # default=40
scf.EigenvalueSolver       band        # DC|GDC|Cluster|Band
scf.Kgrid                 5 5 1        # means 4x4x4
scf.Mixing.Type           rmm-diis     # Simple|Rmm-Diis|Gr-Pulay|Kerker|Rmm-Diisk
scf.Init.Mixing.Weight     0.010       # default=0.30 
scf.Min.Mixing.Weight      0.001       # default=0.001 
scf.Max.Mixing.Weight      0.002       # default=0.40 
scf.Mixing.History          7          # default=5
scf.Mixing.StartPulay       5          # default=6
scf.criterion             1.0e-9       # default=1.0e-6 (Hartree) 

#
# MD or Geometry Optimization
#

MD.Type                     nomd       # Nomd|Opt|NVE|NVT_VS|NVT_NH
MD.maxIter                   1         # default=1
MD.TimeStep                0.5         # default=0.5 (fs)
MD.Opt.criterion          1.0e-4       # default=1.0e-4 (Hartree/bohr)


***********************************************************
***********************************************************

  Required cutoff energy (Ryd) for 3D-grids = 150.0000
      Used cutoff energy (Ryd) for 3D-grids = 155.9491, 148.0298, 155.4621
  Num. of grids of a-, b-, and c-axes = 32, 18, 75

  Num.Grid1.    32
  Num.Grid2.    18
  Num.Grid3.    75


  Cell_Volume =    707.058061397437 (Bohr^3)
  GridVol     =      0.016367084755 (Bohr^3)
  Cell vectors (bohr) of the grid cell (gtv)
    gtv_a =  0.251569772230,  0.000000000000,  0.000000000000
    gtv_b =  0.000000000000,  0.258211334607,  0.000000000000
    gtv_c =  0.000000000000,  0.000000000000,  0.251963465144
    |gtv_a| =  0.251569772230
    |gtv_b| =  0.258211334607
    |gtv_c| =  0.251963465144

***********************************************************
***********************************************************


***********************************************************
***********************************************************
                  SCF history at MD= 1                    
***********************************************************
***********************************************************

   SCF=   1  NormRD=  1.000000000000  Uele= -6.143694467950
   SCF=   2  NormRD=  0.412689241193  Uele= -6.147300911247
   SCF=   3  NormRD=  0.176574055947  Uele= -7.961858691240
   SCF=   4  NormRD=  0.176226330135  Uele= -7.961938009116
   SCF=   5  NormRD=  0.175738708623  Uele= -7.960369184478
   SCF=   6  NormRD=  0.175252436569  Uele= -7.958804695253
   SCF=   7  NormRD=  0.002281732337  Uele= -7.394319356703
   SCF=   8  NormRD=  0.000508819542  Uele= -7.397202526062
   SCF=   9  NormRD=  0.000137287987  Uele= -7.395840220839
   SCF=  10  NormRD=  0.000031720192  Uele= -7.395619475187
   SCF=  11  NormRD=  0.000000321862  Uele= -7.395546074412
   SCF=  12  NormRD=  0.000000144714  Uele= -7.395545964594
   SCF=  13  NormRD=  0.000000016194  Uele= -7.395546281942
   SCF=  14  NormRD=  0.000000008568  Uele= -7.395546284487
   SCF=  15  NormRD=  0.000000009527  Uele= -7.395546282981
   SCF=  16  NormRD=  0.000000005033  Uele= -7.395546282772

*******************************************************
        Total energy (Hartree) at MD = 1        
*******************************************************

  Uele.         -7.395546282772

  Ukin.         16.946666856659
  UH0.        -205.149225762336
  UH1.           0.050889696493
  Una.         -11.516265700757
  Unl.          -2.244592973610
  Uxc0.         -3.886833893654
  Uxc1.         -3.886833893654
  Ucore.       186.366267826204
  Uhub.          0.000000000000
  Ucs.           0.000000000000
  Uzs.           0.000000000000
  Uzo.           0.000000000000
  Uef.           0.000000000000
  UvdW           0.000000000000
  Uch            0.000000000000
  Utot.        -23.319927844655

  Note:

  Utot = Ukin+UH0+UH1+Una+Unl+Uxc0+Uxc1+Ucore+Uhub+Ucs+Uzs+Uzo+Uef+UvdW+Uch

  Uele:   band energy
  Ukin:   kinetic energy
  UH0:    electric part of screened Coulomb energy
  UH1:    difference electron-electron Coulomb energy
  Una:    neutral atom potential energy
  Unl:    non-local potential energy
  Uxc0:   exchange-correlation energy for alpha spin
  Uxc1:   exchange-correlation energy for beta spin
  Ucore:  core-core Coulomb energy
  Uhub:   LDA+U energy
  Ucs:    constraint energy for spin orientation
  Uzs:    Zeeman term for spin magnetic moment
  Uzo:    Zeeman term for orbital magnetic moment
  Uef:    electric energy by electric field
  UvdW:   semi-empirical vdW energy
  Uch:    penalty term to create a core hole

  (see also PRB 72, 045121(2005) for the energy contributions)



  Chemical potential (Hartree)      -0.114350389858

***********************************************************
***********************************************************
           Eigenvalues (Hartree) of SCF KS-eq.           
***********************************************************
***********************************************************

   Chemical Potential (Hatree) =  -0.11435038985837
   Number of States            =  16.00000000000000
   Eigenvalues
              Up-spin           Down-spin

   kloop=0
   k1=  -0.40000 k2=  -0.40000 k3=   0.00000

    1   -0.71090501861277  -0.71090501861277
    2   -0.67146181548913  -0.67146181548913
    3   -0.58345539299682  -0.58345539299682
    4   -0.54524712435929  -0.54524712435929
    5   -0.39023853591017  -0.39023853591017
    6   -0.35702109829864  -0.35702109829864
    7   -0.24741276287655  -0.24741276287655
    8   -0.21099294633154  -0.21099294633154
    9   -0.02503150165076  -0.02503150165076
   10    0.01847609519724   0.01847609519724
   11    0.25585580196391   0.25585580196391
   12    0.28676772331696   0.28676772331696
   13    0.55133525795179   0.55133525795179
   14    0.57421087077790   0.57421087077790
   15    0.59788560293134   0.59788560293134
   16    0.61509333920343   0.61509333920343
   17    0.61873374821409   0.61873374821409
   18    0.62106886866997   0.62106886866997
   19    0.64797093233339   0.64797093233339
   20    0.69710592005011   0.69710592005011
   21    0.76711510116761   0.76711510116761
   22    0.80634668014495   0.80634668014495
   23    1.05253835159268   1.05253835159268
   24    1.05541826758330   1.05541826758330
   25    1.26339787134390   1.26339787134390
   26    1.26941907527704   1.26941907527704
   27    2.23037523042010   2.23037523042010
   28    2.35419211188581   2.35419211188581
   29    3.76632847765343   3.76632847765343
   30    3.80301103638352   3.80301103638352
   31    8.42458853216595   8.42458853216595
   32    8.64375424497589   8.64375424497589

   kloop=1
   k1=  -0.40000 k2=  -0.20000 k3=   0.00000

    1   -0.78623976892705  -0.78623976892705
    2   -0.74405892133991  -0.74405892133991
    3   -0.45642085554611  -0.45642085554611
    4   -0.40307887842565  -0.40307887842565
    5   -0.40182267621155  -0.40182267621155
    6   -0.33741288028308  -0.33741288028308
    7   -0.33015507728698  -0.33015507728698
    8   -0.28030481365602  -0.28030481365602
    9    0.07953300821238   0.07953300821238
   10    0.16141274713566   0.16141274713566
   11    0.29753552903983   0.29753552903983
   12    0.35908033957501   0.35908033957501
   13    0.40127199343192   0.40127199343192
   14    0.41055927459859   0.41055927459859
   15    0.54072885539778   0.54072885539778
   16    0.55075257606539   0.55075257606539
   17    0.56882310015143   0.56882310015143
   18    0.58764546913036   0.58764546913036
   19    0.59535446002054   0.59535446002054
   20    0.65075990774004   0.65075990774004
   21    0.96719607773239   0.96719607773239
   22    1.01799837219480   1.01799837219480
   23    1.05188009379424   1.05188009379424
   24    1.12598336636784   1.12598336636784
   25    1.42194793721504   1.42194793721504
   26    1.45671988414183   1.45671988414183
   27    2.36288230439851   2.36288230439851
   28    2.71362564283665   2.71362564283665
   29    3.64045688005717   3.64045688005717
   30    3.98118044263182   3.98118044263182
   31    6.27501691774505   6.27501691774505
   32    6.32791653617416   6.32791653617416

   kloop=2
   k1=  -0.40000 k2=  -0.00000 k3=   0.00000

    1   -0.81189796598381  -0.81189796598381
    2   -0.76923799268430  -0.76923799268430
    3   -0.44955549574667  -0.44955549574667
    4   -0.36110297687590  -0.36110297687590
    5   -0.35197950439638  -0.35197950439638
    6   -0.33141254885667  -0.33141254885667
    7   -0.31053355093208  -0.31053355093208
    8   -0.29326909026518  -0.29326909026518
    9    0.12172919938814   0.12172919938814
   10    0.22255577422676   0.22255577422676
   11    0.26138961721444   0.26138961721444
   12    0.26747484152454   0.26747484152454
   13    0.40442126249959   0.40442126249959
   14    0.45604799883431   0.45604799883431
   15    0.51635775380936   0.51635775380936
   16    0.52231582201673   0.52231582201673
   17    0.52994600399037   0.52994600399037
   18    0.55654879008672   0.55654879008672
   19    0.55782114198947   0.55782114198947
   20    0.58638865992999   0.58638865992999
   21    0.98663006610632   0.98663006610632
   22    1.05632429249511   1.05632429249511
   23    1.13057146236610   1.13057146236610
   24    1.33643028060204   1.33643028060204
   25    1.39372168581660   1.39372168581660
   26    1.45430378360559   1.45430378360559
   27    2.26364466743579   2.26364466743579
   28    2.28773271579689   2.28773271579689
   29    3.88764096714473   3.88764096714473
   30    4.14259291686061   4.14259291686061
   31    6.47691342297455   6.47691342297455
   32    8.09081256539837   8.09081256539837

   kloop=3
   k1=  -0.40000 k2=   0.20000 k3=   0.00000

    1   -0.78624028034304  -0.78624028034304
    2   -0.74405942246964  -0.74405942246964
    3   -0.45642023459570  -0.45642023459570
    4   -0.40307828753995  -0.40307828753995
    5   -0.40182136252501  -0.40182136252501
    6   -0.33741267241897  -0.33741267241897
    7   -0.33015568334344  -0.33015568334344
    8   -0.28030539200523  -0.28030539200523
    9    0.07953387762785   0.07953387762785
   10    0.16141393113669   0.16141393113669
   11    0.29753611603135   0.29753611603135
   12    0.35907987561170   0.35907987561170
   13    0.40127183069160   0.40127183069160
   14    0.41055760719930   0.41055760719930
   15    0.54072799824448   0.54072799824448
   16    0.55075224071000   0.55075224071000
   17    0.56882268853302   0.56882268853302
   18    0.58764528405971   0.58764528405971
   19    0.59535388861382   0.59535388861382
   20    0.65075888226841   0.65075888226841
   21    0.96719734696265   0.96719734696265
   22    1.01799843524238   1.01799843524238
   23    1.05188051415518   1.05188051415518
   24    1.12598764628423   1.12598764628423
   25    1.42194874850622   1.42194874850622
   26    1.45672246079812   1.45672246079812
   27    2.36288234453806   2.36288234453806
   28    2.71362172425900   2.71362172425900
   29    3.64046073284242   3.64046073284242
   30    3.98118394682678   3.98118394682678
   31    6.27498259338483   6.27498259338483
   32    6.32790940547579   6.32790940547579

   kloop=4
   k1=  -0.40000 k2=   0.40000 k3=   0.00000

    1   -0.71090599783112  -0.71090599783112
    2   -0.67146270139934  -0.67146270139934
    3   -0.58345410734681  -0.58345410734681
    4   -0.54524575424900  -0.54524575424900
    5   -0.39023888749890  -0.39023888749890
    6   -0.35702083674175  -0.35702083674175
    7   -0.24741371050781  -0.24741371050781
    8   -0.21099348827890  -0.21099348827890
    9   -0.02503069375408  -0.02503069375408
   10    0.01847747674082   0.01847747674082
   11    0.25585585167111   0.25585585167111
   12    0.28676837282477   0.28676837282477
   13    0.55133407149210   0.55133407149210
   14    0.57421015418920   0.57421015418920
   15    0.59788492983236   0.59788492983236
   16    0.61509306976196   0.61509306976196
   17    0.61873338472913   0.61873338472913
   18    0.62106772943348   0.62106772943348
   19    0.64797062585445   0.64797062585445
   20    0.69710605180614   0.69710605180614
   21    0.76711667648847   0.76711667648847
   22    0.80634853399602   0.80634853399602
   23    1.05253821452803   1.05253821452803
   24    1.05541787411453   1.05541787411453
   25    1.26339865647610   1.26339865647610
   26    1.26942015989841   1.26942015989841
   27    2.23037679636829   2.23037679636829
   28    2.35419675374377   2.35419675374377
   29    3.76632642723452   3.76632642723452
   30    3.80301067869852   3.80301067869852
   31    8.42456932733835   8.42456932733835
   32    8.64374351075781   8.64374351075781

   kloop=5
   k1=  -0.20000 k2=  -0.40000 k3=   0.00000

    1   -0.73567110789367  -0.73567110789367
    2   -0.63014581175880  -0.63014581175880
    3   -0.59576711177732  -0.59576711177732
    4   -0.49517219221263  -0.49517219221263
    5   -0.45419924836697  -0.45419924836697
    6   -0.37214108828301  -0.37214108828301
    7   -0.27190135746977  -0.27190135746977
    8   -0.17309284619477  -0.17309284619477
    9   -0.05877368046504  -0.05877368046504
   10    0.06104634758632   0.06104634758632
   11    0.29161892940877   0.29161892940877
   12    0.36169709864478   0.36169709864478
   13    0.48868219327164   0.48868219327164
   14    0.51314202884367   0.51314202884367
   15    0.58110588528568   0.58110588528568
   16    0.59209371415441   0.59209371415441
   17    0.59947204496388   0.59947204496388
   18    0.63582205217961   0.63582205217961
   19    0.74912610997401   0.74912610997401
   20    0.75549069749461   0.75549069749461
   21    0.76537869613021   0.76537869613021
   22    0.89566869485402   0.89566869485402
   23    1.03339196655471   1.03339196655471
   24    1.07610596828363   1.07610596828363
   25    1.24762226416491   1.24762226416491
   26    1.34769301924763   1.34769301924763
   27    2.42841825012212   2.42841825012212
   28    2.81439219859440   2.81439219859440
   29    3.60421350452559   3.60421350452559
   30    3.75442790395434   3.75442790395434
   31    7.44156444142376   7.44156444142376
   32    8.01831597943544   8.01831597943544

   kloop=6
   k1=  -0.20000 k2=  -0.20000 k3=   0.00000

    1   -0.81190071438079  -0.81190071438079
    2   -0.68678763876741  -0.68678763876741
    3   -0.53022271449094  -0.53022271449094
    4   -0.44301480907456  -0.44301480907456
    5   -0.36109905249820  -0.36109905249820
    6   -0.35206980960725  -0.35206980960725
    7   -0.29317522499404  -0.29317522499404
    8   -0.21733419089958  -0.21733419089958
    9   -0.00630820958741  -0.00630820958741
   10    0.22256112968707   0.22256112968707
   11    0.26772430850756   0.26772430850756
   12    0.36550106553581   0.36550106553581
   13    0.40436837264044   0.40436837264044
   14    0.45598459194506   0.45598459194506
   15    0.46297944185373   0.46297944185373
   16    0.52994030611385   0.52994030611385
   17    0.55652185715587   0.55652185715587
   18    0.59526002348603   0.59526002348603
   19    0.66400654083663   0.66400654083663
   20    0.73450254547319   0.73450254547319
   21    0.85327351325720   0.85327351325720
   22    1.03773127725482   1.03773127725482
   23    1.13050388922534   1.13050388922534
   24    1.32000055345014   1.32000055345014
   25    1.39375136650362   1.39375136650362
   26    1.45424614404657   1.45424614404657
   27    2.26423650639409   2.26423650639409
   28    2.88871291474530   2.88871291474530
   29    3.50002743865009   3.50002743865009
   30    4.14305832185215   4.14305832185215
   31    6.47169301007659   6.47169301007659
   32    7.35442570009904   7.35442570009904

   kloop=7
   k1=  -0.20000 k2=  -0.00000 k3=   0.00000

    1   -0.83770886401635  -0.83770886401635
    2   -0.71093705441585  -0.71093705441585
    3   -0.54513917489909  -0.54513917489909
    4   -0.39260255528075  -0.39260255528075
    5   -0.35710642665137  -0.35710642665137
    6   -0.26984941134134  -0.26984941134134
    7   -0.25372775335951  -0.25372775335951
    8   -0.24742642515143  -0.24742642515143
    9    0.01845539358115   0.01845539358115
   10    0.25549429860156   0.25549429860156
   11    0.26337423566840   0.26337423566840
   12    0.29191088963854   0.29191088963854
   13    0.30068141514408   0.30068141514408
   14    0.42142829364869   0.42142829364869
   15    0.51400229779059   0.51400229779059
   16    0.54624776373790   0.54624776373790
   17    0.57432952456171   0.57432952456171
   18    0.59785246648549   0.59785246648549
   19    0.61874867961366   0.61874867961366
   20    0.62111134426025   0.62111134426025
   21    0.80646116233262   0.80646116233262
   22    1.05270356985382   1.05270356985382
   23    1.26335326712259   1.26335326712259
   24    1.45093272057319   1.45093272057319
   25    1.65918771653921   1.65918771653921
   26    2.22921913406356   2.22921913406356
   27    2.32310163470584   2.32310163470584
   28    2.49543595301925   2.49543595301925
   29    3.55631465915979   3.55631465915979
   30    3.80259171682819   3.80259171682819
   31    4.28154426785986   4.28154426785986
   32    8.65166809711648   8.65166809711648

   kloop=8
   k1=  -0.20000 k2=   0.20000 k3=   0.00000

    1   -0.81190122977469  -0.81190122977469
    2   -0.68678811698399  -0.68678811698399
    3   -0.53022290604893  -0.53022290604893
    4   -0.44301355678856  -0.44301355678856
    5   -0.36109967782189  -0.36109967782189
    6   -0.35206839575203  -0.35206839575203
    7   -0.29317460671805  -0.29317460671805
    8   -0.21733475982208  -0.21733475982208
    9   -0.00630763918040  -0.00630763918040
   10    0.22256246470924   0.22256246470924
   11    0.26772434067468   0.26772434067468
   12    0.36549930626056   0.36549930626056
   13    0.40436662465230   0.40436662465230
   14    0.45598381886766   0.45598381886766
   15    0.46298061361471   0.46298061361471
   16    0.52993997663553   0.52993997663553
   17    0.55652154715559   0.55652154715559
   18    0.59526033101798   0.59526033101798
   19    0.66400560788125   0.66400560788125
   20    0.73450148646925   0.73450148646925
   21    0.85327312297504   0.85327312297504
   22    1.03773112064537   1.03773112064537
   23    1.13050614236733   1.13050614236733
   24    1.32000102591951   1.32000102591951
   25    1.39376084063010   1.39376084063010
   26    1.45424837710386   1.45424837710386
   27    2.26423639196328   2.26423639196328
   28    2.88870157981722   2.88870157981722
   29    3.50003407492413   3.50003407492413
   30    4.14306201496823   4.14306201496823
   31    6.47164906015372   6.47164906015372
   32    7.35442806355203   7.35442806355203

   kloop=9
   k1=  -0.20000 k2=   0.40000 k3=   0.00000

    1   -0.73567210602522  -0.73567210602522
    2   -0.63014558050180  -0.63014558050180
    3   -0.59576693796616  -0.59576693796616
    4   -0.49517084954842  -0.49517084954842
    5   -0.45419992628851  -0.45419992628851
    6   -0.37214021104645  -0.37214021104645
    7   -0.27190247333713  -0.27190247333713
    8   -0.17309251486584  -0.17309251486584
    9   -0.05877395683268  -0.05877395683268
   10    0.06104799816555   0.06104799816555
   11    0.29161840467671   0.29161840467671
   12    0.36169796492175   0.36169796492175
   13    0.48868173599155   0.48868173599155
   14    0.51314157169758   0.51314157169758
   15    0.58110549057481   0.58110549057481
   16    0.59209268480922   0.59209268480922
   17    0.59947169584191   0.59947169584191
   18    0.63582010285195   0.63582010285195
   19    0.74912697275894   0.74912697275894
   20    0.75549085468994   0.75549085468994
   21    0.76537923128742   0.76537923128742
   22    0.89567096449233   0.89567096449233
   23    1.03339207138598   1.03339207138598
   24    1.07610622902082   1.07610622902082
   25    1.24762183480878   1.24762183480878
   26    1.34769376494477   1.34769376494477
   27    2.42841531187156   2.42841531187156
   28    2.81439758348554   2.81439758348554
   29    3.60421126569788   3.60421126569788
   30    3.75443088035829   3.75443088035829
   31    7.44156087933393   7.44156087933393
   32    8.01831351229490   8.01831351229490

   kloop=10
   k1=   0.00000 k2=  -0.40000 k3=   0.00000

    1   -0.74404830442229  -0.74404830442229
    2   -0.62630479187562  -0.62630479187562
    3   -0.56412838567713  -0.56412838567713
    4   -0.50403080005910  -0.50403080005910
    5   -0.45662344112865  -0.45662344112865
    6   -0.40286697027962  -0.40286697027962
    7   -0.28029911129450  -0.28029911129450
    8   -0.15374771650816  -0.15374771650816
    9   -0.07471580119025  -0.07471580119025
   10    0.07953958605391   0.07953958605391
   11    0.35891390300523   0.35891390300523
   12    0.40160920693875   0.40160920693875
   13    0.44301529741446   0.44301529741446
   14    0.45506884653656   0.45506884653656
   15    0.55825085064841   0.55825085064841
   16    0.58765534872519   0.58765534872519
   17    0.59529638432439   0.59529638432439
   18    0.65058488001886   0.65058488001886
   19    0.75096804580836   0.75096804580836
   20    0.79431154569022   0.79431154569022
   21    0.81709417491587   0.81709417491587
   22    0.96730428891440   0.96730428891440
   23    1.01778803840346   1.01778803840346
   24    1.09417916599368   1.09417916599368
   25    1.21706907421338   1.21706907421338
   26    1.42212727730829   1.42212727730829
   27    2.71340929215164   2.71340929215164
   28    3.25067549302092   3.25067549302092
   29    3.34072635077776   3.34072635077776
   30    3.64103809900597   3.64103809900597
   31    6.33018588494240   6.33018588494240
   32    7.89351424213862   7.89351424213862

   kloop=11
   k1=   0.00000 k2=  -0.20000 k3=   0.00000

    1   -0.82050163766948  -0.82050163766948
    2   -0.63039336671747  -0.63039336671747
    3   -0.59542571665291  -0.59542571665291
    4   -0.45430897511417  -0.45430897511417
    5   -0.37148008542054  -0.37148008542054
    6   -0.32104818732614  -0.32104818732614
    7   -0.28994517409211  -0.28994517409211
    8   -0.17310595794562  -0.17310595794562
    9   -0.05877628021665  -0.05877628021665
   10    0.24551437265988   0.24551437265988
   11    0.28534723449494   0.28534723449494
   12    0.34897215431154   0.34897215431154
   13    0.36152399644998   0.36152399644998
   14    0.45340902217363   0.45340902217363
   15    0.51326425743669   0.51326425743669
   16    0.52524878789293   0.52524878789293
   17    0.54971186724399   0.54971186724399
   18    0.58104313096703   0.58104313096703
   19    0.74896910752869   0.74896910752869
   20    0.75567620574403   0.75567620574403
   21    0.76544590860124   0.76544590860124
   22    1.07637770669532   1.07637770669532
   23    1.16425310467974   1.16425310467974
   24    1.24741860358086   1.24741860358086
   25    1.57642609831886   1.57642609831886
   26    1.60646703207390   1.60646703207390
   27    2.29287908586346   2.29287908586346
   28    2.81270133794774   2.81270133794774
   29    3.60509653134459   3.60509653134459
   30    4.08911797784827   4.08911797784827
   31    4.88943859145691   4.88943859145691
   32    8.01755649852856   8.01755649852856

   kloop=12
   k1=   0.00000 k2=  -0.00000 k3=   0.00000

    1   -0.84627653901453  -0.84627653901453
    2   -0.65266980446700  -0.65266980446700
    3   -0.61643269681456  -0.61643269681456
    4   -0.40324119911025  -0.40324119911025
    5   -0.36604835096647  -0.36604835096647
    6   -0.23511744569930  -0.23511744569930
    7   -0.23495563339809  -0.23495563339809
    8   -0.20640374540533  -0.20640374540533
    9   -0.03749365370305  -0.03749365370305
   10    0.25350814361719   0.25350814361719
   11    0.25555860504357   0.25555860504357
   12    0.25568815330761   0.25568815330761
   13    0.31527671655611   0.31527671655611
   14    0.41690837037077   0.41690837037077
   15    0.50899464701114   0.50899464701114
   16    0.54582305457715   0.54582305457715
   17    0.60140593127267   0.60140593127267
   18    0.63006900929886   0.63006900929886
   19    0.63033761652110   0.63033761652110
   20    0.66144944273656   0.66144944273656
   21    0.73640733433630   0.73640733433630
   22    1.06094945133443   1.06094945133443
   23    1.23590670715172   1.23590670715172
   24    1.98729161183040   1.98729161183040
   25    1.98846964695347   1.98846964695347
   26    2.15887250476814   2.15887250476814
   27    2.34302802310343   2.34302802310343
   28    2.34333723750016   2.34333723750016
   29    3.83503302658480   3.83503302658480
   30    4.01170161711505   4.01170161711505
   31    4.25176808865593   4.25176808865593
   32    9.17177350163746   9.17177350163746

***********************************************************
***********************************************************
                   Mulliken populations                    
***********************************************************
***********************************************************

  Total spin moment (muB)   0.000000000

                    Up spin      Down spin     Sum           Diff
      1    C      2.000000002  2.000000002   4.000000004   0.000000000
      2    C      1.999999998  1.999999998   3.999999996   0.000000000
      3    C      2.000000000  2.000000000   4.000000000   0.000000000
      4    C      2.000000000  2.000000000   4.000000001   0.000000000

 Sum of MulP: up   =     8.00000 down          =     8.00000
              total=    16.00000 ideal(neutral)=    16.00000


  Decomposed Mulliken populations

    1    C          Up spin      Down spin     Sum           Diff
            multiple
  s           0    0.558981226  0.558981226   1.117962452   0.000000000
   sum over m      0.558981226  0.558981226   1.117962452   0.000000000
  s           1    0.009486498  0.009486498   0.018972995   0.000000000
   sum over m      0.009486498  0.009486498   0.018972995   0.000000000
   sum over m+mul  0.568467724  0.568467724   1.136935448   0.000000000
  px          0    0.450270798  0.450270798   0.900541596   0.000000000
  py          0    0.450738682  0.450738682   0.901477365   0.000000000
  pz          0    0.507998776  0.507998776   1.015997553   0.000000000
   sum over m      1.409008257  1.409008257   2.818016514   0.000000000
  px          1    0.015045476  0.015045476   0.030090952   0.000000000
  py          1    0.015477321  0.015477321   0.030954642   0.000000000
  pz          1   -0.007998776 -0.007998776  -0.015997551   0.000000000
   sum over m      0.022524021  0.022524021   0.045048043   0.000000000
   sum over m+mul  1.431532278  1.431532278   2.863064556   0.000000000

    2    C          Up spin      Down spin     Sum           Diff
            multiple
  s           0    0.558981225  0.558981225   1.117962449   0.000000000
   sum over m      0.558981225  0.558981225   1.117962449   0.000000000
  s           1    0.009486498  0.009486498   0.018972996   0.000000000
   sum over m      0.009486498  0.009486498   0.018972996   0.000000000
   sum over m+mul  0.568467723  0.568467723   1.136935445   0.000000000
  px          0    0.450270798  0.450270798   0.900541596   0.000000000
  py          0    0.450738681  0.450738681   0.901477363   0.000000000
  pz          0    0.507998775  0.507998775   1.015997549   0.000000000
   sum over m      1.409008254  1.409008254   2.818016509   0.000000000
  px          1    0.015045476  0.015045476   0.030090952   0.000000000
  py          1    0.015477321  0.015477321   0.030954641   0.000000000
  pz          1   -0.007998776 -0.007998776  -0.015997551   0.000000000
   sum over m      0.022524021  0.022524021   0.045048042   0.000000000
   sum over m+mul  1.431532275  1.431532275   2.863064550   0.000000000

    3    C          Up spin      Down spin     Sum           Diff
            multiple
  s           0    0.558981224  0.558981224   1.117962449   0.000000000
   sum over m      0.558981224  0.558981224   1.117962449   0.000000000
  s           1    0.009486498  0.009486498   0.018972996   0.000000000
   sum over m      0.009486498  0.009486498   0.018972996   0.000000000
   sum over m+mul  0.568467722  0.568467722   1.136935445   0.000000000
  px          0    0.450270798  0.450270798   0.900541597   0.000000000
  py          0    0.450738682  0.450738682   0.901477364   0.000000000
  pz          0    0.507998776  0.507998776   1.015997552   0.000000000
   sum over m      1.409008256  1.409008256   2.818016512   0.000000000
  px          1    0.015045476  0.015045476   0.030090953   0.000000000
  py          1    0.015477321  0.015477321   0.030954641   0.000000000
  pz          1   -0.007998776 -0.007998776  -0.015997551   0.000000000
   sum over m      0.022524021  0.022524021   0.045048042   0.000000000
   sum over m+mul  1.431532277  1.431532277   2.863064555   0.000000000

    4    C          Up spin      Down spin     Sum           Diff
            multiple
  s           0    0.558981224  0.558981224   1.117962448   0.000000000
   sum over m      0.558981224  0.558981224   1.117962448   0.000000000
  s           1    0.009486498  0.009486498   0.018972996   0.000000000
   sum over m      0.009486498  0.009486498   0.018972996   0.000000000
   sum over m+mul  0.568467722  0.568467722   1.136935444   0.000000000
  px          0    0.450270799  0.450270799   0.900541598   0.000000000
  py          0    0.450738682  0.450738682   0.901477365   0.000000000
  pz          0    0.507998776  0.507998776   1.015997551   0.000000000
   sum over m      1.409008257  1.409008257   2.818016514   0.000000000
  px          1    0.015045476  0.015045476   0.030090952   0.000000000
  py          1    0.015477321  0.015477321   0.030954642   0.000000000
  pz          1   -0.007998776 -0.007998776  -0.015997551   0.000000000
   sum over m      0.022524022  0.022524022   0.045048043   0.000000000
   sum over m+mul  1.431532278  1.431532278   2.863064557   0.000000000

***********************************************************
***********************************************************
                    Dipole moment (Debye)                  
***********************************************************
***********************************************************

 Absolute D        0.00004514

                      Dx                Dy                Dz
 Total             -0.00004142       -0.00001794        0.00000000
 Core             109.12885846       47.25417904        0.00000000
 Electron        -109.12889988      -47.25419698        0.00000000
 Back ground       -0.00000000       -0.00000000        0.00000000

***********************************************************
***********************************************************
       xyz-coordinates (Ang) and forces (Hartree/Bohr)  
***********************************************************
***********************************************************

<coordinates.forces
  4
    1     C     0.00000   0.00000   0.00000  -0.003738391441 -0.000000155998 -0.000000000165
    2     C     2.84000   0.00000   0.00000   0.003738392069  0.000000018764  0.000000000299
    3     C     0.71000   1.22976   0.00000   0.003738391319  0.000000155961  0.000000000499
    4     C     2.13000   1.22976   0.00000  -0.003738391938 -0.000000018747 -0.000000000614
coordinates.forces>

***********************************************************
***********************************************************
       Fractional coordinates of the final structure       
***********************************************************
***********************************************************

     1      C     0.00000000000000   0.00000000000000   0.00000000000000
     2      C     0.66666666666667   0.00000000000000   0.00000000000000
     3      C     0.16666666666667   0.49999997016729   0.00000000000000
     4      C     0.50000000000000   0.49999997016729   0.00000000000000

***********************************************************
***********************************************************
               Computational Time (second)                 
***********************************************************
***********************************************************

   Elapsed.Time.         3.820

                               Min_ID   Min_Time       Max_ID   Max_Time
   Total Computational Time =     5        3.809          0        3.820
   readfile                 =    11        1.758          0        1.758
   truncation               =    12        0.096          0        0.105
   MD_pac                   =     0        0.000          7        0.000
   OutData                  =    13        0.040          0        0.051
   DFT                      =     0        1.905         12        1.914

*** In DFT ***

   Set_OLP_Kin              =    10        0.038          0        0.164
   Set_Nonlocal             =     0        0.332         10        0.458
   Set_ProExpn_VNA          =    10        0.281          0        0.438
   Set_Hamiltonian          =     5        0.282         16        0.282
   Poisson                  =     2        0.005         19        0.005
   Diagonalization          =     0        0.066          8        0.066
   Mixing_DM                =    18        0.005         11        0.005
   Force                    =     1        0.110          0        0.110
   Total_Energy             =    12        0.343          0        0.343
   Set_Aden_Grid            =     0        0.004         10        0.162
   Set_Orbitals_Grid        =     5        0.000          1        0.041
   Set_Density_Grid         =     7        0.109         18        0.110
   RestartFileDFT           =    14        0.001          1        0.002
   Mulliken_Charge          =     8        0.001          5        0.001
   FFT(2D)_Density          =     0        0.000          0        0.000
   Others                   =     0        0.004         12        0.054
