***********************************************************
***********************************************************

  This calculation was performed by OpenMX Ver. 3.873
  using 20 MPI processes and 1 OpenMP threads.

  Thu Aug 22 18:29:18 2019

***********************************************************
***********************************************************

#
#      File Name      
#

System.CurrrentDirectory         ./    # default=./
System.Name                      H2O
level.of.stdout                   1    # default=1 (1-3)
level.of.fileout                  1    # default=1 (0-2)

#
# restart using *.rst
#

scf.restart                     off    # on|off, default=off

#
# Definition of Atomic Species
#

Species.Number       2
<Definition.of.Atomic.Species
 H   H6.0-s1p1      H_CA19
 O   O6.0-s1p1      O_CA19
Definition.of.Atomic.Species>

#
# Atoms
#

Atoms.Number         3
Atoms.SpeciesAndCoordinates.Unit   Ang # Ang|AU
<Atoms.SpeciesAndCoordinates           # Unit=Ang.
 1  O  0.000  0.000  0.000  3.0 3.0
 2  H  0.757  0.586  0.000  0.5 0.5
 3  H -0.757  0.586  0.000  0.5 0.5
Atoms.SpeciesAndCoordinates>
Atoms.UnitVectors.Unit             Ang #  Ang|AU
#<Atoms.UnitVectors                     
#  10.0   0.0   0.0  
#   0.0  10.0   0.0  
#   0.0   0.0  10.0  
#Atoms.UnitVectors>

#
# SCF or Electronic System
#

scf.XcType                  LDA        # LDA|LSDA-CA|LSDA-PW|GGA-PBE
scf.SpinPolarization        off        # On|Off|NC
scf.ElectronicTemperature  100.0       # default=300 (K)
scf.energycutoff           150.0       # default=150 (Ry)
scf.maxIter                100         # default=40
scf.EigenvalueSolver     Cluster       # DC|GDC|Cluster|Band
scf.Kgrid                  1 1 1       # means 4x4x4
scf.Mixing.Type           rmm-diis     # Simple|Rmm-Diis|Gr-Pulay|Kerker|Rmm-Diisk
scf.Init.Mixing.Weight     0.10        # default=0.30 
scf.Min.Mixing.Weight      0.001       # default=0.001 
scf.Max.Mixing.Weight      0.400       # default=0.40 
scf.Mixing.History          7          # default=5
scf.Mixing.StartPulay       5          # default=6
scf.criterion             1.0e-10      # default=1.0e-6 (Hartree) 

#
# MD or Geometry Optimization
#

MD.Type                     opt        # Nomd|Opt|NVE|NVT_VS|NVT_NH
                                       # Constraint_Opt|DIIS2|Constraint_DIIS2
MD.maxIter                   2         # default=1
MD.TimeStep                1.0         # default=0.5 (fs)
MD.Opt.criterion          1.0e-14      # default=1.0e-4 (Hartree/bohr)
MD.Opt.DIIS_Mixing          0.01       # default=0.5


***********************************************************
***********************************************************

  Required cutoff energy (Ryd) for 3D-grids = 150.0000
      Used cutoff energy (Ryd) for 3D-grids = 150.0010, 150.0010, 150.0010
  Num. of grids of a-, b-, and c-axes = 64, 60, 54

  Num.Grid1.    64
  Num.Grid2.    60
  Num.Grid3.    54


  Cell_Volume =   3499.720575024559 (Bohr^3)
  GridVol     =      0.016877510489 (Bohr^3)
  Cell vectors (bohr) of the grid cell (gtv)
    gtv_a =  0.256509111003,  0.000000000000,  0.000000000000
    gtv_b =  0.000000000000,  0.256509111003,  0.000000000000
    gtv_c =  0.000000000000,  0.000000000000,  0.256509111003
    |gtv_a| =  0.256509111003
    |gtv_b| =  0.256509111003
    |gtv_c| =  0.256509111003

***********************************************************
***********************************************************


***********************************************************
***********************************************************
                  SCF history at MD= 1                    
***********************************************************
***********************************************************

   SCF=   1  NormRD=  1.000000000000  Uele= -5.178671411128
   SCF=   2  NormRD=  0.476348053818  Uele= -4.884726700910
   SCF=   3  NormRD=  0.726682355266  Uele= -3.440896090082
   SCF=   4  NormRD=  0.814763898829  Uele= -3.225770905667
   SCF=   5  NormRD=  0.772193390187  Uele= -3.281726718844
   SCF=   6  NormRD=  0.731975234884  Uele= -3.334755341249
   SCF=   7  NormRD=  0.081580415397  Uele= -4.143535824647
   SCF=   8  NormRD=  0.019065178534  Uele= -4.259610645072
   SCF=   9  NormRD=  0.007109726734  Uele= -4.283508586555
   SCF=  10  NormRD=  0.003792456171  Uele= -4.289374869201
   SCF=  11  NormRD=  0.001282074263  Uele= -4.292743961567
   SCF=  12  NormRD=  0.000700624725  Uele= -4.293760194547
   SCF=  13  NormRD=  0.000007726147  Uele= -4.294931398859
   SCF=  14  NormRD=  0.000000505517  Uele= -4.294944690222
   SCF=  15  NormRD=  0.000000082842  Uele= -4.294945174127
   SCF=  16  NormRD=  0.000000001992  Uele= -4.294945311456
   SCF=  17  NormRD=  0.000000000008  Uele= -4.294945308755
   SCF=  18  NormRD=  0.000000000001  Uele= -4.294945308761

*******************************************************
        Total energy (Hartree) at MD = 1        
*******************************************************

  Uele.         -4.294945308761

  Ukin.         12.539346496767
  UH0.         -20.135991826795
  UH1.           0.048769426917
  Una.         -15.707493896726
  Unl.           3.365929069384
  Uxc0.         -2.214126112614
  Uxc1.         -2.214126112614
  Ucore.         6.982816022051
  Uhub.          0.000000000000
  Ucs.           0.000000000000
  Uzs.           0.000000000000
  Uzo.           0.000000000000
  Uef.           0.000000000000
  UvdW           0.000000000000
  Uch            0.000000000000
  Utot.        -17.334876933629

  Note:

  Utot = Ukin+UH0+UH1+Una+Unl+Uxc0+Uxc1+Ucore+Uhub+Ucs+Uzs+Uzo+Uef+UvdW+Uch

  Uele:   band energy
  Ukin:   kinetic energy
  UH0:    electric part of screened Coulomb energy
  UH1:    difference electron-electron Coulomb energy
  Una:    neutral atom potential energy
  Unl:    non-local potential energy
  Uxc0:   exchange-correlation energy for alpha spin
  Uxc1:   exchange-correlation energy for beta spin
  Ucore:  core-core Coulomb energy
  Uhub:   LDA+U energy
  Ucs:    constraint energy for spin orientation
  Uzs:    Zeeman term for spin magnetic moment
  Uzo:    Zeeman term for orbital magnetic moment
  Uef:    electric energy by electric field
  UvdW:   semi-empirical vdW energy
  Uch:    penalty term to create a core hole

  (see also PRB 72, 045121(2005) for the energy contributions)



  Chemical potential (Hartree)      -0.234375000000

***********************************************************
***********************************************************
                  SCF history at MD= 2                    
***********************************************************
***********************************************************

   SCF=   1  NormRD=  1.000000000000  Uele= -3.957206160776
   SCF=   2  NormRD=  0.203676161618  Uele= -4.433873450788
   SCF=   3  NormRD=  0.044943401134  Uele= -4.059343692298
   SCF=   4  NormRD=  0.008896903845  Uele= -4.128771383716
   SCF=   5  NormRD=  0.004278494639  Uele= -4.110212704527
   SCF=   6  NormRD=  0.001503527002  Uele= -4.109226151743
   SCF=   7  NormRD=  0.000140650763  Uele= -4.111556451040
   SCF=   8  NormRD=  0.000002202728  Uele= -4.111747759033
   SCF=   9  NormRD=  0.000000082959  Uele= -4.111745702596
   SCF=  10  NormRD=  0.000000006815  Uele= -4.111745585202
   SCF=  11  NormRD=  0.000000000381  Uele= -4.111745594493
   SCF=  12  NormRD=  0.000000000004  Uele= -4.111745595083
   SCF=  13  NormRD=  0.000000000000  Uele= -4.111745595077

*******************************************************
        Total energy (Hartree) at MD = 2        
*******************************************************

  Uele.         -4.111745595077

  Ukin.         12.244505524088
  UH0.         -19.813198680497
  UH1.           0.046092839321
  Una.         -15.159152080940
  Unl.           3.336295798700
  Uxc0.         -2.178548677192
  Uxc1.         -2.178548677192
  Ucore.         6.354236414046
  Uhub.          0.000000000000
  Ucs.           0.000000000000
  Uzs.           0.000000000000
  Uzo.           0.000000000000
  Uef.           0.000000000000
  UvdW           0.000000000000
  Uch            0.000000000000
  Utot.        -17.348317539667

  Note:

  Utot = Ukin+UH0+UH1+Una+Unl+Uxc0+Uxc1+Ucore+Uhub+Ucs+Uzs+Uzo+Uef+UvdW+Uch

  Uele:   band energy
  Ukin:   kinetic energy
  UH0:    electric part of screened Coulomb energy
  UH1:    difference electron-electron Coulomb energy
  Una:    neutral atom potential energy
  Unl:    non-local potential energy
  Uxc0:   exchange-correlation energy for alpha spin
  Uxc1:   exchange-correlation energy for beta spin
  Ucore:  core-core Coulomb energy
  Uhub:   LDA+U energy
  Ucs:    constraint energy for spin orientation
  Uzs:    Zeeman term for spin magnetic moment
  Uzo:    Zeeman term for orbital magnetic moment
  Uef:    electric energy by electric field
  UvdW:   semi-empirical vdW energy
  Uch:    penalty term to create a core hole

  (see also PRB 72, 045121(2005) for the energy contributions)



  Chemical potential (Hartree)      -0.117187500000

***********************************************************
***********************************************************
            Eigenvalues (Hartree) for SCF KS-eq.           
***********************************************************
***********************************************************

   Chemical Potential (Hartree) =  -0.11718750000000
   Number of States             =   8.00000000000000
   HOMO =  4
   Eigenvalues
                Up-spin            Down-spin
          1  -0.92980078120883  -0.92980078120883
          2  -0.48821100744410  -0.48821100744410
          3  -0.35282019242048  -0.35282019242048
          4  -0.28504081624462  -0.28504081624462
          5  -0.00127952394405  -0.00127952394405
          6   0.04288569736480   0.04288569736480
          7   0.20121503629920   0.20121503629920
          8   0.22851030437776   0.22851030437776
          9   0.29476583093815   0.29476583093815
         10   0.34631424361592   0.34631424361592
         11   0.50350291850172   0.50350291850172
         12   0.59043289233097   0.59043289233097

***********************************************************
***********************************************************
              History of geometry optimization             
***********************************************************
***********************************************************

  MD_iter   SD_scaling     |Maximum force|   Maximum step        Utot
                           (Hartree/Bohr)        (Ang)         (Hartree)

    1       1.25981732       0.09080272       0.06053515     -17.33487693
    2       0.62990866       0.01550311       0.00516770     -17.34831754

***********************************************************
***********************************************************
                   Mulliken populations                    
***********************************************************
***********************************************************

  Total spin moment (muB)   0.000000000

                    Up spin      Down spin     Sum           Diff
      1    O      3.269049544  3.269049544   6.538099088   0.000000000
      2    H      0.365475228  0.365475228   0.730950455   0.000000000
      3    H      0.365475228  0.365475228   0.730950457   0.000000000

 Sum of MulP: up   =     4.00000 down          =     4.00000
              total=     8.00000 ideal(neutral)=     8.00000


  Decomposed Mulliken populations

    1    O          Up spin      Down spin     Sum           Diff
            multiple
  s           0    0.909592852  0.909592852   1.819185703   0.000000000
   sum over m      0.909592852  0.909592852   1.819185703   0.000000000
   sum over m+mul  0.909592852  0.909592852   1.819185703   0.000000000
  px          0    0.655837492  0.655837492   1.311674985   0.000000000
  py          0    0.774699850  0.774699850   1.549399699   0.000000000
  pz          0    0.928919351  0.928919351   1.857838701   0.000000000
   sum over m      2.359456692  2.359456692   4.718913385   0.000000000
   sum over m+mul  2.359456692  2.359456692   4.718913385   0.000000000

    2    H          Up spin      Down spin     Sum           Diff
            multiple
  s           0    0.330260796  0.330260796   0.660521591   0.000000000
   sum over m      0.330260796  0.330260796   0.660521591   0.000000000
   sum over m+mul  0.330260796  0.330260796   0.660521591   0.000000000
  px          0   -0.031845388 -0.031845388  -0.063690777   0.000000000
  py          0    0.031519496  0.031519496   0.063038991   0.000000000
  pz          0    0.035540325  0.035540325   0.071080649   0.000000000
   sum over m      0.035214432  0.035214432   0.070428864   0.000000000
   sum over m+mul  0.035214432  0.035214432   0.070428864   0.000000000

    3    H          Up spin      Down spin     Sum           Diff
            multiple
  s           0    0.330260796  0.330260796   0.660521592   0.000000000
   sum over m      0.330260796  0.330260796   0.660521592   0.000000000
   sum over m+mul  0.330260796  0.330260796   0.660521592   0.000000000
  px          0   -0.031845388 -0.031845388  -0.063690776   0.000000000
  py          0    0.031519496  0.031519496   0.063038992   0.000000000
  pz          0    0.035540325  0.035540325   0.071080649   0.000000000
   sum over m      0.035214432  0.035214432   0.070428865   0.000000000
   sum over m+mul  0.035214432  0.035214432   0.070428865   0.000000000

***********************************************************
***********************************************************
                    Dipole moment (Debye)                  
***********************************************************
***********************************************************

 Absolute D        1.97377857

                      Dx                Dy                Dz
 Total              0.00000000        1.97377857        0.00000000
 Core               0.00000000        4.22092276       -0.00000000
 Electron          -0.00000000       -2.24714419        0.00000000
 Back ground        0.00000000       -0.00000000       -0.00000000

***********************************************************
***********************************************************
       xyz-coordinates (Ang) and forces (Hartree/Bohr)  
***********************************************************
***********************************************************

<coordinates.forces
  3
    1     O     0.00000  -0.05849  -0.00000   0.000000000570  0.015503107221 -0.000000001890
    2     H     0.81021   0.61487   0.00000   0.008174366153 -0.007353122560  0.000000000134
    3     H    -0.81021   0.61487  -0.00000  -0.008174366027 -0.007353122645 -0.000000000120
coordinates.forces>

***********************************************************
***********************************************************
       Fractional coordinates of the final structure       
***********************************************************
***********************************************************

     1      O     0.00000000000389   0.99281778631870   0.99999999999314
     2      H     0.09326369522283   0.07549657457694   0.00000000001236
     3      H     0.90673630477332   0.07549657457813   0.99999999999443

***********************************************************
***********************************************************
               Computational Time (second)                 
***********************************************************
***********************************************************

   Elapsed.Time.         2.769

                               Min_ID   Min_Time       Max_ID   Max_Time
   Total Computational Time =    15        2.756          0        2.769
   readfile                 =     4        1.700          0        1.700
   truncation               =    12        0.062          0        0.071
   MD_pac                   =     0        0.000         12        0.001
   OutData                  =    17        0.056          0        0.069
   DFT                      =     0        0.928         12        0.936

*** In DFT ***

   Set_OLP_Kin              =     2        0.071          0        0.089
   Set_Nonlocal             =     0        0.018          2        0.036
   Set_ProExpn_VNA          =     3        0.248         19        0.291
   Set_Hamiltonian          =    18        0.125         11        0.125
   Poisson                  =     0        0.037         19        0.037
   Diagonalization          =     6        0.036          3        0.036
   Mixing_DM                =    17        0.003         11        0.004
   Force                    =     2        0.049         11        0.049
   Total_Energy             =    11        0.079          0        0.079
   Set_Aden_Grid            =    17        0.005          3        0.048
   Set_Orbitals_Grid        =    19        0.000          1        0.049
   Set_Density_Grid         =    18        0.125         12        0.131
   RestartFileDFT           =    16        0.006         19        0.032
   Mulliken_Charge          =    11        0.001         13        0.001
   FFT(2D)_Density          =     0        0.000          0        0.000
   Others                   =     0        0.007         18        0.069
