***********************************************************
***********************************************************

  This calculation was performed by OpenMX Ver. 3.873
  using 20 MPI processes and 1 OpenMP threads.

  Thu Aug 22 18:29:27 2019

***********************************************************
***********************************************************

#
# File Name      
#

System.CurrrentDirectory         ./    # default=./
System.Name                       HMn
level.of.stdout                   1    # default=1 (1-3)
level.of.fileout                  1    # default=1 (0-2)

#
# Definition of Atomic Species
#

Species.Number       2
<Definition.of.Atomic.Species
  Mn     Mn8.0-s2p1d1f1     Mn_PBE19
  H      H5.0-s1            H_PBE19
Definition.of.Atomic.Species>

#
# Atoms
#

Atoms.Number         2
Atoms.SpeciesAndCoordinates.Unit   Ang # Ang|AU
<Atoms.SpeciesAndCoordinates           
 1  Mn   0.000  0.000  0.000    8.0   7.0
 2  H    1.500  0.100 -0.200    0.5   0.5
Atoms.SpeciesAndCoordinates>
Atoms.UnitVectors.Unit             Ang # Ang|AU
#<Atoms.UnitVectors                     
#  10.0   0.0   0.0  
#   0.0  10.0   0.0  
#   0.0   0.0  10.0  
#Atoms.UnitVectors>

#
# SCF or Electronic System
#

scf.XcType                 GGA-PBE     # LDA|LSDA-CA|LSDA-PW|GGA-PBE
scf.SpinPolarization        on         # On|Off|NC
scf.SpinOrbit.Coupling      off        # On|Off, default=off
scf.ElectronicTemperature  1000.0      # default=300 (K)
scf.energycutoff           230.0       # default=150 (Ry)
scf.maxIter                 150        # default=40
scf.EigenvalueSolver       cluster     # Recursion|Cluster|Band
scf.Kgrid                  1 1 1       # means n1 x n2 x n3
scf.Mixing.Type           rmm-diisk    # Simple|Rmm-Diis|Gr-Pulay|Kerker|Rmm-Diisk
scf.Init.Mixing.Weight     0.030       # default=0.30 
scf.Min.Mixing.Weight      0.030       # default=0.001 
scf.Max.Mixing.Weight      0.600       # default=0.40 
scf.Mixing.History          30         # default=5
scf.Mixing.StartPulay       8         # default=6
scf.criterion             1.0e-10      # default=1.0e-6 (Hartree) 

#
# MD or Geometry Optimization
#

MD.Type                     nomd       # Nomd|Constant_Energy_MD|Opt
MD.maxIter                    1        # default=1
MD.TimeStep                 1.0        # default=0.5 (fs)
MD.Opt.criterion         1.0e-4        # default=1.0e-4 (Hartree/bohr)


***********************************************************
***********************************************************

  Required cutoff energy (Ryd) for 3D-grids = 230.0000
      Used cutoff energy (Ryd) for 3D-grids = 230.0010, 230.0010, 230.0010
  Num. of grids of a-, b-, and c-axes = 90, 90, 90

  Num.Grid1.    90
  Num.Grid2.    90
  Num.Grid3.    90


  Cell_Volume =   6480.112714637663 (Bohr^3)
  GridVol     =      0.008889043504 (Bohr^3)
  Cell vectors (bohr) of the grid cell (gtv)
    gtv_a =  0.207150034788,  0.000000000000,  0.000000000000
    gtv_b =  0.000000000000,  0.207150034788,  0.000000000000
    gtv_c =  0.000000000000,  0.000000000000,  0.207150034788
    |gtv_a| =  0.207150034788
    |gtv_b| =  0.207150034788
    |gtv_c| =  0.207150034788

***********************************************************
***********************************************************


***********************************************************
***********************************************************
                  SCF history at MD= 1                    
***********************************************************
***********************************************************

   SCF=   1  NormRD=  1.000000000000  Uele= -20.569563373069
   SCF=   2  NormRD=  5.541342977172  Uele= -20.569563373069
   SCF=   3  NormRD=  5.928959123673  Uele= -20.348827702058
   SCF=   4  NormRD=  6.048782359170  Uele= -20.160153155243
   SCF=   5  NormRD=  5.955401572726  Uele= -19.990274758285
   SCF=   6  NormRD=  4.535096408969  Uele= -16.963658719887
   SCF=   7  NormRD=  2.866407733053  Uele= -20.117156083720
   SCF=   8  NormRD=  1.437784949077  Uele= -17.674786982255
   SCF=   9  NormRD=  0.751420333106  Uele= -18.906829279890
   SCF=  10  NormRD=  0.298387661668  Uele= -18.981399448290
   SCF=  11  NormRD=  0.086821309822  Uele= -18.859064577671
   SCF=  12  NormRD=  0.008165062923  Uele= -18.859269660406
   SCF=  13  NormRD=  0.004449596584  Uele= -18.863683630362
   SCF=  14  NormRD=  0.001180069910  Uele= -18.862871199008
   SCF=  15  NormRD=  0.000565076553  Uele= -18.863104914753
   SCF=  16  NormRD=  0.000228613703  Uele= -18.863214079646
   SCF=  17  NormRD=  0.000043362665  Uele= -18.863269550969
   SCF=  18  NormRD=  0.000020533432  Uele= -18.863272044351
   SCF=  19  NormRD=  0.000009894695  Uele= -18.863271982552
   SCF=  20  NormRD=  0.000000318439  Uele= -18.863273250189
   SCF=  21  NormRD=  0.000000100700  Uele= -18.863273143785
   SCF=  22  NormRD=  0.000000064873  Uele= -18.863273133306
   SCF=  23  NormRD=  0.000000020077  Uele= -18.863273140131
   SCF=  24  NormRD=  0.000000005100  Uele= -18.863273141545
   SCF=  25  NormRD=  0.000000000955  Uele= -18.863273141860
   SCF=  26  NormRD=  0.000000000143  Uele= -18.863273141890

*******************************************************
        Total energy (Hartree) at MD = 1        
*******************************************************

  Uele.        -18.863273141890

  Ukin.         56.962796833498
  UH0.         -92.616830894566
  UH1.           0.035947334844
  Una.         -55.934932222054
  Unl.          -5.920011150060
  Uxc0.         -8.191279150449
  Uxc1.         -4.952484372770
  Ucore.         5.233937174339
  Uhub.          0.000000000000
  Ucs.           0.000000000000
  Uzs.           0.000000000000
  Uzo.           0.000000000000
  Uef.           0.000000000000
  UvdW           0.000000000000
  Uch            0.000000000000
  Utot.       -105.382856447219

  Note:

  Utot = Ukin+UH0+UH1+Una+Unl+Uxc0+Uxc1+Ucore+Uhub+Ucs+Uzs+Uzo+Uef+UvdW+Uch

  Uele:   band energy
  Ukin:   kinetic energy
  UH0:    electric part of screened Coulomb energy
  UH1:    difference electron-electron Coulomb energy
  Una:    neutral atom potential energy
  Unl:    non-local potential energy
  Uxc0:   exchange-correlation energy for alpha spin
  Uxc1:   exchange-correlation energy for beta spin
  Ucore:  core-core Coulomb energy
  Uhub:   LDA+U energy
  Ucs:    constraint energy for spin orientation
  Uzs:    Zeeman term for spin magnetic moment
  Uzo:    Zeeman term for orbital magnetic moment
  Uef:    electric energy by electric field
  UvdW:   semi-empirical vdW energy
  Uch:    penalty term to create a core hole

  (see also PRB 72, 045121(2005) for the energy contributions)



  Chemical potential (Hartree)      -0.085880856648

***********************************************************
***********************************************************
            Eigenvalues (Hartree) for SCF KS-eq.           
***********************************************************
***********************************************************

   Chemical Potential (Hartree) =  -0.08588085664806
   Number of States             =  16.00000000000000
   HOMO for up-spin   = 10
   HOMO for down-spin =  6
   Eigenvalues
                Up-spin            Down-spin
          1  -3.09001540873832  -2.92308663806909
          2  -1.95477655788760  -1.78642720671586
          3  -1.95464699844487  -1.78140997702826
          4  -1.93012540113267  -1.78114827214482
          5  -0.28134179690036  -0.26806794204379
          6  -0.20791158571351  -0.11146901203547
          7  -0.20750098081039  -0.05866077803525
          8  -0.20583345386154  -0.05687751450382
          9  -0.20561065101824  -0.04941993295479
         10  -0.17391797217562  -0.04920060693325
         11  -0.02394646912879   0.01697317979259
         12   0.31420246642265   0.31474468540118
         13   0.31423586383237   0.31474778344514
         14   0.31726825557341   0.32015962592486
         15   0.32518489342156   0.32838706963126
         16   0.32524258617848   0.32846160779442
         17   0.32886556320082   0.33045269119946
         18   0.32886562177668   0.33045291933471

***********************************************************
***********************************************************
                   Mulliken populations                    
***********************************************************
***********************************************************

  Total spin moment (muB)   4.000000006

                    Up spin      Down spin     Sum           Diff
      1   Mn      9.491008617  5.302498737  14.793507354   4.188509880
      2    H      0.508991386  0.697501260   1.206492646  -0.188509874

 Sum of MulP: up   =    10.00000 down          =     6.00000
              total=    16.00000 ideal(neutral)=    16.00000


  Decomposed Mulliken populations

    1   Mn          Up spin      Down spin     Sum           Diff
            multiple
  s           0    0.999690423  1.000361254   2.000051677  -0.000670831
   sum over m      0.999690423  1.000361254   2.000051677  -0.000670831
  s           1    0.684583110  0.783156044   1.467739154  -0.098572934
   sum over m      0.684583110  0.783156044   1.467739154  -0.098572934
   sum over m+mul  1.684273533  1.783517298   3.467790831  -0.099243764
  px          0    0.999125261  0.998828778   1.997954039   0.000296484
  py          0    0.999996012  0.999993380   1.999989392   0.000002632
  pz          0    0.999983717  0.999977822   1.999961539   0.000005895
   sum over m      2.999104990  2.998799980   5.997904970   0.000305011
   sum over m+mul  2.999104990  2.998799980   5.997904970   0.000305011
  d3z^2-r^2   0    0.958051079  0.118577427   1.076628506   0.839473652
  dx^2-y^2    0    0.864746895  0.371609585   1.236356480   0.493137309
  dxy         0    0.997565114  0.006978804   1.004543918   0.990586310
  dxz         0    0.990205445  0.028221771   1.018427216   0.961983675
  dyz         0    0.999948855  0.000304959   1.000253814   0.999643895
   sum over m      4.810517388  0.525692546   5.336209934   4.284824841
   sum over m+mul  4.810517388  0.525692546   5.336209934   4.284824841
  f5z^2-3r^2  0   -0.000106097 -0.000203936  -0.000310033   0.000097839
  f5xz^2-xr^2 0   -0.000885104 -0.001684249  -0.002569353   0.000799145
  f5yz^2-yr^2 0   -0.000003306 -0.000007497  -0.000010803   0.000004191
  fzx^2-zy^2  0   -0.000178065 -0.000341736  -0.000519801   0.000163672
  fxyz        0    0.000004245 -0.000006129  -0.000001884   0.000010373
  fx^3-3*xy^2 0   -0.001655912 -0.003138586  -0.004794498   0.001482675
  f3yx^2-y^3  0   -0.000063056 -0.000128953  -0.000192008   0.000065897
   sum over m     -0.002887294 -0.005511086  -0.008398380   0.002623792
   sum over m+mul -0.002887294 -0.005511086  -0.008398380   0.002623792

    2    H          Up spin      Down spin     Sum           Diff
            multiple
  s           0    0.508991386  0.697501260   1.206492646  -0.188509874
   sum over m      0.508991386  0.697501260   1.206492646  -0.188509874
   sum over m+mul  0.508991386  0.697501260   1.206492646  -0.188509874

***********************************************************
***********************************************************
                    Dipole moment (Debye)                  
***********************************************************
***********************************************************

 Absolute D        2.30243206

                      Dx                Dy                Dz
 Total             -2.27693208       -0.15251331        0.30579959
 Core               7.20481020        0.48032068       -0.96064136
 Electron          -9.48174227       -0.63283399        1.26644095
 Back ground       -0.00000000       -0.00000000        0.00000000

***********************************************************
***********************************************************
       xyz-coordinates (Ang) and forces (Hartree/Bohr)  
***********************************************************
***********************************************************

<coordinates.forces
  2
    1    Mn     0.00000   0.00000   0.00000  -0.024406948378  0.000276834761  0.006432832392
    2     H     1.50000   0.10000  -0.20000   0.018850337336  0.001372280501 -0.002835879424
coordinates.forces>

***********************************************************
***********************************************************
       Fractional coordinates of the final structure       
***********************************************************
***********************************************************

     1     Mn     0.00000000000000   0.00000000000000   0.00000000000000
     2      H     0.15204165027128   0.01013611001809   0.97972777996383

***********************************************************
***********************************************************
               Computational Time (second)                 
***********************************************************
***********************************************************

   Elapsed.Time.         8.862

                               Min_ID   Min_Time       Max_ID   Max_Time
   Total Computational Time =     3        8.840          0        8.862
   readfile                 =     1        2.240          0        2.240
   truncation               =    12        0.123          0        0.142
   MD_pac                   =     0        0.000         11        0.000
   OutData                  =     1        0.292          0        0.315
   DFT                      =     0        6.160         12        6.179

*** In DFT ***

   Set_OLP_Kin              =    14        0.046          2        0.061
   Set_Nonlocal             =     0        0.030          3        0.042
   Set_ProExpn_VNA          =     4        0.208         13        0.236
   Set_Hamiltonian          =     1        2.804         10        2.804
   Poisson                  =    16        0.079          9        0.079
   Diagonalization          =     4        0.039         11        0.039
   Mixing_DM                =    16        1.223          9        1.223
   Force                    =     6        0.225          9        0.225
   Total_Energy             =     3        0.064          0        0.064
   Set_Aden_Grid            =    13        0.026          4        0.057
   Set_Orbitals_Grid        =     4        0.000          0        0.067
   Set_Density_Grid         =     2        1.094          0        1.124
   RestartFileDFT           =    16        0.003          4        0.009
   Mulliken_Charge          =    12        0.001          2        0.001
   FFT(2D)_Density          =    14        0.136         17        0.136
   Others                   =     0        0.041         18        0.155
