***********************************************************
***********************************************************

  This calculation was performed by OpenMX Ver. 3.873
  using 20 MPI processes and 1 OpenMP threads.

  Thu Aug 22 18:29:35 2019

***********************************************************
***********************************************************

#
#      File Name      
#

System.CurrrentDirectory         ./    # default=./
System.Name                      Mol_MnO
level.of.stdout                   1    # default=1 (1-3)
level.of.fileout                  1    # default=1 (0-2)

#
# Definition of Atomic Species
#

Species.Number       2
<Definition.of.Atomic.Species
 Mn  Mn8.0-s2p2d2       Mn_PBE19
 O   O5.0-s2p2d1        O_PBE19
Definition.of.Atomic.Species>

#
# Atoms
#

Atoms.Number        2
Atoms.SpeciesAndCoordinates.Unit   Ang # Ang|AU
<Atoms.SpeciesAndCoordinates           # Unit=Ang
  1  Mn    0.00000   0.00000   0.00000   9.0  6.0
  2  O     1.70000   0.00000   0.00000   3.0  3.0
Atoms.SpeciesAndCoordinates>
Atoms.UnitVectors.Unit             Ang #  Ang|AU
#<Atoms.UnitVectors                     # unit=Ang.
#  18.0   0.0   0.0
#   0.0  18.0   0.0
#   0.0   0.0  18.0
#Atoms.UnitVectors>

#
# SCF or Electronic System 
#

scf.XcType                 GGA-PBE     # LDA|LSDA-CA|LSDA-PW|GGA-PBE
scf.SpinPolarization       On          # On|Off|NC
scf.ElectronicTemperature  300.0       # default=300 (K)
scf.energycutoff          150.0        # default=150 (Ry)
scf.maxIter                80          # default=40
scf.EigenvalueSolver      Cluster      # Recursion|Cluster|Band
scf.Kgrid                  1 1 1       # means 4x4x4
scf.Mixing.Type           rmm-diisk    # Simple|Rmm-Diis|Gr-Pulay|Kerker|Rmm-Diisk
scf.Init.Mixing.Weight     0.001       # default=0.30 
scf.Min.Mixing.Weight      0.001       # default=0.001 
scf.Max.Mixing.Weight      0.60        # default=0.40 
scf.Mixing.History          20         # default=5
scf.Mixing.StartPulay       10         # default=6
scf.criterion             1.0e-10      # default=1.0e-6 (Hartree) 


#
# MD or Geometry Optimization
#

MD.Type                     nomd       # Nomd|Opt|NVE|NVT_VS|NVT_NH
                                       # Constraint_Opt|DIIS2|Constraint_DIIS2
MD.maxIter                   1         # default=1
MD.TimeStep                1.0         # default=0.5 (fs)
MD.Opt.criterion          1.0e-14      # default=1.0e-4 (Hartree/bohr)
MD.Opt.DIIS_Mixing          0.01       # default=0.5


***********************************************************
***********************************************************

  Required cutoff energy (Ryd) for 3D-grids = 150.0000
      Used cutoff energy (Ryd) for 3D-grids = 150.0010, 150.0010, 150.0010
  Num. of grids of a-, b-, and c-axes = 70, 70, 70

  Num.Grid1.    70
  Num.Grid2.    70
  Num.Grid3.    70


  Cell_Volume =   5788.986097769213 (Bohr^3)
  GridVol     =      0.016877510489 (Bohr^3)
  Cell vectors (bohr) of the grid cell (gtv)
    gtv_a =  0.256509111003,  0.000000000000,  0.000000000000
    gtv_b =  0.000000000000,  0.256509111003,  0.000000000000
    gtv_c =  0.000000000000,  0.000000000000,  0.256509111003
    |gtv_a| =  0.256509111003
    |gtv_b| =  0.256509111003
    |gtv_c| =  0.256509111003

***********************************************************
***********************************************************


***********************************************************
***********************************************************
                  SCF history at MD= 1                    
***********************************************************
***********************************************************

   SCF=   1  NormRD=  1.000000000000  Uele= -23.978392232951
   SCF=   2  NormRD=  3.617912534804  Uele= -23.978392232951
   SCF=   3  NormRD=  3.610341824493  Uele= -23.973893481385
   SCF=   4  NormRD=  2.051527849257  Uele= -22.960572942951
   SCF=   5  NormRD=  1.381046350775  Uele= -21.704880390559
   SCF=   6  NormRD=  8.109752706293  Uele= -22.511352582827
   SCF=   7  NormRD=  5.009155911614  Uele= -22.204274462090
   SCF=   8  NormRD=  1.250683657050  Uele= -21.991837104254
   SCF=   9  NormRD=  1.023234872109  Uele= -21.944975740616
   SCF=  10  NormRD=  0.458532996974  Uele= -21.842811978677
   SCF=  11  NormRD=  0.317960790317  Uele= -21.819578888672
   SCF=  12  NormRD=  0.061340507241  Uele= -21.820450149461
   SCF=  13  NormRD=  0.028793726637  Uele= -21.757403434542
   SCF=  14  NormRD=  0.018554505092  Uele= -21.788744983535
   SCF=  15  NormRD=  0.004564228945  Uele= -21.790282215954
   SCF=  16  NormRD=  0.003102232756  Uele= -21.792538644559
   SCF=  17  NormRD=  0.001345901529  Uele= -21.792965255972
   SCF=  18  NormRD=  0.000111673725  Uele= -21.793009890282
   SCF=  19  NormRD=  0.000069567557  Uele= -21.793035695964
   SCF=  20  NormRD=  0.000005579732  Uele= -21.793008332345
   SCF=  21  NormRD=  0.000002016864  Uele= -21.793005374405
   SCF=  22  NormRD=  0.000000635952  Uele= -21.793005558998
   SCF=  23  NormRD=  0.000000038244  Uele= -21.793005639977
   SCF=  24  NormRD=  0.000000005817  Uele= -21.793005648182
   SCF=  25  NormRD=  0.000000000561  Uele= -21.793005647511
   SCF=  26  NormRD=  0.000000000432  Uele= -21.793005647543

*******************************************************
        Total energy (Hartree) at MD = 1        
*******************************************************

  Uele.        -21.793005647543

  Ukin.         67.314444535925
  UH0.        -128.484096555298
  UH1.           0.054688233207
  Una.         -68.840970463036
  Unl.          -2.553260755628
  Uxc0.        -10.034377738052
  Uxc1.         -6.573058047362
  Ucore.        28.015266123529
  Uhub.          0.000000000000
  Ucs.           0.000000000000
  Uzs.           0.000000000000
  Uzo.           0.000000000000
  Uef.           0.000000000000
  UvdW           0.000000000000
  Uch            0.000000000000
  Utot.       -121.101364666716

  Note:

  Utot = Ukin+UH0+UH1+Una+Unl+Uxc0+Uxc1+Ucore+Uhub+Ucs+Uzs+Uzo+Uef+UvdW+Uch

  Uele:   band energy
  Ukin:   kinetic energy
  UH0:    electric part of screened Coulomb energy
  UH1:    difference electron-electron Coulomb energy
  Una:    neutral atom potential energy
  Unl:    non-local potential energy
  Uxc0:   exchange-correlation energy for alpha spin
  Uxc1:   exchange-correlation energy for beta spin
  Ucore:  core-core Coulomb energy
  Uhub:   LDA+U energy
  Ucs:    constraint energy for spin orientation
  Uzs:    Zeeman term for spin magnetic moment
  Uzo:    Zeeman term for orbital magnetic moment
  Uef:    electric energy by electric field
  UvdW:   semi-empirical vdW energy
  Uch:    penalty term to create a core hole

  (see also PRB 72, 045121(2005) for the energy contributions)



  Chemical potential (Hartree)      -0.143248887584

***********************************************************
***********************************************************
            Eigenvalues (Hartree) for SCF KS-eq.           
***********************************************************
***********************************************************

   Chemical Potential (Hartree) =  -0.14324888758438
   Number of States             =  20.99999999999999
   HOMO for up-spin   = 13
   HOMO for down-spin =  8
   Eigenvalues
                Up-spin            Down-spin
          1  -3.14495769981715  -2.98624080915403
          2  -2.00401540989103  -1.85331782622070
          3  -2.00401540524019  -1.84010127437397
          4  -1.99252987774527  -1.84010127209445
          5  -0.76948573917229  -0.75117302202719
          6  -0.29077362644123  -0.25453729568190
          7  -0.28533175343618  -0.21786658639186
          8  -0.28533175282204  -0.21786658602118
          9  -0.25718863744682  -0.11791829541631
         10  -0.25534763591545  -0.10653726894777
         11  -0.20435255699125  -0.10647703473240
         12  -0.16923544069586  -0.07288169808191
         13  -0.16923543989920  -0.07288169726870
         14  -0.10668930784416  -0.04481233060050
         15   0.08860133345751   0.17549286412560
         16   0.08860133425840   0.17549286516319
         17   0.20870700468032   0.27401759324041
         18   0.25702547219698   0.33817248337816
         19   0.25751880334688   0.33839504694549
         20   0.31973043505188   0.37580504238415
         21   0.31973043530170   0.37580504286058
         22   0.44205576585617   0.46634056357822
         23   0.67918078485178   0.69843243465323
         24   0.67918078507428   0.69843243479144
         25   0.68399393989739   0.70119854958979
         26   1.13258714422460   1.14673658698105
         27   1.13298591282358   1.14712460089221
         28   1.21786222001533   1.23876209802587
         29   1.45743372531458   1.47086637519487
         30   1.45743372577505   1.47086637559438
         31   2.36855396161025   2.38161652676892

***********************************************************
***********************************************************
                   Mulliken populations                    
***********************************************************
***********************************************************

  Total spin moment (muB)   5.000000000

                    Up spin      Down spin     Sum           Diff
      1   Mn      9.602356486  4.950192350  14.552548836   4.652164136
      2    O      3.397643514  3.049807650   6.447451164   0.347835864

 Sum of MulP: up   =    13.00000 down          =     8.00000
              total=    21.00000 ideal(neutral)=    21.00000


  Decomposed Mulliken populations

    1   Mn          Up spin      Down spin     Sum           Diff
            multiple
  s           0    1.000344026  0.999649319   1.999993345   0.000694708
   sum over m      1.000344026  0.999649319   1.999993345   0.000694708
  s           1    0.658994545  0.049098487   0.708093032   0.609896058
   sum over m      0.658994545  0.049098487   0.708093032   0.609896058
   sum over m+mul  1.659338572  1.048747806   2.708086377   0.610590766
  px          0    1.001264834  1.002260261   2.003525095  -0.000995428
  py          0    1.000354416  1.000305616   2.000660031   0.000048800
  pz          0    1.000354416  1.000305616   2.000660031   0.000048800
   sum over m      3.001973665  3.002871492   6.004845158  -0.000897827
  px          1    0.026625950  0.023483851   0.050109801   0.003142099
  py          1    0.067897568  0.020722705   0.088620273   0.047174863
  pz          1    0.067897569  0.020722705   0.088620274   0.047174864
   sum over m      0.162421087  0.064929262   0.227350348   0.097491825
   sum over m+mul  3.164394752  3.067800754   6.232195506   0.096593998
  d3z^2-r^2   0    0.933661087  0.054903559   0.988564646   0.878757528
  dx^2-y^2    0    0.801993607  0.164710612   0.966704219   0.637282995
  dxy         0    0.999812242  0.271376544   1.271188786   0.728435698
  dxz         0    0.999812242  0.271376540   1.271188782   0.728435701
  dyz         0    0.999131573  0.000000000   0.999131573   0.999131573
   sum over m      4.734410751  0.762367255   5.496778006   3.972043496
  d3z^2-r^2   1    0.003693385  0.001495160   0.005188545   0.002198226
  dx^2-y^2    1    0.008749700  0.004485497   0.013235197   0.004264203
  dxy         1    0.015100042  0.032647939   0.047747982  -0.017547897
  dxz         1    0.015100043  0.032647940   0.047747983  -0.017547897
  dyz         1    0.001569241  0.000000000   0.001569241   0.001569241
   sum over m      0.044212411  0.071276535   0.115488946  -0.027064124
   sum over m+mul  4.778623162  0.833643790   5.612266952   3.944979372

    2    O          Up spin      Down spin     Sum           Diff
            multiple
  s           0    0.957948593  0.945508152   1.903456745   0.012440441
   sum over m      0.957948593  0.945508152   1.903456745   0.012440441
  s           1   -0.002196760 -0.001418843  -0.003615604  -0.000777917
   sum over m     -0.002196760 -0.001418843  -0.003615604  -0.000777917
   sum over m+mul  0.955751832  0.944089309   1.899841141   0.011662524
  px          0    0.601351127  0.755660879   1.357012007  -0.154309752
  py          0    0.922983161  0.677111193   1.600094354   0.245871969
  pz          0    0.922983161  0.677111196   1.600094357   0.245871964
   sum over m      2.447317449  2.109883268   4.557200717   0.337434181
  px          1    0.008034959 -0.000772320   0.007262639   0.008807279
  py          1   -0.003534261  0.000682050  -0.002852211  -0.004216311
  pz          1   -0.003534261  0.000682050  -0.002852210  -0.004216311
   sum over m      0.000966437  0.000591780   0.001558218   0.000374657
   sum over m+mul  2.448283886  2.110475049   4.558758935   0.337808838
  d3z^2-r^2   0   -0.000446299  0.000233845  -0.000212454  -0.000680144
  dx^2-y^2    0   -0.000018754  0.000701542   0.000682788  -0.000720296
  dxy         0   -0.002613169 -0.002846047  -0.005459216   0.000232878
  dxz         0   -0.002613169 -0.002846047  -0.005459216   0.000232878
  dyz         0   -0.000700814  0.000000000  -0.000700814  -0.000700814
   sum over m     -0.006392205 -0.004756707  -0.011148912  -0.001635498
   sum over m+mul -0.006392205 -0.004756707  -0.011148912  -0.001635498

***********************************************************
***********************************************************
                    Dipole moment (Debye)                  
***********************************************************
***********************************************************

 Absolute D        5.10031104

                      Dx                Dy                Dz
 Total             -5.10031104        0.00000001       -0.00000000
 Core              48.99270934        0.00000000        0.00000000
 Electron         -54.09302038        0.00000001       -0.00000000
 Back ground       -0.00000000        0.00000000        0.00000000

***********************************************************
***********************************************************
       xyz-coordinates (Ang) and forces (Hartree/Bohr)  
***********************************************************
***********************************************************

<coordinates.forces
  2
    1    Mn     0.00000   0.00000   0.00000   0.012279204302 -0.000000000594  0.000000000539
    2     O     1.70000   0.00000   0.00000  -0.023163026507  0.000000000603 -0.000000000536
coordinates.forces>

***********************************************************
***********************************************************
       Fractional coordinates of the final structure       
***********************************************************
***********************************************************

     1     Mn     0.00000000000000   0.00000000000000   0.00000000000000
     2      O     0.17891506955596   0.00000000000000   0.00000000000000

***********************************************************
***********************************************************
               Computational Time (second)                 
***********************************************************
***********************************************************

   Elapsed.Time.         6.050

                               Min_ID   Min_Time       Max_ID   Max_Time
   Total Computational Time =     7        6.035          0        6.050
   readfile                 =     6        2.224          0        2.224
   truncation               =    18        0.067          0        0.077
   MD_pac                   =     0        0.000          7        0.000
   OutData                  =    15        0.161          0        0.176
   DFT                      =     0        3.572         18        3.582

*** In DFT ***

   Set_OLP_Kin              =     2        0.042          1        0.059
   Set_Nonlocal             =     0        0.031          2        0.055
   Set_ProExpn_VNA          =     2        0.157         14        0.195
   Set_Hamiltonian          =    17        1.818         16        1.819
   Poisson                  =    10        0.032          3        0.032
   Diagonalization          =     4        0.046         14        0.046
   Mixing_DM                =    17        0.407         16        0.407
   Force                    =    18        0.131          8        0.131
   Total_Energy             =     3        0.051          0        0.051
   Set_Aden_Grid            =    14        0.004          2        0.041
   Set_Orbitals_Grid        =    12        0.000          0        0.039
   Set_Density_Grid         =    17        0.651         12        0.666
   RestartFileDFT           =    14        0.003          1        0.016
   Mulliken_Charge          =    14        0.001          3        0.001
   FFT(2D)_Density          =     9        0.059          3        0.059
   Others                   =     0        0.026         17        0.089
