***********************************************************
***********************************************************

  This calculation was performed by OpenMX Ver. 3.873
  using 20 MPI processes and 1 OpenMP threads.

  Thu Aug 22 18:29:40 2019

***********************************************************
***********************************************************

#
# File Name
#

System.CurrrentDirectory         ./    # default=./
System.Name                      Ndia2
level.of.stdout                   1    # default=1 (1-3)
level.of.fileout                  1    # default=1 (0-2)

#
# Definition of Atomic Species
#

Species.Number       1
<Definition.of.Atomic.Species
 C   C5.0-s1p1  C_CA19
Definition.of.Atomic.Species>

#
# Atoms
#

Atoms.Number         2
Atoms.SpeciesAndCoordinates.Unit   Ang # Ang|AU
<Atoms.SpeciesAndCoordinates           
 1  C  0.100 -0.020  0.010   2.0 2.0
 2  C  0.890  0.890  0.890   2.0 2.0
Atoms.SpeciesAndCoordinates>
Atoms.UnitVectors.Unit             Ang # Ang|AU
<Atoms.UnitVectors                     
   1.7800  1.7800  0.0000
   1.7800  0.0000  1.7800
   0.0000  1.7800  1.7800
Atoms.UnitVectors>

#
# SCF or Electronic System
#

scf.XcType                  LDA        # LDA|LSDA-CA|LSDA-PW|GGA-PBE
scf.SpinPolarization        off        # On|Off|NC
scf.ElectronicTemperature  300.0       # default=300 (K)
scf.energycutoff           100.0       # default=150 (Ry)
scf.maxIter                  100       # default=40
scf.EigenvalueSolver       band        # DC|GDC|Cluster|Band
scf.Kgrid                  7 7 7       # means n1 x n2 x n3
scf.Mixing.Type           rmm-diisk    # Simple|Rmm-Diis|Gr-Pulay|Kerker|Rmm-Diisk
scf.Init.Mixing.Weight     0.30        # default=0.30 
scf.Min.Mixing.Weight      0.001       # default=0.001 
scf.Max.Mixing.Weight      0.700       # default=0.40 
scf.Mixing.History          7          # default=5
scf.Mixing.StartPulay       5          # default=6
scf.criterion             1.0e-10      # default=1.0e-6 (Hartree) 
scf.lapack.dste            dstevx      # dstegr|dstedc|dstevx, default=dstevx
  
#
# MD or Geometry Optimization
#

MD.Type                     nomd       # Nomd|Opt|NVE|NVT_VS|NVT_NH
MD.maxIter                    1        # default=1
MD.TimeStep                   1        # default=0.5 (fs)
MD.Opt.criterion         1.0e-5        # default=1.0e-4 (Hartree/bohr)


***********************************************************
***********************************************************

  Required cutoff energy (Ryd) for 3D-grids = 100.0000
      Used cutoff energy (Ryd) for 3D-grids = 94.2076, 94.2076, 94.2076
  Num. of grids of a-, b-, and c-axes = 12, 12, 12

  Num.Grid1.    12
  Num.Grid2.    12
  Num.Grid3.    12


  Cell_Volume =     76.117849485348 (Bohr^3)
  GridVol     =      0.044049681415 (Bohr^3)
  Cell vectors (bohr) of the grid cell (gtv)
    gtv_a =  0.280309354973,  0.280309354973,  0.000000000000
    gtv_b =  0.280309354973,  0.000000000000,  0.280309354973
    gtv_c =  0.000000000000,  0.280309354973,  0.280309354973
    |gtv_a| =  0.396417291462
    |gtv_b| =  0.396417291462
    |gtv_c| =  0.396417291462

***********************************************************
***********************************************************


***********************************************************
***********************************************************
                  SCF history at MD= 1                    
***********************************************************
***********************************************************

   SCF=   1  NormRD=  1.000000000000  Uele= -2.927911640157
   SCF=   2  NormRD=  0.560499479081  Uele= -2.927911640157
   SCF=   3  NormRD=  0.320256411330  Uele= -3.089022505181
   SCF=   4  NormRD=  0.116372380802  Uele= -3.221907100372
   SCF=   5  NormRD=  0.036543513088  Uele= -3.273407887176
   SCF=   6  NormRD=  0.000068677107  Uele= -3.297210934439
   SCF=   7  NormRD=  0.000021961524  Uele= -3.297171843917
   SCF=   8  NormRD=  0.000000798665  Uele= -3.297187722287
   SCF=   9  NormRD=  0.000000009448  Uele= -3.297188347163
   SCF=  10  NormRD=  0.000000000836  Uele= -3.297188340147
   SCF=  11  NormRD=  0.000000000121  Uele= -3.297188339628
   SCF=  12  NormRD=  0.000000000015  Uele= -3.297188339521
   SCF=  13  NormRD=  0.000000000004  Uele= -3.297188339521

*******************************************************
        Total energy (Hartree) at MD = 1        
*******************************************************

  Uele.         -3.297188339521

  Ukin.          7.708092539776
  UH0.        -267.084357403855
  UH1.           0.071892262109
  Una.          -5.252376733801
  Unl.          -0.788716356592
  Uxc0.         -1.905513137825
  Uxc1.         -1.905513137825
  Ucore.       257.584823537260
  Uhub.          0.000000000000
  Ucs.           0.000000000000
  Uzs.           0.000000000000
  Uzo.           0.000000000000
  Uef.           0.000000000000
  UvdW           0.000000000000
  Uch            0.000000000000
  Utot.        -11.571668430754

  Note:

  Utot = Ukin+UH0+UH1+Una+Unl+Uxc0+Uxc1+Ucore+Uhub+Ucs+Uzs+Uzo+Uef+UvdW+Uch

  Uele:   band energy
  Ukin:   kinetic energy
  UH0:    electric part of screened Coulomb energy
  UH1:    difference electron-electron Coulomb energy
  Una:    neutral atom potential energy
  Unl:    non-local potential energy
  Uxc0:   exchange-correlation energy for alpha spin
  Uxc1:   exchange-correlation energy for beta spin
  Ucore:  core-core Coulomb energy
  Uhub:   LDA+U energy
  Ucs:    constraint energy for spin orientation
  Uzs:    Zeeman term for spin magnetic moment
  Uzo:    Zeeman term for orbital magnetic moment
  Uef:    electric energy by electric field
  UvdW:   semi-empirical vdW energy
  Uch:    penalty term to create a core hole

  (see also PRB 72, 045121(2005) for the energy contributions)



  Chemical potential (Hartree)       0.029408386908

***********************************************************
***********************************************************
           Eigenvalues (Hartree) of SCF KS-eq.           
***********************************************************
***********************************************************

   Chemical Potential (Hatree) =   0.02940838690847
   Number of States            =   8.00000000000000
   Eigenvalues
              Up-spin           Down-spin

   kloop=0
   k1=  -0.42857 k2=  -0.42857 k3=  -0.42857

    1   -0.68816911992852  -0.68816911992852
    2   -0.52490877269089  -0.52490877269089
    3   -0.22012528652337  -0.22012528652337
    4   -0.15614427851164  -0.15614427851164
    5    0.22843744907017   0.22843744907017
    6    0.30970573463150   0.30970573463150
    7    0.41546164299795   0.41546164299795
    8    0.64134765247989   0.64134765247989

   kloop=1
   k1=  -0.42857 k2=  -0.42857 k3=  -0.28571

    1   -0.70366338754025  -0.70366338754025
    2   -0.46703395833508  -0.46703395833508
    3   -0.25740049333271  -0.25740049333271
    4   -0.20344927843017  -0.20344927843017
    5    0.27619018931476   0.27619018931476
    6    0.32904620531069   0.32904620531069
    7    0.43581563055278   0.43581563055278
    8    0.58483271337458   0.58483271337458

   kloop=2
   k1=  -0.42857 k2=  -0.42857 k3=  -0.14286

    1   -0.68232380868188  -0.68232380868188
    2   -0.40276921476593  -0.40276921476593
    3   -0.33591819951507  -0.33591819951507
    4   -0.25988112523332  -0.25988112523332
    5    0.22010432862927   0.22010432862927
    6    0.41068786007882   0.41068786007882
    7    0.44910081716134   0.44910081716134
    8    0.55175320125775   0.55175320125775

   kloop=3
   k1=  -0.42857 k2=  -0.42857 k3=   0.00000

    1   -0.62558899893018  -0.62558899893018
    2   -0.46182344526964  -0.46182344526964
    3   -0.32466782763982  -0.32466782763982
    4   -0.28860726169639  -0.28860726169639
    5    0.18301181296942   0.18301181296942
    6    0.31352207228031   0.31352207228031
    7    0.51180009897169   0.51180009897169
    8    0.60058156257394   0.60058156257394

   kloop=4
   k1=  -0.42857 k2=  -0.42857 k3=   0.14286

    1   -0.55416249874964  -0.55416249874964
    2   -0.52639606103768  -0.52639606103768
    3   -0.38094466527678  -0.38094466527678
    4   -0.28402324555458  -0.28402324555458
    5    0.28278189085173   0.28278189085173
    6    0.30802947952160   0.30802947952160
    7    0.50186711427769   0.50186711427769
    8    0.60898052557243   0.60898052557243

   kloop=5
   k1=  -0.42857 k2=  -0.42857 k3=   0.28572

    1   -0.59536920116704  -0.59536920116704
    2   -0.51304673268674  -0.51304673268674
    3   -0.38816876156681  -0.38816876156681
    4   -0.24675065717994  -0.24675065717994
    5    0.29408477020434   0.29408477020434
    6    0.41995662817214   0.41995662817214
    7    0.48360050685181   0.48360050685181
    8    0.58348208569864   0.58348208569864

   kloop=6
   k1=  -0.42857 k2=  -0.42857 k3=   0.42857

    1   -0.64448561163996  -0.64448561163996
    2   -0.54468406893295  -0.54468406893295
    3   -0.28529986132079  -0.28529986132079
    4   -0.18686863437242  -0.18686863437242
    5    0.27961747267915   0.27961747267915
    6    0.32508498445617   0.32508498445617
    7    0.47141606335863   0.47141606335863
    8    0.62538956568670   0.62538956568670

   kloop=7
   k1=  -0.42857 k2=  -0.28572 k3=  -0.42857

    1   -0.70266985012960  -0.70266985012960
    2   -0.47210123508899  -0.47210123508899
    3   -0.25043624193182  -0.25043624193182
    4   -0.20054764470609  -0.20054764470609
    5    0.21397605797432   0.21397605797432
    6    0.35571198630821   0.35571198630821
    7    0.45516976054781   0.45516976054781
    8    0.61546641676798   0.61546641676798

   kloop=8
   k1=  -0.42857 k2=  -0.28572 k3=  -0.28571

    1   -0.73487363062711  -0.73487363062711
    2   -0.42106559731172  -0.42106559731172
    3   -0.27009607754168  -0.27009607754168
    4   -0.16870205526355  -0.16870205526355
    5    0.22627959450243   0.22627959450243
    6    0.36715551798013   0.36715551798013
    7    0.40156140866251   0.40156140866251
    8    0.58705169570887   0.58705169570887

   kloop=9
   k1=  -0.42857 k2=  -0.28572 k3=  -0.14286

    1   -0.72799362169290  -0.72799362169290
    2   -0.36487908690419  -0.36487908690419
    3   -0.32293882021083  -0.32293882021083
    4   -0.21551595951997  -0.21551595951997
    5    0.22519507393236   0.22519507393236
    6    0.37832881384451   0.37832881384451
    7    0.47472890166466   0.47472890166466
    8    0.51285623518401   0.51285623518401

   kloop=10
   k1=  -0.42857 k2=  -0.28572 k3=   0.00000

    1   -0.68280038381481  -0.68280038381481
    2   -0.40455258331722  -0.40455258331722
    3   -0.30277563604323  -0.30277563604323
    4   -0.29137103765572  -0.29137103765572
    5    0.18398442083203   0.18398442083203
    6    0.40453554784147   0.40453554784147
    7    0.49041949892951   0.49041949892951
    8    0.54289518936773   0.54289518936773

   kloop=11
   k1=  -0.42857 k2=  -0.28572 k3=   0.14286

    1   -0.60631403201024  -0.60631403201024
    2   -0.46668372945043  -0.46668372945043
    3   -0.36607752128877  -0.36607752128877
    4   -0.31923407887474  -0.31923407887474
    5    0.28400496291464   0.28400496291464
    6    0.38892492654598   0.38892492654598
    7    0.48864738271874   0.48864738271874
    8    0.57904096945468   0.57904096945468

   kloop=12
   k1=  -0.42857 k2=  -0.28572 k3=   0.28572

    1   -0.55013490574035  -0.55013490574035
    2   -0.52116535690902  -0.52116535690902
    3   -0.41301766987682  -0.41301766987682
    4   -0.30255759700170  -0.30255759700170
    5    0.36128914876250   0.36128914876250
    6    0.42047602312632   0.42047602312632
    7    0.48243328671008   0.48243328671008
    8    0.57285784106891   0.57285784106891

   kloop=13
   k1=  -0.42857 k2=  -0.28572 k3=   0.42857

    1   -0.63638439184012  -0.63638439184012
    2   -0.49656879998564  -0.49656879998564
    3   -0.34383877974801  -0.34383877974801
    4   -0.24684534407439  -0.24684534407439
    5    0.29396803206146   0.29396803206146
    6    0.36723418149136   0.36723418149136
    7    0.52445470311877   0.52445470311877
    8    0.59347298707100   0.59347298707100

   kloop=14
   k1=  -0.42857 k2=  -0.14286 k3=  -0.42857

    1   -0.68131124581452  -0.68131124581452
    2   -0.42407430247410  -0.42407430247410
    3   -0.29614650188228  -0.29614650188228
    4   -0.27328958540403  -0.27328958540403
    5    0.18003124880141   0.18003124880141
    6    0.36714522260590   0.36714522260590
    7    0.53261541329848   0.53261541329848
    8    0.56635488019158   0.56635488019158

   kloop=15
   k1=  -0.42857 k2=  -0.14286 k3=  -0.28571

    1   -0.72811103659311  -0.72811103659311
    2   -0.37045845834783  -0.37045845834783
    3   -0.31817982940362  -0.31817982940362
    4   -0.21165756765352  -0.21165756765352
    5    0.20693631482323   0.20693631482323
    6    0.40523053249606   0.40523053249606
    7    0.44344740988251   0.44344740988251
    8    0.53538340837051   0.53538340837051

   kloop=16
   k1=  -0.42857 k2=  -0.14286 k3=  -0.14286

    1   -0.73640913791195  -0.73640913791195
    2   -0.40386773203386  -0.40386773203386
    3   -0.29358779261412  -0.29358779261412
    4   -0.15999935142275  -0.15999935142275
    5    0.20877823575309   0.20877823575309
    6    0.36852450404710   0.36852450404710
    7    0.41629649113729   0.41629649113729
    8    0.54032352005425   0.54032352005425

   kloop=17
   k1=  -0.42857 k2=  -0.14286 k3=   0.00000

    1   -0.70622226756797  -0.70622226756797
    2   -0.45347975359549  -0.45347975359549
    3   -0.26412631575261  -0.26412631575261
    4   -0.20803670687422  -0.20803670687422
    5    0.20524456676205   0.20524456676205
    6    0.36824731461624   0.36824731461624
    7    0.44457158806169   0.44457158806169
    8    0.54901799864060   0.54901799864060

   kloop=18
   k1=  -0.42857 k2=  -0.14286 k3=   0.14286

    1   -0.64384082591672  -0.64384082591672
    2   -0.47270617741349  -0.47270617741349
    3   -0.34636524659262  -0.34636524659262
    4   -0.26760655133256  -0.26760655133256
    5    0.27921773982554   0.27921773982554
    6    0.39432151890123   0.39432151890123
    7    0.52016066315138   0.52016066315138
    8    0.52258508380834   0.52258508380834

   kloop=19
   k1=  -0.42857 k2=  -0.14286 k3=   0.28572

    1   -0.56511354018050  -0.56511354018050
    2   -0.50170931052688  -0.50170931052688
    3   -0.40741485680358  -0.40741485680358
    4   -0.31419154819222  -0.31419154819222
    5    0.32250802278885   0.32250802278885
    6    0.44711401398652   0.44711401398652
    7    0.48336567440476   0.48336567440476
    8    0.56253188987433   0.56253188987433

   kloop=20
   k1=  -0.42857 k2=  -0.14286 k3=   0.42857

    1   -0.60172780488856  -0.60172780488856
    2   -0.48564440172845  -0.48564440172845
    3   -0.35281303021936  -0.35281303021936
    4   -0.31368771514332  -0.31368771514332
    5    0.26444478797322   0.26444478797322
    6    0.36146703113694   0.36146703113694
    7    0.56258256605508   0.56258256605508
    8    0.56913671120284   0.56913671120284

   kloop=21
   k1=  -0.42857 k2=  -0.00000 k3=  -0.42857

    1   -0.62546231302250  -0.62546231302250
    2   -0.46945014297909  -0.46945014297909
    3   -0.30476235836109  -0.30476235836109
    4   -0.29607844241837  -0.29607844241837
    5    0.17523816872984   0.17523816872984
    6    0.27731984721269   0.27731984721269
    7    0.57208884868119   0.57208884868119
    8    0.57957922010725   0.57957922010725

   kloop=22
   k1=  -0.42857 k2=  -0.00000 k3=  -0.28571

    1   -0.68413976998015  -0.68413976998015
    2   -0.39182193170782  -0.39182193170782
    3   -0.33864641556027  -0.33864641556027
    4   -0.26529173580425  -0.26529173580425
    5    0.19659437142892   0.19659437142892
    6    0.38256658339395   0.38256658339395
    7    0.50570013981452   0.50570013981452
    8    0.51839709487344   0.51839709487344

   kloop=23
   k1=  -0.42857 k2=  -0.00000 k3=  -0.14286

    1   -0.70730081899608  -0.70730081899608
    2   -0.44879670231799  -0.44879670231799
    3   -0.27448974672495  -0.27448974672495
    4   -0.20299048058479  -0.20299048058479
    5    0.22526475166010   0.22526475166010
    6    0.38634101615041   0.38634101615041
    7    0.41590286065379   0.41590286065379
    8    0.52631987716980   0.52631987716980

   kloop=24
   k1=  -0.42857 k2=  -0.00000 k3=   0.00000

    1   -0.69494258458535  -0.69494258458535
    2   -0.50499440661826  -0.50499440661826
    3   -0.23712915275813  -0.23712915275813
    4   -0.15565976722756  -0.15565976722756
    5    0.19983930957000   0.19983930957000
    6    0.34223518402819   0.34223518402819
    7    0.38285622671577   0.38285622671577
    8    0.56908539193094   0.56908539193094

   kloop=25
   k1=  -0.42857 k2=  -0.00000 k3=   0.14286

    1   -0.65641404815179  -0.65641404815179
    2   -0.51905579800374  -0.51905579800374
    3   -0.29588051913967  -0.29588051913967
    4   -0.19421699845867  -0.19421699845867
    5    0.23112811851722   0.23112811851722
    6    0.38696911228863   0.38696911228863
    7    0.44257950961876   0.44257950961876
    8    0.55003592024072   0.55003592024072

   kloop=26
   k1=  -0.42857 k2=  -0.00000 k3=   0.28572

    1   -0.60767694832345  -0.60767694832345
    2   -0.48662591931382  -0.48662591931382
    3   -0.39467253414080  -0.39467253414080
    4   -0.25613188219600  -0.25613188219600
    5    0.24172420496426   0.24172420496426
    6    0.46128906237610   0.46128906237610
    7    0.48583809900996   0.48583809900996
    8    0.54593151865496   0.54593151865496

   kloop=27
   k1=  -0.42857 k2=  -0.00000 k3=   0.42857

    1   -0.54832473159930  -0.54832473159930
    2   -0.53880546517923  -0.53880546517923
    3   -0.36306254621678  -0.36306254621678
    4   -0.29277761376339  -0.29277761376339
    5    0.22838319442346   0.22838319442346
    6    0.30945381483656   0.30945381483656
    7    0.56446993195843   0.56446993195843
    8    0.59138937652150   0.59138937652150

   kloop=28
   k1=  -0.42857 k2=   0.14286 k3=  -0.42857

    1   -0.55337100860229  -0.55337100860229
    2   -0.53390035924034  -0.53390035924034
    3   -0.35531434058876  -0.35531434058876
    4   -0.30128005266044  -0.30128005266044
    5    0.22322679673283   0.22322679673283
    6    0.31043159372821   0.31043159372821
    7    0.57303426311782   0.57303426311782
    8    0.58370177090936   0.58370177090936

   kloop=29
   k1=  -0.42857 k2=   0.14286 k3=  -0.28571

    1   -0.61148114278921  -0.61148114278921
    2   -0.45374335401946  -0.45374335401946
    3   -0.35159296553924  -0.35159296553924
    4   -0.34257692635164  -0.34257692635164
    5    0.29581453761951   0.29581453761951
    6    0.35118419660444   0.35118419660444
    7    0.50336320140769   0.50336320140769
    8    0.56009664642522   0.56009664642522

   kloop=30
   k1=  -0.42857 k2=   0.14286 k3=  -0.14286

    1   -0.64699990234972  -0.64699990234972
    2   -0.46406202718353  -0.46406202718353
    3   -0.33181185832129  -0.33181185832129
    4   -0.29254076483972  -0.29254076483972
    5    0.30678261965024   0.30678261965024
    6    0.38083653129358   0.38083653129358
    7    0.48799460557877   0.48799460557877
    8    0.51442428586078   0.51442428586078

   kloop=31
   k1=  -0.42857 k2=   0.14286 k3=   0.00000

    1   -0.65732650024565  -0.65732650024565
    2   -0.51833682281732  -0.51833682281732
    3   -0.25550035839817  -0.25550035839817
    4   -0.24297334354516  -0.24297334354516
    5    0.24125340562345   0.24125340562345
    6    0.37192407913743   0.37192407913743
    7    0.43018700281048   0.43018700281048
    8    0.55929733881662   0.55929733881662

   kloop=32
   k1=  -0.42857 k2=   0.14286 k3=   0.14286

    1   -0.65651169643568  -0.65651169643568
    2   -0.51898535278928  -0.51898535278928
    3   -0.29463066680256  -0.29463066680256
    4   -0.19567022399911  -0.19567022399911
    5    0.22669041846199   0.22669041846199
    6    0.39986323245518   0.39986323245518
    7    0.43225132701269   0.43225132701269
    8    0.55081114949023   0.55081114949023

   kloop=33
   k1=  -0.42857 k2=   0.14286 k3=   0.28572

    1   -0.64450822279953  -0.64450822279953
    2   -0.46742867737666  -0.46742867737666
    3   -0.36711427347466  -0.36711427347466
    4   -0.24738801531956  -0.24738801531956
    5    0.26177375649921   0.26177375649921
    6    0.45474671952428   0.45474671952428
    7    0.48724905315354   0.48724905315354
    8    0.51721059292819   0.51721059292819

   kloop=34
   k1=  -0.42857 k2=   0.14286 k3=   0.42857

    1   -0.60648025055321  -0.60648025055321
    2   -0.47291740387116  -0.47291740387116
    3   -0.35491943947248  -0.35491943947248
    4   -0.32153922181740  -0.32153922181740
    5    0.26525337451476   0.26525337451476
    6    0.35856488182777   0.35856488182777
    7    0.54812605060109   0.54812605060109
    8    0.57003062171009   0.57003062171009

   kloop=35
   k1=  -0.42857 k2=   0.28571 k3=  -0.42857

    1   -0.59599878296907  -0.59599878296907
    2   -0.51934178072270  -0.51934178072270
    3   -0.35972690768450  -0.35972690768450
    4   -0.27050341497741  -0.27050341497741
    5    0.23618877590638   0.23618877590638
    6    0.41195147264994   0.41195147264994
    7    0.51768332245670   0.51768332245670
    8    0.60243989468483   0.60243989468483

   kloop=36
   k1=  -0.42857 k2=   0.28571 k3=  -0.28571

    1   -0.56973433940639  -0.56973433940639
    2   -0.49483846017632  -0.49483846017632
    3   -0.40177400870370  -0.40177400870370
    4   -0.32357709445188  -0.32357709445188
    5    0.32790262931734   0.32790262931734
    6    0.42927060719492   0.42927060719492
    7    0.48755068598399   0.48755068598399
    8    0.56017340809846   0.56017340809846

   kloop=37
   k1=  -0.42857 k2=   0.28571 k3=  -0.14286

    1   -0.57814006035425  -0.57814006035425
    2   -0.47724143096954  -0.47724143096954
    3   -0.39195759985785  -0.39195759985785
    4   -0.34607178228563  -0.34607178228563
    5    0.32524508986502   0.32524508986502
    6    0.43129316401987   0.43129316401987
    7    0.48433255213434   0.48433255213434
    8    0.54487468178439   0.54487468178439

   kloop=38
   k1=  -0.42857 k2=   0.28571 k3=   0.00000

    1   -0.60879951924189  -0.60879951924189
    2   -0.49064306546449  -0.49064306546449
    3   -0.35871080684999  -0.35871080684999
    4   -0.29445923246099  -0.29445923246099
    5    0.22981885492715   0.22981885492715
    6    0.43163150945792   0.43163150945792
    7    0.52954219560834   0.52954219560834
    8    0.53076014900083   0.53076014900083

   kloop=39
   k1=  -0.42857 k2=   0.28571 k3=   0.14286

    1   -0.64413097222273  -0.64413097222273
    2   -0.47228493160405  -0.47228493160405
    3   -0.34422227394485  -0.34422227394485
    4   -0.27025431049464  -0.27025431049464
    5    0.27364293255641   0.27364293255641
    6    0.40184025824560   0.40184025824560
    7    0.51419471363741   0.51419471363741
    8    0.52387002635933   0.52387002635933

   kloop=40
   k1=  -0.42857 k2=   0.28571 k3=   0.28572

    1   -0.65751825054948  -0.65751825054948
    2   -0.44553213504145  -0.44553213504145
    3   -0.38954270255254  -0.38954270255254
    4   -0.21989312778342  -0.21989312778342
    5    0.24372319691138   0.24372319691138
    6    0.44481922175462   0.44481922175462
    7    0.47870566827115   0.47870566827115
    8    0.56278970855309   0.56278970855309

   kloop=41
   k1=  -0.42857 k2=   0.28571 k3=   0.42857

    1   -0.63901135063734  -0.63901135063734
    2   -0.49324572863754  -0.49324572863754
    3   -0.32210951431971  -0.32210951431971
    4   -0.27347090030588  -0.27347090030588
    5    0.26326626748781   0.26326626748781
    6    0.40947698023937   0.40947698023937
    7    0.48269102992097   0.48269102992097
    8    0.60259953614004   0.60259953614004

   kloop=42
   k1=  -0.42857 k2=   0.42857 k3=  -0.42857

    1   -0.64574126578878  -0.64574126578878
    2   -0.54367050294038  -0.54367050294038
    3   -0.26017254453243  -0.26017254453243
    4   -0.21712583451058  -0.21712583451058
    5    0.24951397720527   0.24951397720527
    6    0.36446248730294   0.36446248730294
    7    0.44359958211445   0.44359958211445
    8    0.63301996438645   0.63301996438645

   kloop=43
   k1=  -0.42857 k2=   0.42857 k3=  -0.28571

    1   -0.64005063269136  -0.64005063269136
    2   -0.48661670897633  -0.48661670897633
    3   -0.33954691089289  -0.33954691089289
    4   -0.26303884551288  -0.26303884551288
    5    0.33254336332631   0.33254336332631
    6    0.36536184081435   0.36536184081435
    7    0.47907640834392   0.47907640834392
    8    0.57290974073981   0.57290974073981

   kloop=44
   k1=  -0.42857 k2=   0.42857 k3=  -0.14286

    1   -0.60808917458019  -0.60808917458019
    2   -0.46045324736952  -0.46045324736952
    3   -0.36589432007003  -0.36589432007003
    4   -0.32502073179885  -0.32502073179885
    5    0.29283872417852   0.29283872417852
    6    0.38838519571290   0.38838519571290
    7    0.47370683219950   0.47370683219950
    8    0.57606573414370   0.57606573414370

   kloop=45
   k1=  -0.42857 k2=   0.42857 k3=   0.00000

    1   -0.56521667674072  -0.56521667674072
    2   -0.51547667872737  -0.51547667872737
    3   -0.34630648488661  -0.34630648488661
    4   -0.32165316412702  -0.32165316412702
    5    0.21261089994979   0.21261089994979
    6    0.35364592199392   0.35364592199392
    7    0.52374911914752   0.52374911914752
    8    0.59611302805806   0.59611302805806

   kloop=46
   k1=  -0.42857 k2=   0.42857 k3=   0.14286

    1   -0.60686325442253  -0.60686325442253
    2   -0.46477885207948  -0.46477885207948
    3   -0.36730379622059  -0.36730379622059
    4   -0.31954827415001  -0.31954827415001
    5    0.28342247905700   0.28342247905700
    6    0.38966397465995   0.38966397465995
    7    0.48839749919737   0.48839749919737
    8    0.57689135840672   0.57689135840672

   kloop=47
   k1=  -0.42857 k2=   0.42857 k3=   0.28572

    1   -0.63937152468975  -0.63937152468975
    2   -0.48740683513891  -0.48740683513891
    3   -0.34819309376420  -0.34819309376420
    4   -0.25180482906569  -0.25180482906569
    5    0.29993413806824   0.29993413806824
    6    0.40344961029237   0.40344961029237
    7    0.48523294310230   0.48523294310230
    8    0.56923539984961   0.56923539984961

   kloop=48
   k1=  -0.42857 k2=   0.42857 k3=   0.42857

    1   -0.64548486860597  -0.64548486860597
    2   -0.54389178620642  -0.54389178620642
    3   -0.27080238852737  -0.27080238852737
    4   -0.20416474650729  -0.20416474650729
    5    0.24060169132706   0.24060169132706
    6    0.37774829316212   0.37774829316212
    7    0.44289770470878   0.44289770470878
    8    0.63140690850441   0.63140690850441

   kloop=49
   k1=  -0.28571 k2=  -0.42857 k3=  -0.42857

    1   -0.70289457675664  -0.70289457675664
    2   -0.47114714532166  -0.47114714532166
    3   -0.25287384629290  -0.25287384629290
    4   -0.19938060630847  -0.19938060630847
    5    0.21800832395964   0.21800832395964
    6    0.35836975299847   0.35836975299847
    7    0.45240516702485   0.45240516702485
    8    0.60809603691073   0.60809603691073

   kloop=50
   k1=  -0.28571 k2=  -0.42857 k3=  -0.28571

    1   -0.73519364817439  -0.73519364817439
    2   -0.41989817091209  -0.41989817091209
    3   -0.25957086733355  -0.25957086733355
    4   -0.18528097290956  -0.18528097290956
    5    0.25030179487350   0.25030179487350
    6    0.34346606889066   0.34346606889066
    7    0.39791805376449   0.39791805376449
    8    0.58281920577935   0.58281920577935

   kloop=51
   k1=  -0.28571 k2=  -0.42857 k3=  -0.14286

    1   -0.72847789259585  -0.72847789259585
    2   -0.35912327146287  -0.35912327146287
    3   -0.31849935466486  -0.31849935466486
    4   -0.22913122122504  -0.22913122122504
    5    0.24357593351786   0.24357593351786
    6    0.36572471814612   0.36572471814612
    7    0.46056486642714   0.46056486642714
    8    0.50696116632034   0.50696116632034

   kloop=52
   k1=  -0.28571 k2=  -0.42857 k3=   0.00000

    1   -0.68357093342980  -0.68357093342980
    2   -0.39563280222474  -0.39563280222474
    3   -0.30343310488617  -0.30343310488617
    4   -0.30078186102612  -0.30078186102612
    5    0.19061017302550   0.19061017302550
    6    0.41986430201585   0.41986430201585
    7    0.46173699219424   0.46173699219424
    8    0.53550695098613   0.53550695098613

   kloop=53
   k1=  -0.28571 k2=  -0.42857 k3=   0.14286

    1   -0.60755285066641  -0.60755285066641
    2   -0.46251822526982  -0.46251822526982
    3   -0.36446089550854  -0.36446089550854
    4   -0.32472043296332  -0.32472043296332
    5    0.29282980518818   0.29282980518818
    6    0.38758531182698   0.38758531182698
    7    0.47442062382176   0.47442062382176
    8    0.57874292801372   0.57874292801372

   kloop=54
   k1=  -0.28571 k2=  -0.42857 k3=   0.28572

    1   -0.55001315162357  -0.55001315162357
    2   -0.52137638374550  -0.52137638374550
    3   -0.41293150579528  -0.41293150579528
    4   -0.30253214466643  -0.30253214466643
    5    0.35953923000477   0.35953923000477
    6    0.42264183912325   0.42264183912325
    7    0.48119805679549   0.48119805679549
    8    0.57396098044092   0.57396098044092

   kloop=55
   k1=  -0.28571 k2=  -0.42857 k3=   0.42857

    1   -0.63647727325445  -0.63647727325445
    2   -0.49559358781565  -0.49559358781565
    3   -0.34885387604446  -0.34885387604446
    4   -0.24163605383020  -0.24163605383020
    5    0.28551369066196   0.28551369066196
    6    0.38131288290420   0.38131288290420
    7    0.52876440855527   0.52876440855527
    8    0.58471681022396   0.58471681022396

   kloop=56
   k1=  -0.28571 k2=  -0.28572 k3=  -0.42857

    1   -0.73365048816874  -0.73365048816874
    2   -0.42672689927947  -0.42672689927947
    3   -0.28198679926083  -0.28198679926083
    4   -0.14066023118357  -0.14066023118357
    5    0.22624956852160   0.22624956852160
    6    0.30857809074407   0.30857809074407
    7    0.47680554693902   0.47680554693902
    8    0.60006843283028   0.60006843283028

   kloop=57
   k1=  -0.28571 k2=  -0.28572 k3=  -0.28571

    1   -0.78059436858423  -0.78059436858423
    2   -0.38151657371908  -0.38151657371908
    3   -0.19243620195639  -0.19243620195639
    4   -0.12884575155861  -0.12884575155861
    5    0.20459143897910   0.20459143897910
    6    0.27214985346072   0.27214985346072
    7    0.37409799501805   0.37409799501805
    8    0.58979170205071   0.58979170205071

   kloop=58
   k1=  -0.28571 k2=  -0.28572 k3=  -0.14286

    1   -0.78735823343781  -0.78735823343781
    2   -0.31996571486573  -0.31996571486573
    3   -0.21002409137356  -0.21002409137356
    4   -0.18582908616142  -0.18582908616142
    5    0.19338171584506   0.19338171584506
    6    0.30680602237559   0.30680602237559
    7    0.39530577565771   0.39530577565771
    8    0.52723164438763   0.52723164438763

   kloop=59
   k1=  -0.28571 k2=  -0.28572 k3=   0.00000

    1   -0.75306683541191  -0.75306683541191
    2   -0.29713260854904  -0.29713260854904
    3   -0.28369676881496  -0.28369676881496
    4   -0.23905929988666  -0.23905929988666
    5    0.13967778326103   0.13967778326103
    6    0.40183565758424   0.40183565758424
    7    0.45163766249949   0.45163766249949
    8    0.49096807636363   0.49096807636363

   kloop=60
   k1=  -0.28571 k2=  -0.28572 k3=   0.14286

    1   -0.68196409040539  -0.68196409040539
    2   -0.40693264030253  -0.40693264030253
    3   -0.33132079828100  -0.33132079828100
    4   -0.26026641290868  -0.26026641290868
    5    0.21973752561794   0.21973752561794
    6    0.40880985973565   0.40880985973565
    7    0.45072623115936   0.45072623115936
    8    0.55719927238863   0.55719927238863

   kloop=61
   k1=  -0.28571 k2=  -0.28572 k3=   0.28572

    1   -0.59323912682506  -0.59323912682506
    2   -0.51743813640511  -0.51743813640511
    3   -0.38536361313662  -0.38536361313662
    4   -0.24719374572946  -0.24719374572946
    5    0.29431806115574   0.29431806115574
    6    0.42229547366104   0.42229547366104
    7    0.47788210735304   0.47788210735304
    8    0.59160651068118   0.59160651068118

   kloop=62
   k1=  -0.28571 k2=  -0.28572 k3=   0.42857

    1   -0.65244248985436  -0.65244248985436
    2   -0.46702306999328  -0.46702306999328
    3   -0.38456176692270  -0.38456176692270
    4   -0.20201216740540  -0.20201216740540
    5    0.30125692323380   0.30125692323380
    6    0.34759542374571   0.34759542374571
    7    0.55013135419290   0.55013135419290
    8    0.58755589700272   0.58755589700272

   kloop=63
   k1=  -0.28571 k2=  -0.14286 k3=  -0.42857

    1   -0.72626641886471  -0.72626641886471
    2   -0.39277629898803  -0.39277629898803
    3   -0.30935038751285  -0.30935038751285
    4   -0.19154803854963  -0.19154803854963
    5    0.20700052939929   0.20700052939929
    6    0.35434482875516   0.35434482875516
    7    0.51807019371247   0.51807019371247
    8    0.55741621304845   0.55741621304845

   kloop=64
   k1=  -0.28571 k2=  -0.14286 k3=  -0.28571

    1   -0.78691500407514  -0.78691500407514
    2   -0.33055921881293  -0.33055921881293
    3   -0.22464186959236  -0.22464186959236
    4   -0.14684583075557  -0.14684583075557
    5    0.15013576135823   0.15013576135823
    6    0.32567249918751   0.32567249918751
    7    0.40850809191300   0.40850809191300
    8    0.55135347606787   0.55135347606787

   kloop=65
   k1=  -0.28571 k2=  -0.14286 k3=  -0.14286

    1   -0.80812898033297  -0.80812898033297
    2   -0.27582661558472  -0.27582661558472
    3   -0.24081750571494  -0.24081750571494
    4   -0.11213790851162  -0.11213790851162
    5    0.16788483803791   0.16788483803791
    6    0.29589777986253   0.29589777986253
    7    0.34180786217466   0.34180786217466
    8    0.53364642792606   0.53364642792606

   kloop=66
   k1=  -0.28571 k2=  -0.14286 k3=   0.00000

    1   -0.78756481311183  -0.78756481311183
    2   -0.30508616495047  -0.30508616495047
    3   -0.24751539781186  -0.24751539781186
    4   -0.15763713115740  -0.15763713115740
    5    0.15726292696164   0.15726292696164
    6    0.32679550456572   0.32679550456572
    7    0.40393609632878   0.40393609632878
    8    0.51785182928888   0.51785182928888

   kloop=67
   k1=  -0.28571 k2=  -0.14286 k3=   0.14286

    1   -0.72775597511256  -0.72775597511256
    2   -0.36880283200700  -0.36880283200700
    3   -0.32037435783979  -0.32037435783979
    4   -0.21364217042905  -0.21364217042905
    5    0.22665852870562   0.22665852870562
    6    0.37517874572895   0.37517874572895
    7    0.47256656382128   0.47256656382128
    8    0.52200402142651   0.52200402142651

   kloop=68
   k1=  -0.28571 k2=  -0.14286 k3=   0.28572

    1   -0.63824590408438  -0.63824590408438
    2   -0.49078915973122  -0.49078915973122
    3   -0.34575858085203  -0.34575858085203
    4   -0.25168051953577  -0.25168051953577
    5    0.30560023605138   0.30560023605138
    6    0.40087440273489   0.40087440273489
    7    0.47683731113339   0.47683731113339
    8    0.58233991927518   0.58233991927518

   kloop=69
   k1=  -0.28571 k2=  -0.14286 k3=   0.42857

    1   -0.63565819139075  -0.63565819139075
    2   -0.49797708994512  -0.49797708994512
    3   -0.34661823208369  -0.34661823208369
    4   -0.24238572756393  -0.24238572756393
    5    0.29093518925044   0.29093518925044
    6    0.37982683393501   0.37982683393501
    7    0.51812923997374   0.51812923997374
    8    0.59676232194218   0.59676232194218

   kloop=70
   k1=  -0.28571 k2=  -0.00000 k3=  -0.42857

    1   -0.68132237187191  -0.68132237187191
    2   -0.42301551543413  -0.42301551543413
    3   -0.30434852515237  -0.30434852515237
    4   -0.26633984483579  -0.26633984483579
    5    0.18626719373269   0.18626719373269
    6    0.36944049442385   0.36944049442385
    7    0.52320997319637   0.52320997319637
    8    0.56660893207024   0.56660893207024

   kloop=71
   k1=  -0.28571 k2=  -0.00000 k3=  -0.28571

    1   -0.75322725039698  -0.75322725039698
    2   -0.32030746905289  -0.32030746905289
    3   -0.25792317319225  -0.25792317319225
    4   -0.23588732479187  -0.23588732479187
    5    0.12843401756016   0.12843401756016
    6    0.37488142309841   0.37488142309841
    7    0.47217330665751   0.47217330665751
    8    0.50345461919333   0.50345461919333

   kloop=72
   k1=  -0.28571 k2=  -0.00000 k3=  -0.14286

    1   -0.78813901953530  -0.78813901953530
    2   -0.29675837100964  -0.29675837100964
    3   -0.24127040324857  -0.24127040324857
    4   -0.17829770741156  -0.17829770741156
    5    0.17358268488069   0.17358268488069
    6    0.33782867112819   0.33782867112819
    7    0.37015506435467   0.37015506435467
    8    0.50746840214861   0.50746840214861

   kloop=73
   k1=  -0.28571 k2=  -0.00000 k3=   0.00000

    1   -0.78210581221665  -0.78210581221665
    2   -0.36117163554164  -0.36117163554164
    3   -0.21513091017859  -0.21513091017859
    4   -0.13101598635128  -0.13101598635128
    5    0.18282981083637   0.18282981083637
    6    0.30787215795199   0.30787215795199
    7    0.34065916227031   0.34065916227031
    8    0.54364919304409   0.54364919304409

   kloop=74
   k1=  -0.28571 k2=  -0.00000 k3=   0.14286

    1   -0.73624974573825  -0.73624974573825
    2   -0.40460216160927  -0.40460216160927
    3   -0.29459820065006  -0.29459820065006
    4   -0.15730336986125  -0.15730336986125
    5    0.21032040871696   0.21032040871696
    6    0.35788716584504   0.35788716584504
    7    0.42718722477032   0.42718722477032
    8    0.54179504637281   0.54179504637281

   kloop=75
   k1=  -0.28571 k2=  -0.00000 k3=   0.28572

    1   -0.65690839924273  -0.65690839924273
    2   -0.44852607553391  -0.44852607553391
    3   -0.38833022268264  -0.38833022268264
    4   -0.21819672967382  -0.21819672967382
    5    0.25064592733420   0.25064592733420
    6    0.43297275844154   0.43297275844154
    7    0.48048863374145   0.48048863374145
    8    0.57247969236407   0.57247969236407

   kloop=76
   k1=  -0.28571 k2=  -0.00000 k3=   0.42857

    1   -0.59348705900508  -0.59348705900508
    2   -0.52228908739239  -0.52228908739239
    3   -0.36799147909617  -0.36799147909617
    4   -0.25971167412938  -0.25971167412938
    5    0.24024157266045   0.24024157266045
    6    0.42473980819070   0.42473980819070
    7    0.50680393694958   0.50680393694958
    8    0.60610840843146   0.60610840843146

   kloop=77
   k1=  -0.28571 k2=   0.14286 k3=  -0.42857

    1   -0.60718081396391  -0.60718081396391
    2   -0.47089017845373  -0.47089017845373
    3   -0.34902121709653  -0.34902121709653
    4   -0.32956745152995  -0.32956745152995
    5    0.27407337067853   0.27407337067853
    6    0.35377178773335   0.35377178773335
    7    0.53309995457693   0.53309995457693
    8    0.57625636661774   0.57625636661774

   kloop=78
   k1=  -0.28571 k2=   0.14286 k3=  -0.28571

    1   -0.68453422506504  -0.68453422506504
    2   -0.38881054055327  -0.38881054055327
    3   -0.33315453553158  -0.33315453553158
    4   -0.27481099276292  -0.27481099276292
    5    0.19731129731220   0.19731129731220
    6    0.38126853926868   0.38126853926868
    7    0.50613630423242   0.50613630423242
    8    0.50999115748751   0.50999115748751

   kloop=79
   k1=  -0.28571 k2=   0.14286 k3=  -0.14286

    1   -0.73012230020979  -0.73012230020979
    2   -0.33281980987932  -0.33281980987932
    3   -0.31456080650211  -0.31456080650211
    4   -0.26475881315487  -0.26475881315487
    5    0.25889595946511   0.25889595946511
    6    0.35216868692772   0.35216868692772
    7    0.44901297005350   0.44901297005350
    8    0.47912451572988   0.47912451572988

   kloop=80
   k1=  -0.28571 k2=   0.14286 k3=   0.00000

    1   -0.73776189344514  -0.73776189344514
    2   -0.39885134057335  -0.39885134057335
    3   -0.25122501548929  -0.25122501548929
    4   -0.22385907165999  -0.22385907165999
    5    0.26758454315277   0.26758454315277
    6    0.33916698812960   0.33916698812960
    7    0.37031316999446   0.37031316999446
    8    0.53096536846507   0.53096536846507

   kloop=81
   k1=  -0.28571 k2=   0.14286 k3=   0.14286

    1   -0.70719974021937  -0.70719974021937
    2   -0.44930282100181  -0.44930282100181
    3   -0.27407646636387  -0.27407646636387
    4   -0.20240277671574  -0.20240277671574
    5    0.21943764532902   0.21943764532902
    6    0.39761035419984   0.39761035419984
    7    0.40936418451448   0.40936418451448
    8    0.52842206370051   0.52842206370051

   kloop=82
   k1=  -0.28571 k2=   0.14286 k3=   0.28572

    1   -0.64419302004901  -0.64419302004901
    2   -0.46849159496827  -0.46849159496827
    3   -0.36692598935238  -0.36692598935238
    4   -0.24643632040338  -0.24643632040338
    5    0.26114868714058   0.26114868714058
    6    0.45047314142304   0.45047314142304
    7    0.48861314628848   0.48861314628848
    8    0.52321411996474   0.52321411996474

   kloop=83
   k1=  -0.28571 k2=   0.14286 k3=   0.42857

    1   -0.56365508697488  -0.56365508697488
    2   -0.50652602404668  -0.50652602404668
    3   -0.40395309849468  -0.40395309849468
    4   -0.31358173669303  -0.31358173669303
    5    0.30634746239423   0.30634746239423
    6    0.42413508284077   0.42413508284077
    7    0.51737188725600   0.51737188725600
    8    0.57652815044145   0.57652815044145

   kloop=84
   k1=  -0.28571 k2=   0.28571 k3=  -0.42857

    1   -0.56861648161832  -0.56861648161832
    2   -0.49945609302762  -0.49945609302762
    3   -0.39795286820052  -0.39795286820052
    4   -0.32323486889929  -0.32323486889929
    5    0.31127951443494   0.31127951443494
    6    0.41202845920758   0.41202845920758
    7    0.51875240981697   0.51875240981697
    8    0.57157786220390   0.57157786220390

   kloop=85
   k1=  -0.28571 k2=   0.28571 k3=  -0.28571

    1   -0.61096726999912  -0.61096726999912
    2   -0.47844249927236  -0.47844249927236
    3   -0.39208828583562  -0.39208828583562
    4   -0.26638044948232  -0.26638044948232
    5    0.24214595493181   0.24214595493181
    6    0.45114645620438   0.45114645620438
    7    0.49019255213671   0.49019255213671
    8    0.53240886559767   0.53240886559767

   kloop=86
   k1=  -0.28571 k2=   0.28571 k3=  -0.14286

    1   -0.64841572522492  -0.64841572522492
    2   -0.45733307225473  -0.45733307225473
    3   -0.33340280164921  -0.33340280164921
    4   -0.29728512631360  -0.29728512631360
    5    0.31059793639834   0.31059793639834
    6    0.38001626553547   0.38001626553547
    7    0.48611634161538   0.48611634161538
    8    0.49773120325269   0.49773120325269

   kloop=87
   k1=  -0.28571 k2=   0.28571 k3=   0.00000

    1   -0.66274728966831  -0.66274728966831
    2   -0.41791219240702  -0.41791219240702
    3   -0.38376214944096  -0.38376214944096
    4   -0.26235626227263  -0.26235626227263
    5    0.26347618945834   0.26347618945834
    6    0.43474001656519   0.43474001656519
    7    0.45713590786401   0.45713590786401
    8    0.51350063772924   0.51350063772924

   kloop=88
   k1=  -0.28571 k2=   0.28571 k3=   0.14286

    1   -0.64697224719719  -0.64697224719719
    2   -0.46466966526875  -0.46466966526875
    3   -0.32774278837392  -0.32774278837392
    4   -0.29604691374212  -0.29604691374212
    5    0.29696680315839   0.29696680315839
    6    0.39213773957011   0.39213773957011
    7    0.48279012818176   0.48279012818176
    8    0.51787497661058   0.51787497661058

   kloop=89
   k1=  -0.28571 k2=   0.28571 k3=   0.28572

    1   -0.60776754387492  -0.60776754387492
    2   -0.48724248732765  -0.48724248732765
    3   -0.39270625596433  -0.39270625596433
    4   -0.25737482379002  -0.25737482379002
    5    0.23410219367642   0.23410219367642
    6    0.46347631199862   0.46347631199862
    7    0.49763018656080   0.49763018656080
    8    0.53828670506127   0.53828670506127

   kloop=90
   k1=  -0.28571 k2=   0.28571 k3=   0.42857

    1   -0.56529020504697  -0.56529020504697
    2   -0.50400981704610  -0.50400981704610
    3   -0.40379462030039  -0.40379462030039
    4   -0.31476295681010  -0.31476295681010
    5    0.30074201640306   0.30074201640306
    6    0.42595977981094   0.42595977981094
    7    0.52865414196283   0.52865414196283
    8    0.56625902199423   0.56625902199423

   kloop=91
   k1=  -0.28571 k2=   0.42857 k3=  -0.42857

    1   -0.63978156187945  -0.63978156187945
    2   -0.49145045255950  -0.49145045255950
    3   -0.31497482232099  -0.31497482232099
    4   -0.28311697524288  -0.28311697524288
    5    0.27132966418912   0.27132966418912
    6    0.40849987163490   0.40849987163490
    7    0.47376456091688   0.47376456091688
    8    0.59765722070976   0.59765722070976

   kloop=92
   k1=  -0.28571 k2=   0.42857 k3=  -0.28571

    1   -0.65882399747130  -0.65882399747130
    2   -0.44065094476484  -0.44065094476484
    3   -0.38581275528472  -0.38581275528472
    4   -0.23142068458413  -0.23142068458413
    5    0.25791933005350   0.25791933005350
    6    0.43288252418345   0.43288252418345
    7    0.46403689543652   0.46403689543652
    8    0.55803285726246   0.55803285726246

   kloop=93
   k1=  -0.28571 k2=   0.42857 k3=  -0.14286

    1   -0.64632904929240  -0.64632904929240
    2   -0.46319853499306  -0.46319853499306
    3   -0.34526567642360  -0.34526567642360
    4   -0.27853495852329  -0.27853495852329
    5    0.29207814130760   0.29207814130760
    6    0.39298736210564   0.39298736210564
    7    0.49548777354191   0.49548777354191
    8    0.51090694397983   0.51090694397983

   kloop=94
   k1=  -0.28571 k2=   0.42857 k3=   0.00000

    1   -0.61174315159673  -0.61174315159673
    2   -0.48088885590763  -0.48088885590763
    3   -0.36731671613263  -0.36731671613263
    4   -0.29341465444363  -0.29341465444363
    5    0.23343239689869   0.23343239689869
    6    0.44828547720439   0.44828547720439
    7    0.50347612679395   0.50347612679395
    8    0.52228439766637   0.52228439766637

   kloop=95
   k1=  -0.28571 k2=   0.42857 k3=   0.14286

    1   -0.57811811489197  -0.57811811489197
    2   -0.47739297658644  -0.47739297658644
    3   -0.39178363742761  -0.39178363742761
    4   -0.34610044862998  -0.34610044862998
    5    0.32460434520846   0.32460434520846
    6    0.43165373484656   0.43165373484656
    7    0.48383809157652   0.48383809157652
    8    0.54591187229958   0.54591187229958

   kloop=96
   k1=  -0.28571 k2=   0.42857 k3=   0.28572

    1   -0.56658234788533  -0.56658234788533
    2   -0.49937756072059  -0.49937756072059
    3   -0.40726728764504  -0.40726728764504
    4   -0.31531217733919  -0.31531217733919
    5    0.31481669302523   0.31481669302523
    6    0.44972309025346   0.44972309025346
    7    0.49339953013887   0.49339953013887
    8    0.55512068106191   0.55512068106191

   kloop=97
   k1=  -0.28571 k2=   0.42857 k3=   0.42857

    1   -0.59576149099973  -0.59576149099973
    2   -0.51844182838143  -0.51844182838143
    3   -0.36888090778964  -0.36888090778964
    4   -0.26049073365426  -0.26049073365426
    5    0.23271595401656   0.23271595401656
    6    0.42647738965778   0.42647738965778
    7    0.51738437679505   0.51738437679505
    8    0.59504096649173   0.59504096649173

   kloop=98
   k1=  -0.14286 k2=  -0.42857 k3=  -0.42857

    1   -0.68156814938855  -0.68156814938855
    2   -0.42151612923797  -0.42151612923797
    3   -0.30578896427001  -0.30578896427001
    4   -0.26613346919428  -0.26613346919428
    5    0.18283700534735   0.18283700534735
    6    0.37069428320174   0.37069428320174
    7    0.53114576632132   0.53114576632132
    8    0.55727317632682   0.55727317632682

   kloop=99
   k1=  -0.14286 k2=  -0.42857 k3=  -0.28571

    1   -0.72859389575398  -0.72859389575398
    2   -0.36554936626737  -0.36554936626737
    3   -0.31291418853191  -0.31291418853191
    4   -0.22541969016941  -0.22541969016941
    5    0.22154478051391   0.22154478051391
    6    0.40276302054059   0.40276302054059
    7    0.42607386904872   0.42607386904872
    8    0.52651444448266   0.52651444448266

   kloop=100
   k1=  -0.14286 k2=  -0.42857 k3=  -0.14286

    1   -0.73719891863815  -0.73719891863815
    2   -0.39635935711254  -0.39635935711254
    3   -0.29177955418236  -0.29177955418236
    4   -0.17455804379128  -0.17455804379128
    5    0.23137999112010   0.23137999112010
    6    0.35339043411301   0.35339043411301
    7    0.39957206794455   0.39957206794455
    8    0.52504649544226   0.52504649544226

   kloop=101
   k1=  -0.14286 k2=  -0.42857 k3=   0.00000

    1   -0.70753966812137  -0.70753966812137
    2   -0.44595896004322  -0.44595896004322
    3   -0.26111108292234  -0.26111108292234
    4   -0.22096224980098  -0.22096224980098
    5    0.21948249611768   0.21948249611768
    6    0.36768039225204   0.36768039225204
    7    0.42586461840818   0.42586461840818
    8    0.52439586303724   0.52439586303724

   kloop=102
   k1=  -0.14286 k2=  -0.42857 k3=   0.14286

    1   -0.64605316591075  -0.64605316591075
    2   -0.46361882256870  -0.46361882256870
    3   -0.34791075670736  -0.34791075670736
    4   -0.27529660296154  -0.27529660296154
    5    0.29796200882986   0.29796200882986
    6    0.38544012283710   0.38544012283710
    7    0.49416874402080   0.49416874402080
    8    0.51676071595830   0.51676071595830

   kloop=103
   k1=  -0.14286 k2=  -0.42857 k3=   0.28572

    1   -0.56833834421389  -0.56833834421389
    2   -0.49741852844261  -0.49741852844261
    3   -0.40180237896148  -0.40180237896148
    4   -0.32215144763845  -0.32215144763845
    5    0.33495619427072   0.33495619427072
    6    0.42618278344058   0.42618278344058
    7    0.47802448065582   0.47802448065582
    8    0.56868204502516   0.56868204502516

   kloop=104
   k1=  -0.14286 k2=  -0.42857 k3=   0.42857

    1   -0.60170973689562  -0.60170973689562
    2   -0.48583393157912  -0.48583393157912
    3   -0.35257056788479  -0.35257056788479
    4   -0.31366965482625  -0.31366965482625
    5    0.26346778085769   0.26346778085769
    6    0.36182485005334   0.36182485005334
    7    0.55775900700842   0.55775900700842
    8    0.57472946134368   0.57472946134368

   kloop=105
   k1=  -0.14286 k2=  -0.28572 k3=  -0.42857

    1   -0.72626901623040  -0.72626901623040
    2   -0.39285072958478  -0.39285072958478
    3   -0.30931711285071  -0.30931711285071
    4   -0.19138936126712  -0.19138936126712
    5    0.20622719500305   0.20622719500305
    6    0.35540371203141   0.35540371203141
    7    0.51564292061990   0.51564292061990
    8    0.55955843915543   0.55955843915543

   kloop=106
   k1=  -0.14286 k2=  -0.28572 k3=  -0.28571

    1   -0.78702215243682  -0.78702215243682
    2   -0.32916716935293  -0.32916716935293
    3   -0.22094604096962  -0.22094604096962
    4   -0.15466827976207  -0.15466827976207
    5    0.15780694525521   0.15780694525521
    6    0.32223779816321   0.32223779816321
    7    0.40579815339955   0.40579815339955
    8    0.54639735288457   0.54639735288457

   kloop=107
   k1=  -0.14286 k2=  -0.28572 k3=  -0.14286

    1   -0.80833318376659  -0.80833318376659
    2   -0.27233816046709  -0.27233816046709
    3   -0.23202726586166  -0.23202726586166
    4   -0.13206180667547  -0.13206180667547
    5    0.19393952225464   0.19393952225464
    6    0.27565081650671   0.27565081650671
    7    0.33468786442517   0.33468786442517
    8    0.52786540070179   0.52786540070179

   kloop=108
   k1=  -0.14286 k2=  -0.28572 k3=   0.00000

    1   -0.78788932026354  -0.78788932026354
    2   -0.29477256821712  -0.29477256821712
    3   -0.24562695981262  -0.24562695981262
    4   -0.17526638402255  -0.17526638402255
    5    0.17197591454720   0.17197591454720
    6    0.31927667122242   0.31927667122242
    7    0.39372167370097   0.39372167370097
    8    0.50643535749630   0.50643535749630

   kloop=109
   k1=  -0.14286 k2=  -0.28572 k3=   0.14286

    1   -0.72824309241581  -0.72824309241581
    2   -0.36325211290398  -0.36325211290398
    3   -0.31613393051194  -0.31613393051194
    4   -0.22678421955330  -0.22678421955330
    5    0.24420893805158   0.24420893805158
    6    0.36548090957011   0.36548090957011
    7    0.45569115902782   0.45569115902782
    8    0.51664279043954   0.51664279043954

   kloop=110
   k1=  -0.14286 k2=  -0.28572 k3=   0.28572

    1   -0.63894317266347  -0.63894317266347
    2   -0.48998013261229  -0.48998013261229
    3   -0.33709526685543  -0.33709526685543
    4   -0.26284445950682  -0.26284445950682
    5    0.33925022948618   0.33925022948618
    6    0.36329069576345   0.36329069576345
    7    0.46953023076245   0.46953023076245
    8    0.58577110340367   0.58577110340367

   kloop=111
   k1=  -0.14286 k2=  -0.28572 k3=   0.42857

    1   -0.63556245424521  -0.63556245424521
    2   -0.49898916066929  -0.49898916066929
    3   -0.34153741699705  -0.34153741699705
    4   -0.24750465789248  -0.24750465789248
    5    0.29711516150495   0.29711516150495
    6    0.36833952957957   0.36833952957957
    7    0.51372377903328   0.51372377903328
    8    0.60557209057630   0.60557209057630

   kloop=112
   k1=  -0.14286 k2=  -0.14286 k3=  -0.42857

    1   -0.73341689261473  -0.73341689261473
    2   -0.42849548516235  -0.42849548516235
    3   -0.27949027182011  -0.27949027182011
    4   -0.14211805784947  -0.14211805784947
    5    0.23013665799033   0.23013665799033
    6    0.31024882772448   0.31024882772448
    7    0.46956931790520   0.46956931790520
    8    0.60852250808681   0.60852250808681

   kloop=113
   k1=  -0.14286 k2=  -0.14286 k3=  -0.28571

    1   -0.80735861892978  -0.80735861892978
    2   -0.30346689370446  -0.30346689370446
    3   -0.22706886197906  -0.22706886197906
    4   -0.08051826319043  -0.08051826319043
    5    0.15190714502380   0.15190714502380
    6    0.26709229141188   0.26709229141188
    7    0.39176581518319   0.39176581518319
    8    0.55763682445739   0.55763682445739

   kloop=114
   k1=  -0.14286 k2=  -0.14286 k3=  -0.14286

    1   -0.84278997140567  -0.84278997140567
    2   -0.23141457486821  -0.23141457486821
    3   -0.13893129601558  -0.13893129601558
    4   -0.07454840562948  -0.07454840562948
    5    0.14147043002789   0.14147043002789
    6    0.19477337780952   0.19477337780952
    7    0.28999445442486   0.28999445442486
    8    0.52348796932204   0.52348796932204

   kloop=115
   k1=  -0.14286 k2=  -0.14286 k3=   0.00000

    1   -0.83580117191531  -0.83580117191531
    2   -0.21078096119869  -0.21078096119869
    3   -0.15715920317991  -0.15715920317991
    4   -0.13526184066984  -0.13526184066984
    5    0.13357348932083   0.13357348932083
    6    0.23432678027624   0.23432678027624
    7    0.32045646741198   0.32045646741198
    8    0.50778007243700   0.50778007243700

   kloop=116
   k1=  -0.14286 k2=  -0.14286 k3=   0.14286

    1   -0.78719219295483  -0.78719219295483
    2   -0.32327657093760  -0.32327657093760
    3   -0.20564238826307  -0.20564238826307
    4   -0.18612826917180  -0.18612826917180
    5    0.19362372847400   0.19362372847400
    6    0.30998131657185   0.30998131657185
    7    0.39082828805963   0.39082828805963
    8    0.53419480716814   0.53419480716814

   kloop=117
   k1=  -0.14286 k2=  -0.14286 k3=   0.28572

    1   -0.70301641815418  -0.70301641815418
    2   -0.46965166563947  -0.46965166563947
    3   -0.25365899202342  -0.25365899202342
    4   -0.20482211801399  -0.20482211801399
    5    0.27798796070421   0.27798796070421
    6    0.33432961405020   0.33432961405020
    7    0.42742822946179   0.42742822946179
    8    0.59724417812408   0.59724417812408

   kloop=118
   k1=  -0.14286 k2=  -0.14286 k3=   0.42857

    1   -0.64258114429273  -0.64258114429273
    2   -0.54812291164632  -0.54812291164632
    3   -0.28230648175579  -0.28230648175579
    4   -0.18854941262306  -0.18854941262306
    5    0.28444610646201   0.28444610646201
    6    0.32828424809499   0.32828424809499
    7    0.46224580594870   0.46224580594870
    8    0.63786845053575   0.63786845053575

   kloop=119
   k1=  -0.14286 k2=  -0.00000 k3=  -0.42857

    1   -0.70235100852772  -0.70235100852772
    2   -0.47326151192276  -0.47326151192276
    3   -0.24953350794477  -0.24953350794477
    4   -0.20132833356775  -0.20132833356775
    5    0.22486164659446   0.22486164659446
    6    0.36016890265005   0.36016890265005
    7    0.44365955657021   0.44365955657021
    8    0.61830717649932   0.61830717649932

   kloop=120
   k1=  -0.14286 k2=  -0.00000 k3=  -0.28571

    1   -0.78691017675689  -0.78691017675689
    2   -0.33126562363805  -0.33126562363805
    3   -0.21792737385244  -0.21792737385244
    4   -0.15568171965558  -0.15568171965558
    5    0.16038412380429   0.16038412380429
    6    0.32384229646700   0.32384229646700
    7    0.40144122243245   0.40144122243245
    8    0.55124729944819   0.55124729944819

   kloop=121
   k1=  -0.14286 k2=  -0.00000 k3=  -0.14286

    1   -0.83583609301467  -0.83583609301467
    2   -0.21446912148881  -0.21446912148881
    3   -0.16812222605722  -0.16812222605722
    4   -0.11367509950723  -0.11367509950723
    5    0.11499329520476   0.11499329520476
    6    0.25686118208198   0.25686118208198
    7    0.30714307123001   0.30714307123001
    8    0.51118920174403   0.51118920174403

   kloop=122
   k1=  -0.14286 k2=  -0.00000 k3=   0.00000

    1   -0.84312562920272  -0.84312562920272
    2   -0.19338087340961  -0.19338087340961
    3   -0.17804861632314  -0.17804861632314
    4   -0.08187013086836  -0.08187013086836
    5    0.13302776309975   0.13302776309975
    6    0.22562540969695   0.22562540969695
    7    0.26441691826071   0.26441691826071
    8    0.51105716488378   0.51105716488378

   kloop=123
   k1=  -0.14286 k2=  -0.00000 k3=   0.14286

    1   -0.80802202112458  -0.80802202112458
    2   -0.28016224012489  -0.28016224012489
    3   -0.23787381184620  -0.23787381184620
    4   -0.10940149362915  -0.10940149362915
    5    0.16796387632441   0.16796387632441
    6    0.29594785143509   0.29594785143509
    7    0.34170312075778   0.34170312075778
    8    0.53733661640956   0.53733661640956

   kloop=124
   k1=  -0.14286 k2=  -0.00000 k3=   0.28572

    1   -0.73447944778802  -0.73447944778802
    2   -0.42354164104747  -0.42354164104747
    3   -0.26855848074151  -0.26855848074151
    4   -0.16749878252369  -0.16749878252369
    5    0.23145480147559   0.23145480147559
    6    0.36752070116790   0.36752070116790
    7    0.39654593965080   0.39654593965080
    8    0.59651404185741   0.59651404185741

   kloop=125
   k1=  -0.14286 k2=  -0.00000 k3=   0.42857

    1   -0.64349801651520  -0.64349801651520
    2   -0.54738785247419  -0.54738785247419
    3   -0.26873062151982  -0.26873062151982
    4   -0.20469115203541  -0.20469115203541
    5    0.24860383683246   0.24860383683246
    6    0.38039435779156   0.38039435779156
    7    0.43297945421848   0.43297945421848
    8    0.64309771786567   0.64309771786567

   kloop=126
   k1=  -0.14286 k2=   0.14286 k3=  -0.42857

    1   -0.63870044326190  -0.63870044326190
    2   -0.49422249412186  -0.49422249412186
    3   -0.31550972651055  -0.31550972651055
    4   -0.28046119704093  -0.28046119704093
    5    0.27824184309079   0.27824184309079
    6    0.40942410335009   0.40942410335009
    7    0.46380667446453   0.46380667446453
    8    0.60803743945931   0.60803743945931

   kloop=127
   k1=  -0.14286 k2=   0.14286 k3=  -0.28571

    1   -0.72835949946952  -0.72835949946952
    2   -0.36870411324649  -0.36870411324649
    3   -0.31157084378926  -0.31157084378926
    4   -0.22303697700987  -0.22303697700987
    5    0.22200772165460   0.22200772165460
    6    0.40700487601249   0.40700487601249
    7    0.41970987559228   0.41970987559228
    8    0.53331585790514   0.53331585790514

   kloop=128
   k1=  -0.14286 k2=   0.14286 k3=  -0.14286

    1   -0.78830315209246  -0.78830315209246
    2   -0.28937038900470  -0.28937038900470
    3   -0.24013384204823  -0.24013384204823
    4   -0.18894510440525  -0.18894510440525
    5    0.17899603824870   0.17899603824870
    6    0.33659384564111   0.33659384564111
    7    0.36136604952035   0.36136604952035
    8    0.50256600913060   0.50256600913060

   kloop=129
   k1=  -0.14286 k2=   0.14286 k3=   0.00000

    1   -0.80902208823761  -0.80902208823761
    2   -0.23844669104730  -0.23844669104730
    3   -0.22667065588275  -0.22667065588275
    4   -0.18571396640804  -0.18571396640804
    5    0.23627935909391   0.23627935909391
    6    0.27226390892070   0.27226390892070
    7    0.29027100101898   0.29027100101898
    8    0.51092790478720   0.51092790478720

   kloop=130
   k1=  -0.14286 k2=   0.14286 k3=   0.14286

    1   -0.78808633918138  -0.78808633918138
    2   -0.29814300702648  -0.29814300702648
    3   -0.24148002762437  -0.24148002762437
    4   -0.17577088973214  -0.17577088973214
    5    0.17042440815136   0.17042440815136
    6    0.34567279286957   0.34567279286957
    7    0.36438494924141   0.36438494924141
    8    0.50973492484875   0.50973492484875

   kloop=131
   k1=  -0.14286 k2=   0.14286 k3=   0.28572

    1   -0.72787646273796  -0.72787646273796
    2   -0.37380438309440  -0.37380438309440
    3   -0.31629479472239  -0.31629479472239
    4   -0.20951446295533  -0.20951446295533
    5    0.20687086061783   0.20687086061783
    6    0.40796494248425   0.40796494248425
    7    0.43779764115217   0.43779764115217
    8    0.54363994321289   0.54363994321289

   kloop=132
   k1=  -0.14286 k2=   0.14286 k3=   0.42857

    1   -0.63790871370533  -0.63790871370533
    2   -0.49606825642421  -0.49606825642421
    3   -0.32194198783205  -0.32194198783205
    4   -0.27146865088573  -0.27146865088573
    5    0.26935086677612   0.26935086677612
    6    0.41030652054258   0.41030652054258
    7    0.47332625339403   0.47332625339403
    8    0.61343162370733   0.61343162370733

   kloop=133
   k1=  -0.14286 k2=   0.28571 k3=  -0.42857

    1   -0.56716627852787  -0.56716627852787
    2   -0.50189486622912  -0.50189486622912
    3   -0.39823014780154  -0.39823014780154
    4   -0.32176588987169  -0.32176588987169
    5    0.31711123531609   0.31711123531609
    6    0.40973233275822   0.40973233275822
    7    0.50934791241112   0.50934791241112
    8    0.58016366146125   0.58016366146125

   kloop=134
   k1=  -0.14286 k2=   0.28571 k3=  -0.28571

    1   -0.64631356594505  -0.64631356594505
    2   -0.46037869902401  -0.46037869902401
    3   -0.36487668240839  -0.36487668240839
    4   -0.25804336320677  -0.25804336320677
    5    0.28063715804031   0.28063715804031
    6    0.43083746734120   0.43083746734120
    7    0.46901654787474   0.46901654787474
    8    0.51979995104016   0.51979995104016

   kloop=135
   k1=  -0.14286 k2=   0.28571 k3=  -0.14286

    1   -0.70828885713367  -0.70828885713367
    2   -0.44274748770244  -0.44274748770244
    3   -0.27079104559742  -0.27079104559742
    4   -0.21443734428307  -0.21443734428307
    5    0.23300734955114   0.23300734955114
    6    0.38673077168802   0.38673077168802
    7    0.39718815057203   0.39718815057203
    8    0.51176295821291   0.51176295821291

   kloop=136
   k1=  -0.14286 k2=   0.28571 k3=   0.00000

    1   -0.73823107224191  -0.73823107224191
    2   -0.39254271768016  -0.39254271768016
    3   -0.26015214014489  -0.26015214014489
    4   -0.22144939408284  -0.22144939408284
    5    0.27700102504545   0.27700102504545
    6    0.33603154952347   0.33603154952347
    7    0.35832628628914   0.35832628628914
    8    0.51952888379226   0.51952888379226

   kloop=137
   k1=  -0.14286 k2=   0.28571 k3=   0.14286

    1   -0.73012443404519  -0.73012443404519
    2   -0.33347510783898  -0.33347510783898
    3   -0.31389995282935  -0.31389995282935
    4   -0.26469564687748  -0.26469564687748
    5    0.25772841190812   0.25772841190812
    6    0.35454907727912   0.35454907727912
    7    0.44493775912207   0.44493775912207
    8    0.48201136855779   0.48201136855779

   kloop=138
   k1=  -0.14286 k2=   0.28571 k3=   0.28572

    1   -0.68402755571406  -0.68402755571406
    2   -0.39437619778617  -0.39437619778617
    3   -0.33533574305297  -0.33533574305297
    4   -0.26570353393980  -0.26570353393980
    5    0.19216047432447   0.19216047432447
    6    0.38533686387529   0.38533686387529
    7    0.50533061417188   0.50533061417188
    8    0.52166128017494   0.52166128017494

   kloop=139
   k1=  -0.14286 k2=   0.28571 k3=   0.42857

    1   -0.60590882639097  -0.60590882639097
    2   -0.47479550370608  -0.47479550370608
    3   -0.35372082084601  -0.35372082084601
    4   -0.32114703353880  -0.32114703353880
    5    0.26433016226819   0.26433016226819
    6    0.35937314296045   0.35937314296045
    7    0.54258631203392   0.54258631203392
    8    0.57808837613178   0.57808837613178

   kloop=140
   k1=  -0.14286 k2=   0.42857 k3=  -0.42857

    1   -0.60771186148354  -0.60771186148354
    2   -0.46935411153842  -0.46935411153842
    3   -0.34955589234457  -0.34955589234457
    4   -0.33017933279288  -0.33017933279288
    5    0.27372845686070   0.27372845686070
    6    0.35324533935536   0.35324533935536
    7    0.53571129404154   0.53571129404154
    8    0.57208351835970   0.57208351835970

   kloop=141
   k1=  -0.14286 k2=   0.42857 k3=  -0.28571

    1   -0.64661342491025  -0.64661342491025
    2   -0.45934983675599  -0.45934983675599
    3   -0.36490632885108  -0.36490632885108
    4   -0.25911019789996  -0.25911019789996
    5    0.28124825035322   0.28124825035322
    6    0.43363211671843   0.43363211671843
    7    0.46687135090671   0.46687135090671
    8    0.51618482123107   0.51618482123107

   kloop=142
   k1=  -0.14286 k2=   0.42857 k3=  -0.14286

    1   -0.65965754153666  -0.65965754153666
    2   -0.51078887415336  -0.51078887415336
    3   -0.29160156655072  -0.29160156655072
    4   -0.20785673812323  -0.20785673812323
    5    0.24492281022778   0.24492281022778
    6    0.38475875128803   0.38475875128803
    7    0.41846101710423   0.41846101710423
    8    0.52916131323485   0.52916131323485

   kloop=143
   k1=  -0.14286 k2=   0.42857 k3=   0.00000

    1   -0.66023777032463  -0.66023777032463
    2   -0.51034155087043  -0.51034155087043
    3   -0.25532065372643  -0.25532065372643
    4   -0.24987828216421  -0.24987828216421
    5    0.25226663257951   0.25226663257951
    6    0.37389219969731   0.37389219969731
    7    0.41026883943410   0.41026883943410
    8    0.53590617302613   0.53590617302613

   kloop=144
   k1=  -0.14286 k2=   0.42857 k3=   0.14286

    1   -0.64844188735608  -0.64844188735608
    2   -0.45674684460823  -0.45674684460823
    3   -0.33733322177643  -0.33733322177643
    4   -0.29381498884344  -0.29381498884344
    5    0.32168869184545   0.32168869184545
    6    0.36835986600823   0.36835986600823
    7    0.48557024521668   0.48557024521668
    8    0.49935827298067   0.49935827298067

   kloop=145
   k1=  -0.14286 k2=   0.42857 k3=   0.28572

    1   -0.61146877311116  -0.61146877311116
    2   -0.45405495206694  -0.45405495206694
    3   -0.34997362964738  -0.34997362964738
    4   -0.34381978598882  -0.34381978598882
    5    0.29447383555377   0.29447383555377
    6    0.35171799505757   0.35171799505757
    7    0.50333894221139   0.50333894221139
    8    0.56107466949217   0.56107466949217

   kloop=146
   k1=  -0.14286 k2=   0.42857 k3=   0.42857

    1   -0.54981154318768  -0.54981154318768
    2   -0.53743608531762  -0.53743608531762
    3   -0.36193689895428  -0.36193689895428
    4   -0.29363852929497  -0.29363852929497
    5    0.22062977974531   0.22062977974531
    6    0.31513046045553   0.31513046045553
    7    0.57347780331422   0.57347780331422
    8    0.58357566379897   0.58357566379897

   kloop=147
   k1=   0.00000 k2=  -0.42857 k3=  -0.42857

    1   -0.62545448324614  -0.62545448324614
    2   -0.46966337745950  -0.46966337745950
    3   -0.30375057461227  -0.30375057461227
    4   -0.29672397125564  -0.29672397125564
    5    0.17468269171011   0.17468269171011
    6    0.27698358887419   0.27698358887419
    7    0.57004801250228   0.57004801250228
    8    0.58242182862585   0.58242182862585

   kloop=148
   k1=   0.00000 k2=  -0.42857 k3=  -0.28571

    1   -0.68465009097264  -0.68465009097264
    2   -0.38664210261562  -0.38664210261562
    3   -0.33631543579185  -0.33631543579185
    4   -0.27392872003125  -0.27392872003125
    5    0.20100630951462   0.20100630951462
    6    0.37801343833666   0.37801343833666
    7    0.49842842117788   0.49842842117788
    8    0.51598042339249   0.51598042339249

   kloop=149
   k1=   0.00000 k2=  -0.42857 k3=  -0.14286

    1   -0.70838809136060  -0.70838809136060
    2   -0.44225925761983  -0.44225925761983
    3   -0.27132515374054  -0.27132515374054
    4   -0.21476782627561  -0.21476782627561
    5    0.23944713341848   0.23944713341848
    6    0.37329326877462   0.37329326877462
    7    0.40463336874505   0.40463336874505
    8    0.51036201355047   0.51036201355047

   kloop=150
   k1=   0.00000 k2=  -0.42857 k3=   0.00000

    1   -0.69692216473917  -0.69692216473917
    2   -0.49820186998610  -0.49820186998610
    3   -0.23217025827410  -0.23217025827410
    4   -0.16980460285379  -0.16980460285379
    5    0.21869639408220   0.21869639408220
    6    0.33413490203277   0.33413490203277
    7    0.35799166430493   0.35799166430493
    8    0.54815637919339   0.54815637919339

   kloop=151
   k1=   0.00000 k2=  -0.42857 k3=   0.14286

    1   -0.65956715556604  -0.65956715556604
    2   -0.51085265538092  -0.51085265538092
    3   -0.29324326922931  -0.29324326922931
    4   -0.20591464337482  -0.20591464337482
    5    0.25024417521412   0.25024417521412
    6    0.37048795911773   0.37048795911773
    7    0.42921643027720   0.42921643027720
    8    0.52835934205763   0.52835934205763

   kloop=152
   k1=   0.00000 k2=  -0.42857 k3=   0.28572

    1   -0.61086727391867  -0.61086727391867
    2   -0.47789457404862  -0.47789457404862
    3   -0.39423645679235  -0.39423645679235
    4   -0.26472940428476  -0.26472940428476
    5    0.24938487371682   0.24938487371682
    6    0.44795947247967   0.44795947247967
    7    0.47813374021647   0.47813374021647
    8    0.54174019803149   0.54174019803149

   kloop=153
   k1=   0.00000 k2=  -0.42857 k3=   0.42857

    1   -0.55147730236287  -0.55147730236287
    2   -0.53604310616365  -0.53604310616365
    3   -0.35617750078570  -0.35617750078570
    4   -0.30007629622938  -0.30007629622938
    5    0.23000352481143   0.23000352481143
    6    0.30408410901180   0.30408410901180
    7    0.56347323698559   0.56347323698559
    8    0.59370217957550   0.59370217957550

   kloop=154
   k1=   0.00000 k2=  -0.28572 k3=  -0.42857

    1   -0.68107107401503  -0.68107107401503
    2   -0.42577725053638  -0.42577725053638
    3   -0.29418314300341  -0.29418314300341
    4   -0.27354923682863  -0.27354923682863
    5    0.18230124167390   0.18230124167390
    6    0.36622891728444   0.36622891728444
    7    0.52386259281944   0.52386259281944
    8    0.57726272285586   0.57726272285586

   kloop=155
   k1=   0.00000 k2=  -0.28572 k3=  -0.28571

    1   -0.75323005828334  -0.75323005828334
    2   -0.32066423715921  -0.32066423715921
    3   -0.25772453992396  -0.25772453992396
    4   -0.23554402833233  -0.23554402833233
    5    0.12800775271119   0.12800775271119
    6    0.37550148379173   0.37550148379173
    7    0.46873636576146   0.46873636576146
    8    0.50655821901827   0.50655821901827

   kloop=156
   k1=   0.00000 k2=  -0.28572 k3=  -0.14286

    1   -0.78835651967495  -0.78835651967495
    2   -0.28809128928430  -0.28809128928430
    3   -0.23941103348142  -0.23941103348142
    4   -0.19167572096620  -0.19167572096620
    5    0.18171136371594   0.18171136371594
    6    0.33221727249168   0.33221727249168
    7    0.36326505193897   0.36326505193897
    8    0.50107394916690   0.50107394916690

   kloop=157
   k1=   0.00000 k2=  -0.28572 k3=   0.00000

    1   -0.78256274287011  -0.78256274287011
    2   -0.35409686807218  -0.35409686807218
    3   -0.21134956102685  -0.21134956102685
    4   -0.14683812588296  -0.14683812588296
    5    0.20186005792207   0.20186005792207
    6    0.29653736768136   0.29653736768136
    7    0.32410747947093   0.32410747947093
    8    0.53118261465943   0.53118261465943

   kloop=158
   k1=   0.00000 k2=  -0.28572 k3=   0.14286

    1   -0.73704142079453  -0.73704142079453
    2   -0.39705731757167  -0.39705731757167
    3   -0.29325188878480  -0.29325188878480
    4   -0.17138126812550  -0.17138126812550
    5    0.23321505784678   0.23321505784678
    6    0.34285070451497   0.34285070451497
    7    0.41003548277721   0.41003548277721
    8    0.52629928486232   0.52629928486232

   kloop=159
   k1=   0.00000 k2=  -0.28572 k3=   0.28572

    1   -0.65823056629098  -0.65823056629098
    2   -0.44367046537081  -0.44367046537081
    3   -0.38484006668183  -0.38484006668183
    4   -0.22930675272925  -0.22930675272925
    5    0.26490616041588   0.26490616041588
    6    0.42298488870313   0.42298488870313
    7    0.46365073804970   0.46365073804970
    8    0.56768212619072   0.56768212619072

   kloop=160
   k1=   0.00000 k2=  -0.28572 k3=   0.42857

    1   -0.59369845023281  -0.59369845023281
    2   -0.52326816598221  -0.52326816598221
    3   -0.35899053532261  -0.35899053532261
    4   -0.26934253534550  -0.26934253534550
    5    0.24276876522818   0.24276876522818
    6    0.41038094193402   0.41038094193402
    7    0.50774339823982   0.50774339823982
    8    0.61368946539814   0.61368946539814

   kloop=161
   k1=   0.00000 k2=  -0.14286 k3=  -0.42857

    1   -0.70212685734579  -0.70212685734579
    2   -0.47422810941177  -0.47422810941177
    3   -0.24711774191838  -0.24711774191838
    4   -0.20232085391777  -0.20232085391777
    5    0.21956272395132   0.21956272395132
    6    0.35871274753293   0.35871274753293
    7    0.44630366331438   0.44630366331438
    8    0.62592127480185   0.62592127480185

   kloop=162
   k1=   0.00000 k2=  -0.14286 k3=  -0.28571

    1   -0.78680502664524  -0.78680502664524
    2   -0.33273375904759  -0.33273375904759
    3   -0.22200096421504  -0.22200096421504
    4   -0.14713256159042  -0.14713256159042
    5    0.15164268005299   0.15164268005299
    6    0.32928514435105   0.32928514435105
    7    0.40239580573820   0.40239580573820
    8    0.55689661247944   0.55689661247944

   kloop=163
   k1=   0.00000 k2=  -0.14286 k3=  -0.14286

    1   -0.83583625386184  -0.83583625386184
    2   -0.21450485269028  -0.21450485269028
    3   -0.16848318789313  -0.16848318789313
    4   -0.11305463510654  -0.11305463510654
    5    0.11444293282641   0.11444293282641
    6    0.25805437732599   0.25805437732599
    7    0.30614902718333   0.30614902718333
    8    0.51135214091105   0.51135214091105

   kloop=164
   k1=   0.00000 k2=  -0.14286 k3=   0.00000

    1   -0.84322565876322  -0.84322565876322
    2   -0.18209606883349  -0.18209606883349
    3   -0.17543861391885  -0.17543861391885
    4   -0.10289670229797  -0.10289670229797
    5    0.15258808643916   0.15258808643916
    6    0.21287692980373   0.21287692980373
    7    0.25894612398045   0.25894612398045
    8    0.50786145192969   0.50786145192969

   kloop=165
   k1=   0.00000 k2=  -0.14286 k3=   0.14286

    1   -0.80822581943157  -0.80822581943157
    2   -0.27625649842173  -0.27625649842173
    3   -0.23000875054781  -0.23000875054781
    4   -0.12886186369751  -0.12886186369751
    5    0.19384725087573   0.19384725087573
    6    0.27671137458143   0.27671137458143
    7    0.33381995847057   0.33381995847057
    8    0.53135490195370   0.53135490195370

   kloop=166
   k1=   0.00000 k2=  -0.14286 k3=   0.28572

    1   -0.73480107535895  -0.73480107535895
    2   -0.42233782387583  -0.42233782387583
    3   -0.25835878537284  -0.25835878537284
    4   -0.18370084256864  -0.18370084256864
    5    0.25634224005341   0.25634224005341
    6    0.34410338023134   0.34410338023134
    7    0.39176839992594   0.39176839992594
    8    0.59198611372515   0.59198611372515

   kloop=167
   k1=   0.00000 k2=  -0.14286 k3=   0.42857

    1   -0.64376920036993  -0.64376920036993
    2   -0.54715312365664  -0.54715312365664
    3   -0.25778606560656  -0.25778606560656
    4   -0.21784995507731  -0.21784995507731
    5    0.25720445728589   0.25720445728589
    6    0.36717205961574   0.36717205961574
    7    0.43388007477012   0.43388007477012
    8    0.64466019296312   0.64466019296312

   kloop=168
   k1=   0.00000 k2=  -0.00000 k3=  -0.42857

    1   -0.68711756722664  -0.68711756722664
    2   -0.52739431450775  -0.52739431450775
    3   -0.21644413734112  -0.21644413734112
    4   -0.15888821935284  -0.15888821935284
    5    0.23641351637152   0.23641351637152
    6    0.31392322251372   0.31392322251372
    7    0.40618380487601   0.40618380487601
    8    0.65269940039263   0.65269940039263

   kloop=169
   k1=   0.00000 k2=  -0.00000 k3=  -0.28571

    1   -0.78035946684020  -0.78035946684020
    2   -0.38369237235167  -0.38369237235167
    3   -0.18836942628003  -0.18836942628003
    4   -0.13111892514915  -0.13111892514915
    5    0.21032261095399   0.21032261095399
    6    0.27574759297651   0.27574759297651
    7    0.36651662813976   0.36651662813976
    8    0.59760409661502   0.59760409661502

   kloop=170
   k1=   0.00000 k2=  -0.00000 k3=  -0.14286

    1   -0.84273647566362  -0.84273647566362
    2   -0.23406073437373  -0.23406073437373
    3   -0.13488039424040  -0.13488039424040
    4   -0.07582672303211  -0.07582672303211
    5    0.14390363531763   0.14390363531763
    6    0.19574285922072   0.19574285922072
    7    0.28717167291699   0.28717167291699
    8    0.52585847492558   0.52585847492558

   kloop=171
   k1=   0.00000 k2=  -0.00000 k3=   0.00000

    1   -0.86428820748796  -0.86428820748796
    2   -0.15684124140528  -0.15684124140528
    3   -0.08914333843990  -0.08914333843990
    4   -0.02477222949539  -0.02477222949539
    5    0.08361793279455   0.08361793279455
    6    0.14133956185941   0.14133956185941
    7    0.21985161114395   0.21985161114395
    8    0.49729705400089   0.49729705400089

***********************************************************
***********************************************************
                   Mulliken populations                    
***********************************************************
***********************************************************

  Total spin moment (muB)   0.000000000

                    Up spin      Down spin     Sum           Diff
      1    C      2.000000000  2.000000000   4.000000000   0.000000000
      2    C      2.000000000  2.000000000   4.000000000   0.000000000

 Sum of MulP: up   =     4.00000 down          =     4.00000
              total=     8.00000 ideal(neutral)=     8.00000


  Decomposed Mulliken populations

    1    C          Up spin      Down spin     Sum           Diff
            multiple
  s           0    0.515216186  0.515216186   1.030432373   0.000000000
   sum over m      0.515216186  0.515216186   1.030432373   0.000000000
   sum over m+mul  0.515216186  0.515216186   1.030432373   0.000000000
  px          0    0.493795100  0.493795100   0.987590200   0.000000000
  py          0    0.495466396  0.495466396   0.990932791   0.000000000
  pz          0    0.495522318  0.495522318   0.991044635   0.000000000
   sum over m      1.484783814  1.484783814   2.969567627   0.000000000
   sum over m+mul  1.484783814  1.484783814   2.969567627   0.000000000

    2    C          Up spin      Down spin     Sum           Diff
            multiple
  s           0    0.515216186  0.515216186   1.030432373   0.000000000
   sum over m      0.515216186  0.515216186   1.030432373   0.000000000
   sum over m+mul  0.515216186  0.515216186   1.030432373   0.000000000
  px          0    0.493795100  0.493795100   0.987590200   0.000000000
  py          0    0.495466396  0.495466396   0.990932791   0.000000000
  pz          0    0.495522318  0.495522318   0.991044635   0.000000000
   sum over m      1.484783814  1.484783814   2.969567627   0.000000000
   sum over m+mul  1.484783814  1.484783814   2.969567627   0.000000000

***********************************************************
***********************************************************
                    Dipole moment (Debye)                  
***********************************************************
***********************************************************

 Absolute D        0.00030219

                      Dx                Dy                Dz
 Total              0.00018746        0.00016473        0.00017041
 Core              19.02069892       16.71515966       17.29154447
 Electron         -19.02051147      -16.71499493      -17.29137406
 Back ground       -0.00000000       -0.00000000       -0.00000000

***********************************************************
***********************************************************
       xyz-coordinates (Ang) and forces (Hartree/Bohr)  
***********************************************************
***********************************************************

<coordinates.forces
  2
    1     C     0.10000  -0.02000   0.01000  -0.091518206003  0.015562252890 -0.002754914064
    2     C     0.89000   0.89000   0.89000   0.091518206003 -0.015562252891  0.002754914064
coordinates.forces>

***********************************************************
***********************************************************
       Fractional coordinates of the final structure       
***********************************************************
***********************************************************

     1      C     0.01966292134831   0.03651685393258   0.96910112359551
     2      C     0.25000000000000   0.25000000000000   0.25000000000000

***********************************************************
***********************************************************
               Computational Time (second)                 
***********************************************************
***********************************************************

   Elapsed.Time.         4.939

                               Min_ID   Min_Time       Max_ID   Max_Time
   Total Computational Time =    17        4.929          0        4.939
   readfile                 =     2        1.678          0        1.678
   truncation               =     7        0.152          0        0.157
   MD_pac                   =     0        0.000          7        0.000
   OutData                  =     5        0.035          0        0.046
   DFT                      =     0        3.058          7        3.063

*** In DFT ***

   Set_OLP_Kin              =     2        0.032          0        0.233
   Set_Nonlocal             =     0        0.582          2        0.783
   Set_ProExpn_VNA          =     2        0.420          0        0.770
   Set_Hamiltonian          =    18        0.050         11        0.050
   Poisson                  =     0        0.001         17        0.001
   Diagonalization          =     0        0.161         12        0.161
   Mixing_DM                =     6        0.001         12        0.001
   Force                    =     2        0.153         11        0.153
   Total_Energy             =     3        1.035          0        1.035
   Set_Aden_Grid            =     0        0.002          2        0.351
   Set_Orbitals_Grid        =     5        0.000          0        0.018
   Set_Density_Grid         =     7        0.047          1        0.047
   RestartFileDFT           =    14        0.001          1        0.001
   Mulliken_Charge          =    17        0.001          2        0.001
   FFT(2D)_Density          =    12        0.001         19        0.001
   Others                   =     0        0.003         14        0.026
