***********************************************************
***********************************************************

  This calculation was performed by OpenMX Ver. 3.9
  using 112 MPI processes and 1 OpenMP threads.

  Sun Nov 24 01:48:48 2019

***********************************************************
***********************************************************

#
# File Name
#

System.CurrrentDirectory         ./    # default=./
System.Name                      negf-graphene
level.of.stdout                   1    # default=1 (1-3)
level.of.fileout                  0    # default=1 (0-2)


NEGF.filename.hks.l     lead-graphene.hks
NEGF.filename.hks.r     lead-graphene.hks

NEGF.Num.Poles             100       # defalut=150
NEGF.scf.Kgrid            10 1       # defalut=1 1

NEGF.bias.voltage          0.0       # default=0.0 (eV)
NEGF.bias.neq.im.energy    0.01      # default=0.01 (eV)
NEGF.bias.neq.energy.step  0.02      # default=0.02 (eV) 

Dos.fileout                 off      # on|off, default=off
NEGF.Dos.energyrange     -15.0 25.0 5.0e-3  #default=-10.0 10.0 5.0e-3 (eV)
NEGF.Dos.energy.div        200       # default=200
NEGF.Dos.Kgrid           600 1       # default=1 1 
NEGF.SCF.Iter.Band          20

#
# Transmission & Eigen Channel
#

NEGF.tran.Analysis         on        #  default on
NEGF.tran.energydiv        100       # default=200
NEGF.tran.energyrange -7.0 7.0 1.0e-3  # default=-10.0 10.0 1.0e-3 (eV)
NEGF.tran.Kgrid           30 1       # default= 1 1
NEGF.tran.Channel          on        #  default on
NEGF.Channel.Nkpoint        1        # default=1
<NEGF.Channel.kpoint
0.0  0.0
NEGF.Channel.kpoint>
# default 0.0 0.0
NEGF.Channel.Nenergy        1        # default=1
<NEGF.Channel.energy
0.0
NEGF.Channel.energy>
# default 0.0
NEGF.Channel.Num            5        # defualt=5(for collinear), 10(for Non-collinear)


#
# Definition of Atomic Species
#

Species.Number       1
<Definition.of.Atomic.Species
 C    C5.0-s2p1      C_CA19
Definition.of.Atomic.Species>

#
# Atoms
#

Atoms.Number        4
Atoms.SpeciesAndCoordinates.Unit   Ang # Ang|AU
<Atoms.SpeciesAndCoordinates 
 1  C  0.000000000  0.000000000  0.000000000  2.0 2.0
 2  C  2.840000000  0.000000000  0.000000000  2.0 2.0
 3  C  0.710000000  1.229756000  0.000000000  2.0 2.0
 4  C  2.130000000  1.229756000  0.000000000  2.0 2.0
Atoms.SpeciesAndCoordinates>

#
# Lead-Left
#

LeftLeadAtoms.Number         4
<LeftLeadAtoms.SpeciesAndCoordinates           # Unit=Ang.
 1  C -4.260000000  0.000000000  0.000000000  2.0 2.0
 2  C -1.420000000  0.000000000  0.000000000  2.0 2.0
 3  C -3.550000000  1.229756000  0.000000000  2.0 2.0
 4  C -2.130000000  1.229756000  0.000000000  2.0 2.0
LeftLeadAtoms.SpeciesAndCoordinates>


#
# Lead-Right
#

RightLeadAtoms.Number        4 
<RightLeadAtoms.SpeciesAndCoordinates           # Unit=Ang.
 1  C  4.260000000  0.000000000  0.000000000  2.0 2.0
 2  C  7.100000000  0.000000000  0.000000000  2.0 2.0
 3  C  4.970000000  1.229756000  0.000000000  2.0 2.0
 4  C  6.390000000  1.229756000  0.000000000  2.0 2.0
RightLeadAtoms.SpeciesAndCoordinates>



#
# SCF or Electronic System
#

scf.XcType                  LDA        # LDA|LSDA-CA|LSDA-PW|GGA-PBE
scf.SpinPolarization        off        # On|Off|NC
scf.ElectronicTemperature  600.0       # default=300 (K)
scf.energycutoff           200.0       # default=150 (Ry)
scf.maxIter                200         # default=40
scf.EigenvalueSolver       NEGF        # DC|GDC|Cluster|Band
#scf.lapack.dste            dstevx      # dstegr|dstedc|dstevx, default=dstegr
scf.Kgrid                  1 1 1       # means n1 x n2 x n3
scf.Mixing.Type           rmm-diisk    # Simple|Rmm-Diis|Gr-Pulay|Kerker|Rmm-Diisk
scf.Init.Mixing.Weight     0.010       # default=0.30
scf.Min.Mixing.Weight      0.001       # default=0.001
scf.Max.Mixing.Weight      0.100       # default=0.40
scf.Mixing.History          40         # default=5
scf.Mixing.StartPulay       10         # default=6
#scf.Kerker.factor          1.0         # default=1.0  
scf.criterion             1.0e-7       # default=1.0e-6 (Hartree)


***********************************************************
***********************************************************

  Required cutoff energy (Ryd) for 3D-grids = 200.0000
      Used cutoff energy (Ryd) for 3D-grids = 197.3731, 201.4850, 195.0117
  Num. of grids of a-, b-, and c-axes = 108, 21, 84

  Num.Grid1.   108
  Num.Grid2.    21
  Num.Grid3.    84


  Cell_Volume =   2121.174184192310 (Bohr^3)
  GridVol     =      0.011134071262 (Bohr^3)
  Cell vectors (bohr) of the grid cell (gtv)
    gtv_a =  0.223617575315,  0.000000000000,  0.000000000000
    gtv_b =  0.000000000000,  0.221324001092,  0.000000000000
    gtv_c =  0.000000000000,  0.000000000000,  0.224967379593
    |gtv_a| =  0.223617575315
    |gtv_b| =  0.221324001092
    |gtv_c| =  0.224967379593

***********************************************************
***********************************************************


***********************************************************
***********************************************************
                  SCF history at MD= 1                    
***********************************************************
***********************************************************

   SCF=   1  NormRD=  1.000000000000  Uele=  0.000000000000
   SCF=   2  NormRD=  0.149707533380  Uele=  0.000000000000
   SCF=   3  NormRD=  0.149124067841  Uele=  0.000000000000
   SCF=   4  NormRD=  0.143505060122  Uele=  0.000000000000
   SCF=   5  NormRD=  0.138287377195  Uele=  0.000000000000
   SCF=   6  NormRD=  0.133439264168  Uele=  0.000000000000
   SCF=   7  NormRD=  0.128930110851  Uele=  0.000000000000
   SCF=   8  NormRD=  0.124732515235  Uele=  0.000000000000
   SCF=   9  NormRD=  0.120821142121  Uele=  0.000000000000
   SCF=  10  NormRD=  0.117171539221  Uele=  0.000000000000
   SCF=  11  NormRD=  0.066430162690  Uele=  0.000000000000
   SCF=  12  NormRD=  0.036367012384  Uele=  0.000000000000
   SCF=  13  NormRD=  0.021141269315  Uele=  0.000000000000
   SCF=  14  NormRD=  0.014293761793  Uele=  0.000000000000
   SCF=  15  NormRD=  0.010272673385  Uele=  0.000000000000
   SCF=  16  NormRD=  0.005335060064  Uele=  0.000000000000
   SCF=  17  NormRD=  0.002432942972  Uele=  0.000000000000
   SCF=  18  NormRD=  0.000993640915  Uele=  0.000000000000
   SCF=  19  NormRD=  0.000352718829  Uele=  0.000000000000
   SCF=  20  NormRD=  0.000213791048  Uele=  0.000000000000
   SCF=  21  NormRD=  0.048017647554  Uele=  0.000000000000
   SCF=  22  NormRD=  0.048031240208  Uele=  0.000000000000
   SCF=  23  NormRD=  0.047979801858  Uele=  0.000000000000
   SCF=  24  NormRD=  0.047955594759  Uele=  0.000000000000
   SCF=  25  NormRD=  0.047885496932  Uele=  0.000000000000
   SCF=  26  NormRD=  0.047813654977  Uele=  0.000000000000
   SCF=  27  NormRD=  0.047792828111  Uele=  0.000000000000
   SCF=  28  NormRD=  0.047708114417  Uele=  0.000000000000
   SCF=  29  NormRD=  0.047652252333  Uele=  0.000000000000
   SCF=  30  NormRD=  0.047669750993  Uele=  0.000000000000
   SCF=  31  NormRD=  0.047541821258  Uele=  0.000000000000
   SCF=  32  NormRD=  0.047521976267  Uele=  0.000000000000
   SCF=  33  NormRD=  0.047040559689  Uele=  0.000000000000
   SCF=  34  NormRD=  0.046536587953  Uele=  0.000000000000
   SCF=  35  NormRD=  0.046168234349  Uele=  0.000000000000
   SCF=  36  NormRD=  0.045475007856  Uele=  0.000000000000
   SCF=  37  NormRD=  0.043550957804  Uele=  0.000000000000
   SCF=  38  NormRD=  0.043506882185  Uele=  0.000000000000
   SCF=  39  NormRD=  0.039659184530  Uele=  0.000000000000
   SCF=  40  NormRD=  0.039743587432  Uele=  0.000000000000
   SCF=  41  NormRD=  0.038272554246  Uele=  0.000000000000
   SCF=  42  NormRD=  0.034877184044  Uele=  0.000000000000
   SCF=  43  NormRD=  0.034711624349  Uele=  0.000000000000
   SCF=  44  NormRD=  0.023739107555  Uele=  0.000000000000
   SCF=  45  NormRD=  0.021893477502  Uele=  0.000000000000
   SCF=  46  NormRD=  0.020595804947  Uele=  0.000000000000
   SCF=  47  NormRD=  0.010693642903  Uele=  0.000000000000
   SCF=  48  NormRD=  0.009484851504  Uele=  0.000000000000
   SCF=  49  NormRD=  0.006483539832  Uele=  0.000000000000
   SCF=  50  NormRD=  0.003728685492  Uele=  0.000000000000
   SCF=  51  NormRD=  0.002422928639  Uele=  0.000000000000
   SCF=  52  NormRD=  0.001785003407  Uele=  0.000000000000
   SCF=  53  NormRD=  0.001393327893  Uele=  0.000000000000
   SCF=  54  NormRD=  0.000737419006  Uele=  0.000000000000
   SCF=  55  NormRD=  0.000609511076  Uele=  0.000000000000
   SCF=  56  NormRD=  0.000200455616  Uele=  0.000000000000
   SCF=  57  NormRD=  0.000097275407  Uele=  0.000000000000
   SCF=  58  NormRD=  0.000014557740  Uele=  0.000000000000
   SCF=  59  NormRD=  0.000036325019  Uele=  0.000000000000
   SCF=  60  NormRD=  0.000028123075  Uele=  0.000000000000
   SCF=  61  NormRD=  0.000000373763  Uele=  0.000000000000
   SCF=  62  NormRD=  0.000001877275  Uele=  0.000000000000
   SCF=  63  NormRD=  0.000000507644  Uele=  0.000000000000
   SCF=  64  NormRD=  0.000000315937  Uele=  0.000000000000
   SCF=  65  NormRD=  0.000000087981  Uele=  0.000000000000

*******************************************************
        Total energy (Hartree) at MD = 1        
*******************************************************

  Uele.          0.000000000000

  Ukin.         45.443992498250
  UH0.        -615.447677287009
  UH1.           0.506590934366
  Una.         -31.458523527085
  Unl.          -5.115169187723
  Uxc0.        -11.211010845777
  Uxc1.        -11.211010845777
  Ucore.       559.098803478612
  Uhub.          0.000000000000
  Ucs.           0.000000000000
  Uzs.           0.000000000000
  Uzo.           0.000000000000
  Uef.           0.000000000000
  UvdW.          0.000000000000
  Uch.           0.000000000000
  Utot.        -69.394004782144

  UpV.           0.000000000000
  Enpy.        -69.394004782144
  Note:

  Utot = Ukin+UH0+UH1+Una+Unl+Uxc0+Uxc1+Ucore+Uhub+Ucs+Uzs+Uzo+Uef+UvdW+Uch

  Uele:   band energy
  Ukin:   kinetic energy
  UH0:    electric part of screened Coulomb energy
  UH1:    difference electron-electron Coulomb energy
  Una:    neutral atom potential energy
  Unl:    non-local potential energy
  Uxc0:   exchange-correlation energy for alpha spin
  Uxc1:   exchange-correlation energy for beta spin
  Ucore:  core-core Coulomb energy
  Uhub:   LDA+U energy
  Ucs:    constraint energy for spin orientation
  Uzs:    Zeeman term for spin magnetic moment
  Uzo:    Zeeman term for orbital magnetic moment
  Uef:    electric energy by electric field
  UvdW:   semi-empirical vdW energy
  Uch:    penalty term to create a core hole

  UpV:    pressure times volume
  Enpy:   Enthalpy = Utot + UpV
  (see also PRB 72, 045121(2005) for the energy contributions)



  Chemical potential of left lead  (Hartree)      -0.191402232163
  Chemical potential of right lead (Hartree)      -0.191402232163

***********************************************************
***********************************************************
            Informaions for NEGF calculation               
***********************************************************
***********************************************************


Intrinsic chemical potential (eV) of the leads
  Left lead:  -5.208319733543
  Right lead: -5.208319733543
  add voltage =  0.0000 (eV) to the  left lead: new ChemP (eV):  -5.2083
  add voltage =  0.0000 (eV) to the right lead: new ChemP (eV):  -5.2083

  Intrinsic bias volatage:   0.000000000000 (eV)
  Net bias volatage:         0.000000000000 (eV)

Parameters for the integration of the non-equilibrium part
  lower bound:           -5.208319733543 (eV)
  upper bound:           -5.208319733543 (eV)
  energy step:            0.020000000000 (eV)
  number of steps:             0     

Sum of transmission eigenvalues

  Sum.Eigentrans.k0.E0.S0       2.2700481337e-10

***********************************************************
***********************************************************
           Eigenvalues (Hartree) of SCF KS-eq.           
***********************************************************
***********************************************************

   Chemical Potential (Hatree) =  -0.15939439701358
   Number of States            =  48.00000000000006
   Eigenvalues
              Up-spin           Down-spin

   kloop=0
   k1=   0.00000 k2=  -0.45000 k3=   0.00000

    1   -0.77441652250389  -0.77441652250389
    2   -0.75330312260248  -0.75330312260248
    3   -0.75139453911970  -0.75139453911970
    4   -0.71496700905034  -0.71496700905034
    5   -0.70657296518025  -0.70657296518025
    6   -0.70376216927921  -0.70376216927921
    7   -0.66251343961343  -0.66251343961343
    8   -0.66157811667707  -0.66157811667707
    9   -0.61805656204649  -0.61805656204649
   10   -0.61728273911117  -0.61728273911117
   11   -0.60192429211340  -0.60192429211340
   12   -0.54794823090880  -0.54794823090880
   13   -0.51293822333386  -0.51293822333386
   14   -0.47067835455448  -0.47067835455448
   15   -0.44219676646606  -0.44219676646606
   16   -0.44149642635469  -0.44149642635469
   17   -0.41839822364214  -0.41839822364214
   18   -0.41718843042480  -0.41718843042480
   19   -0.28782619740709  -0.28782619740709
   20   -0.27015421940829  -0.27015421940829
   21   -0.26874306350050  -0.26874306350050
   22   -0.23671402363405  -0.23671402363405
   23   -0.23515772448575  -0.23515772448575
   24   -0.22649313827275  -0.22649313827275
   25   -0.09069412721554  -0.09069412721554
   26   -0.09006287496951  -0.09006287496951
   27   -0.08516823581524  -0.08516823581524
   28   -0.04949112192676  -0.04949112192676
   29   -0.04537704500255  -0.04537704500255
   30   -0.01292425474331  -0.01292425474331
   31    0.23500897074707   0.23500897074707
   32    0.23764473270784   0.23764473270784
   33    0.26891564039469   0.26891564039469
   34    0.27275621398691   0.27275621398691
   35    0.36930345031758   0.36930345031758
   36    0.38948787328615   0.38948787328615
   37    0.40517002581024   0.40517002581024
   38    0.42730671002310   0.42730671002310
   39    0.50540122033468   0.50540122033468
   40    0.50654991359040   0.50654991359040
   41    0.52186318874154   0.52186318874154
   42    0.52346243052013   0.52346243052013
   43    0.60694459224003   0.60694459224003
   44    0.61094494647832   0.61094494647832
   45    0.65507663329121   0.65507663329121
   46    0.65540296815371   0.65540296815371
   47    0.66017920221428   0.66017920221428
   48    0.71563184607153   0.71563184607153
   49    0.71788066895375   0.71788066895375
   50    0.72070681420671   0.72070681420671
   51    0.72171820899322   0.72171820899322
   52    0.82960329951472   0.82960329951472
   53    0.83124207795200   0.83124207795200
   54    0.92530995279283   0.92530995279283
   55    1.07386056787446   1.07386056787446
   56    1.07539931154572   1.07539931154572
   57    1.20146360065788   1.20146360065788
   58    1.20217409645913   1.20217409645913
   59    1.28288052948542   1.28288052948542
   60    1.51801472076534   1.51801472076534

   kloop=1
   k1=   0.00000 k2=  -0.35000 k3=   0.00000

    1   -0.82536620777509  -0.82536620777509
    2   -0.80268913981916  -0.80268913981916
    3   -0.80097732491303  -0.80097732491303
    4   -0.73363797604349  -0.73363797604349
    5   -0.73349053030625  -0.73349053030625
    6   -0.65780618775116  -0.65780618775116
    7   -0.64572766142759  -0.64572766142759
    8   -0.61472070271984  -0.61472070271984
    9   -0.61352875959332  -0.61352875959332
   10   -0.55135408638263  -0.55135408638263
   11   -0.55081349880595  -0.55081349880595
   12   -0.53928653179305  -0.53928653179305
   13   -0.48528223298516  -0.48528223298516
   14   -0.46416676618609  -0.46416676618609
   15   -0.46370575444272  -0.46370575444272
   16   -0.42287375280249  -0.42287375280249
   17   -0.39789515476986  -0.39789515476986
   18   -0.39661236079179  -0.39661236079179
   19   -0.34182183541833  -0.34182183541833
   20   -0.31767115200661  -0.31767115200661
   21   -0.31673059898766  -0.31673059898766
   22   -0.24969565767954  -0.24969565767954
   23   -0.24909972616580  -0.24909972616580
   24   -0.16821535774474  -0.16821535774474
   25   -0.15057343615619  -0.15057343615619
   26   -0.06821563070916  -0.06821563070916
   27   -0.06623240392715  -0.06623240392715
   28    0.02195061905593   0.02195061905593
   29    0.02580188989106   0.02580188989106
   30    0.07081025530090   0.07081025530090
   31    0.22160584934051   0.22160584934051
   32    0.22426383598853   0.22426383598853
   33    0.31383424839737   0.31383424839737
   34    0.31699423539555   0.31699423539555
   35    0.34784804192277   0.34784804192277
   36    0.34956260578125   0.34956260578125
   37    0.41230615726441   0.41230615726441
   38    0.41915936037362   0.41915936037362
   39    0.47088946180288   0.47088946180288
   40    0.47179540413865   0.47179540413865
   41    0.52231696997605   0.52231696997605
   42    0.52431062680051   0.52431062680051
   43    0.53132842153523   0.53132842153523
   44    0.53498471470913   0.53498471470913
   45    0.57083707532537   0.57083707532537
   46    0.59987581927592   0.59987581927592
   47    0.62896033767089   0.62896033767089
   48    0.63112457243675   0.63112457243675
   49    0.67246624345280   0.67246624345280
   50    0.67777254739689   0.67777254739689
   51    0.74996593639898   0.74996593639898
   52    0.82053324710364   0.82053324710364
   53    0.82095666080897   0.82095666080897
   54    1.11971833761896   1.11971833761896
   55    1.15199415382064   1.15199415382064
   56    1.21730232177778   1.21730232177778
   57    1.22017655092143   1.22017655092143
   58    1.49737002175613   1.49737002175613
   59    1.49828007002186   1.49828007002186
   60    1.94637123965669   1.94637123965669

   kloop=2
   k1=   0.00000 k2=  -0.25000 k3=   0.00000

    1   -0.86426535091784  -0.86426535091784
    2   -0.84097175596255  -0.84097175596255
    3   -0.83937658911335  -0.83937658911335
    4   -0.76930498598318  -0.76930498598318
    5   -0.76920315316973  -0.76920315316973
    6   -0.67854669767116  -0.67854669767116
    7   -0.63981814201360  -0.63981814201360
    8   -0.55525946481094  -0.55525946481094
    9   -0.55380974291738  -0.55380974291738
   10   -0.51888410900883  -0.51888410900883
   11   -0.47952932760640  -0.47952932760640
   12   -0.47924336378972  -0.47924336378972
   13   -0.47301225776916  -0.47301225776916
   14   -0.47255898328336  -0.47255898328336
   15   -0.41800472987933  -0.41800472987933
   16   -0.38411918888259  -0.38411918888259
   17   -0.38282604879717  -0.38282604879717
   18   -0.38249498994448  -0.38249498994448
   19   -0.37432599593551  -0.37432599593551
   20   -0.35826328221603  -0.35826328221603
   21   -0.35764603923936  -0.35764603923936
   22   -0.28251287152354  -0.28251287152354
   23   -0.28239449937366  -0.28239449937366
   24   -0.19675776149230  -0.19675776149230
   25   -0.12240543222723  -0.12240543222723
   26   -0.02142084471858  -0.02142084471858
   27   -0.02040962731997  -0.02040962731997
   28    0.09588995638446   0.09588995638446
   29    0.09989119140723   0.09989119140723
   30    0.15299795704370   0.15299795704370
   31    0.23304681563507   0.23304681563507
   32    0.23533517157551   0.23533517157551
   33    0.28080211835415   0.28080211835415
   34    0.31459316670698   0.31459316670698
   35    0.36082495277357   0.36082495277357
   36    0.36274151605109   0.36274151605109
   37    0.37962434744337   0.37962434744337
   38    0.41454084779731   0.41454084779731
   39    0.41607604314248   0.41607604314248
   40    0.43226722821275   0.43226722821275
   41    0.43438676926530   0.43438676926530
   42    0.44511045735086   0.44511045735086
   43    0.48208392025054   0.48208392025054
   44    0.50782184314455   0.50782184314455
   45    0.51086706906152   0.51086706906152
   46    0.54986894588744   0.54986894588744
   47    0.57445498590326   0.57445498590326
   48    0.57658681760248   0.57658681760248
   49    0.65790776670023   0.65790776670023
   50    0.66342342859906   0.66342342859906
   51    0.73485685594224   0.73485685594224
   52    0.73547845278441   0.73547845278441
   53    0.73632170679710   0.73632170679710
   54    1.09272189753423   1.09272189753423
   55    1.10420068070809   1.10420068070809
   56    1.48092955462607   1.48092955462607
   57    1.48367100766862   1.48367100766862
   58    2.03991200869184   2.03991200869184
   59    2.04135891045150   2.04135891045150
   60    2.75066022803217   2.75066022803217

   kloop=3
   k1=   0.00000 k2=  -0.15000 k3=   0.00000

    1   -0.89010669991896  -0.89010669991896
    2   -0.86675854830541  -0.86675854830541
    3   -0.86522272385542  -0.86522272385542
    4   -0.79457088405483  -0.79457088405483
    5   -0.79443471513667  -0.79443471513667
    6   -0.70031848609363  -0.70031848609363
    7   -0.65480285606547  -0.65480285606547
    8   -0.53571127993397  -0.53571127993397
    9   -0.53478932494108  -0.53478932494108
   10   -0.46366483235566  -0.46366483235566
   11   -0.44140557839514  -0.44140557839514
   12   -0.43995711462433  -0.43995711462433
   13   -0.41580454974884  -0.41580454974884
   14   -0.41540749603770  -0.41540749603770
   15   -0.41272281459834  -0.41272281459834
   16   -0.38641073082397  -0.38641073082397
   17   -0.38598039102882  -0.38598039102882
   18   -0.37034033919654  -0.37034033919654
   19   -0.37011692213367  -0.37011692213367
   20   -0.35487054636339  -0.35487054636339
   21   -0.33403420366935  -0.33403420366935
   22   -0.30916072664358  -0.30916072664358
   23   -0.30878835190985  -0.30878835190985
   24   -0.22737175097327  -0.22737175097327
   25   -0.09493223393919  -0.09493223393919
   26    0.01554452198048   0.01554452198048
   27    0.01618788328114   0.01618788328114
   28    0.15487003113873   0.15487003113873
   29    0.15908244961200   0.15908244961200
   30    0.21929374394453   0.21929374394453
   31    0.22792191717128   0.22792191717128
   32    0.25868080123725   0.25868080123725
   33    0.26161645481437   0.26161645481437
   34    0.26614553277901   0.26614553277901
   35    0.30414847207029   0.30414847207029
   36    0.31332507197176   0.31332507197176
   37    0.31508063298733   0.31508063298733
   38    0.32566988224558   0.32566988224558
   39    0.32640593256823   0.32640593256823
   40    0.41163914906290   0.41163914906290
   41    0.42622543025015   0.42622543025015
   42    0.43138707430903   0.43138707430903
   43    0.47458103326778   0.47458103326778
   44    0.47813209513932   0.47813209513932
   45    0.48682574543067   0.48682574543067
   46    0.53156727857315   0.53156727857315
   47    0.54741852634871   0.54741852634871
   48    0.54950635693873   0.54950635693873
   49    0.61295601167135   0.61295601167135
   50    0.61793117044784   0.61793117044784
   51    0.66141180280462   0.66141180280462
   52    0.66326793381808   0.66326793381808
   53    0.68440740163501   0.68440740163501
   54    0.90305325324423   0.90305325324423
   55    1.07664399021398   1.07664399021398
   56    1.59381407801367   1.59381407801367
   57    1.59579761315054   1.59579761315054
   58    2.79719311361689   2.79719311361689
   59    2.79905121003466   2.79905121003466
   60    3.78575837323506   3.78575837323506

   kloop=4
   k1=   0.00000 k2=  -0.05000 k3=   0.00000

    1   -0.90288700251333  -0.90288700251333
    2   -0.87969333860068  -0.87969333860068
    3   -0.87818078684575  -0.87818078684575
    4   -0.80759240755672  -0.80759240755672
    5   -0.80746811056857  -0.80746811056857
    6   -0.71112766463627  -0.71112766463627
    7   -0.66734776427059  -0.66734776427059
    8   -0.53865074901186  -0.53865074901186
    9   -0.53796221794992  -0.53796221794992
   10   -0.42707216112505  -0.42707216112505
   11   -0.42061599379706  -0.42061599379706
   12   -0.40186107125056  -0.40186107125056
   13   -0.40065829454241  -0.40065829454241
   14   -0.40031438406600  -0.40031438406600
   15   -0.39973417470232  -0.39973417470232
   16   -0.38809300125085  -0.38809300125085
   17   -0.38647608186156  -0.38647608186156
   18   -0.34979175364230  -0.34979175364230
   19   -0.34857014184937  -0.34857014184937
   20   -0.32313133172526  -0.32313133172526
   21   -0.32267401838166  -0.32267401838166
   22   -0.31279669389187  -0.31279669389187
   23   -0.30979472108696  -0.30979472108696
   24   -0.24259265431083  -0.24259265431083
   25   -0.08349413173999  -0.08349413173999
   26    0.03401805902769   0.03401805902769
   27    0.03454357562635   0.03454357562635
   28    0.18704990762409   0.18704990762409
   29    0.19139944004758   0.19139944004758
   30    0.20104672337947   0.20104672337947
   31    0.20609206199434   0.20609206199434
   32    0.22878836731808   0.22878836731808
   33    0.23080573430371   0.23080573430371
   34    0.23197733291316   0.23197733291316
   35    0.23559861383055   0.23559861383055
   36    0.23603956554826   0.23603956554826
   37    0.25627562712346   0.25627562712346
   38    0.30802915620775   0.30802915620775
   39    0.30922457636965   0.30922457636965
   40    0.37757484964355   0.37757484964355
   41    0.43819949698077   0.43819949698077
   42    0.44286074631149   0.44286074631149
   43    0.48617415253308   0.48617415253308
   44    0.49099981656802   0.49099981656802
   45    0.52557966420645   0.52557966420645
   46    0.53730976885329   0.53730976885329
   47    0.53743385169528   0.53743385169528
   48    0.53958980977579   0.53958980977579
   49    0.55069126984759   0.55069126984759
   50    0.55558787708388   0.55558787708388
   51    0.62296194812604   0.62296194812604
   52    0.62309817430378   0.62309817430378
   53    0.62612034945395   0.62612034945395
   54    0.76894612472942   0.76894612472942
   55    1.07544128077616   1.07544128077616
   56    1.57461895517991   1.57461895517991
   57    1.57602962835683   1.57602962835683
   58    3.28409119155706   3.28409119155706
   59    3.28581914847358   3.28581914847358
   60    4.13484074004967   4.13484074004967

***********************************************************
***********************************************************
                   Mulliken populations                    
***********************************************************
***********************************************************

  Total spin moment (muB)   0.000000000

                    Up spin      Down spin     Sum           Diff
      1    C      1.999998359  1.999998359   3.999996717   0.000000000
      2    C      2.000706627  2.000706627   4.001413254   0.000000000
      3    C      1.999955580  1.999955580   3.999911161   0.000000000
      4    C      1.999871157  1.999871157   3.999742315   0.000000000
      5    C      1.999473553  1.999473553   3.998947106   0.000000000
      6    C      1.999473556  1.999473556   3.998947111   0.000000000
      7    C      2.000073990  2.000073990   4.000147981   0.000000000
      8    C      2.000073987  2.000073987   4.000147974   0.000000000
      9    C      2.000706626  2.000706626   4.001413253   0.000000000
     10    C      1.999998359  1.999998359   3.999996718   0.000000000
     11    C      1.999871158  1.999871158   3.999742315   0.000000000
     12    C      1.999955580  1.999955580   3.999911160   0.000000000

 Sum of MulP: up   =    24.00016 down          =    24.00016
              total=    48.00032 ideal(neutral)=    48.00000


  Decomposed Mulliken populations

    1    C          Up spin      Down spin     Sum           Diff
            multiple
  s           0    0.367364469  0.367364469   0.734728939   0.000000000
   sum over m      0.367364469  0.367364469   0.734728939   0.000000000
  s           1    0.041829697  0.041829697   0.083659394   0.000000000
   sum over m      0.041829697  0.041829697   0.083659394   0.000000000
   sum over m+mul  0.409194166  0.409194166   0.818388333   0.000000000
  px          0    0.545440198  0.545440198   1.090880396   0.000000000
  py          0    0.545370059  0.545370059   1.090740118   0.000000000
  pz          0    0.499993935  0.499993935   0.999987871   0.000000000
   sum over m      1.590804192  1.590804192   3.181608384   0.000000000
   sum over m+mul  1.590804192  1.590804192   3.181608384   0.000000000

    2    C          Up spin      Down spin     Sum           Diff
            multiple
  s           0    0.367865619  0.367865619   0.735731237   0.000000000
   sum over m      0.367865619  0.367865619   0.735731237   0.000000000
  s           1    0.041831579  0.041831579   0.083663158   0.000000000
   sum over m      0.041831579  0.041831579   0.083663158   0.000000000
   sum over m+mul  0.409697198  0.409697198   0.819394395   0.000000000
  px          0    0.545743125  0.545743125   1.091486249   0.000000000
  py          0    0.545377855  0.545377855   1.090755711   0.000000000
  pz          0    0.499888449  0.499888449   0.999776899   0.000000000
   sum over m      1.591009429  1.591009429   3.182018859   0.000000000
   sum over m+mul  1.591009429  1.591009429   3.182018859   0.000000000

    3    C          Up spin      Down spin     Sum           Diff
            multiple
  s           0    0.367356177  0.367356177   0.734712355   0.000000000
   sum over m      0.367356177  0.367356177   0.734712355   0.000000000
  s           1    0.041825304  0.041825304   0.083650608   0.000000000
   sum over m      0.041825304  0.041825304   0.083650608   0.000000000
   sum over m+mul  0.409181481  0.409181481   0.818362962   0.000000000
  px          0    0.545437339  0.545437339   1.090874678   0.000000000
  py          0    0.545369985  0.545369985   1.090739970   0.000000000
  pz          0    0.499966775  0.499966775   0.999933550   0.000000000
   sum over m      1.590774099  1.590774099   3.181548198   0.000000000
   sum over m+mul  1.590774099  1.590774099   3.181548198   0.000000000

    4    C          Up spin      Down spin     Sum           Diff
            multiple
  s           0    0.367310743  0.367310743   0.734621486   0.000000000
   sum over m      0.367310743  0.367310743   0.734621486   0.000000000
  s           1    0.041780596  0.041780596   0.083561193   0.000000000
   sum over m      0.041780596  0.041780596   0.083561193   0.000000000
   sum over m+mul  0.409091340  0.409091340   0.818182679   0.000000000
  px          0    0.545427349  0.545427349   1.090854698   0.000000000
  py          0    0.545373334  0.545373334   1.090746668   0.000000000
  pz          0    0.499979135  0.499979135   0.999958270   0.000000000
   sum over m      1.590779818  1.590779818   3.181559636   0.000000000
   sum over m+mul  1.590779818  1.590779818   3.181559636   0.000000000

    5    C          Up spin      Down spin     Sum           Diff
            multiple
  s           0    0.366960321  0.366960321   0.733920643   0.000000000
   sum over m      0.366960321  0.366960321   0.733920643   0.000000000
  s           1    0.041830796  0.041830796   0.083661592   0.000000000
   sum over m      0.041830796  0.041830796   0.083661592   0.000000000
   sum over m+mul  0.408791117  0.408791117   0.817582235   0.000000000
  px          0    0.544980705  0.544980705   1.089961409   0.000000000
  py          0    0.545499353  0.545499353   1.090998705   0.000000000
  pz          0    0.500202378  0.500202378   1.000404756   0.000000000
   sum over m      1.590682435  1.590682435   3.181364871   0.000000000
   sum over m+mul  1.590682435  1.590682435   3.181364871   0.000000000

    6    C          Up spin      Down spin     Sum           Diff
            multiple
  s           0    0.366960322  0.366960322   0.733920644   0.000000000
   sum over m      0.366960322  0.366960322   0.733920644   0.000000000
  s           1    0.041830796  0.041830796   0.083661592   0.000000000
   sum over m      0.041830796  0.041830796   0.083661592   0.000000000
   sum over m+mul  0.408791118  0.408791118   0.817582236   0.000000000
  px          0    0.544980705  0.544980705   1.089961410   0.000000000
  py          0    0.545499353  0.545499353   1.090998707   0.000000000
  pz          0    0.500202379  0.500202379   1.000404759   0.000000000
   sum over m      1.590682438  1.590682438   3.181364875   0.000000000
   sum over m+mul  1.590682438  1.590682438   3.181364875   0.000000000

    7    C          Up spin      Down spin     Sum           Diff
            multiple
  s           0    0.367402468  0.367402468   0.734804937   0.000000000
   sum over m      0.367402468  0.367402468   0.734804937   0.000000000
  s           1    0.041884939  0.041884939   0.083769877   0.000000000
   sum over m      0.041884939  0.041884939   0.083769877   0.000000000
   sum over m+mul  0.409287407  0.409287407   0.818574814   0.000000000
  px          0    0.545271648  0.545271648   1.090543295   0.000000000
  py          0    0.545466633  0.545466633   1.090933266   0.000000000
  pz          0    0.500048303  0.500048303   1.000096606   0.000000000
   sum over m      1.590786583  1.590786583   3.181573167   0.000000000
   sum over m+mul  1.590786583  1.590786583   3.181573167   0.000000000

    8    C          Up spin      Down spin     Sum           Diff
            multiple
  s           0    0.367402468  0.367402468   0.734804935   0.000000000
   sum over m      0.367402468  0.367402468   0.734804935   0.000000000
  s           1    0.041884939  0.041884939   0.083769877   0.000000000
   sum over m      0.041884939  0.041884939   0.083769877   0.000000000
   sum over m+mul  0.409287406  0.409287406   0.818574813   0.000000000
  px          0    0.545271647  0.545271647   1.090543294   0.000000000
  py          0    0.545466632  0.545466632   1.090933265   0.000000000
  pz          0    0.500048302  0.500048302   1.000096603   0.000000000
   sum over m      1.590786581  1.590786581   3.181573162   0.000000000
   sum over m+mul  1.590786581  1.590786581   3.181573162   0.000000000

    9    C          Up spin      Down spin     Sum           Diff
            multiple
  s           0    0.367865619  0.367865619   0.735731237   0.000000000
   sum over m      0.367865619  0.367865619   0.735731237   0.000000000
  s           1    0.041831579  0.041831579   0.083663158   0.000000000
   sum over m      0.041831579  0.041831579   0.083663158   0.000000000
   sum over m+mul  0.409697197  0.409697197   0.819394395   0.000000000
  px          0    0.545743124  0.545743124   1.091486249   0.000000000
  py          0    0.545377855  0.545377855   1.090755711   0.000000000
  pz          0    0.499888449  0.499888449   0.999776898   0.000000000
   sum over m      1.591009429  1.591009429   3.182018858   0.000000000
   sum over m+mul  1.591009429  1.591009429   3.182018858   0.000000000

   10    C          Up spin      Down spin     Sum           Diff
            multiple
  s           0    0.367364470  0.367364470   0.734728940   0.000000000
   sum over m      0.367364470  0.367364470   0.734728940   0.000000000
  s           1    0.041829697  0.041829697   0.083659395   0.000000000
   sum over m      0.041829697  0.041829697   0.083659395   0.000000000
   sum over m+mul  0.409194167  0.409194167   0.818388335   0.000000000
  px          0    0.545440198  0.545440198   1.090880395   0.000000000
  py          0    0.545370059  0.545370059   1.090740118   0.000000000
  pz          0    0.499993935  0.499993935   0.999987871   0.000000000
   sum over m      1.590804192  1.590804192   3.181608384   0.000000000
   sum over m+mul  1.590804192  1.590804192   3.181608384   0.000000000

   11    C          Up spin      Down spin     Sum           Diff
            multiple
  s           0    0.367310743  0.367310743   0.734621486   0.000000000
   sum over m      0.367310743  0.367310743   0.734621486   0.000000000
  s           1    0.041780596  0.041780596   0.083561193   0.000000000
   sum over m      0.041780596  0.041780596   0.083561193   0.000000000
   sum over m+mul  0.409091340  0.409091340   0.818182679   0.000000000
  px          0    0.545427349  0.545427349   1.090854698   0.000000000
  py          0    0.545373334  0.545373334   1.090746668   0.000000000
  pz          0    0.499979135  0.499979135   0.999958270   0.000000000
   sum over m      1.590779818  1.590779818   3.181559636   0.000000000
   sum over m+mul  1.590779818  1.590779818   3.181559636   0.000000000

   12    C          Up spin      Down spin     Sum           Diff
            multiple
  s           0    0.367356177  0.367356177   0.734712354   0.000000000
   sum over m      0.367356177  0.367356177   0.734712354   0.000000000
  s           1    0.041825304  0.041825304   0.083650607   0.000000000
   sum over m      0.041825304  0.041825304   0.083650607   0.000000000
   sum over m+mul  0.409181481  0.409181481   0.818362961   0.000000000
  px          0    0.545437339  0.545437339   1.090874679   0.000000000
  py          0    0.545369985  0.545369985   1.090739970   0.000000000
  pz          0    0.499966775  0.499966775   0.999933550   0.000000000
   sum over m      1.590774099  1.590774099   3.181548198   0.000000000
   sum over m+mul  1.590774099  1.590774099   3.181548198   0.000000000

***********************************************************
***********************************************************
                    Dipole moment (Debye)                  
***********************************************************
***********************************************************

 Absolute D        0.00239979

                      Dx                Dy                Dz
 Total             -0.00239330        0.00017639        0.00000000
 Core             327.38657538      141.76253711        0.00000000
 Electron        -327.38896869     -141.76236072        0.00000000
 Back ground       -0.00000000       -0.00000000       -0.00000000

***********************************************************
***********************************************************
       xyz-coordinates (Ang) and forces (Hartree/Bohr)  
***********************************************************
***********************************************************

<coordinates.forces
  12
    1     C    -4.26000   0.00000   0.00000   0.137355985732  0.000035334933 -0.000000000082
    2     C    -1.42000   0.00000   0.00000   0.001283734041  0.000000451270  0.000000000142
    3     C    -3.55000   1.22976   0.00000  -0.034707126945  0.000035307018  0.000000000039
    4     C    -2.13000   1.22976   0.00000   0.006000265871 -0.000000823611 -0.000000000011
    5     C     0.00000   0.00000   0.00000  -0.001263592879  0.000000440572 -0.000000000295
    6     C     2.84000   0.00000   0.00000   0.001263593999  0.000000434897  0.000000000071
    7     C     0.71000   1.22976   0.00000   0.001016790300 -0.000000485188  0.000000000331
    8     C     2.13000   1.22976   0.00000  -0.001016788369 -0.000000485352 -0.000000000202
    9     C     4.26000   0.00000   0.00000  -0.001283732938  0.000000457143  0.000000000038
   10     C     7.10000   0.00000   0.00000  -0.137355983377  0.000035335258 -0.000000000010
   11     C     4.97000   1.22976   0.00000  -0.006000263848 -0.000000822453  0.000000000049
   12     C     6.39000   1.22976   0.00000   0.034707127112  0.000035305859 -0.000000000114
coordinates.forces>

***********************************************************
***********************************************************
       Fractional coordinates of the final structure       
***********************************************************
***********************************************************

     1      C     0.66666666666667   0.00000000000000   0.00000000000000
     2      C     0.88888888888889   0.00000000000000   0.00000000000000
     3      C     0.72222222222222   0.49999997016729   0.00000000000000
     4      C     0.83333333333333   0.49999997016729   0.00000000000000
     5      C     0.00000000000000   0.00000000000000   0.00000000000000
     6      C     0.22222222222222   0.00000000000000   0.00000000000000
     7      C     0.05555555555556   0.49999997016729   0.00000000000000
     8      C     0.16666666666667   0.49999997016729   0.00000000000000
     9      C     0.33333333333333   0.00000000000000   0.00000000000000
    10      C     0.55555555555556   0.00000000000000   0.00000000000000
    11      C     0.38888888888889   0.49999997016729   0.00000000000000
    12      C     0.50000000000000   0.49999997016729   0.00000000000000

***********************************************************
***********************************************************
               Computational Time (second)                 
***********************************************************
***********************************************************

   Elapsed.Time.         7.969

                               Min_ID   Min_Time       Max_ID   Max_Time
   Total Computational Time =    63        7.968          0        7.969
   readfile                 =    26        1.719          0        1.719
   truncation               =    28        0.269          0        0.276
   MD_pac                   =     0        0.000         95        0.000
   OutData                  =    76        0.000          0        0.001
   DFT                      =     0        5.288         28        5.296

*** In DFT ***

   Set_OLP_Kin              =    43        0.041          8        0.136
   Set_Nonlocal             =     8        0.259         43        0.355
   Set_ProExpn_VNA          =    18        0.226          0        0.337
   Set_Hamiltonian          =    25        0.875          4        0.877
   Poisson                  =    13        0.245         80        0.247
   Diagonalization          =    84        1.517         31        1.519
   Mixing_DM                =   109        0.244         30        0.245
   Force                    =    25        0.110         90        0.110
   Total_Energy             =    80        0.351          0        0.351
   Set_Aden_Grid            =     0        0.012         25        0.136
   Set_Orbitals_Grid        =    18        0.000         10        0.057
   Set_Density_Grid         =    15        0.553          2        0.600
   RestartFileDFT           =    26        0.001         50        0.039
   Mulliken_Charge          =    34        0.010         59        0.012
   FFT(2D)_Density          =    10        0.153         18        0.270
   Others                   =    28        0.328         23        0.405
