***********************************************************
***********************************************************

  This calculation was performed by OpenMX Ver. 3.9
  using 112 MPI processes and 1 OpenMP threads.

  Sun Nov 24 01:46:16 2019

***********************************************************
***********************************************************

#
# File Name
#

System.CurrrentDirectory         ./    # default=./
System.Name                       negf-au-chain-nc
level.of.stdout                   1    # default=1 (1-3)
level.of.fileout                  1    # default=1 (0-2)


NEGF.filename.hks.l     lead-au-chain-nc.hks
NEGF.filename.hks.r     lead-au-chain-nc.hks

NEGF.Num.Poles             100       # default=150
NEGF.scf.Kgrid             1 1       # default=1 1

NEGF.bias.voltage          0.0       # default=0.0 (eV)
NEGF.bias.neq.im.energy    0.01      # default=0.01 (eV)
NEGF.bias.neq.energy.step  0.02      # default=0.02 (eV) 

Dos.fileout                 off      # on|off, default=off
NEGF.Dos.energyrange     -15.0 25.0 5.0e-3  #default=-10.0 10.0 5.0e-3 (eV)
NEGF.Dos.energy.div        200       # default=200
NEGF.Dos.Kgrid             1 1       # default=1 1 

#
# Transmission & Eigen Channel
#

NEGF.tran.Analysis         on        #  default on
NEGF.tran.energydiv        200       # default=200
NEGF.tran.energyrange -10 10 1.0e-3  # default=-10.0 10.0 1.0e-3 (eV)
NEGF.tran.Kgrid            1 1       # default= 1 1
NEGF.tran.Channel          on        #  default on
NEGF.Channel.Nkpoint        1        # default=1
<NEGF.Channel.kpoint
0.0  0.0
NEGF.Channel.kpoint>
# default 0.0 0.0
NEGF.Channel.Nenergy        1        # default=1
<NEGF.Channel.energy
0.0
NEGF.Channel.energy>
# default 0.0
NEGF.Channel.Num            5        # defualt=5(for collinear), 10(for Non-collinear)
NEGF.SCF.Iter.Band          20

#
# Definition of Atomic Species
#

Species.Number       1
<Definition.of.Atomic.Species
 Au    Au7.0-s2p2d2      Au_PBE19
Definition.of.Atomic.Species>

#
# Atoms
#

Atoms.SpeciesAndCoordinates.Unit   Ang # Ang|AU

Atoms.Number        9
<Atoms.SpeciesAndCoordinates 
 1  Au 5.400  0.000  0.000  8.5 8.5    0.0 0.0 0.0 0.0 0  off
 2  Au 8.100  0.000  0.000  8.5 8.5    0.0 0.0 0.0 0.0 0  off
 3  Au 10.80  0.000  0.000  8.5 8.5    0.0 0.0 0.0 0.0 0  off
 4  Au 13.50  0.000  0.000  8.5 8.5    0.0 0.0 0.0 0.0 0  off
 5  Au 16.20  0.000  0.000  8.5 8.5    0.0 0.0 0.0 0.0 0  off
 6  Au 18.90  0.000  0.000  8.5 8.5    0.0 0.0 0.0 0.0 0  off
 7  Au 21.60  0.000  0.000  8.5 8.5    0.0 0.0 0.0 0.0 0  off
 8  Au 24.30  0.000  0.000  8.5 8.5    0.0 0.0 0.0 0.0 0  off
 9  Au 27.00  0.000  0.000  8.5 8.5    0.0 0.0 0.0 0.0 0  off
Atoms.SpeciesAndCoordinates> 

#
# Lead-Left
#

LeftLeadAtoms.Number         3
<LeftLeadAtoms.SpeciesAndCoordinates           # Unit=Ang.
 1  Au -2.700  0.000  0.000  8.5 8.5    0.0 0.0 0.0 0.0 0  off
 2  Au  0.000  0.000  0.000  8.5 8.5    0.0 0.0 0.0 0.0 0  off
 3  Au  2.700  0.000  0.000  8.5 8.5    0.0 0.0 0.0 0.0 0  off
LeftLeadAtoms.SpeciesAndCoordinates>

#
# Lead-Right
#

RightLeadAtoms.Number        3 
<RightLeadAtoms.SpeciesAndCoordinates           # Unit=Ang.
 1  Au  29.70  0.000  0.000  8.5 8.5    0.0 0.0 0.0 0.0 0  off
 2  Au  32.40  0.000  0.000  8.5 8.5    0.0 0.0 0.0 0.0 0  off 
 3  Au  35.10  0.000  0.000  8.5 8.5    0.0 0.0 0.0 0.0 0  off
RightLeadAtoms.SpeciesAndCoordinates>


#
# SCF or Electronic System
#

scf.XcType                 GGA-PBE        # LDA|LSDA-CA|LSDA-PW|GGA-PBE
scf.SpinPolarization       NC          # On|Off|NC
scf.SpinOrbit.Coupling     On        # On|Off, default=off
scf.ElectronicTemperature  600.0       # default=300 (K)
scf.energycutoff           250.0       # default=150 (Ry)
scf.maxIter                1000        # default=40
scf.EigenvalueSolver       NEGF        # DC|GDC|Cluster|Band
scf.lapack.dste            dstevx      # dstegr|dstedc|dstevx, default=dstegr
scf.Kgrid                  1 1 1       # means n1 x n2 x n3
scf.Mixing.Type          rmm-diisk     # Simple|Rmm-Diis|Gr-Pulay|Kerker|Rmm-Diisk
scf.Init.Mixing.Weight      0.001      # default=0.30
scf.Min.Mixing.Weight       0.001      # default=0.001
scf.Max.Mixing.Weight       0.300      # default=0.40
scf.Mixing.History          40         # default=5
scf.Mixing.StartPulay       10         # default=6
scf.Mixing.EveryPulay       1
scf.criterion             1.0e-5       # default=1.0e-6 (Hartree)
scf.restart                  off


***********************************************************
***********************************************************

  Required cutoff energy (Ryd) for 3D-grids = 250.0000
      Used cutoff energy (Ryd) for 3D-grids = 248.4589, 254.7091, 254.7091
  Num. of grids of a-, b-, and c-axes = 384, 96, 96

  Num.Grid1.   384
  Num.Grid2.    96
  Num.Grid3.    96


  Cell_Volume =  27330.748800271806 (Bohr^3)
  GridVol     =      0.007722854275 (Bohr^3)
  Cell vectors (bohr) of the grid cell (gtv)
    gtv_a =  0.199307037858,  0.000000000000,  0.000000000000
    gtv_b =  0.000000000000,  0.196846457144,  0.000000000000
    gtv_c =  0.000000000000,  0.000000000000,  0.196846457144
    |gtv_a| =  0.199307037858
    |gtv_b| =  0.196846457144
    |gtv_c| =  0.196846457144

***********************************************************
***********************************************************


***********************************************************
***********************************************************
                  SCF history at MD= 1                    
***********************************************************
***********************************************************

   SCF=   1  NormRD=  1.000000000000  Uele=  0.000000000000
   SCF=   2  NormRD=  0.493188662187  Uele=  0.000000000000
   SCF=   3  NormRD=  0.493184074075  Uele=  0.000000000000
   SCF=   4  NormRD=  0.763048150684  Uele=  0.000000000000
   SCF=   5  NormRD=  0.629407151434  Uele=  0.000000000000
   SCF=   6  NormRD=  0.335060350796  Uele=  0.000000000000
   SCF=   7  NormRD=  0.804178589080  Uele=  0.000000000000
   SCF=   8  NormRD=  0.746265709705  Uele=  0.000000000000
   SCF=   9  NormRD=  0.409869414822  Uele=  0.000000000000
   SCF=  10  NormRD=  0.898240838684  Uele=  0.000000000000
   SCF=  11  NormRD=  0.882868850021  Uele=  0.000000000000
   SCF=  12  NormRD=  0.911214557746  Uele=  0.000000000000
   SCF=  13  NormRD=  0.824051966670  Uele=  0.000000000000
   SCF=  14  NormRD=  0.839760404268  Uele=  0.000000000000
   SCF=  15  NormRD=  0.780894070819  Uele=  0.000000000000
   SCF=  16  NormRD=  0.696121672858  Uele=  0.000000000000
   SCF=  17  NormRD=  0.585699441814  Uele=  0.000000000000
   SCF=  18  NormRD=  0.567210423574  Uele=  0.000000000000
   SCF=  19  NormRD=  0.468902167791  Uele=  0.000000000000
   SCF=  20  NormRD=  0.506792263858  Uele=  0.000000000000
   SCF=  21  NormRD=  2.100952741267  Uele=  0.000000000000
   SCF=  22  NormRD=  2.022351528257  Uele=  0.000000000000
   SCF=  23  NormRD=  1.964181950426  Uele=  0.000000000000
   SCF=  24  NormRD=  1.964280907833  Uele=  0.000000000000
   SCF=  25  NormRD=  1.975073159093  Uele=  0.000000000000
   SCF=  26  NormRD=  1.965900807554  Uele=  0.000000000000
   SCF=  27  NormRD=  2.029516584728  Uele=  0.000000000000
   SCF=  28  NormRD=  2.019460651573  Uele=  0.000000000000
   SCF=  29  NormRD=  2.004875367650  Uele=  0.000000000000
   SCF=  30  NormRD=  1.954772097544  Uele=  0.000000000000
   SCF=  31  NormRD=  1.899954480969  Uele=  0.000000000000
   SCF=  32  NormRD=  1.901839823848  Uele=  0.000000000000
   SCF=  33  NormRD=  1.903574355656  Uele=  0.000000000000
   SCF=  34  NormRD=  1.896527244810  Uele=  0.000000000000
   SCF=  35  NormRD=  1.860342545714  Uele=  0.000000000000
   SCF=  36  NormRD=  1.857104256227  Uele=  0.000000000000
   SCF=  37  NormRD=  1.826006337260  Uele=  0.000000000000
   SCF=  38  NormRD=  1.796752200510  Uele=  0.000000000000
   SCF=  39  NormRD=  1.792114675731  Uele=  0.000000000000
   SCF=  40  NormRD=  1.796165491755  Uele=  0.000000000000
   SCF=  41  NormRD=  1.795132201815  Uele=  0.000000000000
   SCF=  42  NormRD=  1.743952389888  Uele=  0.000000000000
   SCF=  43  NormRD=  1.570320774870  Uele=  0.000000000000
   SCF=  44  NormRD=  1.589521659122  Uele=  0.000000000000
   SCF=  45  NormRD=  1.571185887641  Uele=  0.000000000000
   SCF=  46  NormRD=  1.647767389236  Uele=  0.000000000000
   SCF=  47  NormRD=  1.642748462019  Uele=  0.000000000000
   SCF=  48  NormRD=  1.648350313427  Uele=  0.000000000000
   SCF=  49  NormRD=  1.708104879301  Uele=  0.000000000000
   SCF=  50  NormRD=  1.168349454901  Uele=  0.000000000000
   SCF=  51  NormRD=  1.328088602222  Uele=  0.000000000000
   SCF=  52  NormRD=  1.423852068422  Uele=  0.000000000000
   SCF=  53  NormRD=  1.313139504083  Uele=  0.000000000000
   SCF=  54  NormRD=  1.582701370867  Uele=  0.000000000000
   SCF=  55  NormRD=  1.303320818276  Uele=  0.000000000000
   SCF=  56  NormRD=  0.929555505524  Uele=  0.000000000000
   SCF=  57  NormRD=  0.815280649077  Uele=  0.000000000000
   SCF=  58  NormRD=  0.684570533352  Uele=  0.000000000000
   SCF=  59  NormRD=  0.530319882713  Uele=  0.000000000000
   SCF=  60  NormRD=  0.451114720847  Uele=  0.000000000000
   SCF=  61  NormRD=  1.243666135441  Uele=  0.000000000000
   SCF=  62  NormRD=  0.305772511202  Uele=  0.000000000000
   SCF=  63  NormRD=  0.495634325956  Uele=  0.000000000000
   SCF=  64  NormRD=  0.510171693516  Uele=  0.000000000000
   SCF=  65  NormRD=  0.309233051242  Uele=  0.000000000000
   SCF=  66  NormRD=  0.311149255923  Uele=  0.000000000000
   SCF=  67  NormRD=  0.286817935770  Uele=  0.000000000000
   SCF=  68  NormRD=  0.915509810069  Uele=  0.000000000000
   SCF=  69  NormRD=  0.678806002872  Uele=  0.000000000000
   SCF=  70  NormRD=  0.595389144028  Uele=  0.000000000000
   SCF=  71  NormRD=  0.467526635559  Uele=  0.000000000000
   SCF=  72  NormRD=  0.395322253907  Uele=  0.000000000000
   SCF=  73  NormRD=  0.331602817846  Uele=  0.000000000000
   SCF=  74  NormRD=  0.265773272397  Uele=  0.000000000000
   SCF=  75  NormRD=  0.128005461613  Uele=  0.000000000000
   SCF=  76  NormRD=  0.147284237537  Uele=  0.000000000000
   SCF=  77  NormRD=  0.491277627885  Uele=  0.000000000000
   SCF=  78  NormRD=  0.682409169480  Uele=  0.000000000000
   SCF=  79  NormRD=  0.716459074924  Uele=  0.000000000000
   SCF=  80  NormRD=  0.540153927477  Uele=  0.000000000000
   SCF=  81  NormRD=  0.640218770041  Uele=  0.000000000000
   SCF=  82  NormRD=  0.179277048495  Uele=  0.000000000000
   SCF=  83  NormRD=  0.076181280133  Uele=  0.000000000000
   SCF=  84  NormRD=  0.069251731416  Uele=  0.000000000000
   SCF=  85  NormRD=  0.061585779157  Uele=  0.000000000000
   SCF=  86  NormRD=  0.145038611691  Uele=  0.000000000000
   SCF=  87  NormRD=  0.112841998264  Uele=  0.000000000000
   SCF=  88  NormRD=  0.186562033493  Uele=  0.000000000000
   SCF=  89  NormRD=  0.049759311730  Uele=  0.000000000000
   SCF=  90  NormRD=  0.047419007095  Uele=  0.000000000000
   SCF=  91  NormRD=  0.124090203845  Uele=  0.000000000000
   SCF=  92  NormRD=  0.158374506490  Uele=  0.000000000000
   SCF=  93  NormRD=  0.140293513609  Uele=  0.000000000000
   SCF=  94  NormRD=  0.219887712052  Uele=  0.000000000000
   SCF=  95  NormRD=  0.052773331949  Uele=  0.000000000000
   SCF=  96  NormRD=  0.348801364685  Uele=  0.000000000000
   SCF=  97  NormRD=  0.232196230567  Uele=  0.000000000000
   SCF=  98  NormRD=  0.354423294637  Uele=  0.000000000000
   SCF=  99  NormRD=  0.315801463761  Uele=  0.000000000000
   SCF= 100  NormRD=  0.313017003224  Uele=  0.000000000000
   SCF= 101  NormRD=  0.220218991927  Uele=  0.000000000000
   SCF= 102  NormRD=  0.137219507361  Uele=  0.000000000000
   SCF= 103  NormRD=  0.110266258791  Uele=  0.000000000000
   SCF= 104  NormRD=  0.107249832710  Uele=  0.000000000000
   SCF= 105  NormRD=  0.135719547730  Uele=  0.000000000000
   SCF= 106  NormRD=  0.163403514980  Uele=  0.000000000000
   SCF= 107  NormRD=  0.150592583520  Uele=  0.000000000000
   SCF= 108  NormRD=  0.201370980627  Uele=  0.000000000000
   SCF= 109  NormRD=  0.138559457696  Uele=  0.000000000000
   SCF= 110  NormRD=  0.111974225031  Uele=  0.000000000000
   SCF= 111  NormRD=  0.141070001942  Uele=  0.000000000000
   SCF= 112  NormRD=  0.173170815987  Uele=  0.000000000000
   SCF= 113  NormRD=  0.118639625954  Uele=  0.000000000000
   SCF= 114  NormRD=  0.121652411849  Uele=  0.000000000000
   SCF= 115  NormRD=  0.072338073512  Uele=  0.000000000000
   SCF= 116  NormRD=  0.143946147788  Uele=  0.000000000000
   SCF= 117  NormRD=  0.111376545872  Uele=  0.000000000000
   SCF= 118  NormRD=  0.111733539027  Uele=  0.000000000000
   SCF= 119  NormRD=  0.103705142134  Uele=  0.000000000000
   SCF= 120  NormRD=  0.112097496428  Uele=  0.000000000000
   SCF= 121  NormRD=  0.148653874685  Uele=  0.000000000000
   SCF= 122  NormRD=  0.222968700482  Uele=  0.000000000000
   SCF= 123  NormRD=  0.264746789041  Uele=  0.000000000000
   SCF= 124  NormRD=  0.221463358802  Uele=  0.000000000000
   SCF= 125  NormRD=  0.137849906486  Uele=  0.000000000000
   SCF= 126  NormRD=  0.078497712928  Uele=  0.000000000000
   SCF= 127  NormRD=  0.126352320291  Uele=  0.000000000000
   SCF= 128  NormRD=  0.068288945941  Uele=  0.000000000000
   SCF= 129  NormRD=  0.087225245269  Uele=  0.000000000000
   SCF= 130  NormRD=  0.129051445874  Uele=  0.000000000000
   SCF= 131  NormRD=  0.113299771506  Uele=  0.000000000000
   SCF= 132  NormRD=  0.102432083263  Uele=  0.000000000000
   SCF= 133  NormRD=  0.115026826622  Uele=  0.000000000000
   SCF= 134  NormRD=  0.117473392088  Uele=  0.000000000000
   SCF= 135  NormRD=  0.115928933622  Uele=  0.000000000000
   SCF= 136  NormRD=  0.112953139842  Uele=  0.000000000000
   SCF= 137  NormRD=  0.105524133890  Uele=  0.000000000000
   SCF= 138  NormRD=  0.108565794144  Uele=  0.000000000000
   SCF= 139  NormRD=  0.111439771303  Uele=  0.000000000000
   SCF= 140  NormRD=  0.117423951611  Uele=  0.000000000000
   SCF= 141  NormRD=  0.110742934509  Uele=  0.000000000000
   SCF= 142  NormRD=  0.118670270862  Uele=  0.000000000000
   SCF= 143  NormRD=  0.126407396476  Uele=  0.000000000000
   SCF= 144  NormRD=  0.095493905580  Uele=  0.000000000000
   SCF= 145  NormRD=  0.095124153413  Uele=  0.000000000000
   SCF= 146  NormRD=  0.095035958055  Uele=  0.000000000000
   SCF= 147  NormRD=  0.106677738643  Uele=  0.000000000000
   SCF= 148  NormRD=  0.123364249714  Uele=  0.000000000000
   SCF= 149  NormRD=  0.095679017457  Uele=  0.000000000000
   SCF= 150  NormRD=  0.075038032607  Uele=  0.000000000000
   SCF= 151  NormRD=  0.072910644808  Uele=  0.000000000000
   SCF= 152  NormRD=  0.068783671526  Uele=  0.000000000000
   SCF= 153  NormRD=  0.091788658419  Uele=  0.000000000000
   SCF= 154  NormRD=  0.078301569885  Uele=  0.000000000000
   SCF= 155  NormRD=  0.069133781502  Uele=  0.000000000000
   SCF= 156  NormRD=  0.073374547461  Uele=  0.000000000000
   SCF= 157  NormRD=  0.080959923640  Uele=  0.000000000000
   SCF= 158  NormRD=  0.086079171409  Uele=  0.000000000000
   SCF= 159  NormRD=  0.139995754711  Uele=  0.000000000000
   SCF= 160  NormRD=  0.089914851743  Uele=  0.000000000000
   SCF= 161  NormRD=  0.068839605407  Uele=  0.000000000000
   SCF= 162  NormRD=  0.068541067664  Uele=  0.000000000000
   SCF= 163  NormRD=  0.068397121195  Uele=  0.000000000000
   SCF= 164  NormRD=  0.062339925507  Uele=  0.000000000000
   SCF= 165  NormRD=  0.054050104161  Uele=  0.000000000000
   SCF= 166  NormRD=  0.042373061816  Uele=  0.000000000000
   SCF= 167  NormRD=  0.028690845332  Uele=  0.000000000000
   SCF= 168  NormRD=  0.051590254195  Uele=  0.000000000000
   SCF= 169  NormRD=  0.036590011195  Uele=  0.000000000000
   SCF= 170  NormRD=  0.045528946992  Uele=  0.000000000000
   SCF= 171  NormRD=  0.048448506010  Uele=  0.000000000000
   SCF= 172  NormRD=  0.039901288250  Uele=  0.000000000000
   SCF= 173  NormRD=  0.039049368878  Uele=  0.000000000000
   SCF= 174  NormRD=  0.041217664266  Uele=  0.000000000000
   SCF= 175  NormRD=  0.042784334589  Uele=  0.000000000000
   SCF= 176  NormRD=  0.036547425232  Uele=  0.000000000000
   SCF= 177  NormRD=  0.038427052327  Uele=  0.000000000000
   SCF= 178  NormRD=  0.038625729412  Uele=  0.000000000000
   SCF= 179  NormRD=  0.041483474932  Uele=  0.000000000000
   SCF= 180  NormRD=  0.023829124113  Uele=  0.000000000000
   SCF= 181  NormRD=  0.022723254384  Uele=  0.000000000000
   SCF= 182  NormRD=  0.020340566901  Uele=  0.000000000000
   SCF= 183  NormRD=  0.037661175069  Uele=  0.000000000000
   SCF= 184  NormRD=  0.027438304301  Uele=  0.000000000000
   SCF= 185  NormRD=  0.013667475984  Uele=  0.000000000000
   SCF= 186  NormRD=  0.013893711267  Uele=  0.000000000000
   SCF= 187  NormRD=  0.015452665665  Uele=  0.000000000000
   SCF= 188  NormRD=  0.012099852192  Uele=  0.000000000000
   SCF= 189  NormRD=  0.012242966154  Uele=  0.000000000000
   SCF= 190  NormRD=  0.009395710068  Uele=  0.000000000000
   SCF= 191  NormRD=  0.008041600984  Uele=  0.000000000000
   SCF= 192  NormRD=  0.007758020808  Uele=  0.000000000000
   SCF= 193  NormRD=  0.007610580585  Uele=  0.000000000000
   SCF= 194  NormRD=  0.007612598274  Uele=  0.000000000000
   SCF= 195  NormRD=  0.007718450797  Uele=  0.000000000000
   SCF= 196  NormRD=  0.007695312775  Uele=  0.000000000000
   SCF= 197  NormRD=  0.007653945204  Uele=  0.000000000000
   SCF= 198  NormRD=  0.007640703712  Uele=  0.000000000000
   SCF= 199  NormRD=  0.007948941034  Uele=  0.000000000000
   SCF= 200  NormRD=  0.008955038546  Uele=  0.000000000000
   SCF= 201  NormRD=  0.008170503693  Uele=  0.000000000000
   SCF= 202  NormRD=  0.013820444079  Uele=  0.000000000000
   SCF= 203  NormRD=  0.009078668731  Uele=  0.000000000000
   SCF= 204  NormRD=  0.007607114225  Uele=  0.000000000000
   SCF= 205  NormRD=  0.007048711812  Uele=  0.000000000000
   SCF= 206  NormRD=  0.003832320274  Uele=  0.000000000000
   SCF= 207  NormRD=  0.002753814939  Uele=  0.000000000000
   SCF= 208  NormRD=  0.001468666091  Uele=  0.000000000000
   SCF= 209  NormRD=  0.000905787544  Uele=  0.000000000000
   SCF= 210  NormRD=  0.000480908873  Uele=  0.000000000000
   SCF= 211  NormRD=  0.000254446683  Uele=  0.000000000000
   SCF= 212  NormRD=  0.000213652012  Uele=  0.000000000000
   SCF= 213  NormRD=  0.000177396005  Uele=  0.000000000000
   SCF= 214  NormRD=  0.000104975706  Uele=  0.000000000000
   SCF= 215  NormRD=  0.000091713035  Uele=  0.000000000000
   SCF= 216  NormRD=  0.000034933003  Uele=  0.000000000000
   SCF= 217  NormRD=  0.000027035230  Uele=  0.000000000000
   SCF= 218  NormRD=  0.000030054985  Uele=  0.000000000000
   SCF= 219  NormRD=  0.000020903309  Uele=  0.000000000000
   SCF= 220  NormRD=  0.000011379826  Uele=  0.000000000000
   SCF= 221  NormRD=  0.000006535435  Uele=  0.000000000000

*******************************************************
        Total energy (Hartree) at MD = 1        
*******************************************************

  Uele.          0.000000000000

  Ukin.        591.429891698343
  UH0.       -2609.657936407473
  UH1.           0.067191821136
  Una.        -436.208286177056
  Unl.        -170.393874279031
  Uxc0.       -116.658352088349
  Uxc1.       -116.585804817691
  Ucore.      1274.435208008333
  Uhub.          0.000000000000
  Ucs.           0.000000000000
  Uzs.           0.000000000000
  Uzo.           0.000000000000
  Uef.           0.000000000000
  UvdW.          0.000000000000
  Uch.           0.000000000000
  Utot.      -1583.571962241788

  UpV.           0.000000000000
  Enpy.      -1583.571962241788
  Note:

  Utot = Ukin+UH0+UH1+Una+Unl+Uxc0+Uxc1+Ucore+Uhub+Ucs+Uzs+Uzo+Uef+UvdW+Uch

  Uele:   band energy
  Ukin:   kinetic energy
  UH0:    electric part of screened Coulomb energy
  UH1:    difference electron-electron Coulomb energy
  Una:    neutral atom potential energy
  Unl:    non-local potential energy
  Uxc0:   exchange-correlation energy for alpha spin
  Uxc1:   exchange-correlation energy for beta spin
  Ucore:  core-core Coulomb energy
  Uhub:   LDA+U energy
  Ucs:    constraint energy for spin orientation
  Uzs:    Zeeman term for spin magnetic moment
  Uzo:    Zeeman term for orbital magnetic moment
  Uef:    electric energy by electric field
  UvdW:   semi-empirical vdW energy
  Uch:    penalty term to create a core hole

  UpV:    pressure times volume
  Enpy:   Enthalpy = Utot + UpV
  (see also PRB 72, 045121(2005) for the energy contributions)



  Chemical potential of left lead  (Hartree)      -0.225846384512
  Chemical potential of right lead (Hartree)      -0.225846384512

***********************************************************
***********************************************************
            Informaions for NEGF calculation               
***********************************************************
***********************************************************


Intrinsic chemical potential (eV) of the leads
  Left lead:  -6.145592806904
  Right lead: -6.145592806904
  add voltage =  0.0000 (eV) to the  left lead: new ChemP (eV):  -6.1456
  add voltage =  0.0000 (eV) to the right lead: new ChemP (eV):  -6.1456

  Intrinsic bias volatage:   0.000000000000 (eV)
  Net bias volatage:         0.000000000000 (eV)

Parameters for the integration of the non-equilibrium part
  lower bound:           -6.145592806904 (eV)
  upper bound:           -6.145592806904 (eV)
  energy step:            0.020000000000 (eV)
  number of steps:             0     

Sum of transmission eigenvalues

  Sum.Eigentrans.k0.E0.S0       3.6465795947e+00

***********************************************************
***********************************************************
           Eigenvalues (Hartree) of SCF KS-eq.           
***********************************************************
***********************************************************

   Chemical Potential (Hatree) =  20.00000000000000
   Number of States            = 235.00000000000000
   Eigenvalues


   kloop=0
   k1=   0.00000 k2=   0.00000 k3=   0.00000

    1   -4.78189451155452
    2   -4.78145451658612
    3   -4.64467766111962
    4   -4.63917492569312
    5   -4.63775778626232
    6   -4.63145275217270
    7   -4.57788189055573
    8   -4.57771225051066
    9   -4.57762712510554
   10   -4.57586860728772
   11   -4.52145813786734
   12   -4.52123862406252
   13   -4.49964583227862
   14   -4.49780421500086
   15   -4.49726738597167
   16   -4.49673635579338
   17   -4.49119373649149
   18   -4.49065884299473
   19   -4.47898952087502
   20   -4.47868897926712
   21   -4.47741154095158
   22   -4.47723571205384
   23   -4.47632722446973
   24   -4.47557377902369
   25   -4.46344948195058
   26   -4.46331354166594
   27   -4.45417973459940
   28   -4.45398390393786
   29   -4.45143421205179
   30   -4.45133838442158
   31   -4.22864601294979
   32   -4.22863509777532
   33   -4.21738810928717
   34   -4.21648104903413
   35   -4.07936152299295
   36   -4.07919099217000
   37   -4.07716117032361
   38   -4.07340374431914
   39   -4.07062309335484
   40   -4.06521577515302
   41   -4.06476543678574
   42   -4.05681024571296
   43   -4.03125340900599
   44   -4.03094366266214
   45   -4.02926958471850
   46   -4.02879116322329
   47   -4.01757601247440
   48   -4.01757553970317
   49   -4.00766837383981
   50   -4.00381049283858
   51   -3.97411863914522
   52   -3.97354292286165
   53   -3.96176300118754
   54   -3.96175792246743
   55   -3.95146539355124
   56   -3.95045686990990
   57   -3.94823364606233
   58   -3.94807435622317
   59   -3.94581550624079
   60   -3.94471675561866
   61   -3.93766770362177
   62   -3.93766325514454
   63   -3.93664034979839
   64   -3.93545419959037
   65   -3.93341597138365
   66   -3.93266301206050
   67   -3.93206728079796
   68   -3.93205578630430
   69   -3.93159054282343
   70   -3.93150553287329
   71   -3.93146700171107
   72   -3.93003040454753
   73   -3.91861489790057
   74   -3.91861175752142
   75   -3.91794537197269
   76   -3.91794401466041
   77   -3.91657210172156
   78   -3.91656940614099
   79   -3.91537978083721
   80   -3.91504884209119
   81   -3.90973842467643
   82   -3.90936482012971
   83   -3.90597778384924
   84   -3.90586048939966
   85   -3.90482738025280
   86   -3.90474677853555
   87   -3.89392076885497
   88   -3.89391129864337
   89   -3.89207330157463
   90   -3.89206742978366
   91   -2.39348379336152
   92   -2.39285375417818
   93   -2.38394690916016
   94   -2.38394681192662
   95   -2.33939118738041
   96   -2.33851836853288
   97   -2.32367365822607
   98   -2.32366110779558
   99   -2.32146810155329
  100   -2.32144652520343
  101   -2.25928016482788
  102   -2.25860687160621
  103   -2.24975471614025
  104   -2.24867406465960
  105   -2.23967233701832
  106   -2.23948646455954
  107   -2.23421758264285
  108   -2.23421723941623
  109   -2.22568090460459
  110   -2.22513734434731
  111   -2.21509859219961
  112   -2.21471918613138
  113   -2.20678186777838
  114   -2.20420407241591
  115   -2.20041121362435
  116   -2.20031014027992
  117   -2.19654378556428
  118   -2.19612252262506
  119   -2.19289125045061
  120   -2.19274235248777
  121   -2.19096291894605
  122   -2.19096010313259
  123   -2.18929901173892
  124   -2.18928506260526
  125   -2.18865078801469
  126   -2.18852865844314
  127   -2.18650698068774
  128   -2.18650403720204
  129   -2.18525224231699
  130   -2.18524795344439
  131   -2.17995808375456
  132   -2.17995605193504
  133   -2.17271330324107
  134   -2.17227619499619
  135   -2.16966754272597
  136   -2.16966337386494
  137   -2.16705955172141
  138   -2.16705234534939
  139   -2.16489044106325
  140   -2.16487177400912
  141   -2.16358907386626
  142   -2.16358423400125
  143   -2.16260153172319
  144   -2.16236805222200
  145   -2.15573385237168
  146   -2.15471473728393
  147   -2.15265668994672
  148   -2.15263072026984
  149   -2.14534691689722
  150   -2.14347343711471
  151   -2.14001012768144
  152   -2.13984278017307
  153   -2.13858548026465
  154   -2.13858296588039
  155   -2.13713453207030
  156   -2.13708049985445
  157   -2.13328022354265
  158   -2.13327036601086
  159   -2.13241085020470
  160   -2.13229893950392
  161   -2.13092219817688
  162   -2.13080347841688
  163   -2.12848906436170
  164   -2.12840874390353
  165   -2.12708958822269
  166   -2.12690930314809
  167   -2.12366312844890
  168   -2.12364776555797
  169   -2.12210571095190
  170   -2.12199349959748
  171   -2.12183119497622
  172   -2.12115237675295
  173   -2.12090328175798
  174   -2.12085690242908
  175   -2.11872126130755
  176   -2.11842482432061
  177   -2.11794764576682
  178   -2.11791643220372
  179   -2.11497741609156
  180   -2.11476614629665
  181   -2.11437580350764
  182   -2.11435998547183
  183   -2.11397995958430
  184   -2.11396490974798
  185   -2.11368773394680
  186   -2.11299913979783
  187   -2.11064632329664
  188   -2.10984717495268
  189   -2.10678570275246
  190   -2.10678117516396
  191   -2.10054924023274
  192   -2.09998639378163
  193   -2.09898875378717
  194   -2.09897405741537
  195   -2.09759276844996
  196   -2.09756884738015
  197   -2.09642633614990
  198   -2.09628765512259
  199   -2.09626617051214
  200   -2.09621953755057
  201   -2.09503830086570
  202   -2.09490380545323
  203   -2.09488570148862
  204   -2.09329270597188
  205   -2.09080703546491
  206   -2.09016980754749
  207   -2.08914653465004
  208   -2.08857575328008
  209   -2.08721802071124
  210   -2.08638124582362
  211   -2.08002521158821
  212   -2.07989871401059
  213   -2.07699483030929
  214   -2.07694898427975
  215   -2.07597440320250
  216   -2.07374523881241
  217   -2.07374075700822
  218   -2.07291908663038
  219   -2.07290009342209
  220   -2.07063958563885
  221   -2.07054791862545
  222   -2.06915057941755
  223   -2.06877151346122
  224   -2.06816103663911
  225   -2.06756940649507
  226   -2.06511269671472
  227   -2.06290751445920
  228   -2.06283463344630
  229   -2.06080734513105
  230   -2.06053625783033
  231   -2.05948794211922
  232   -2.05702994516133
  233   -2.05551837331040
  234   -2.05294922822256
  235   -2.05057648741414

***********************************************************
***********************************************************
                   Mulliken populations                    
***********************************************************
***********************************************************

   Total spin moment (muB)   0.004854649   Angles (Deg) 179.999195857  -0.002484631

               Up       Down      Sum      Diff        theta      phi
    1   Au   8.49871  8.49664  16.99535   0.00206   180.00000   14.76906
    2   Au   8.49964  8.49938  16.99902   0.00025   179.99981    0.57058
    3   Au   8.50055  8.50046  17.00102   0.00009   179.99767    0.03975
    4   Au   8.50003  8.50001  17.00005   0.00002     0.00630   -0.16590
    5   Au   8.50004  8.50000  17.00004   0.00004   179.98784    0.02787
    6   Au   8.50003  8.50003  17.00006   0.00000   179.92442   -0.43641
    7   Au   8.50002  8.50002  17.00004   0.00001     0.11299    0.03739
    8   Au   8.50003  8.50002  17.00005   0.00000   179.98149   -0.59406
    9   Au   8.50002  8.50001  17.00003   0.00001     0.10744    0.05163
   10   Au   8.50002  8.50002  17.00004   0.00000   179.99919  267.99480
   11   Au   8.50003  8.49999  17.00003   0.00004   179.98085    0.01412
   12   Au   8.50003  8.50001  17.00005   0.00002     0.00926   -0.28504
   13   Au   8.50056  8.50047  17.00103   0.00009   179.99405    0.01235
   14   Au   8.49964  8.49938  16.99902   0.00026   179.99993  178.31068
   15   Au   8.49871  8.49665  16.99536   0.00206   179.99998   -0.80400

 Sum of MulP: up   =   127.49808 down          =   127.49312
              total=   254.99119 ideal(neutral)=   255.00000


  Decomposed Mulliken populations

    1   Au          Up spin      Down spin     Sum           Diff           Angles(Deg)
            multiple
  s           0    0.558352991  0.558110309   1.116463300   0.000242682     0.0000  176.0411
   sum over m      0.558352991  0.558110309   1.116463300   0.000242682
  s           1   -0.001941105 -0.001974648  -0.003915754   0.000033543     0.0000  185.4690
   sum over m     -0.001941105 -0.001974648  -0.003915754   0.000033543
   sum over m+mul  0.556411886  0.556135661   1.112547546   0.000276225
  px          0    0.994398313  0.994024840   1.988423154   0.000373473   180.0000  248.0683
  py          0    0.997374132  0.997259862   1.994633994   0.000114270   180.0000  132.1034
  pz          0    0.997533281  0.997199477   1.994732758   0.000333803   180.0000  233.0852
   sum over m      2.989305726  2.988484179   5.977789906   0.000821547
  px          1    0.060025406  0.058779904   0.118805310   0.001245503   180.0000    2.9829
  py          1    0.012104873  0.011920680   0.024025553   0.000184193   180.0000  184.5884
  pz          1    0.012166462  0.011718396   0.023884858   0.000448066   180.0000  195.2357
   sum over m      0.084296741  0.082418980   0.166715721   0.001877761
   sum over m+mul  3.073602468  3.070903159   6.144505627   0.002699309
  d3z^2-r^2   0    0.984982729  0.984971385   1.969954114   0.000011345     0.0001  164.2983
  dx^2-y^2    0    0.961941020  0.961918646   1.923859666   0.000022374     0.0001  181.9804
  dxy         0    0.966448720  0.966416350   1.932865070   0.000032370     0.0003   -7.4241
  dxz         0    0.966365918  0.966312022   1.932677940   0.000053896     0.0002   10.8256
  dyz         0    0.996687424  0.996654132   1.993341557   0.000033292     0.0000  191.4993
   sum over m      4.876425812  4.876272535   9.752698347   0.000153276
  d3z^2-r^2   1   -0.001598728 -0.001620322  -0.003219050   0.000021594     0.0000  178.4249
  dx^2-y^2    1   -0.006431799 -0.006521569  -0.012953369   0.000089770     0.0000  184.8064
  dxy         1    0.000068836  0.000026681   0.000095517   0.000042154     0.0000  185.5186
  dxz         1    0.000050163 -0.000003346   0.000046817   0.000053510     0.0000  124.3850
  dyz         1    0.000815736  0.000814553   0.001630288   0.000001183   180.0000  109.3214
   sum over m     -0.007095793 -0.007304003  -0.014399796   0.000208211
   sum over m+mul  4.869330019  4.868968532   9.738298551   0.000361487

    2   Au          Up spin      Down spin     Sum           Diff           Angles(Deg)
            multiple
  s           0    0.558366212  0.558322604   1.116688816   0.000043609   179.9999    0.8882
   sum over m      0.558366212  0.558322604   1.116688816   0.000043609
  s           1   -0.001935497 -0.001955815  -0.003891312   0.000020319   180.0000   -2.5261
   sum over m     -0.001935497 -0.001955815  -0.003891312   0.000020319
   sum over m+mul  0.556430716  0.556366788   1.112797504   0.000063928
  px          0    0.994378518  0.994378038   1.988756556   0.000000481   179.9995    0.8240
  py          0    0.997336248  0.997336017   1.994672265   0.000000231   179.9999  178.6776
  pz          0    0.997337227  0.997335278   1.994672505   0.000001950     0.0000   14.9501
   sum over m      2.989051993  2.989049332   5.978101326   0.000002661
  px          1    0.060251090  0.060200952   0.120452042   0.000050139   179.9999  179.1731
  py          1    0.012103939  0.012099411   0.024203350   0.000004528   179.9997  180.0945
  pz          1    0.012093839  0.012091387   0.024185226   0.000002452     0.0005  179.8959
   sum over m      0.084448868  0.084391750   0.168840618   0.000057118
   sum over m+mul  3.073500862  3.073441082   6.146941944   0.000059779
  d3z^2-r^2   0    0.985034221  0.985033709   1.970067930   0.000000511   179.9966  177.3795
  dx^2-y^2    0    0.961964136  0.961950015   1.923914151   0.000014122   179.9999  178.5075
  dxy         0    0.966501579  0.966482792   1.932984371   0.000018788   179.9986   -1.9599
  dxz         0    0.966527282  0.966507221   1.933034503   0.000020061   179.9987    2.7532
  dyz         0    0.996686193  0.996683569   1.993369762   0.000002624   179.9992  183.5841
   sum over m      4.876713412  4.876657306   9.753370718   0.000056106
  d3z^2-r^2   1   -0.001582038 -0.001595154  -0.003177192   0.000013116   180.0000    0.6251
  dx^2-y^2    1   -0.006402104 -0.006443454  -0.012845558   0.000041351   180.0000    0.1357
  dxy         1    0.000086853  0.000076542   0.000163395   0.000010312   180.0000  179.5667
  dxz         1    0.000079491  0.000060264   0.000139754   0.000019227   180.0000  180.7378
  dyz         1    0.000816045  0.000816010   0.001632055   0.000000036     0.0072  180.1311
   sum over m     -0.007001752 -0.007085794  -0.014087546   0.000084042
   sum over m+mul  4.869711660  4.869571512   9.739283172   0.000140148

    3   Au          Up spin      Down spin     Sum           Diff           Angles(Deg)
            multiple
  s           0    0.558810492  0.558771210   1.117581702   0.000039282   179.9970    0.0152
   sum over m      0.558810492  0.558771210   1.117581702   0.000039282
  s           1   -0.001915612 -0.001921673  -0.003837285   0.000006061   179.9999    0.1899
   sum over m     -0.001915612 -0.001921673  -0.003837285   0.000006061
   sum over m+mul  0.556894880  0.556849537   1.113744418   0.000045343
  px          0    0.994387239  0.994372537   1.988759776   0.000014701     0.0000   -0.4846
  py          0    0.997339865  0.997324748   1.994664612   0.000015117     0.0000    0.1423
  pz          0    0.997340546  0.997270456   1.994611002   0.000070090     0.0000   -0.1458
   sum over m      2.989067649  2.988967742   5.978035391   0.000099908
  px          1    0.060323275  0.060307360   0.120630635   0.000015914   179.9998  180.7124
  py          1    0.012111667  0.012108336   0.024220003   0.000003331   179.9998    0.0403
  pz          1    0.012116754  0.012107648   0.024224402   0.000009106   179.9999   -0.6957
   sum over m      0.084551695  0.084523345   0.169075040   0.000028351
   sum over m+mul  3.073619344  3.073491086   6.147110430   0.000128258
  d3z^2-r^2   0    0.985062037  0.985032215   1.970094252   0.000029821   179.9999    2.3135
  dx^2-y^2    0    0.961995797  0.961986631   1.923982428   0.000009166   179.9988    0.0876
  dxy         0    0.966624910  0.966614421   1.933239332   0.000010489   179.9956   -0.6305
  dxz         0    0.966634773  0.966624703   1.933259476   0.000010070     0.0046    0.7965
  dyz         0    0.996701387  0.996687713   1.993389101   0.000013674   179.9998  180.8555
   sum over m      4.877018904  4.876945684   9.753964588   0.000073220
  d3z^2-r^2   1   -0.001568175 -0.001571199  -0.003139374   0.000003024   179.9997  179.9181
  dx^2-y^2    1   -0.006355018 -0.006367502  -0.012722519   0.000012484   179.9998  179.9627
  dxy         1    0.000112207  0.000094443   0.000206650   0.000017763   179.9999  180.0362
  dxz         1    0.000125395  0.000093534   0.000218929   0.000031862   180.0000  180.4382
  dyz         1    0.000816896  0.000816739   0.001633635   0.000000158   179.9995  180.1748
   sum over m     -0.006868694 -0.006933985  -0.013802679   0.000065292
   sum over m+mul  4.870150210  4.870011699   9.740161909   0.000138512

    4   Au          Up spin      Down spin     Sum           Diff           Angles(Deg)
            multiple
  s           0    0.558511198  0.558458482   1.116969679   0.000052716     0.0001  185.5526
   sum over m      0.558511198  0.558458482   1.116969679   0.000052716
  s           1   -0.001932938 -0.001933255  -0.003866193   0.000000318   179.9944  180.1352
   sum over m     -0.001932938 -0.001933255  -0.003866193   0.000000318
   sum over m+mul  0.556578260  0.556525226   1.113103486   0.000053034
  px          0    0.994401278  0.994401013   1.988802291   0.000000265   179.9997   -0.2393
  py          0    0.997339452  0.997339255   1.994678707   0.000000197   179.9998   -0.3600
  pz          0    0.997339293  0.997339238   1.994678531   0.000000054     0.0006   -0.2323
   sum over m      2.989080023  2.989079506   5.978159529   0.000000516
  px          1    0.060201720  0.060193459   0.120395179   0.000008261   179.9977    0.0195
  py          1    0.012097347  0.012097056   0.024194404   0.000000291   179.9993  180.9260
  pz          1    0.012097480  0.012096141   0.024193621   0.000001340     0.0002  180.8888
   sum over m      0.084396548  0.084386656   0.168783204   0.000009892
   sum over m+mul  3.073476570  3.073466162   6.146942733   0.000010408
  d3z^2-r^2   0    0.985052258  0.985033833   1.970086091   0.000018426     0.0003  179.9759
  dx^2-y^2    0    0.961991936  0.961991233   1.923983169   0.000000703     0.0029  180.4150
  dxy         0    0.966648805  0.966625510   1.933274315   0.000023295   179.9972   -0.2326
  dxz         0    0.966653121  0.966617971   1.933271091   0.000035150   179.9981    0.2404
  dyz         0    0.996693851  0.996689726   1.993383577   0.000004126     0.0015  180.3045
   sum over m      4.877039972  4.876958273   9.753998244   0.000081699
  d3z^2-r^2   1   -0.001581122 -0.001582663  -0.003163785   0.000001541     0.0010  179.8822
  dx^2-y^2    1   -0.006393561 -0.006397088  -0.012790649   0.000003527     0.0010  179.8672
  dxy         1    0.000082691  0.000081757   0.000164447   0.000000934     0.0002  179.4695
  dxz         1    0.000082863  0.000078323   0.000161186   0.000004541     0.0001  180.2571
  dyz         1    0.000815437  0.000815425   0.001630862   0.000000013   179.9622  180.0530
   sum over m     -0.006993692 -0.007004247  -0.013997940   0.000010555
   sum over m+mul  4.870046279  4.869954025   9.740000304   0.000092254

    5   Au          Up spin      Down spin     Sum           Diff           Angles(Deg)
            multiple
  s           0    0.558496848  0.558483449   1.116980297   0.000013399   179.9771    0.0391
   sum over m      0.558496848  0.558483449   1.116980297   0.000013399
  s           1   -0.001941109 -0.001941134  -0.003882243   0.000000025     0.1989    0.0333
   sum over m     -0.001941109 -0.001941134  -0.003882243   0.000000025
   sum over m+mul  0.556555739  0.556542316   1.113098055   0.000013423
  px          0    0.994392856  0.994392850   1.988785706   0.000000006     0.0723    0.0477
  py          0    0.997339349  0.997339335   1.994678684   0.000000014   179.9886   -0.0238
  pz          0    0.997339365  0.997339335   1.994678700   0.000000029   179.9948   -0.0208
   sum over m      2.989071570  2.989071520   5.978143090   0.000000049
  px          1    0.060215819  0.060214228   0.120430048   0.000001591     0.0018   -0.8042
  py          1    0.012097781  0.012097731   0.024195512   0.000000050   179.9447    0.0028
  pz          1    0.012097894  0.012097846   0.024195740   0.000000048   179.9516    0.0695
   sum over m      0.084411494  0.084409805   0.168821299   0.000001689
   sum over m+mul  3.073483064  3.073481326   6.146964389   0.000001738
  d3z^2-r^2   0    0.985045149  0.985042624   1.970087773   0.000002526     0.0006    0.4629
  dx^2-y^2    0    0.961990623  0.961984965   1.923975588   0.000005657   179.9967    0.0646
  dxy         0    0.966640917  0.966629535   1.933270452   0.000011382   179.9927   -0.0567
  dxz         0    0.966645272  0.966631849   1.933277121   0.000013423   179.9937    0.0695
  dyz         0    0.996692007  0.996691428   1.993383436   0.000000579   179.9892  179.9896
   sum over m      4.877013968  4.876980402   9.753994370   0.000033566
  d3z^2-r^2   1   -0.001584086 -0.001584365  -0.003168450   0.000000279   179.9959  179.8600
  dx^2-y^2    1   -0.006402683 -0.006403106  -0.012805789   0.000000422   179.9845  179.9382
  dxy         1    0.000082057  0.000081950   0.000164007   0.000000107     0.0004    0.1842
  dxz         1    0.000082036  0.000081748   0.000163784   0.000000289     0.0008  180.3674
  dyz         1    0.000815455  0.000815454   0.001630909   0.000000001   179.7916    0.0843
   sum over m     -0.007007220 -0.007008319  -0.014015539   0.000001099
   sum over m+mul  4.870006748  4.869972083   9.739978831   0.000034665

    6   Au          Up spin      Down spin     Sum           Diff           Angles(Deg)
            multiple
  s           0    0.558500957  0.558498108   1.116999065   0.000002849   179.9635  180.3027
   sum over m      0.558500957  0.558498108   1.116999065   0.000002849
  s           1   -0.001939050 -0.001939107  -0.003878157   0.000000056     0.0253  180.3702
   sum over m     -0.001939050 -0.001939107  -0.003878157   0.000000056
   sum over m+mul  0.556561906  0.556559001   1.113120908   0.000002905
  px          0    0.994393820  0.994393809   1.988787629   0.000000011   179.9953   -0.2893
  py          0    0.997339320  0.997339313   1.994678633   0.000000007     0.0026  181.0782
  pz          0    0.997339319  0.997339317   1.994678635   0.000000002     0.0149  179.7259
   sum over m      2.989072458  2.989072438   5.978144897   0.000000020
  px          1    0.060210449  0.060210185   0.120420634   0.000000264     0.1449    0.0352
  py          1    0.012097794  0.012097774   0.024195567   0.000000020   179.9635  180.4270
  pz          1    0.012097952  0.012097739   0.024195690   0.000000213   179.9956  180.3445
   sum over m      0.084406195  0.084405697   0.168811892   0.000000498
   sum over m+mul  3.073478653  3.073478135   6.146956788   0.000000518
  d3z^2-r^2   0    0.985043608  0.985042017   1.970085625   0.000001592   179.9938  180.1425
  dx^2-y^2    0    0.961990961  0.961989830   1.923980791   0.000001132     0.0074  180.2933
  dxy         0    0.966636357  0.966635788   1.933272145   0.000000569     0.1589    0.0080
  dxz         0    0.966636439  0.966634395   1.933270835   0.000002044     0.0455   -0.0089
  dyz         0    0.996691766  0.996691441   1.993383207   0.000000325   179.9734  180.0849
   sum over m      4.876999132  4.876993471   9.753992603   0.000005661
  d3z^2-r^2   1   -0.001583601 -0.001583655  -0.003167256   0.000000055   179.9689  179.8651
  dx^2-y^2    1   -0.006400877 -0.006400950  -0.012801826   0.000000073     0.0526  179.8834
  dxy         1    0.000081993  0.000081944   0.000163937   0.000000049   179.9952  180.1902
  dxz         1    0.000082052  0.000081941   0.000163993   0.000000111   179.9986  180.5322
  dyz         1    0.000815457  0.000815457   0.001630914   0.000000000     1.6662  180.1273
   sum over m     -0.007004975 -0.007005263  -0.014010238   0.000000288
   sum over m+mul  4.869994157  4.869988208   9.739982365   0.000005949

    7   Au          Up spin      Down spin     Sum           Diff           Angles(Deg)
            multiple
  s           0    0.558459466  0.558455194   1.116914659   0.000004272     0.1053    0.0509
   sum over m      0.558459466  0.558455194   1.116914659   0.000004272
  s           1   -0.001932545 -0.001932645  -0.003865190   0.000000099     0.0455    0.0541
   sum over m     -0.001932545 -0.001932645  -0.003865190   0.000000099
   sum over m+mul  0.556526920  0.556522549   1.113049469   0.000004371
  px          0    0.994400294  0.994400291   1.988800584   0.000000003     0.1940    0.0353
  py          0    0.997339278  0.997339274   1.994678551   0.000000004     0.0603    0.0567
  pz          0    0.997339279  0.997339272   1.994678550   0.000000007     0.0361    0.0051
   sum over m      2.989078850  2.989078836   5.978157686   0.000000014
  px          1    0.060217412  0.060216252   0.120433664   0.000001161   179.9930  180.3992
  py          1    0.012097749  0.012097717   0.024195465   0.000000032   179.8946    0.0334
  pz          1    0.012097759  0.012097712   0.024195471   0.000000047   179.9280    0.0501
   sum over m      0.084412920  0.084411680   0.168824600   0.000001239
   sum over m+mul  3.073491770  3.073490516   6.146982286   0.000001253
  d3z^2-r^2   0    0.985045031  0.985043569   1.970088600   0.000001463   179.9967    0.1919
  dx^2-y^2    0    0.961994464  0.961994037   1.923988501   0.000000427     0.0613    0.0569
  dxy         0    0.966636561  0.966634432   1.933270992   0.000002129     0.0500    0.0329
  dxz         0    0.966635914  0.966634047   1.933269961   0.000001867     0.0570   -0.0165
  dyz         0    0.996691711  0.996691651   1.993383362   0.000000059   179.8741  179.8845
   sum over m      4.877003680  4.876997736   9.754001417   0.000005944
  d3z^2-r^2   1   -0.001581629 -0.001581641  -0.003163270   0.000000012     0.1401  179.9213
  dx^2-y^2    1   -0.006394940 -0.006394967  -0.012789907   0.000000027     0.1692  179.9501
  dxy         1    0.000082425  0.000082399   0.000164824   0.000000025   179.9739  180.0608
  dxz         1    0.000082425  0.000082410   0.000164836   0.000000015   179.9631  180.0377
  dyz         1    0.000815471  0.000815471   0.001630942   0.000000000   179.7650    0.2775
   sum over m     -0.006996248 -0.006996327  -0.013992575   0.000000079
   sum over m+mul  4.870007433  4.870001409   9.740008842   0.000006023

    8   Au          Up spin      Down spin     Sum           Diff           Angles(Deg)
            multiple
  s           0    0.558526538  0.558522650   1.117049188   0.000003888   179.9585  180.2020
   sum over m      0.558526538  0.558522650   1.117049188   0.000003888
  s           1   -0.001946126 -0.001946269  -0.003892395   0.000000143   179.9885  180.2071
   sum over m     -0.001946126 -0.001946269  -0.003892395   0.000000143
   sum over m+mul  0.556580412  0.556576381   1.113156792   0.000004031
  px          0    0.994388007  0.994388004   1.988776010   0.000000003   179.9946   -2.2787
  py          0    0.997339372  0.997339371   1.994678743   0.000000001   179.9208  180.5825
  pz          0    0.997339374  0.997339369   1.994678743   0.000000006   179.9935  179.7515
   sum over m      2.989066753  2.989066743   5.978133496   0.000000010
  px          1    0.060208964  0.060207279   0.120416243   0.000001685     0.0319    0.0577
  py          1    0.012097802  0.012097796   0.024195598   0.000000006     0.1070  180.3070
  pz          1    0.012097810  0.012097742   0.024195552   0.000000069     0.0001  -20.0389
   sum over m      0.084404576  0.084402817   0.168807393   0.000001759
   sum over m+mul  3.073471329  3.073469560   6.146940889   0.000001769
  d3z^2-r^2   0    0.985042681  0.985041364   1.970084045   0.000001318     0.0089  180.1525
  dx^2-y^2    0    0.961988157  0.961987702   1.923975860   0.000000455     0.0254  180.1560
  dxy         0    0.966634811  0.966634043   1.933268854   0.000000768   179.8670    0.0292
  dxz         0    0.966635544  0.966633404   1.933268947   0.000002140   179.9504   -0.0454
  dyz         0    0.996691423  0.996691242   1.993382665   0.000000180     0.0572  180.0322
   sum over m      4.876992616  4.876987755   9.753980371   0.000004861
  d3z^2-r^2   1   -0.001585774 -0.001585788  -0.003171562   0.000000014     0.0967  179.9550
  dx^2-y^2    1   -0.006407306 -0.006407425  -0.012814732   0.000000119   179.9774  179.8859
  dxy         1    0.000081688  0.000081649   0.000163337   0.000000039     0.0043  180.1209
  dxz         1    0.000081688  0.000081630   0.000163318   0.000000058     0.0029  179.7536
  dyz         1    0.000815441  0.000815441   0.001630882   0.000000000     2.6719  180.0808
   sum over m     -0.007014263 -0.007014493  -0.014028756   0.000000231
   sum over m+mul  4.869978353  4.869973261   9.739951615   0.000005092

    9   Au          Up spin      Down spin     Sum           Diff           Angles(Deg)
            multiple
  s           0    0.558456008  0.558451595   1.116907603   0.000004413     0.0992    0.0709
   sum over m      0.558456008  0.558451595   1.116907603   0.000004413
  s           1   -0.001932056 -0.001932151  -0.003864207   0.000000095     0.0497    0.1084
   sum over m     -0.001932056 -0.001932151  -0.003864207   0.000000095
   sum over m+mul  0.556523952  0.556519444   1.113043396   0.000004508
  px          0    0.994400875  0.994400872   1.988801746   0.000000003     0.1475    0.0424
  py          0    0.997339274  0.997339269   1.994678543   0.000000004     0.0562    0.0593
  pz          0    0.997339274  0.997339268   1.994678542   0.000000007     0.0358    0.1149
   sum over m      2.989079423  2.989079409   5.978158831   0.000000014
  px          1    0.060217594  0.060216405   0.120433999   0.000001189   179.9820  180.1829
  py          1    0.012097752  0.012097719   0.024195470   0.000000033   179.9317    0.0846
  pz          1    0.012097761  0.012097713   0.024195474   0.000000048   179.9613    0.1394
   sum over m      0.084413107  0.084411836   0.168824943   0.000001270
   sum over m+mul  3.073492530  3.073491245   6.146983775   0.000001285
  d3z^2-r^2   0    0.985044986  0.985043525   1.970088511   0.000001461   179.9972    0.2679
  dx^2-y^2    0    0.961994655  0.961994224   1.923988879   0.000000430     0.0546    0.0868
  dxy         0    0.966635002  0.966632856   1.933267858   0.000002146     0.0523    0.0303
  dxz         0    0.966634359  0.966632484   1.933266844   0.000001875     0.0601   -0.0172
  dyz         0    0.996691536  0.996691482   1.993383018   0.000000054   179.8506  179.8575
   sum over m      4.877000538  4.876994572   9.753995110   0.000005966
  d3z^2-r^2   1   -0.001581493 -0.001581504  -0.003162997   0.000000010     0.0839  179.7761
  dx^2-y^2    1   -0.006394529 -0.006394553  -0.012789082   0.000000024     0.1496  179.9516
  dxy         1    0.000082469  0.000082443   0.000164912   0.000000027   179.9574  180.0447
  dxz         1    0.000082470  0.000082454   0.000164924   0.000000016   179.9287  180.0195
  dyz         1    0.000815471  0.000815470   0.001630941   0.000000001   179.9316  179.5964
   sum over m     -0.006995612 -0.006995690  -0.013991302   0.000000079
   sum over m+mul  4.870004926  4.869998882   9.740003808   0.000006044

   10   Au          Up spin      Down spin     Sum           Diff           Angles(Deg)
            multiple
  s           0    0.558503335  0.558500167   1.117003501   0.000003168   179.9353  180.2707
   sum over m      0.558503335  0.558500167   1.117003501   0.000003168
  s           1   -0.001940303 -0.001940351  -0.003880653   0.000000048     0.1345  180.1289
   sum over m     -0.001940303 -0.001940351  -0.003880653   0.000000048
   sum over m+mul  0.556563032  0.556559816   1.113122848   0.000003216
  px          0    0.994392818  0.994392807   1.988785625   0.000000011   179.9766  180.1141
  py          0    0.997339330  0.997339323   1.994678652   0.000000007     0.0012  184.0379
  pz          0    0.997339328  0.997339327   1.994678655   0.000000002     0.0049  183.0098
   sum over m      2.989071476  2.989071456   5.978142932   0.000000020
  px          1    0.060209603  0.060209298   0.120418901   0.000000306     0.1343    0.0249
  py          1    0.012097806  0.012097780   0.024195586   0.000000025   179.8899  180.2374
  pz          1    0.012097964  0.012097746   0.024195711   0.000000218   179.9881  180.2405
   sum over m      0.084405374  0.084404824   0.168810198   0.000000550
   sum over m+mul  3.073476850  3.073476280   6.146953130   0.000000570
  d3z^2-r^2   0    0.985042948  0.985041358   1.970084306   0.000001589   179.9937  180.1951
  dx^2-y^2    0    0.961989644  0.961988516   1.923978161   0.000001128     0.0060  180.4884
  dxy         0    0.966633881  0.966633292   1.933267174   0.000000589     0.1731   -0.0015
  dxz         0    0.966633986  0.966631940   1.933265926   0.000002046     0.0524   -0.0100
  dyz         0    0.996691455  0.996691127   1.993382582   0.000000328   179.9726  180.1254
   sum over m      4.876991914  4.876986234   9.753978148   0.000005680
  d3z^2-r^2   1   -0.001583997 -0.001584055  -0.003168052   0.000000057   179.9463  179.9228
  dx^2-y^2    1   -0.006402065 -0.006402129  -0.012804194   0.000000064     0.0333  179.5580
  dxy         1    0.000081953  0.000081903   0.000163856   0.000000050   179.9867  180.0688
  dxz         1    0.000082012  0.000081900   0.000163911   0.000000112   179.9934  180.0843
  dyz         1    0.000815452  0.000815451   0.001630903   0.000000001   179.2190  180.0572
   sum over m     -0.007006646 -0.007006930  -0.014013576   0.000000285
   sum over m+mul  4.869985268  4.869979304   9.739964572   0.000005965

   11   Au          Up spin      Down spin     Sum           Diff           Angles(Deg)
            multiple
  s           0    0.558489987  0.558477424   1.116967411   0.000012563   179.9577    0.0207
   sum over m      0.558489987  0.558477424   1.116967411   0.000012563
  s           1   -0.001939894 -0.001939926  -0.003879820   0.000000033     0.2555    0.0370
   sum over m     -0.001939894 -0.001939926  -0.003879820   0.000000033
   sum over m+mul  0.556550093  0.556537498   1.113087591   0.000012595
  px          0    0.994393868  0.994393861   1.988787729   0.000000007     0.0890    0.0350
  py          0    0.997339340  0.997339326   1.994678666   0.000000013   179.9805    0.0280
  pz          0    0.997339356  0.997339327   1.994678683   0.000000029   179.9918   -0.0977
   sum over m      2.989072563  2.989072515   5.978145078   0.000000049
  px          1    0.060216062  0.060214486   0.120430548   0.000001575     0.0005  185.5174
  py          1    0.012097755  0.012097714   0.024195468   0.000000041   179.8714   -0.0160
  pz          1    0.012097868  0.012097826   0.024195695   0.000000042   179.9000    0.0561
   sum over m      0.084411685  0.084410026   0.168821711   0.000001659
   sum over m+mul  3.073484248  3.073482541   6.146966789   0.000001708
  d3z^2-r^2   0    0.985045104  0.985042553   1.970087657   0.000002551     0.0023    0.1570
  dx^2-y^2    0    0.961990783  0.961985189   1.923975971   0.000005594   179.9940    0.0136
  dxy         0    0.966639185  0.966627854   1.933267039   0.000011331   179.9918   -0.0747
  dxz         0    0.966643571  0.966630165   1.933273737   0.000013406   179.9928    0.0834
  dyz         0    0.996691807  0.996691244   1.993383050   0.000000563   179.9896  180.0312
   sum over m      4.877010450  4.876977005   9.753987455   0.000033445
  d3z^2-r^2   1   -0.001583717 -0.001584002  -0.003167719   0.000000285   179.9984    0.7455
  dx^2-y^2    1   -0.006401574 -0.006402015  -0.012803589   0.000000442   179.9741  179.8931
  dxy         1    0.000082115  0.000082008   0.000164124   0.000000107     0.0011  180.2946
  dxz         1    0.000082095  0.000081805   0.000163900   0.000000289     0.0017  180.2879
  dyz         1    0.000815455  0.000815454   0.001630909   0.000000001   179.8176    0.3587
   sum over m     -0.007005625 -0.007006749  -0.014012375   0.000001124
   sum over m+mul  4.870004825  4.869970255   9.739975080   0.000034569

   12   Au          Up spin      Down spin     Sum           Diff           Angles(Deg)
            multiple
  s           0    0.558513629  0.558460748   1.116974376   0.000052881     0.0003   -2.5723
   sum over m      0.558513629  0.558460748   1.116974376   0.000052881
  s           1   -0.001933448 -0.001933758  -0.003867206   0.000000310   179.9999  -28.7874
   sum over m     -0.001933448 -0.001933758  -0.003867206   0.000000310
   sum over m+mul  0.556580181  0.556526990   1.113107171   0.000053191
  px          0    0.994400695  0.994400429   1.988801124   0.000000265   179.9998   -0.6330
  py          0    0.997339455  0.997339258   1.994678713   0.000000197   180.0000  187.6696
  pz          0    0.997339296  0.997339241   1.994678537   0.000000055     0.0002   -2.3051
   sum over m      2.989079445  2.989078929   5.978158374   0.000000516
  px          1    0.060201380  0.060193236   0.120394617   0.000008144   179.9938    0.0011
  py          1    0.012097333  0.012097048   0.024194381   0.000000285   179.9948   -0.3392
  pz          1    0.012097472  0.012096126   0.024193598   0.000001347     0.0013   -0.3197
   sum over m      0.084396186  0.084386410   0.168782595   0.000009776
   sum over m+mul  3.073475631  3.073465339   6.146940970   0.000010292
  d3z^2-r^2   0    0.985052170  0.985033731   1.970085901   0.000018439     0.0002  180.1390
  dx^2-y^2    0    0.961991609  0.961990887   1.923982496   0.000000722     0.0005   -8.3804
  dxy         0    0.966649109  0.966625821   1.933274930   0.000023288   179.9971   -0.2924
  dxz         0    0.966653441  0.966618279   1.933271720   0.000035162   179.9980    0.3010
  dyz         0    0.996693894  0.996689765   1.993383659   0.000004128     0.0014  180.5490
   sum over m      4.877040222  4.876958483   9.753998705   0.000081739
  d3z^2-r^2   1   -0.001581266 -0.001582800  -0.003164066   0.000001534     0.0021  179.8504
  dx^2-y^2    1   -0.006393992 -0.006397497  -0.012791489   0.000003506     0.0024  179.8588
  dxy         1    0.000082653  0.000081717   0.000164371   0.000000936     0.0006    0.1897
  dxz         1    0.000082826  0.000078283   0.000161109   0.000004543     0.0001   -0.5093
  dyz         1    0.000815436  0.000815424   0.001630860   0.000000012   179.9672  180.1916
   sum over m     -0.006994342 -0.007004874  -0.013999216   0.000010531
   sum over m+mul  4.870045880  4.869953610   9.739999490   0.000092270

   13   Au          Up spin      Down spin     Sum           Diff           Angles(Deg)
            multiple
  s           0    0.558812917  0.558774526   1.117587443   0.000038391   179.9897    0.0080
   sum over m      0.558812917  0.558774526   1.117587443   0.000038391
  s           1   -0.001915692 -0.001921738  -0.003837430   0.000006046   179.9995   -0.0223
   sum over m     -0.001915692 -0.001921738  -0.003837430   0.000006046
   sum over m+mul  0.556897225  0.556852788   1.113750013   0.000044437
  px          0    0.994387215  0.994372513   1.988759728   0.000014702     0.0000    0.0149
  py          0    0.997339859  0.997324742   1.994664602   0.000015117     0.0000   -0.0092
  pz          0    0.997340541  0.997270451   1.994610991   0.000070090     0.0000    0.0690
   sum over m      2.989067615  2.988967706   5.978035321   0.000099909
  px          1    0.060323688  0.060307786   0.120631474   0.000015903   179.9995   -0.4255
  py          1    0.012111687  0.012108366   0.024220053   0.000003321   179.9986    0.0026
  pz          1    0.012116773  0.012107679   0.024224452   0.000009094   179.9995   -0.1221
   sum over m      0.084552149  0.084523830   0.169075979   0.000028318
   sum over m+mul  3.073619764  3.073491536   6.147111300   0.000128228
  d3z^2-r^2   0    0.985062464  0.985032674   1.970095138   0.000029790   179.9997    0.4661
  dx^2-y^2    0    0.961996546  0.961987440   1.923983986   0.000009107   179.9972    0.0856
  dxy         0    0.966626832  0.966616373   1.933243205   0.000010458   179.9949   -0.7493
  dxz         0    0.966636716  0.966626637   1.933263354   0.000010079     0.0050    0.9044
  dyz         0    0.996701632  0.996687974   1.993389606   0.000013659   179.9998  181.5670
   sum over m      4.877024191  4.876951098   9.753975289   0.000073093
  d3z^2-r^2   1   -0.001568193 -0.001571227  -0.003139420   0.000003034   179.9991  179.9503
  dx^2-y^2    1   -0.006355083 -0.006367590  -0.012722673   0.000012508   179.9993  180.0284
  dxy         1    0.000112203  0.000094440   0.000206643   0.000017763   180.0000  178.2949
  dxz         1    0.000125392  0.000093531   0.000218923   0.000031861   180.0000  183.8926
  dyz         1    0.000816900  0.000816743   0.001633643   0.000000157   179.9998    0.1289
   sum over m     -0.006868781 -0.006934104  -0.013802885   0.000065323
   sum over m+mul  4.870155410  4.870016994   9.740172404   0.000138416

   14   Au          Up spin      Down spin     Sum           Diff           Angles(Deg)
            multiple
  s           0    0.558364659  0.558320838   1.116685497   0.000043820   179.9986  179.8543
   sum over m      0.558364659  0.558320838   1.116685497   0.000043820
  s           1   -0.001935569 -0.001955900  -0.003891469   0.000020331   179.9999  179.8172
   sum over m     -0.001935569 -0.001955900  -0.003891469   0.000020331
   sum over m+mul  0.556429089  0.556364938   1.112794028   0.000064151
  px          0    0.994378697  0.994378217   1.988756913   0.000000480   179.9999  175.5356
  py          0    0.997336254  0.997336023   1.994672277   0.000000231   180.0000   -0.9055
  pz          0    0.997337233  0.997335283   1.994672516   0.000001950     0.0000   75.7324
   sum over m      2.989052183  2.989049523   5.978101706   0.000002661
  px          1    0.060251432  0.060201332   0.120452764   0.000050100   179.9998    0.2138
  py          1    0.012103894  0.012099363   0.024203257   0.000004531   179.9997  179.6061
  pz          1    0.012093792  0.012091342   0.024185133   0.000002450     0.0005  179.9526
   sum over m      0.084449117  0.084392037   0.168841154   0.000057080
   sum over m+mul  3.073501301  3.073441560   6.146942860   0.000059741
  d3z^2-r^2   0    0.985034335  0.985033815   1.970068150   0.000000520   179.9924  178.5280
  dx^2-y^2    0    0.961964235  0.961950096   1.923914331   0.000014139   179.9995  179.7176
  dxy         0    0.966502659  0.966483878   1.932986538   0.000018781   179.9986   -2.5619
  dxz         0    0.966528364  0.966508310   1.933036674   0.000020054   179.9987    3.1933
  dyz         0    0.996686312  0.996683685   1.993369997   0.000002627   179.9991  183.9753
   sum over m      4.876715905  4.876659784   9.753375689   0.000056121
  d3z^2-r^2   1   -0.001582084 -0.001595204  -0.003177288   0.000013120   180.0000  179.4974
  dx^2-y^2    1   -0.006402243 -0.006443604  -0.012845846   0.000041361   180.0000  179.5032
  dxy         1    0.000086891  0.000076579   0.000163470   0.000010312   180.0000  174.0602
  dxz         1    0.000079528  0.000060301   0.000139829   0.000019227   180.0000  184.7554
  dyz         1    0.000816044  0.000816010   0.001632054   0.000000034     0.0133  180.0590
   sum over m     -0.007001863 -0.007085917  -0.014087780   0.000084054
   sum over m+mul  4.869714042  4.869573867   9.739287908   0.000140175

   15   Au          Up spin      Down spin     Sum           Diff           Angles(Deg)
            multiple
  s           0    0.558353307  0.558110503   1.116463810   0.000242804     0.0001   -1.2518
   sum over m      0.558353307  0.558110503   1.116463810   0.000242804
  s           1   -0.001941022 -0.001974566  -0.003915588   0.000033544     0.0000  166.8113
   sum over m     -0.001941022 -0.001974566  -0.003915588   0.000033544
   sum over m+mul  0.556412285  0.556135937   1.112548222   0.000276347
  px          0    0.994398311  0.994024838   1.988423149   0.000373474   180.0000  186.9062
  py          0    0.997374132  0.997259862   1.994633994   0.000114270   180.0000  -77.0456
  pz          0    0.997533280  0.997199477   1.994732758   0.000333803   180.0000  106.1333
   sum over m      2.989305724  2.988484177   5.977789901   0.000821547
  px          1    0.060025397  0.058779887   0.118805283   0.001245510   180.0000  186.4634
  py          1    0.012104883  0.011920690   0.024025573   0.000184193   180.0000  -21.5307
  pz          1    0.012166472  0.011718406   0.023884878   0.000448066   180.0000  -60.9120
   sum over m      0.084296752  0.082418982   0.166715734   0.001877769
   sum over m+mul  3.073602476  3.070903159   6.144505635   0.002699316
  d3z^2-r^2   0    0.984982745  0.984971399   1.969954144   0.000011346     0.0001  151.4017
  dx^2-y^2    0    0.961940929  0.961918548   1.923859477   0.000022381     0.0000  168.6394
  dxy         0    0.966449472  0.966417097   1.932866569   0.000032375     0.0003  -10.9062
  dxz         0    0.966366669  0.966312771   1.932679440   0.000053898     0.0002    8.9930
  dyz         0    0.996687491  0.996654200   1.993341691   0.000033291     0.0000  193.8285
   sum over m      4.876427307  4.876274015   9.752701322   0.000153292
  d3z^2-r^2   1   -0.001598679 -0.001620273  -0.003218951   0.000021594     0.0000  138.6258
  dx^2-y^2    1   -0.006431652 -0.006521422  -0.012953074   0.000089770     0.0000  160.2968
  dxy         1    0.000068843  0.000026688   0.000095531   0.000042154     0.0000  135.8089
  dxz         1    0.000050171 -0.000003339   0.000046832   0.000053509     0.0000   89.0104
  dyz         1    0.000815736  0.000814553   0.001630289   0.000001183   180.0000   78.9131
   sum over m     -0.007095581 -0.007303792  -0.014399373   0.000208211
   sum over m+mul  4.869331726  4.868970222   9.738301949   0.000361504

***********************************************************
***********************************************************
                     Orbital moments                       
***********************************************************
***********************************************************

   Total Orbital Moment (muB)   0.004972760   Angles  (Deg) 179.999510911  180.020825944

          Orbital moment (muB)   theta (Deg)  phi (Deg)
    1   Au   0.00275           179.99999  181.43312
    2   Au   0.00010             0.00055  180.01449
    3   Au   0.00006             0.00201  180.17765
    4   Au   0.00008             0.00193  179.95697
    5   Au   0.00005             0.00399  180.04331
    6   Au   0.00001           179.98011  179.98387
    7   Au   0.00002           179.98300  180.04904
    8   Au   0.00001             0.03329  179.95360
    9   Au   0.00002           179.98227  180.01472
   10   Au   0.00001           179.97766  179.94859
   11   Au   0.00005             0.00457  180.02181
   12   Au   0.00008             0.00212  179.94382
   13   Au   0.00006             0.00239  180.02741
   14   Au   0.00010             0.00061  180.13363
   15   Au   0.00275           179.99999  180.18756


  Decomposed Orbital Moments

    1   Au         Orbital Moment(muB)    Angles (Deg)
            multiple
  s           0    0.000000000          180.0000    0.0000
   sum over m      0.000000000          180.0000    0.0000
  s           1    0.000000000           90.0000    0.0000
   sum over m      0.000000000           90.0000    0.0000
  px          0    0.000245647          180.0000  -90.0000
  py          0    0.000245647          180.0000  180.0000
  pz          0    0.000000000           90.2115  189.5012
   sum over m      0.000491293          180.0000  189.5012
  px          1    0.000663765          180.0000  -90.0000
  py          1    0.000663765          180.0000  180.0000
  pz          1    0.000000000           89.9971  195.9355
   sum over m      0.001327530          180.0000  195.9355
  d3z^2-r^2   0    0.000000000           89.9954  215.2658
  dx^2-y^2    0    0.000099190          180.0000  150.9579
  dxy         0    0.000099190          179.9999  177.2020
  dxz         0    0.000067392          179.9999  184.0974
  dyz         0    0.000067392          180.0000  163.2281
   sum over m      0.000333163          179.9999  181.1220
  d3z^2-r^2   1    0.000000000           89.8993  186.1153
  dx^2-y^2    1    0.000295751          180.0000   -6.5465
  dxy         1    0.000295751          180.0000   -3.9947
  dxz         1    0.000005699          180.0000  -16.0594
  dyz         1    0.000005699          180.0000  195.3470
   sum over m      0.000602900          180.0000  -25.6309

    2   Au         Orbital Moment(muB)    Angles (Deg)
            multiple
  s           0    0.000000000           90.0000    0.0000
   sum over m      0.000000000           90.0000    0.0000
  s           1    0.000000000           90.0000    0.0000
   sum over m      0.000000000           90.0000    0.0000
  px          0    0.000000187          180.0000   90.0000
  py          0    0.000000187          179.9999    0.0000
  pz          0    0.000000000           90.0086   18.4591
   sum over m      0.000000375          179.9999   18.4591
  px          1    0.000001995            0.0000    0.0000
  py          1    0.000001995            0.0000  180.0000
  pz          1    0.000000000           89.9989  180.1309
   sum over m      0.000003989            0.0000  180.1309
  d3z^2-r^2   0    0.000000000           90.0000  188.6646
  dx^2-y^2    0    0.000041711            0.0000  176.2890
  dxy         0    0.000041711            0.0006  179.1459
  dxz         0    0.000006443            0.0036  181.1299
  dyz         0    0.000006443            0.0007  175.7487
   sum over m      0.000096308            0.0006  180.2298
  d3z^2-r^2   1    0.000000000           90.0005   36.3875
  dx^2-y^2    1    0.000001400            0.0000   75.6122
  dxy         1    0.000001400            0.0001    2.0959
  dxz         1    0.000000873          179.9998   39.0971
  dyz         1    0.000000873          179.9999    3.1951
   sum over m      0.000001054            0.0004   27.1545

    3   Au         Orbital Moment(muB)    Angles (Deg)
            multiple
  s           0    0.000000000           90.0000    0.0000
   sum over m      0.000000000           90.0000    0.0000
  s           1    0.000000000           90.0000    0.0000
   sum over m      0.000000000           90.0000    0.0000
  px          0    0.000014615            0.0000   90.0000
  py          0    0.000014615            0.0000   -0.0000
  pz          0    0.000000000           90.0050    1.0189
   sum over m      0.000029229            0.0000    1.0189
  px          1    0.000002825          180.0000  -90.0000
  py          1    0.000002825          180.0000   -0.0000
  pz          1    0.000000000           90.0000  -12.1274
   sum over m      0.000005651          180.0000  -12.1274
  d3z^2-r^2   0    0.000000000           90.0000  183.5288
  dx^2-y^2    0    0.000027473          179.9999  177.8508
  dxy         0    0.000027473          179.9982  179.8167
  dxz         0    0.000022045            0.0022  180.3082
  dyz         0    0.000022045            0.0003  178.8206
   sum over m      0.000010856          179.9897  180.1082
  d3z^2-r^2   1    0.000000000           89.9996  184.3689
  dx^2-y^2    1    0.000021920            0.0000  182.1113
  dxy         1    0.000021920            0.0000   -0.5495
  dxz         1    0.000000385          179.9993   -9.0949
  dyz         1    0.000000385          179.9982  180.2219
   sum over m      0.000043070            0.0000  186.5552

    4   Au         Orbital Moment(muB)    Angles (Deg)
            multiple
  s           0    0.000000000           90.0000    0.0000
   sum over m      0.000000000           90.0000    0.0000
  s           1    0.000000000           90.0000    0.0000
   sum over m      0.000000000           90.0000    0.0000
  px          0    0.000000345          180.0000   90.0000
  py          0    0.000000345          179.9999  180.0000
  pz          0    0.000000000           90.0016  154.5642
   sum over m      0.000000690          179.9999  154.5642
  px          1    0.000000379          179.9999  -90.0000
  py          1    0.000000379          179.9997    0.0000
  pz          1    0.000000000           90.0002   -9.6239
   sum over m      0.000000757          179.9996   -9.6239
  d3z^2-r^2   0    0.000000000           90.0000  180.6010
  dx^2-y^2    0    0.000040887            0.0001  179.0408
  dxy         0    0.000040887            0.0016  179.9213
  dxz         0    0.000001973          179.9659  180.0421
  dyz         0    0.000001973          179.9932  179.6039
   sum over m      0.000077829            0.0021  179.9695
  d3z^2-r^2   1    0.000000000           90.0002  181.0538
  dx^2-y^2    1    0.000003396            0.0000  159.0588
  dxy         1    0.000003396            0.0001    2.1310
  dxz         1    0.000000008            0.0502    2.1812
  dyz         1    0.000000008            0.0258  175.8578
   sum over m      0.000006808            0.0001    8.8037

    5   Au         Orbital Moment(muB)    Angles (Deg)
            multiple
  s           0    0.000000000           90.0000    0.0000
   sum over m      0.000000000           90.0000    0.0000
  s           1    0.000000000           90.0000    0.0000
   sum over m      0.000000000           90.0000    0.0000
  px          0    0.000000006          179.9988  270.0000
  py          0    0.000000006          179.9844   -0.0000
  pz          0    0.000000000           89.9993   -4.5114
   sum over m      0.000000012          179.9844   -4.5114
  px          1    0.000000137            0.0000    0.0000
  py          1    0.000000137            0.0005    0.0000
  pz          1    0.000000000           90.0000   -0.1760
   sum over m      0.000000274            0.0005   -0.1760
  d3z^2-r^2   0    0.000000000           90.0000  180.4288
  dx^2-y^2    0    0.000022576            0.0002  179.6306
  dxy         0    0.000022576            0.0039  179.9947
  dxz         0    0.000002925            0.0300  180.0332
  dyz         0    0.000002925            0.0045  179.9650
   sum over m      0.000051003            0.0040  180.0243
  d3z^2-r^2   1    0.000000000           90.0000  179.8863
  dx^2-y^2    1    0.000000032            0.0172  181.0262
  dxy         1    0.000000032            0.0109   -3.2584
  dxz         1    0.000000009          179.9620   -1.1679
  dyz         1    0.000000009          179.7843  180.5741
   sum over m      0.000000046            0.0710  180.9462

    6   Au         Orbital Moment(muB)    Angles (Deg)
            multiple
  s           0    0.000000000           90.0000    0.0000
   sum over m      0.000000000           90.0000    0.0000
  s           1    0.000000000           90.0000    0.0000
   sum over m      0.000000000           90.0000    0.0000
  px          0    0.000000005          179.9987  270.0000
  py          0    0.000000005          179.9812  180.0000
  pz          0    0.000000000           89.9997  183.9960
   sum over m      0.000000009          179.9812  183.9960
  px          1    0.000000107            0.0001  270.0000
  py          1    0.000000107            0.0018    0.0000
  pz          1    0.000000000           90.0000   -1.8940
   sum over m      0.000000213            0.0018   -1.8940
  d3z^2-r^2   0    0.000000000           90.0000  179.8079
  dx^2-y^2    0    0.000006223          179.9993  180.2207
  dxy         0    0.000006223          179.9851  179.9868
  dxz         0    0.000000404            0.2296  179.9813
  dyz         0    0.000000404            0.0462  179.9343
   sum over m      0.000011638          179.9809  179.9734
  d3z^2-r^2   1    0.000000000           90.0000  174.5885
  dx^2-y^2    1    0.000000148            0.0002  201.4617
  dxy         1    0.000000148            0.0033   -0.8129
  dxz         1    0.000000010          179.9527   -0.1706
  dyz         1    0.000000010          179.9859  182.7315
   sum over m      0.000000275            0.0025   -1.3996

    7   Au         Orbital Moment(muB)    Angles (Deg)
            multiple
  s           0    0.000000000           90.0000    0.0000
   sum over m      0.000000000           90.0000    0.0000
  s           1    0.000000000           90.0000    0.0000
   sum over m      0.000000000           90.0000    0.0000
  px          0    0.000000005            0.0012  -90.0000
  py          0    0.000000005            0.0344    0.0000
  pz          0    0.000000000           90.0001   -1.9840
   sum over m      0.000000009            0.0345   -1.9840
  px          1    0.000000453          179.9999  -90.0000
  py          1    0.000000453          180.0000    0.0000
  pz          1    0.000000000           89.9998  -77.0997
   sum over m      0.000000906          179.9999  -77.0997
  d3z^2-r^2   0    0.000000000           90.0000  180.0801
  dx^2-y^2    0    0.000006913          179.9994  180.4487
  dxy         0    0.000006913          179.9839  180.0171
  dxz         0    0.000000187          179.4052  180.0265
  dyz         0    0.000000187          179.9135  180.1174
   sum over m      0.000014201          179.9820  180.0380
  d3z^2-r^2   1    0.000000000           90.0000  179.5403
  dx^2-y^2    1    0.000000025          179.9786  181.0077
  dxy         1    0.000000025          179.9780    1.5111
  dxz         1    0.000000006          179.9140    0.3085
  dyz         1    0.000000006          179.6745  179.6006
   sum over m      0.000000062          179.9513  179.3463

    8   Au         Orbital Moment(muB)    Angles (Deg)
            multiple
  s           0    0.000000000           90.0000    0.0000
   sum over m      0.000000000           90.0000    0.0000
  s           1    0.000000000           90.0000    0.0000
   sum over m      0.000000000           90.0000    0.0000
  px          0    0.000000007          179.9980   90.0000
  py          0    0.000000007          179.9848  180.0000
  pz          0    0.000000000           90.0000  172.4760
   sum over m      0.000000014          179.9847  172.4760
  px          1    0.000000072            0.0001   90.0000
  py          1    0.000000072            0.0026    0.0000
  pz          1    0.000000000           90.0000    2.9201
   sum over m      0.000000144            0.0026    2.9201
  d3z^2-r^2   0    0.000000000           90.0000  179.7568
  dx^2-y^2    0    0.000003879            0.0012  179.9080
  dxy         0    0.000003879            0.0271  180.0055
  dxz         0    0.000000072          178.5319  179.9552
  dyz         0    0.000000072          179.6887  180.0260
   sum over m      0.000007615            0.0334  179.9676
  d3z^2-r^2   1    0.000000000           90.0000  182.4961
  dx^2-y^2    1    0.000000069          179.9996    6.1042
  dxy         1    0.000000069          179.9929    0.7418
  dxz         1    0.000000003            0.1540    0.1224
  dyz         1    0.000000003            0.0041  150.8931
   sum over m      0.000000131          179.9928    0.8848

    9   Au         Orbital Moment(muB)    Angles (Deg)
            multiple
  s           0    0.000000000           90.0000    0.0000
   sum over m      0.000000000           90.0000    0.0000
  s           1    0.000000000           90.0000    0.0000
   sum over m      0.000000000           90.0000    0.0000
  px          0    0.000000005            0.0011   90.0000
  py          0    0.000000005            0.0382   -0.0000
  pz          0    0.000000000           89.9999    1.5820
   sum over m      0.000000009            0.0382    1.5820
  px          1    0.000000455          180.0000  270.0000
  py          1    0.000000455          179.9996  180.0000
  pz          1    0.000000000           90.0000  182.7774
   sum over m      0.000000910          179.9996  182.7774
  d3z^2-r^2   0    0.000000000           90.0000  180.0243
  dx^2-y^2    0    0.000006933          179.9993  180.0671
  dxy         0    0.000006933          179.9833  180.0142
  dxz         0    0.000000193          179.4007  180.0055
  dyz         0    0.000000193          179.9067  180.0910
   sum over m      0.000014252          179.9812  180.0171
  d3z^2-r^2   1    0.000000000           90.0000  179.8589
  dx^2-y^2    1    0.000000025          179.9827  177.6582
  dxy         1    0.000000025          179.9728   -1.0184
  dxz         1    0.000000006          179.8934    1.7717
  dyz         1    0.000000006          179.7173  180.3839
   sum over m      0.000000063          179.9641  179.5441

   10   Au         Orbital Moment(muB)    Angles (Deg)
            multiple
  s           0    0.000000000           90.0000    0.0000
   sum over m      0.000000000           90.0000    0.0000
  s           1    0.000000000           90.0000    0.0000
   sum over m      0.000000000           90.0000    0.0000
  px          0    0.000000005          179.9990  -90.0000
  py          0    0.000000005          179.9825  180.0000
  pz          0    0.000000000           90.0003  183.1350
   sum over m      0.000000010          179.9825  183.1350
  px          1    0.000000106            0.0003  -90.0000
  py          1    0.000000106            0.0010   -0.0000
  pz          1    0.000000000           90.0000  -16.6303
   sum over m      0.000000212            0.0010  -16.6303
  d3z^2-r^2   0    0.000000000           90.0000  179.7277
  dx^2-y^2    0    0.000006218          179.9992  179.7657
  dxy         0    0.000006218          179.9832  179.9846
  dxz         0    0.000000407            0.2568  179.9450
  dyz         0    0.000000407            0.0536  179.9261
   sum over m      0.000011621          179.9782  179.9417
  d3z^2-r^2   1    0.000000000           90.0000    1.5101
  dx^2-y^2    1    0.000000149            0.0021    0.9959
  dxy         1    0.000000149            0.0051   -0.6852
  dxz         1    0.000000010          179.9257    2.1115
  dyz         1    0.000000010          179.8857   -0.4453
   sum over m      0.000000277            0.0139    0.5621

   11   Au         Orbital Moment(muB)    Angles (Deg)
            multiple
  s           0    0.000000000           90.0000    0.0000
   sum over m      0.000000000           90.0000    0.0000
  s           1    0.000000000           90.0000    0.0000
   sum over m      0.000000000           90.0000    0.0000
  px          0    0.000000006          179.9994   90.0000
  py          0    0.000000006          179.9709   -0.0000
  pz          0    0.000000000           90.0004    1.1319
   sum over m      0.000000011          179.9709    1.1319
  px          1    0.000000137            0.0002   90.0000
  py          1    0.000000137            0.0017    0.0000
  pz          1    0.000000000           90.0000    7.2297
   sum over m      0.000000275            0.0017    7.2297
  d3z^2-r^2   0    0.000000000           90.0000  180.4411
  dx^2-y^2    0    0.000022473            0.0001  179.5578
  dxy         0    0.000022473            0.0045  179.9857
  dxz         0    0.000002901            0.0350  180.0265
  dyz         0    0.000002901            0.0043  179.8837
   sum over m      0.000050747            0.0045  180.0108
  d3z^2-r^2   1    0.000000000           90.0000  180.4388
  dx^2-y^2    1    0.000000028            0.0355  181.2158
  dxy         1    0.000000028            0.0139   -2.5752
  dxz         1    0.000000010          179.9620   -5.6764
  dyz         1    0.000000010          179.6805  180.3052
   sum over m      0.000000035            0.1626  181.1114

   12   Au         Orbital Moment(muB)    Angles (Deg)
            multiple
  s           0    0.000000000           90.0000    0.0000
   sum over m      0.000000000           90.0000    0.0000
  s           1    0.000000000           90.0000    0.0000
   sum over m      0.000000000           90.0000    0.0000
  px          0    0.000000345          180.0000   90.0000
  py          0    0.000000345          179.9998  180.0000
  pz          0    0.000000000           89.9995  176.8926
   sum over m      0.000000690          179.9998  176.8926
  px          1    0.000000373          180.0000  270.0000
  py          1    0.000000373          179.9987   -0.0000
  pz          1    0.000000000           89.9999   -0.7320
   sum over m      0.000000746          179.9987   -0.7320
  d3z^2-r^2   0    0.000000000           90.0000  180.6420
  dx^2-y^2    0    0.000040878            0.0001  178.7865
  dxy         0    0.000040878            0.0018  179.8940
  dxz         0    0.000001974          179.9623  180.0349
  dyz         0    0.000001974          179.9933  179.3996
   sum over m      0.000077808            0.0023  179.9396
  d3z^2-r^2   1    0.000000000           90.0000  181.2897
  dx^2-y^2    1    0.000003393            0.0001  179.2111
  dxy         1    0.000003393            0.0001    2.3569
  dxz         1    0.000000007            0.0395   -3.2430
  dyz         1    0.000000007            0.1629  179.4294
   sum over m      0.000006799            0.0003  180.2836

   13   Au         Orbital Moment(muB)    Angles (Deg)
            multiple
  s           0    0.000000000           90.0000    0.0000
   sum over m      0.000000000           90.0000    0.0000
  s           1    0.000000000           90.0000    0.0000
   sum over m      0.000000000           90.0000    0.0000
  px          0    0.000014615            0.0000  -90.0000
  py          0    0.000014615            0.0000   -0.0000
  pz          0    0.000000000           89.9978   -1.4554
   sum over m      0.000029230            0.0000   -1.4554
  px          1    0.000002822          180.0000   90.0000
  py          1    0.000002822          179.9999   -0.0000
  pz          1    0.000000000           90.0000    1.8196
   sum over m      0.000005644          179.9999    1.8196
  d3z^2-r^2   0    0.000000000           89.9999  185.8899
  dx^2-y^2    0    0.000027548          179.9999  176.5042
  dxy         0    0.000027548          179.9979  179.8058
  dxz         0    0.000022026            0.0027  180.2595
  dyz         0    0.000022026            0.0003  178.0085
   sum over m      0.000011044          179.9882  180.0596
  d3z^2-r^2   1    0.000000000           90.0001  179.1442
  dx^2-y^2    1    0.000021915            0.0000  180.6313
  dxy         1    0.000021915            0.0000    3.1122
  dxz         1    0.000000386          179.9994    4.0617
  dyz         1    0.000000386          179.9941  179.6713
   sum over m      0.000043058            0.0001  179.1527

   14   Au         Orbital Moment(muB)    Angles (Deg)
            multiple
  s           0    0.000000000           90.0000    0.0000
   sum over m      0.000000000           90.0000    0.0000
  s           1    0.000000000           90.0000    0.0000
   sum over m      0.000000000           90.0000    0.0000
  px          0    0.000000188          180.0000  -90.0000
  py          0    0.000000188          179.9998  180.0000
  pz          0    0.000000000           89.9980  185.5814
   sum over m      0.000000375          179.9998  185.5814
  px          1    0.000001994            0.0000   90.0000
  py          1    0.000001994            0.0000  180.0000
  pz          1    0.000000000           90.0040   96.1469
   sum over m      0.000003988            0.0000   96.1469
  d3z^2-r^2   0    0.000000000           90.0000  189.1787
  dx^2-y^2    0    0.000041721            0.0000  175.3192
  dxy         0    0.000041721            0.0006  179.0092
  dxz         0    0.000006446            0.0040  181.2261
  dyz         0    0.000006446            0.0008  175.1252
   sum over m      0.000096333            0.0007  180.1957
  d3z^2-r^2   1    0.000000000           89.9997    2.0293
  dx^2-y^2    1    0.000001401            0.0001   12.8745
  dxy         1    0.000001401            0.0001   -1.2170
  dxz         1    0.000000874          179.9998    7.9173
  dyz         1    0.000000874          179.9997   -0.8711
   sum over m      0.000001055            0.0008    2.8138

   15   Au         Orbital Moment(muB)    Angles (Deg)
            multiple
  s           0    0.000000000            0.0000    0.0000
   sum over m      0.000000000            0.0000    0.0000
  s           1    0.000000000           90.0000    0.0000
   sum over m      0.000000000           90.0000    0.0000
  px          0    0.000245646          180.0000  270.0000
  py          0    0.000245646          180.0000   -0.0000
  pz          0    0.000000000           89.5913   -5.7002
   sum over m      0.000491293          180.0000   -5.7002
  px          1    0.000663765          180.0000   90.0000
  py          1    0.000663765          180.0000  180.0000
  pz          1    0.000000000           90.0020  171.4192
   sum over m      0.001327530          180.0000  171.4192
  d3z^2-r^2   0    0.000000000           90.0037  218.6852
  dx^2-y^2    0    0.000099197          180.0000  127.7355
  dxy         0    0.000099197          179.9999  176.8303
  dxz         0    0.000067392          179.9999  183.1590
  dyz         0    0.000067392          180.0000  161.0005
   sum over m      0.000333177          179.9999  179.9908
  d3z^2-r^2   1    0.000000000           90.1241  222.5847
  dx^2-y^2    1    0.000295751          180.0000  -63.3957
  dxy         1    0.000295751          180.0000  -15.5703
  dxz         1    0.000005699          180.0000  -38.1156
  dyz         1    0.000005699          180.0000  235.5064
   sum over m      0.000602900          180.0000  -52.7475

***********************************************************
***********************************************************
                    Dipole moment (Debye)                  
***********************************************************
***********************************************************

 Absolute D        0.25194505

                      Dx                Dy                Dz
 Total              0.25194505        0.00000000       -0.00000000
 Core           19842.04728454        0.00000000        0.00000000
 Electron      -19841.79533949        0.00000000       -0.00000000
 Back ground       -0.00000000       -0.00000000       -0.00000000

***********************************************************
***********************************************************
       xyz-coordinates (Ang) and forces (Hartree/Bohr)  
***********************************************************
***********************************************************

<coordinates.forces
  15
    1    Au    -2.70000   0.00000   0.00000  -0.252711978572 -0.000000000438 -0.000033324820
    2    Au     0.00000   0.00000   0.00000   0.001209998272  0.000000000810  0.000033975041
    3    Au     2.70000   0.00000   0.00000  -0.197658294149 -0.000000000150  0.000008436510
    4    Au     5.40000   0.00000   0.00000   0.088915215878 -0.000000000026 -0.000004106924
    5    Au     8.10000   0.00000   0.00000   0.066120634057  0.000000000273  0.000000502079
    6    Au    10.80000   0.00000   0.00000  -0.112874205990 -0.000000000546  0.000000672179
    7    Au    13.50000   0.00000   0.00000   0.021441221621  0.000000000473  0.000000135299
    8    Au    16.20000   0.00000   0.00000   0.019459112634 -0.000000000012 -0.000000195493
    9    Au    18.90000   0.00000   0.00000  -0.044369460057 -0.000000000195  0.000000198800
   10    Au    21.60000   0.00000   0.00000   0.099423892918 -0.000000000756  0.000000560120
   11    Au    24.30000   0.00000   0.00000  -0.068210701086  0.000000001110 -0.000001269195
   12    Au    27.00000   0.00000   0.00000   0.190453558208 -0.000000000046  0.000001056493
   13    Au    29.70000   0.00000   0.00000   0.133851675361 -0.000000000397  0.000003859072
   14    Au    32.40000   0.00000   0.00000  -0.049212986272 -0.000000000060 -0.000023834407
   15    Au    35.10000   0.00000   0.00000   0.104787782330 -0.000000000030  0.000013335241
coordinates.forces>

***********************************************************
***********************************************************
       Fractional coordinates of the final structure       
***********************************************************
***********************************************************

     1     Au     0.93333333333333   0.00000000000000   0.00000000000000
     2     Au     0.00000000000000   0.00000000000000   0.00000000000000
     3     Au     0.06666666666667   0.00000000000000   0.00000000000000
     4     Au     0.13333333333333   0.00000000000000   0.00000000000000
     5     Au     0.20000000000000   0.00000000000000   0.00000000000000
     6     Au     0.26666666666667   0.00000000000000   0.00000000000000
     7     Au     0.33333333333333   0.00000000000000   0.00000000000000
     8     Au     0.40000000000000   0.00000000000000   0.00000000000000
     9     Au     0.46666666666667   0.00000000000000   0.00000000000000
    10     Au     0.53333333333333   0.00000000000000   0.00000000000000
    11     Au     0.60000000000000   0.00000000000000   0.00000000000000
    12     Au     0.66666666666667   0.00000000000000   0.00000000000000
    13     Au     0.73333333333333   0.00000000000000   0.00000000000000
    14     Au     0.80000000000000   0.00000000000000   0.00000000000000
    15     Au     0.86666666666667   0.00000000000000   0.00000000000000

***********************************************************
***********************************************************
               Computational Time (second)                 
***********************************************************
***********************************************************

   Elapsed.Time.       343.391

                               Min_ID   Min_Time       Max_ID   Max_Time
   Total Computational Time =    83      341.686          0      343.391
   readfile                 =    56        2.755          0        2.756
   truncation               =    20        0.253          0        0.287
   MD_pac                   =     0        0.000         31        0.000
   OutData                  =    99       12.659          0       14.364
   DFT                      =     0      293.039         20      293.073

*** In DFT ***

   Set_OLP_Kin              =    94        0.094          8        0.143
   Set_Nonlocal             =     0        0.189         16        0.238
   Set_ProExpn_VNA          =    49        0.348        109        0.430
   Set_Hamiltonian          =    41       70.984         90       70.996
   Poisson                  =    64        2.890        106        2.903
   Diagonalization          =    98      136.011         62      136.046
   Mixing_DM                =    82       40.265         56       40.276
   Force                    =    27        0.527         19        0.527
   Total_Energy             =     3        0.119          0        0.119
   Set_Aden_Grid            =    54        0.021         49        0.120
   Set_Orbitals_Grid        =    63        0.000         14        0.105
   Set_Density_Grid         =    56       28.035          2       32.163
   RestartFileDFT           =     9        0.011         29        0.945
   Mulliken_Charge          =    11        0.059         37        0.073
   FFT(2D)_Density          =     2        3.876         56        8.014
   Others                   =    31        4.248          4        8.269
