***********************************************************
***********************************************************

  This calculation was performed by OpenMX Ver. 3.9
  using 112 MPI processes and 1 OpenMP threads.

  Sun Nov 24 01:53:21 2019

***********************************************************
***********************************************************

#
# File Name
#

System.CurrrentDirectory         ./    # default=./
System.Name                       negf-chain
level.of.stdout                   1    # default=1 (1-3)
level.of.fileout                  0    # default=1 (0-2)
DATA.PATH                   ../DFT_DATA19


NEGF.filename.hks.l     lead-chain.hks
NEGF.filename.hks.r     lead-chain.hks

NEGF.Num.Poles             100       # default=150
NEGF.scf.Kgrid             1 1       # default=1 1
NEGF.SCF.Iter.Band          50

NEGF.bias.voltage          0.1       # default=0.0 (eV)
NEGF.bias.neq.im.energy    0.01      # default=0.01 (eV)
NEGF.bias.neq.energy.step  0.02      # default=0.02 (eV) 

Dos.fileout                 off      # on|off, default=off
NEGF.Dos.energyrange     -15.0 25.0 5.0e-3  #default=-10.0 10.0 5.0e-3 (eV)
NEGF.Dos.energy.div        200       # default=200
NEGF.Dos.Kgrid             1 1       # default=1 1 

#
# Transmission & Eigen Channel
#

NEGF.tran.Analysis         on        #  default on
NEGF.tran.energydiv        200       # default=200
NEGF.tran.energyrange -10 10 1.0e-3  # default=-10.0 10.0 1.0e-3 (eV)
NEGF.tran.Kgrid            1 1       # default= 1 1
NEGF.tran.Channel          on        #  default on
NEGF.Channel.Nkpoint        1        # default=1
<NEGF.Channel.kpoint
0.0  0.0
NEGF.Channel.kpoint>
# default 0.0 0.0
NEGF.Channel.Nenergy        1        # default=1
<NEGF.Channel.energy
0.0
NEGF.Channel.energy>
# default 0.0
NEGF.Channel.Num            5        # defualt=5(for collinear), 10(for Non-collinear)

#
# Definition of Atomic Species
#

Species.Number       1
<Definition.of.Atomic.Species
 C    C5.0-s2p2d1      C_CA19
Definition.of.Atomic.Species>

#
# Atoms
#

Atoms.SpeciesAndCoordinates.Unit   Ang # Ang|AU

Atoms.Number        18
<Atoms.SpeciesAndCoordinates 
 1  C  3.000  0.000  0.000  2.0 2.0
 2  C  4.500  0.000  0.000  2.0 2.0
 3  C  6.000  0.000  0.000  2.0 2.0
 4  C  7.500  0.000  0.000  2.0 2.0
 5  C  9.000  0.000  0.000  2.0 2.0
 6  C 10.500  0.000  0.000  2.0 2.0
 7  C 12.000  0.000  0.000  2.0 2.0
 8  C 13.500  0.000  0.000  2.0 2.0
 9  C 15.000  0.000  0.000  2.0 2.0
10  C 16.500  0.000  0.000  2.0 2.0
11  C 18.000  0.000  0.000  2.0 2.0
12  C 19.500  0.000  0.000  2.0 2.0
13  C 21.000  0.000  0.000  2.0 2.0
14  C 22.500  0.000  0.000  2.0 2.0
15  C 24.000  0.000  0.000  2.0 2.0
16  C 25.500  0.000  0.000  2.0 2.0
17  C 27.000  0.000  0.000  2.0 2.0
18  C 28.500  0.000  0.000  2.0 2.0
Atoms.SpeciesAndCoordinates> 

#
# Lead-Left
#

LeftLeadAtoms.Number         3
<LeftLeadAtoms.SpeciesAndCoordinates           # Unit=Ang.
 1  C -1.500  0.000  0.000  2.0 2.0
 2  C  0.000  0.000  0.000  2.0 2.0
 3  C  1.500  0.000  0.000  2.0 2.0
LeftLeadAtoms.SpeciesAndCoordinates>

#
# Lead-Right
#

RightLeadAtoms.Number        3 
<RightLeadAtoms.SpeciesAndCoordinates           # Unit=Ang.
 1  C 30.000  0.000  0.000  2.0 2.0
 2  C 31.500  0.000  0.000  2.0 2.0
 3  C 33.000  0.000  0.000  2.0 2.0
RightLeadAtoms.SpeciesAndCoordinates>


#
# SCF or Electronic System
#

scf.XcType                  LDA        # LDA|LSDA-CA|LSDA-PW|GGA-PBE
scf.SpinPolarization        off        # On|Off|NC
scf.ElectronicTemperature  600.0       # default=300 (K)
scf.energycutoff           180.0       # default=150 (Ry)
scf.maxIter                 500        # default=40
scf.EigenvalueSolver       NEGF        # DC|GDC|Cluster|Band
#scf.lapack.dste            dstevx      # dstegr|dstedc|dstevx, default=dstegr
scf.Kgrid                  1 1 1       # means n1 x n2 x n3
scf.Mixing.Type          rmm-diisk     # Simple|Rmm-Diis|Gr-Pulay|Kerker|Rmm-Diisk
scf.Init.Mixing.Weight      0.020      # default=0.30
scf.Min.Mixing.Weight       0.020      # default=0.001
scf.Max.Mixing.Weight       0.050      # default=0.40
scf.Mixing.History          100         # default=5
scf.Mixing.StartPulay       20         # default=6
scf.criterion             1.0e-7       # default=1.0e-6 (Hartree)
scf.Kerker.factor          30.0        # default=1
NEGF.Poisson.Solver       FFT


***********************************************************
***********************************************************

  Required cutoff energy (Ryd) for 3D-grids = 180.0000
      Used cutoff energy (Ryd) for 3D-grids = 176.8814, 181.3310, 181.3310
  Num. of grids of a-, b-, and c-axes = 288, 81, 81

  Num.Grid1.   288
  Num.Grid2.    81
  Num.Grid3.    81


  Cell_Volume =  24293.998933574934 (Bohr^3)
  GridVol     =      0.012856906411 (Bohr^3)
  Cell vectors (bohr) of the grid cell (gtv)
    gtv_a =  0.236215748572,  0.000000000000,  0.000000000000
    gtv_b =  0.000000000000,  0.233299504763,  0.000000000000
    gtv_c =  0.000000000000,  0.000000000000,  0.233299504763
    |gtv_a| =  0.236215748572
    |gtv_b| =  0.233299504763
    |gtv_c| =  0.233299504763

***********************************************************
***********************************************************


***********************************************************
***********************************************************
                  SCF history at MD= 1                    
***********************************************************
***********************************************************

   SCF=   1  NormRD=  1.000000000000  Uele=  0.000000000000
   SCF=   2  NormRD= 14.984887761480  Uele=  0.000000000000
   SCF=   3  NormRD= 14.391833377657  Uele=  0.000000000000
   SCF=   4  NormRD= 12.940441208269  Uele=  0.000000000000
   SCF=   5  NormRD= 12.029873162153  Uele=  0.000000000000
   SCF=   6  NormRD= 10.002820316909  Uele=  0.000000000000
   SCF=   7  NormRD=  9.166935293810  Uele=  0.000000000000
   SCF=   8  NormRD=  8.621160588621  Uele=  0.000000000000
   SCF=   9  NormRD=  8.152045469256  Uele=  0.000000000000
   SCF=  10  NormRD=  7.731957426245  Uele=  0.000000000000
   SCF=  11  NormRD=  7.339393298666  Uele=  0.000000000000
   SCF=  12  NormRD=  6.962187288270  Uele=  0.000000000000
   SCF=  13  NormRD=  6.595973339283  Uele=  0.000000000000
   SCF=  14  NormRD=  6.241765179529  Uele=  0.000000000000
   SCF=  15  NormRD=  5.903346103154  Uele=  0.000000000000
   SCF=  16  NormRD=  5.585175370502  Uele=  0.000000000000
   SCF=  17  NormRD=  5.290136021513  Uele=  0.000000000000
   SCF=  18  NormRD=  5.019084928010  Uele=  0.000000000000
   SCF=  19  NormRD=  4.770948569270  Uele=  0.000000000000
   SCF=  20  NormRD=  4.933120966261  Uele=  0.000000000000
   SCF=  21  NormRD=  4.348402317307  Uele=  0.000000000000
   SCF=  22  NormRD=  4.362602805228  Uele=  0.000000000000
   SCF=  23  NormRD=  5.136096727456  Uele=  0.000000000000
   SCF=  24  NormRD=  1.559032048410  Uele=  0.000000000000
   SCF=  25  NormRD=  1.510938262041  Uele=  0.000000000000
   SCF=  26  NormRD=  1.068435404822  Uele=  0.000000000000
   SCF=  27  NormRD=  0.537279158145  Uele=  0.000000000000
   SCF=  28  NormRD=  0.723640353084  Uele=  0.000000000000
   SCF=  29  NormRD=  0.434076535050  Uele=  0.000000000000
   SCF=  30  NormRD=  0.778899725427  Uele=  0.000000000000
   SCF=  31  NormRD=  0.426525151065  Uele=  0.000000000000
   SCF=  32  NormRD=  0.333108881386  Uele=  0.000000000000
   SCF=  33  NormRD=  0.277668017254  Uele=  0.000000000000
   SCF=  34  NormRD=  0.249420390642  Uele=  0.000000000000
   SCF=  35  NormRD=  0.204925173685  Uele=  0.000000000000
   SCF=  36  NormRD=  0.148161081652  Uele=  0.000000000000
   SCF=  37  NormRD=  0.085690539443  Uele=  0.000000000000
   SCF=  38  NormRD=  0.021918506256  Uele=  0.000000000000
   SCF=  39  NormRD=  0.017211067688  Uele=  0.000000000000
   SCF=  40  NormRD=  0.016616343179  Uele=  0.000000000000
   SCF=  41  NormRD=  0.008419737280  Uele=  0.000000000000
   SCF=  42  NormRD=  0.003431940377  Uele=  0.000000000000
   SCF=  43  NormRD=  0.000747468354  Uele=  0.000000000000
   SCF=  44  NormRD=  0.000702221827  Uele=  0.000000000000
   SCF=  45  NormRD=  0.000571498577  Uele=  0.000000000000
   SCF=  46  NormRD=  0.000216566788  Uele=  0.000000000000
   SCF=  47  NormRD=  0.000148659108  Uele=  0.000000000000
   SCF=  48  NormRD=  0.000077238808  Uele=  0.000000000000
   SCF=  49  NormRD=  0.000065630292  Uele=  0.000000000000
   SCF=  50  NormRD=  0.000047382468  Uele=  0.000000000000
   SCF=  51  NormRD=  0.815717229471  Uele=  0.000000000000
   SCF=  52  NormRD=  0.815718093014  Uele=  0.000000000000
   SCF=  53  NormRD=  0.815718412957  Uele=  0.000000000000
   SCF=  54  NormRD=  0.815717437197  Uele=  0.000000000000
   SCF=  55  NormRD=  0.815717452064  Uele=  0.000000000000
   SCF=  56  NormRD=  0.815717438892  Uele=  0.000000000000
   SCF=  57  NormRD=  0.815717447316  Uele=  0.000000000000
   SCF=  58  NormRD=  0.815717445342  Uele=  0.000000000000
   SCF=  59  NormRD=  0.815716905415  Uele=  0.000000000000
   SCF=  60  NormRD=  0.815718262056  Uele=  0.000000000000
   SCF=  61  NormRD=  0.815718627438  Uele=  0.000000000000
   SCF=  62  NormRD=  0.815716078030  Uele=  0.000000000000
   SCF=  63  NormRD=  0.815716396926  Uele=  0.000000000000
   SCF=  64  NormRD=  0.815745257694  Uele=  0.000000000000
   SCF=  65  NormRD=  0.815715958667  Uele=  0.000000000000
   SCF=  66  NormRD=  0.815714435533  Uele=  0.000000000000
   SCF=  67  NormRD=  0.815719562370  Uele=  0.000000000000
   SCF=  68  NormRD=  0.815727809120  Uele=  0.000000000000
   SCF=  69  NormRD=  0.815714406305  Uele=  0.000000000000
   SCF=  70  NormRD=  0.815709313936  Uele=  0.000000000000
   SCF=  71  NormRD=  0.815680221255  Uele=  0.000000000000
   SCF=  72  NormRD=  0.815729134478  Uele=  0.000000000000
   SCF=  73  NormRD=  0.815707726494  Uele=  0.000000000000
   SCF=  74  NormRD=  0.815718194523  Uele=  0.000000000000
   SCF=  75  NormRD=  0.815774166276  Uele=  0.000000000000
   SCF=  76  NormRD=  0.815763475416  Uele=  0.000000000000
   SCF=  77  NormRD=  0.815673897219  Uele=  0.000000000000
   SCF=  78  NormRD=  0.815817480395  Uele=  0.000000000000
   SCF=  79  NormRD=  0.815751161556  Uele=  0.000000000000
   SCF=  80  NormRD=  0.815874766296  Uele=  0.000000000000
   SCF=  81  NormRD=  0.815182512573  Uele=  0.000000000000
   SCF=  82  NormRD=  0.815422828056  Uele=  0.000000000000
   SCF=  83  NormRD=  0.815152885861  Uele=  0.000000000000
   SCF=  84  NormRD=  0.814018134969  Uele=  0.000000000000
   SCF=  85  NormRD=  0.815296384588  Uele=  0.000000000000
   SCF=  86  NormRD=  0.815904793857  Uele=  0.000000000000
   SCF=  87  NormRD=  0.815662467192  Uele=  0.000000000000
   SCF=  88  NormRD=  0.813994328958  Uele=  0.000000000000
   SCF=  89  NormRD=  0.815356906258  Uele=  0.000000000000
   SCF=  90  NormRD=  0.805285411141  Uele=  0.000000000000
   SCF=  91  NormRD=  0.811527665868  Uele=  0.000000000000
   SCF=  92  NormRD=  0.743289867812  Uele=  0.000000000000
   SCF=  93  NormRD=  0.854678325558  Uele=  0.000000000000
   SCF=  94  NormRD=  0.829348690214  Uele=  0.000000000000
   SCF=  95  NormRD=  0.803411942959  Uele=  0.000000000000
   SCF=  96  NormRD=  0.963471040065  Uele=  0.000000000000
   SCF=  97  NormRD=  0.728540663133  Uele=  0.000000000000
   SCF=  98  NormRD=  0.802999909964  Uele=  0.000000000000
   SCF=  99  NormRD=  0.826153539805  Uele=  0.000000000000
   SCF= 100  NormRD=  0.800192002485  Uele=  0.000000000000
   SCF= 101  NormRD=  0.885832551351  Uele=  0.000000000000
   SCF= 102  NormRD=  0.773765501061  Uele=  0.000000000000
   SCF= 103  NormRD=  0.772055817948  Uele=  0.000000000000
   SCF= 104  NormRD=  0.734632748710  Uele=  0.000000000000
   SCF= 105  NormRD=  1.330983541721  Uele=  0.000000000000
   SCF= 106  NormRD=  0.652106947883  Uele=  0.000000000000
   SCF= 107  NormRD=  0.247325303444  Uele=  0.000000000000
   SCF= 108  NormRD=  0.740170902702  Uele=  0.000000000000
   SCF= 109  NormRD=  0.738879327091  Uele=  0.000000000000
   SCF= 110  NormRD=  0.479960504879  Uele=  0.000000000000
   SCF= 111  NormRD=  1.041364819116  Uele=  0.000000000000
   SCF= 112  NormRD=  0.848463113248  Uele=  0.000000000000
   SCF= 113  NormRD=  0.709074265464  Uele=  0.000000000000
   SCF= 114  NormRD=  0.437894355379  Uele=  0.000000000000
   SCF= 115  NormRD=  0.753993546867  Uele=  0.000000000000
   SCF= 116  NormRD=  0.730622713125  Uele=  0.000000000000
   SCF= 117  NormRD=  0.218896886160  Uele=  0.000000000000
   SCF= 118  NormRD=  0.786190552505  Uele=  0.000000000000
   SCF= 119  NormRD=  0.462777724693  Uele=  0.000000000000
   SCF= 120  NormRD=  0.469828119042  Uele=  0.000000000000
   SCF= 121  NormRD=  0.148721238014  Uele=  0.000000000000
   SCF= 122  NormRD=  0.400140088745  Uele=  0.000000000000
   SCF= 123  NormRD=  0.394755798052  Uele=  0.000000000000
   SCF= 124  NormRD=  0.500215359567  Uele=  0.000000000000
   SCF= 125  NormRD=  1.029482379095  Uele=  0.000000000000
   SCF= 126  NormRD=  0.304366905445  Uele=  0.000000000000
   SCF= 127  NormRD=  0.313865373703  Uele=  0.000000000000
   SCF= 128  NormRD=  0.970205430761  Uele=  0.000000000000
   SCF= 129  NormRD=  0.429414930860  Uele=  0.000000000000
   SCF= 130  NormRD=  0.313397583075  Uele=  0.000000000000
   SCF= 131  NormRD=  0.964780926050  Uele=  0.000000000000
   SCF= 132  NormRD=  1.068839891217  Uele=  0.000000000000
   SCF= 133  NormRD=  0.855593460916  Uele=  0.000000000000
   SCF= 134  NormRD=  0.455831343885  Uele=  0.000000000000
   SCF= 135  NormRD=  0.562810819684  Uele=  0.000000000000
   SCF= 136  NormRD=  0.232312169782  Uele=  0.000000000000
   SCF= 137  NormRD=  0.518678768559  Uele=  0.000000000000
   SCF= 138  NormRD=  0.363825183389  Uele=  0.000000000000
   SCF= 139  NormRD=  0.438292373586  Uele=  0.000000000000
   SCF= 140  NormRD=  0.384338727767  Uele=  0.000000000000
   SCF= 141  NormRD=  0.163152795912  Uele=  0.000000000000
   SCF= 142  NormRD=  0.079128697531  Uele=  0.000000000000
   SCF= 143  NormRD=  0.045327758550  Uele=  0.000000000000
   SCF= 144  NormRD=  0.460895672758  Uele=  0.000000000000
   SCF= 145  NormRD=  0.021506895300  Uele=  0.000000000000
   SCF= 146  NormRD= 59.532119611632  Uele=  0.000000000000
   SCF= 147  NormRD=  0.221008770743  Uele=  0.000000000000
   SCF= 148  NormRD=  0.323531123537  Uele=  0.000000000000
   SCF= 149  NormRD=  0.058149209928  Uele=  0.000000000000
   SCF= 150  NormRD= 11.444455536476  Uele=  0.000000000000
   SCF= 151  NormRD=  0.009315772326  Uele=  0.000000000000
   SCF= 152  NormRD=  0.009293648542  Uele=  0.000000000000
   SCF= 153  NormRD=  0.009295231367  Uele=  0.000000000000
   SCF= 154  NormRD=  0.009307053489  Uele=  0.000000000000
   SCF= 155  NormRD=  0.009266724980  Uele=  0.000000000000
   SCF= 156  NormRD=  0.009219670964  Uele=  0.000000000000
   SCF= 157  NormRD=  0.009373095784  Uele=  0.000000000000
   SCF= 158  NormRD=  0.009301303156  Uele=  0.000000000000
   SCF= 159  NormRD=  0.009309070529  Uele=  0.000000000000
   SCF= 160  NormRD=  0.009366378313  Uele=  0.000000000000
   SCF= 161  NormRD=  0.009278418274  Uele=  0.000000000000
   SCF= 162  NormRD=  0.009304973894  Uele=  0.000000000000
   SCF= 163  NormRD=  0.009405675506  Uele=  0.000000000000
   SCF= 164  NormRD=  0.009304125788  Uele=  0.000000000000
   SCF= 165  NormRD=  0.009426317471  Uele=  0.000000000000
   SCF= 166  NormRD=  0.009299763262  Uele=  0.000000000000
   SCF= 167  NormRD=  0.009313984452  Uele=  0.000000000000
   SCF= 168  NormRD=  0.009520504593  Uele=  0.000000000000
   SCF= 169  NormRD=  0.009273201762  Uele=  0.000000000000
   SCF= 170  NormRD=  0.009256631184  Uele=  0.000000000000
   SCF= 171  NormRD=  0.009013946646  Uele=  0.000000000000
   SCF= 172  NormRD=  0.009352330675  Uele=  0.000000000000
   SCF= 173  NormRD=  0.009358656306  Uele=  0.000000000000
   SCF= 174  NormRD=  0.009379220491  Uele=  0.000000000000
   SCF= 175  NormRD=  0.009421029421  Uele=  0.000000000000
   SCF= 176  NormRD=  0.009268529317  Uele=  0.000000000000
   SCF= 177  NormRD=  0.009290342773  Uele=  0.000000000000
   SCF= 178  NormRD=  0.009406143836  Uele=  0.000000000000
   SCF= 179  NormRD=  0.004025768493  Uele=  0.000000000000
   SCF= 180  NormRD=  0.009489457479  Uele=  0.000000000000
   SCF= 181  NormRD=  0.009350277809  Uele=  0.000000000000
   SCF= 182  NormRD=  0.009379981158  Uele=  0.000000000000
   SCF= 183  NormRD=  0.009274991998  Uele=  0.000000000000
   SCF= 184  NormRD=  0.009274284289  Uele=  0.000000000000
   SCF= 185  NormRD=  0.009420835851  Uele=  0.000000000000
   SCF= 186  NormRD=  0.009457562205  Uele=  0.000000000000
   SCF= 187  NormRD=  0.009209929485  Uele=  0.000000000000
   SCF= 188  NormRD=  0.008209570654  Uele=  0.000000000000
   SCF= 189  NormRD=  0.011966556139  Uele=  0.000000000000
   SCF= 190  NormRD=  0.009149408640  Uele=  0.000000000000
   SCF= 191  NormRD=  0.009388311427  Uele=  0.000000000000
   SCF= 192  NormRD=  0.008469618016  Uele=  0.000000000000
   SCF= 193  NormRD=  0.009295229878  Uele=  0.000000000000
   SCF= 194  NormRD=  0.009151299798  Uele=  0.000000000000
   SCF= 195  NormRD=  0.009330227120  Uele=  0.000000000000
   SCF= 196  NormRD=  0.009508565399  Uele=  0.000000000000
   SCF= 197  NormRD=  0.004378182821  Uele=  0.000000000000
   SCF= 198  NormRD=  0.009525377648  Uele=  0.000000000000
   SCF= 199  NormRD=  0.009053426927  Uele=  0.000000000000
   SCF= 200  NormRD=  0.009663515792  Uele=  0.000000000000
   SCF= 201  NormRD=  0.008888882718  Uele=  0.000000000000
   SCF= 202  NormRD=  0.008675559679  Uele=  0.000000000000
   SCF= 203  NormRD=  0.008118895812  Uele=  0.000000000000
   SCF= 204  NormRD=  0.010225776074  Uele=  0.000000000000
   SCF= 205  NormRD=  0.035488054544  Uele=  0.000000000000
   SCF= 206  NormRD=  0.010281148049  Uele=  0.000000000000
   SCF= 207  NormRD=  0.016080030523  Uele=  0.000000000000
   SCF= 208  NormRD=  0.009975145739  Uele=  0.000000000000
   SCF= 209  NormRD=  0.008656146734  Uele=  0.000000000000
   SCF= 210  NormRD=  0.007529781383  Uele=  0.000000000000
   SCF= 211  NormRD=  0.007217751184  Uele=  0.000000000000
   SCF= 212  NormRD=  0.002764431629  Uele=  0.000000000000
   SCF= 213  NormRD=  0.014071342259  Uele=  0.000000000000
   SCF= 214  NormRD=  0.005310124688  Uele=  0.000000000000
   SCF= 215  NormRD=  0.007299197979  Uele=  0.000000000000
   SCF= 216  NormRD=  0.001205535210  Uele=  0.000000000000
   SCF= 217  NormRD=  0.004812262037  Uele=  0.000000000000
   SCF= 218  NormRD=  0.009816902216  Uele=  0.000000000000
   SCF= 219  NormRD=  0.000919735562  Uele=  0.000000000000
   SCF= 220  NormRD=  0.000588157681  Uele=  0.000000000000
   SCF= 221  NormRD=  0.000580169085  Uele=  0.000000000000
   SCF= 222  NormRD=  0.005022697844  Uele=  0.000000000000
   SCF= 223  NormRD=  0.001442670443  Uele=  0.000000000000
   SCF= 224  NormRD=  0.000919547960  Uele=  0.000000000000
   SCF= 225  NormRD=  0.000352295623  Uele=  0.000000000000
   SCF= 226  NormRD=  0.000174819343  Uele=  0.000000000000
   SCF= 227  NormRD=  0.000284497341  Uele=  0.000000000000
   SCF= 228  NormRD=  0.000163936160  Uele=  0.000000000000
   SCF= 229  NormRD=  0.000168462891  Uele=  0.000000000000
   SCF= 230  NormRD=  0.000167028973  Uele=  0.000000000000
   SCF= 231  NormRD=  0.000172079063  Uele=  0.000000000000
   SCF= 232  NormRD=  0.000168104726  Uele=  0.000000000000
   SCF= 233  NormRD=  0.000168128769  Uele=  0.000000000000
   SCF= 234  NormRD=  0.000167908794  Uele=  0.000000000000
   SCF= 235  NormRD=  0.000170185481  Uele=  0.000000000000
   SCF= 236  NormRD=  0.000172774564  Uele=  0.000000000000
   SCF= 237  NormRD=  0.000170579126  Uele=  0.000000000000
   SCF= 238  NormRD=  0.000166640617  Uele=  0.000000000000
   SCF= 239  NormRD=  0.000118801521  Uele=  0.000000000000
   SCF= 240  NormRD=  0.000126756492  Uele=  0.000000000000
   SCF= 241  NormRD=  0.000125084863  Uele=  0.000000000000
   SCF= 242  NormRD=  0.000124525558  Uele=  0.000000000000
   SCF= 243  NormRD=  0.000124875416  Uele=  0.000000000000
   SCF= 244  NormRD=  0.000125118104  Uele=  0.000000000000
   SCF= 245  NormRD=  0.000133001005  Uele=  0.000000000000
   SCF= 246  NormRD=  0.000132894151  Uele=  0.000000000000
   SCF= 247  NormRD=  0.000142758114  Uele=  0.000000000000
   SCF= 248  NormRD=  0.000142582187  Uele=  0.000000000000
   SCF= 249  NormRD=  0.000027671066  Uele=  0.000000000000
   SCF= 250  NormRD=  0.000003719183  Uele=  0.000000000000
   SCF= 251  NormRD=  0.000000084144  Uele=  0.000000000000

*******************************************************
        Total energy (Hartree) at MD = 1        
*******************************************************

  Uele.          0.000000000000

  Ukin.         87.926330495145
  UH0.        -365.721873778771
  UH1.           1.023121717253
  Una.         -56.515426273369
  Unl.         -10.542149431932
  Uxc0.        -20.980696600938
  Uxc1.        -20.980696600938
  Ucore.       248.360522197333
  Uhub.          0.000000000000
  Ucs.           0.000000000000
  Uzs.           0.000000000000
  Uzo.           0.000000000000
  Uef.           0.000000000000
  UvdW.          0.000000000000
  Uch.           0.000000000000
  Utot.       -137.430868276217

  UpV.           0.000000000000
  Enpy.       -137.430868276217
  Note:

  Utot = Ukin+UH0+UH1+Una+Unl+Uxc0+Uxc1+Ucore+Uhub+Ucs+Uzs+Uzo+Uef+UvdW+Uch

  Uele:   band energy
  Ukin:   kinetic energy
  UH0:    electric part of screened Coulomb energy
  UH1:    difference electron-electron Coulomb energy
  Una:    neutral atom potential energy
  Unl:    non-local potential energy
  Uxc0:   exchange-correlation energy for alpha spin
  Uxc1:   exchange-correlation energy for beta spin
  Ucore:  core-core Coulomb energy
  Uhub:   LDA+U energy
  Ucs:    constraint energy for spin orientation
  Uzs:    Zeeman term for spin magnetic moment
  Uzo:    Zeeman term for orbital magnetic moment
  Uef:    electric energy by electric field
  UvdW:   semi-empirical vdW energy
  Uch:    penalty term to create a core hole

  UpV:    pressure times volume
  Enpy:   Enthalpy = Utot + UpV
  (see also PRB 72, 045121(2005) for the energy contributions)



  Chemical potential of left lead  (Hartree)      -0.188363518665
  Chemical potential of right lead (Hartree)      -0.184688586212

***********************************************************
***********************************************************
            Informaions for NEGF calculation               
***********************************************************
***********************************************************


Intrinsic chemical potential (eV) of the leads
  Left lead:  -5.125632132175
  Right lead: -5.125632132175
  add voltage =  0.0000 (eV) to the  left lead: new ChemP (eV):  -5.1256
  add voltage =  0.1000 (eV) to the right lead: new ChemP (eV):  -5.0256

  Intrinsic bias volatage:   0.000000000000 (eV)
  Net bias volatage:         0.100000000000 (eV)

Parameters for the integration of the non-equilibrium part
  lower bound:           -6.071632132175 (eV)
  upper bound:           -4.079632132175 (eV)
  energy step:            0.020000000000 (eV)
  number of steps:            99     

Maximum currentdensity [a.u.]

  Max.Currentdensity       3.9990397232e-04

Sum of transmission eigenvalues

  Sum.Eigentrans.k0.E0.S0       1.9784526897e+00

***********************************************************
***********************************************************
           Eigenvalues (Hartree) of SCF KS-eq.           
***********************************************************
***********************************************************

   Chemical Potential (Hatree) =  -0.18129104107930
   Number of States            =  95.99999999999993
   Eigenvalues
              Up-spin           Down-spin

   kloop=0
   k1=   0.00000 k2=   0.00000 k3=   0.00000

    1   -0.71386715853818  -0.71386715853818
    2   -0.71152535530228  -0.71152535530228
    3   -0.70847747733651  -0.70847747733651
    4   -0.70289836946096  -0.70289836946096
    5   -0.69847017796891  -0.69847017796891
    6   -0.68897521623150  -0.68897521623150
    7   -0.68398505920601  -0.68398505920601
    8   -0.66999087131415  -0.66999087131415
    9   -0.66494865915620  -0.66494865915620
   10   -0.64626903823813  -0.64626903823813
   11   -0.64131323633448  -0.64131323633448
   12   -0.61763155845929  -0.61763155845929
   13   -0.61419757578075  -0.61419757578075
   14   -0.58697239398367  -0.58697239398367
   15   -0.58218491442697  -0.58218491442697
   16   -0.55320511881858  -0.55320511881858
   17   -0.54823010220949  -0.54823010220949
   18   -0.51903299055297  -0.51903299055297
   19   -0.51386549639991  -0.51386549639991
   20   -0.48784646756913  -0.48784646756913
   21   -0.48237154067431  -0.48237154067431
   22   -0.46491545575661  -0.46491545575661
   23   -0.46010347726354  -0.46010347726354
   24   -0.44061175660002  -0.44061175660002
   25   -0.31723831992680  -0.31723831992680
   26   -0.31723831846955  -0.31723831846955
   27   -0.31401428025223  -0.31401428025223
   28   -0.31401427897402  -0.31401427897402
   29   -0.31034454027726  -0.31034454027726
   30   -0.31034453950321  -0.31034453950321
   31   -0.30224578168163  -0.30224578168163
   32   -0.30224577983119  -0.30224577983119
   33   -0.29754511187380  -0.29754511187380
   34   -0.29754511067203  -0.29754511067203
   35   -0.28303038902785  -0.28303038902785
   36   -0.28303038875790  -0.28303038875790
   37   -0.27855507609002  -0.27855507609002
   38   -0.27855507550276  -0.27855507550276
   39   -0.25644363999332  -0.25644363999332
   40   -0.25644363940860  -0.25644363940860
   41   -0.25281439971526  -0.25281439971526
   42   -0.25281439933507  -0.25281439933507
   43   -0.22265919780344  -0.22265919780344
   44   -0.22265919719204  -0.22265919719204
   45   -0.22007523593694  -0.22007523593694
   46   -0.22007523539897  -0.22007523539897
   47   -0.18199916186398  -0.18199916186398
   48   -0.18199916088510  -0.18199916088510
   49   -0.18058292121236  -0.18058292121236
   50   -0.18058292038188  -0.18058292038188
   51   -0.13578235761333  -0.13578235761333
   52   -0.13578235696464  -0.13578235696464
   53   -0.13413089234203  -0.13413089234203
   54   -0.13413089185152  -0.13413089185152
   55   -0.08893350072107  -0.08893350072107
   56   -0.08393453947871  -0.08393453947871
   57   -0.08393453931414  -0.08393453931414
   58   -0.08324564915091  -0.08324564915091
   59   -0.08324564856341  -0.08324564856341
   60   -0.07740044035934  -0.07740044035934
   61   -0.07237148635408  -0.07237148635408
   62   -0.04139178575330  -0.04139178575330
   63   -0.03731173769957  -0.03731173769957
   64   -0.02979753652305  -0.02979753652305
   65   -0.02979753557408  -0.02979753557408
   66   -0.02915613976616  -0.02915613976616
   67   -0.02915613932660  -0.02915613932660
   68    0.00968947641563   0.00968947641563
   69    0.01247415243544   0.01247415243544
   70    0.02155423410259   0.02155423410259
   71    0.02155423540335   0.02155423540335
   72    0.02391347527206   0.02391347527206
   73    0.02391347629972   0.02391347629972
   74    0.06157149566048   0.06157149566048
   75    0.06157149677237   0.06157149677237
   76    0.06590104439303   0.06590104439303
   77    0.06590104599809   0.06590104599809
   78    0.06949359708487   0.06949359708487
   79    0.07129052591134   0.07129052591134
   80    0.08231548138215   0.08231548138215
   81    0.08231548288417   0.08231548288417
   82    0.13319285524275   0.13319285524275
   83    0.13429483840623   0.13429483840623
   84    0.19646230259953   0.19646230259953
   85    0.19680646581425   0.19680646581425
   86    0.25357013083145   0.25357013083145
   87    0.25399243589142   0.25399243589142
   88    0.29951334369788   0.29951334369788
   89    0.30055668070172   0.30055668070172
   90    0.33371629212096   0.33371629212096
   91    0.33545734624581   0.33545734624581
   92    0.35998329972969   0.35998329972969
   93    0.36268708789672   0.36268708789672
   94    0.37944981624059   0.37944981624059
   95    0.38279874862412   0.38279874862412
   96    0.39540697731736   0.39540697731736
   97    0.53484742927175   0.53484742927175
   98    0.53484743129590   0.53484743129590
   99    0.53645201288804   0.53645201288804
  100    0.53645201356000   0.53645201356000
  101    0.53875422431174   0.53875422431174
  102    0.53875422580345   0.53875422580345
  103    0.54229078072323   0.54229078072323
  104    0.54229078229749   0.54229078229749
  105    0.54590449488073   0.54590449488073
  106    0.54590449611346   0.54590449611346
  107    0.55253657317027   0.55253657317027
  108    0.55253657379314   0.55253657379314
  109    0.55646164442439   0.55646164442439
  110    0.55646164550325   0.55646164550325

***********************************************************
***********************************************************
                   Mulliken populations                    
***********************************************************
***********************************************************

  Total spin moment (muB)   0.000000000

                    Up spin      Down spin     Sum           Diff
      1    C      2.006593815  2.006593815   4.013187629   0.000000000
      2    C      2.022666013  2.022666013   4.045332027   0.000000000
      3    C      2.099941091  2.099941091   4.199882182   0.000000000
      4    C      1.884153590  1.884153590   3.768307180   0.000000000
      5    C      2.002010497  2.002010497   4.004020994   0.000000000
      6    C      1.999535794  1.999535794   3.999071589   0.000000000
      7    C      1.999642694  1.999642694   3.999285388   0.000000000
      8    C      1.999605552  1.999605552   3.999211103   0.000000000
      9    C      1.999739867  1.999739867   3.999479734   0.000000000
     10    C      1.999690386  1.999690386   3.999380772   0.000000000
     11    C      1.999775434  1.999775434   3.999550868   0.000000000
     12    C      1.999727934  1.999727934   3.999455867   0.000000000
     13    C      1.999809251  1.999809251   3.999618501   0.000000000
     14    C      1.999760466  1.999760466   3.999520931   0.000000000
     15    C      1.999852871  1.999852871   3.999705742   0.000000000
     16    C      1.999799845  1.999799845   3.999599689   0.000000000
     17    C      1.999950926  1.999950926   3.999901851   0.000000000
     18    C      1.999901297  1.999901297   3.999802595   0.000000000
     19    C      2.000016173  2.000016173   4.000032346   0.000000000
     20    C      1.998236613  1.998236613   3.996473226   0.000000000
     21    C      2.086457841  2.086457841   4.172915681   0.000000000
     22    C      1.924074165  1.924074165   3.848148331   0.000000000
     23    C      1.980867819  1.980867819   3.961735638   0.000000000
     24    C      1.992331445  1.992331445   3.984662891   0.000000000

 Sum of MulP: up   =    47.99414 down          =    47.99414
              total=    95.98828 ideal(neutral)=    96.00000


  Decomposed Mulliken populations

    1    C          Up spin      Down spin     Sum           Diff
            multiple
  s           0    0.608966523  0.608966523   1.217933046   0.000000000
   sum over m      0.608966523  0.608966523   1.217933046   0.000000000
  s           1   -0.002690943 -0.002690943  -0.005381886   0.000000000
   sum over m     -0.002690943 -0.002690943  -0.005381886   0.000000000
   sum over m+mul  0.606275580  0.606275580   1.212551160   0.000000000
  px          0    0.396152114  0.396152114   0.792304228   0.000000000
  py          0    0.496895630  0.496895630   0.993791260   0.000000000
  pz          0    0.496895630  0.496895630   0.993791260   0.000000000
   sum over m      1.389943374  1.389943374   2.779886748   0.000000000
  px          1   -0.012351975 -0.012351975  -0.024703949   0.000000000
  py          1   -0.006556111 -0.006556111  -0.013112223   0.000000000
  pz          1   -0.006556111 -0.006556111  -0.013112223   0.000000000
   sum over m     -0.025464198 -0.025464198  -0.050928395   0.000000000
   sum over m+mul  1.364479176  1.364479176   2.728958353   0.000000000
  d3z^2-r^2   0    0.002544859  0.002544859   0.005089718   0.000000000
  dx^2-y^2    0    0.007634576  0.007634576   0.015269152   0.000000000
  dxy         0    0.012829812  0.012829812   0.025659624   0.000000000
  dxz         0    0.012829812  0.012829812   0.025659624   0.000000000
  dyz         0   -0.000000000 -0.000000000  -0.000000000   0.000000000
   sum over m      0.035839058  0.035839058   0.071678117   0.000000000
   sum over m+mul  0.035839058  0.035839058   0.071678117   0.000000000

    2    C          Up spin      Down spin     Sum           Diff
            multiple
  s           0    0.617215223  0.617215223   1.234430445   0.000000000
   sum over m      0.617215223  0.617215223   1.234430445   0.000000000
  s           1   -0.002016459 -0.002016459  -0.004032918   0.000000000
   sum over m     -0.002016459 -0.002016459  -0.004032918   0.000000000
   sum over m+mul  0.615198763  0.615198763   1.230397527   0.000000000
  px          0    0.403229190  0.403229190   0.806458380   0.000000000
  py          0    0.496234587  0.496234587   0.992469173   0.000000000
  pz          0    0.496234586  0.496234586   0.992469172   0.000000000
   sum over m      1.395698363  1.395698363   2.791396726   0.000000000
  px          1   -0.010424414 -0.010424414  -0.020848828   0.000000000
  py          1   -0.006672366 -0.006672366  -0.013344732   0.000000000
  pz          1   -0.006672366 -0.006672366  -0.013344732   0.000000000
   sum over m     -0.023769146 -0.023769146  -0.047538291   0.000000000
   sum over m+mul  1.371929217  1.371929217   2.743858434   0.000000000
  d3z^2-r^2   0    0.002401726  0.002401726   0.004803452   0.000000000
  dx^2-y^2    0    0.007205178  0.007205178   0.014410356   0.000000000
  dxy         0    0.012965564  0.012965564   0.025931129   0.000000000
  dxz         0    0.012965564  0.012965564   0.025931129   0.000000000
  dyz         0   -0.000000000 -0.000000000  -0.000000000   0.000000000
   sum over m      0.035538033  0.035538033   0.071076066   0.000000000
   sum over m+mul  0.035538033  0.035538033   0.071076066   0.000000000

    3    C          Up spin      Down spin     Sum           Diff
            multiple
  s           0    0.691238725  0.691238725   1.382477449   0.000000000
   sum over m      0.691238725  0.691238725   1.382477449   0.000000000
  s           1   -0.002470376 -0.002470376  -0.004940753   0.000000000
   sum over m     -0.002470376 -0.002470376  -0.004940753   0.000000000
   sum over m+mul  0.688768348  0.688768348   1.377536696   0.000000000
  px          0    0.400857127  0.400857127   0.801714254   0.000000000
  py          0    0.499682450  0.499682450   0.999364900   0.000000000
  pz          0    0.499682450  0.499682450   0.999364899   0.000000000
   sum over m      1.400222026  1.400222026   2.800444053   0.000000000
  px          1   -0.013322407 -0.013322407  -0.026644814   0.000000000
  py          1   -0.006346308 -0.006346308  -0.012692616   0.000000000
  pz          1   -0.006346308 -0.006346308  -0.012692616   0.000000000
   sum over m     -0.026015023 -0.026015023  -0.052030046   0.000000000
   sum over m+mul  1.374207003  1.374207003   2.748414007   0.000000000
  d3z^2-r^2   0    0.002875035  0.002875035   0.005750071   0.000000000
  dx^2-y^2    0    0.008625106  0.008625106   0.017250211   0.000000000
  dxy         0    0.012732799  0.012732799   0.025465599   0.000000000
  dxz         0    0.012732799  0.012732799   0.025465599   0.000000000
  dyz         0   -0.000000000 -0.000000000  -0.000000000   0.000000000
   sum over m      0.036965739  0.036965739   0.073931479   0.000000000
   sum over m+mul  0.036965739  0.036965739   0.073931479   0.000000000

    4    C          Up spin      Down spin     Sum           Diff
            multiple
  s           0    0.582966246  0.582966246   1.165932491   0.000000000
   sum over m      0.582966246  0.582966246   1.165932491   0.000000000
  s           1   -0.006087560 -0.006087560  -0.012175119   0.000000000
   sum over m     -0.006087560 -0.006087560  -0.012175119   0.000000000
   sum over m+mul  0.576878686  0.576878686   1.153757372   0.000000000
  px          0    0.336420499  0.336420499   0.672840998   0.000000000
  py          0    0.490387999  0.490387999   0.980775999   0.000000000
  pz          0    0.490387999  0.490387999   0.980775998   0.000000000
   sum over m      1.317196498  1.317196498   2.634392995   0.000000000
  px          1   -0.028842677 -0.028842677  -0.057685355   0.000000000
  py          1   -0.006946695 -0.006946695  -0.013893390   0.000000000
  pz          1   -0.006946695 -0.006946695  -0.013893390   0.000000000
   sum over m     -0.042736067 -0.042736067  -0.085472135   0.000000000
   sum over m+mul  1.274460430  1.274460430   2.548920860   0.000000000
  d3z^2-r^2   0    0.002091281  0.002091281   0.004182561   0.000000000
  dx^2-y^2    0    0.006273842  0.006273842   0.012547684   0.000000000
  dxy         0    0.012224676  0.012224676   0.024449351   0.000000000
  dxz         0    0.012224676  0.012224676   0.024449351   0.000000000
  dyz         0   -0.000000000 -0.000000000  -0.000000000   0.000000000
   sum over m      0.032814474  0.032814474   0.065628947   0.000000000
   sum over m+mul  0.032814474  0.032814474   0.065628947   0.000000000

    5    C          Up spin      Down spin     Sum           Diff
            multiple
  s           0    0.611415499  0.611415499   1.222830998   0.000000000
   sum over m      0.611415499  0.611415499   1.222830998   0.000000000
  s           1   -0.003361454 -0.003361454  -0.006722907   0.000000000
   sum over m     -0.003361454 -0.003361454  -0.006722907   0.000000000
   sum over m+mul  0.608054046  0.608054046   1.216108091   0.000000000
  px          0    0.398065018  0.398065018   0.796130037   0.000000000
  py          0    0.493919857  0.493919857   0.987839713   0.000000000
  pz          0    0.493919856  0.493919856   0.987839713   0.000000000
   sum over m      1.385904731  1.385904731   2.771809463   0.000000000
  px          1   -0.014583460 -0.014583460  -0.029166919   0.000000000
  py          1   -0.006551638 -0.006551638  -0.013103277   0.000000000
  pz          1   -0.006551638 -0.006551638  -0.013103277   0.000000000
   sum over m     -0.027686736 -0.027686736  -0.055373473   0.000000000
   sum over m+mul  1.358217995  1.358217995   2.716435990   0.000000000
  d3z^2-r^2   0    0.002587109  0.002587109   0.005174219   0.000000000
  dx^2-y^2    0    0.007761328  0.007761328   0.015522656   0.000000000
  dxy         0    0.012695009  0.012695009   0.025390019   0.000000000
  dxz         0    0.012695009  0.012695009   0.025390019   0.000000000
  dyz         0   -0.000000000 -0.000000000  -0.000000000   0.000000000
   sum over m      0.035738456  0.035738456   0.071476913   0.000000000
   sum over m+mul  0.035738456  0.035738456   0.071476913   0.000000000

    6    C          Up spin      Down spin     Sum           Diff
            multiple
  s           0    0.608806777  0.608806777   1.217613555   0.000000000
   sum over m      0.608806777  0.608806777   1.217613555   0.000000000
  s           1   -0.002680434 -0.002680434  -0.005360867   0.000000000
   sum over m     -0.002680434 -0.002680434  -0.005360867   0.000000000
   sum over m+mul  0.606126344  0.606126344   1.212252687   0.000000000
  px          0    0.396242538  0.396242538   0.792485077   0.000000000
  py          0    0.493665571  0.493665571   0.987331142   0.000000000
  pz          0    0.493665571  0.493665571   0.987331141   0.000000000
   sum over m      1.383573680  1.383573680   2.767147360   0.000000000
  px          1   -0.012588170 -0.012588170  -0.025176340   0.000000000
  py          1   -0.006608704 -0.006608704  -0.013217408   0.000000000
  pz          1   -0.006608704 -0.006608704  -0.013217408   0.000000000
   sum over m     -0.025805578 -0.025805578  -0.051611156   0.000000000
   sum over m+mul  1.357768102  1.357768102   2.715536204   0.000000000
  d3z^2-r^2   0    0.002545602  0.002545602   0.005091204   0.000000000
  dx^2-y^2    0    0.007636805  0.007636805   0.015273611   0.000000000
  dxy         0    0.012729471  0.012729471   0.025458941   0.000000000
  dxz         0    0.012729471  0.012729471   0.025458941   0.000000000
  dyz         0   -0.000000000 -0.000000000  -0.000000000   0.000000000
   sum over m      0.035641349  0.035641349   0.071282697   0.000000000
   sum over m+mul  0.035641349  0.035641349   0.071282697   0.000000000

    7    C          Up spin      Down spin     Sum           Diff
            multiple
  s           0    0.608841427  0.608841427   1.217682855   0.000000000
   sum over m      0.608841427  0.608841427   1.217682855   0.000000000
  s           1   -0.002681915 -0.002681915  -0.005363830   0.000000000
   sum over m     -0.002681915 -0.002681915  -0.005363830   0.000000000
   sum over m+mul  0.606159513  0.606159513   1.212319025   0.000000000
  px          0    0.396316585  0.396316585   0.792633170   0.000000000
  py          0    0.493760148  0.493760148   0.987520296   0.000000000
  pz          0    0.493760148  0.493760148   0.987520295   0.000000000
   sum over m      1.383836880  1.383836880   2.767673761   0.000000000
  px          1   -0.012735242 -0.012735242  -0.025470484   0.000000000
  py          1   -0.006609439 -0.006609439  -0.013218879   0.000000000
  pz          1   -0.006609439 -0.006609439  -0.013218879   0.000000000
   sum over m     -0.025954121 -0.025954121  -0.051908242   0.000000000
   sum over m+mul  1.357882759  1.357882759   2.715765519   0.000000000
  d3z^2-r^2   0    0.002544071  0.002544071   0.005088142   0.000000000
  dx^2-y^2    0    0.007632212  0.007632212   0.015264424   0.000000000
  dxy         0    0.012712070  0.012712070   0.025424139   0.000000000
  dxz         0    0.012712070  0.012712070   0.025424139   0.000000000
  dyz         0   -0.000000000 -0.000000000  -0.000000000   0.000000000
   sum over m      0.035600422  0.035600422   0.071200844   0.000000000
   sum over m+mul  0.035600422  0.035600422   0.071200844   0.000000000

    8    C          Up spin      Down spin     Sum           Diff
            multiple
  s           0    0.608895648  0.608895648   1.217791296   0.000000000
   sum over m      0.608895648  0.608895648   1.217791296   0.000000000
  s           1   -0.002672696 -0.002672696  -0.005345393   0.000000000
   sum over m     -0.002672696 -0.002672696  -0.005345393   0.000000000
   sum over m+mul  0.606222952  0.606222952   1.212445903   0.000000000
  px          0    0.396339348  0.396339348   0.792678695   0.000000000
  py          0    0.493658410  0.493658410   0.987316820   0.000000000
  pz          0    0.493658410  0.493658410   0.987316819   0.000000000
   sum over m      1.383656167  1.383656167   2.767312334   0.000000000
  px          1   -0.012690137 -0.012690137  -0.025380274   0.000000000
  py          1   -0.006604144 -0.006604144  -0.013208289   0.000000000
  pz          1   -0.006604144 -0.006604144  -0.013208289   0.000000000
   sum over m     -0.025898426 -0.025898426  -0.051796851   0.000000000
   sum over m+mul  1.357757741  1.357757741   2.715515482   0.000000000
  d3z^2-r^2   0    0.002543469  0.002543469   0.005086938   0.000000000
  dx^2-y^2    0    0.007630406  0.007630406   0.015260812   0.000000000
  dxy         0    0.012725492  0.012725492   0.025450984   0.000000000
  dxz         0    0.012725492  0.012725492   0.025450984   0.000000000
  dyz         0   -0.000000000 -0.000000000  -0.000000000   0.000000000
   sum over m      0.035624859  0.035624859   0.071249717   0.000000000
   sum over m+mul  0.035624859  0.035624859   0.071249717   0.000000000

    9    C          Up spin      Down spin     Sum           Diff
            multiple
  s           0    0.608856489  0.608856489   1.217712978   0.000000000
   sum over m      0.608856489  0.608856489   1.217712978   0.000000000
  s           1   -0.002676186 -0.002676186  -0.005352373   0.000000000
   sum over m     -0.002676186 -0.002676186  -0.005352373   0.000000000
   sum over m+mul  0.606180303  0.606180303   1.212360605   0.000000000
  px          0    0.396306446  0.396306446   0.792612892   0.000000000
  py          0    0.493776312  0.493776312   0.987552624   0.000000000
  pz          0    0.493776311  0.493776311   0.987552623   0.000000000
   sum over m      1.383859069  1.383859069   2.767718138   0.000000000
  px          1   -0.012698815 -0.012698815  -0.025397630   0.000000000
  py          1   -0.006604947 -0.006604947  -0.013209893   0.000000000
  pz          1   -0.006604947 -0.006604947  -0.013209893   0.000000000
   sum over m     -0.025908708 -0.025908708  -0.051817417   0.000000000
   sum over m+mul  1.357950361  1.357950361   2.715900721   0.000000000
  d3z^2-r^2   0    0.002543576  0.002543576   0.005087151   0.000000000
  dx^2-y^2    0    0.007630727  0.007630727   0.015261453   0.000000000
  dxy         0    0.012717451  0.012717451   0.025434902   0.000000000
  dxz         0    0.012717451  0.012717451   0.025434902   0.000000000
  dyz         0   -0.000000000 -0.000000000  -0.000000000   0.000000000
   sum over m      0.035609204  0.035609204   0.071218408   0.000000000
   sum over m+mul  0.035609204  0.035609204   0.071218408   0.000000000

   10    C          Up spin      Down spin     Sum           Diff
            multiple
  s           0    0.608898067  0.608898067   1.217796135   0.000000000
   sum over m      0.608898067  0.608898067   1.217796135   0.000000000
  s           1   -0.002675421 -0.002675421  -0.005350841   0.000000000
   sum over m     -0.002675421 -0.002675421  -0.005350841   0.000000000
   sum over m+mul  0.606222647  0.606222647   1.212445293   0.000000000
  px          0    0.396336731  0.396336731   0.792673462   0.000000000
  py          0    0.493705937  0.493705937   0.987411874   0.000000000
  pz          0    0.493705937  0.493705937   0.987411873   0.000000000
   sum over m      1.383748605  1.383748605   2.767497210   0.000000000
  px          1   -0.012697315 -0.012697315  -0.025394630   0.000000000
  py          1   -0.006603931 -0.006603931  -0.013207863   0.000000000
  pz          1   -0.006603931 -0.006603931  -0.013207863   0.000000000
   sum over m     -0.025905178 -0.025905178  -0.051810356   0.000000000
   sum over m+mul  1.357843427  1.357843427   2.715686854   0.000000000
  d3z^2-r^2   0    0.002543284  0.002543284   0.005086569   0.000000000
  dx^2-y^2    0    0.007629853  0.007629853   0.015259705   0.000000000
  dxy         0    0.012725588  0.012725588   0.025451175   0.000000000
  dxz         0    0.012725588  0.012725588   0.025451175   0.000000000
  dyz         0   -0.000000000 -0.000000000  -0.000000000   0.000000000
   sum over m      0.035624312  0.035624312   0.071248624   0.000000000
   sum over m+mul  0.035624312  0.035624312   0.071248624   0.000000000

   11    C          Up spin      Down spin     Sum           Diff
            multiple
  s           0    0.608861688  0.608861688   1.217723375   0.000000000
   sum over m      0.608861688  0.608861688   1.217723375   0.000000000
  s           1   -0.002676140 -0.002676140  -0.005352280   0.000000000
   sum over m     -0.002676140 -0.002676140  -0.005352280   0.000000000
   sum over m+mul  0.606185548  0.606185548   1.212371096   0.000000000
  px          0    0.396307202  0.396307202   0.792614404   0.000000000
  py          0    0.493789770  0.493789770   0.987579541   0.000000000
  pz          0    0.493789770  0.493789770   0.987579540   0.000000000
   sum over m      1.383886743  1.383886743   2.767773486   0.000000000
  px          1   -0.012699152 -0.012699152  -0.025398305   0.000000000
  py          1   -0.006604161 -0.006604161  -0.013208322   0.000000000
  pz          1   -0.006604161 -0.006604161  -0.013208322   0.000000000
   sum over m     -0.025907474 -0.025907474  -0.051814948   0.000000000
   sum over m+mul  1.357979269  1.357979269   2.715958537   0.000000000
  d3z^2-r^2   0    0.002543447  0.002543447   0.005086895   0.000000000
  dx^2-y^2    0    0.007630342  0.007630342   0.015260683   0.000000000
  dxy         0    0.012718414  0.012718414   0.025436828   0.000000000
  dxz         0    0.012718414  0.012718414   0.025436828   0.000000000
  dyz         0   -0.000000000 -0.000000000  -0.000000000   0.000000000
   sum over m      0.035610617  0.035610617   0.071221234   0.000000000
   sum over m+mul  0.035610617  0.035610617   0.071221234   0.000000000

   12    C          Up spin      Down spin     Sum           Diff
            multiple
  s           0    0.608898846  0.608898846   1.217797691   0.000000000
   sum over m      0.608898846  0.608898846   1.217797691   0.000000000
  s           1   -0.002675546 -0.002675546  -0.005351092   0.000000000
   sum over m     -0.002675546 -0.002675546  -0.005351092   0.000000000
   sum over m+mul  0.606223300  0.606223300   1.212446600   0.000000000
  px          0    0.396334371  0.396334371   0.792668741   0.000000000
  py          0    0.493725130  0.493725130   0.987450259   0.000000000
  pz          0    0.493725129  0.493725129   0.987450258   0.000000000
   sum over m      1.383784629  1.383784629   2.767569259   0.000000000
  px          1   -0.012698110 -0.012698110  -0.025396220   0.000000000
  py          1   -0.006603386 -0.006603386  -0.013206772   0.000000000
  pz          1   -0.006603386 -0.006603386  -0.013206772   0.000000000
   sum over m     -0.025904882 -0.025904882  -0.051809764   0.000000000
   sum over m+mul  1.357879747  1.357879747   2.715759495   0.000000000
  d3z^2-r^2   0    0.002543200  0.002543200   0.005086401   0.000000000
  dx^2-y^2    0    0.007629601  0.007629601   0.015259202   0.000000000
  dxy         0    0.012726042  0.012726042   0.025452085   0.000000000
  dxz         0    0.012726042  0.012726042   0.025452085   0.000000000
  dyz         0   -0.000000000 -0.000000000  -0.000000000   0.000000000
   sum over m      0.035624886  0.035624886   0.071249772   0.000000000
   sum over m+mul  0.035624886  0.035624886   0.071249772   0.000000000

   13    C          Up spin      Down spin     Sum           Diff
            multiple
  s           0    0.608863464  0.608863464   1.217726927   0.000000000
   sum over m      0.608863464  0.608863464   1.217726927   0.000000000
  s           1   -0.002676230 -0.002676230  -0.005352461   0.000000000
   sum over m     -0.002676230 -0.002676230  -0.005352461   0.000000000
   sum over m+mul  0.606187233  0.606187233   1.212374466   0.000000000
  px          0    0.396305978  0.396305978   0.792611957   0.000000000
  py          0    0.493805699  0.493805699   0.987611399   0.000000000
  pz          0    0.493805699  0.493805699   0.987611398   0.000000000
   sum over m      1.383917377  1.383917377   2.767834753   0.000000000
  px          1   -0.012699763 -0.012699763  -0.025399526   0.000000000
  py          1   -0.006603554 -0.006603554  -0.013207109   0.000000000
  pz          1   -0.006603554 -0.006603554  -0.013207109   0.000000000
   sum over m     -0.025906871 -0.025906871  -0.051813743   0.000000000
   sum over m+mul  1.358010505  1.358010505   2.716021010   0.000000000
  d3z^2-r^2   0    0.002543370  0.002543370   0.005086740   0.000000000
  dx^2-y^2    0    0.007630109  0.007630109   0.015260218   0.000000000
  dxy         0    0.012719017  0.012719017   0.025438033   0.000000000
  dxz         0    0.012719017  0.012719017   0.025438034   0.000000000
  dyz         0   -0.000000000 -0.000000000  -0.000000000   0.000000000
   sum over m      0.035611512  0.035611512   0.071223025   0.000000000
   sum over m+mul  0.035611512  0.035611512   0.071223025   0.000000000

   14    C          Up spin      Down spin     Sum           Diff
            multiple
  s           0    0.608902156  0.608902156   1.217804313   0.000000000
   sum over m      0.608902156  0.608902156   1.217804313   0.000000000
  s           1   -0.002675615 -0.002675615  -0.005351229   0.000000000
   sum over m     -0.002675615 -0.002675615  -0.005351229   0.000000000
   sum over m+mul  0.606226542  0.606226542   1.212453083   0.000000000
  px          0    0.396334176  0.396334176   0.792668353   0.000000000
  py          0    0.493738809  0.493738809   0.987477617   0.000000000
  pz          0    0.493738808  0.493738808   0.987477616   0.000000000
   sum over m      1.383811793  1.383811793   2.767623586   0.000000000
  px          1   -0.012698706 -0.012698706  -0.025397412   0.000000000
  py          1   -0.006602786 -0.006602786  -0.013205571   0.000000000
  pz          1   -0.006602786 -0.006602786  -0.013205571   0.000000000
   sum over m     -0.025904277 -0.025904277  -0.051808554   0.000000000
   sum over m+mul  1.357907516  1.357907516   2.715815032   0.000000000
  d3z^2-r^2   0    0.002543110  0.002543110   0.005086220   0.000000000
  dx^2-y^2    0    0.007629330  0.007629330   0.015258659   0.000000000
  dxy         0    0.012726984  0.012726984   0.025453968   0.000000000
  dxz         0    0.012726984  0.012726984   0.025453968   0.000000000
  dyz         0   -0.000000000 -0.000000000  -0.000000000   0.000000000
   sum over m      0.035626408  0.035626408   0.071252816   0.000000000
   sum over m+mul  0.035626408  0.035626408   0.071252816   0.000000000

   15    C          Up spin      Down spin     Sum           Diff
            multiple
  s           0    0.608862850  0.608862850   1.217725700   0.000000000
   sum over m      0.608862850  0.608862850   1.217725700   0.000000000
  s           1   -0.002676393 -0.002676393  -0.005352785   0.000000000
   sum over m     -0.002676393 -0.002676393  -0.005352785   0.000000000
   sum over m+mul  0.606186457  0.606186457   1.212372914   0.000000000
  px          0    0.396302316  0.396302316   0.792604633   0.000000000
  py          0    0.493829524  0.493829524   0.987659048   0.000000000
  pz          0    0.493829524  0.493829524   0.987659048   0.000000000
   sum over m      1.383961364  1.383961364   2.767922729   0.000000000
  px          1   -0.012700664 -0.012700664  -0.025401329   0.000000000
  py          1   -0.006602925 -0.006602925  -0.013205850   0.000000000
  pz          1   -0.006602925 -0.006602925  -0.013205850   0.000000000
   sum over m     -0.025906514 -0.025906514  -0.051813028   0.000000000
   sum over m+mul  1.358054850  1.358054850   2.716109700   0.000000000
  d3z^2-r^2   0    0.002543288  0.002543288   0.005086576   0.000000000
  dx^2-y^2    0    0.007629864  0.007629864   0.015259729   0.000000000
  dxy         0    0.012719206  0.012719206   0.025438411   0.000000000
  dxz         0    0.012719206  0.012719206   0.025438411   0.000000000
  dyz         0   -0.000000000 -0.000000000  -0.000000000   0.000000000
   sum over m      0.035611564  0.035611564   0.071223128   0.000000000
   sum over m+mul  0.035611564  0.035611564   0.071223128   0.000000000

   16    C          Up spin      Down spin     Sum           Diff
            multiple
  s           0    0.608909371  0.608909371   1.217818743   0.000000000
   sum over m      0.608909371  0.608909371   1.217818743   0.000000000
  s           1   -0.002675592 -0.002675592  -0.005351184   0.000000000
   sum over m     -0.002675592 -0.002675592  -0.005351184   0.000000000
   sum over m+mul  0.606233779  0.606233779   1.212467559   0.000000000
  px          0    0.396335872  0.396335872   0.792671743   0.000000000
  py          0    0.493752295  0.493752295   0.987504590   0.000000000
  pz          0    0.493752295  0.493752295   0.987504590   0.000000000
   sum over m      1.383840462  1.383840462   2.767680923   0.000000000
  px          1   -0.012699274 -0.012699274  -0.025398549   0.000000000
  py          1   -0.006601926 -0.006601926  -0.013203851   0.000000000
  pz          1   -0.006601926 -0.006601926  -0.013203851   0.000000000
   sum over m     -0.025903125 -0.025903125  -0.051806251   0.000000000
   sum over m+mul  1.357937336  1.357937336   2.715874672   0.000000000
  d3z^2-r^2   0    0.002542958  0.002542958   0.005085916   0.000000000
  dx^2-y^2    0    0.007628874  0.007628874   0.015257748   0.000000000
  dxy         0    0.012728448  0.012728448   0.025456897   0.000000000
  dxz         0    0.012728448  0.012728448   0.025456897   0.000000000
  dyz         0   -0.000000000 -0.000000000  -0.000000000   0.000000000
   sum over m      0.035628729  0.035628729   0.071257459   0.000000000
   sum over m+mul  0.035628729  0.035628729   0.071257459   0.000000000

   17    C          Up spin      Down spin     Sum           Diff
            multiple
  s           0    0.608861805  0.608861805   1.217723610   0.000000000
   sum over m      0.608861805  0.608861805   1.217723610   0.000000000
  s           1   -0.002678417 -0.002678417  -0.005356833   0.000000000
   sum over m     -0.002678417 -0.002678417  -0.005356833   0.000000000
   sum over m+mul  0.606183388  0.606183388   1.212366777   0.000000000
  px          0    0.396296132  0.396296132   0.792592263   0.000000000
  py          0    0.493886077  0.493886077   0.987772154   0.000000000
  pz          0    0.493886077  0.493886077   0.987772153   0.000000000
   sum over m      1.384068285  1.384068285   2.768136570   0.000000000
  px          1   -0.012706441 -0.012706441  -0.025412882   0.000000000
  py          1   -0.006602498 -0.006602498  -0.013204995   0.000000000
  pz          1   -0.006602498 -0.006602498  -0.013204995   0.000000000
   sum over m     -0.025911436 -0.025911436  -0.051822873   0.000000000
   sum over m+mul  1.358156849  1.358156849   2.716313697   0.000000000
  d3z^2-r^2   0    0.002543109  0.002543109   0.005086219   0.000000000
  dx^2-y^2    0    0.007629328  0.007629328   0.015258656   0.000000000
  dxy         0    0.012719126  0.012719126   0.025438251   0.000000000
  dxz         0    0.012719126  0.012719126   0.025438251   0.000000000
  dyz         0   -0.000000000 -0.000000000  -0.000000000   0.000000000
   sum over m      0.035610689  0.035610689   0.071221377   0.000000000
   sum over m+mul  0.035610689  0.035610689   0.071221377   0.000000000

   18    C          Up spin      Down spin     Sum           Diff
            multiple
  s           0    0.608926736  0.608926736   1.217853471   0.000000000
   sum over m      0.608926736  0.608926736   1.217853471   0.000000000
  s           1   -0.002671741 -0.002671741  -0.005343482   0.000000000
   sum over m     -0.002671741 -0.002671741  -0.005343482   0.000000000
   sum over m+mul  0.606254995  0.606254995   1.212509989   0.000000000
  px          0    0.396331355  0.396331355   0.792662709   0.000000000
  py          0    0.493772689  0.493772689   0.987545377   0.000000000
  pz          0    0.493772688  0.493772688   0.987545377   0.000000000
   sum over m      1.383876732  1.383876732   2.767753463   0.000000000
  px          1   -0.012675340 -0.012675340  -0.025350679   0.000000000
  py          1   -0.006597326 -0.006597326  -0.013194653   0.000000000
  pz          1   -0.006597326 -0.006597326  -0.013194653   0.000000000
   sum over m     -0.025869992 -0.025869992  -0.051739984   0.000000000
   sum over m+mul  1.358006740  1.358006740   2.716013479   0.000000000
  d3z^2-r^2   0    0.002542445  0.002542445   0.005084891   0.000000000
  dx^2-y^2    0    0.007627336  0.007627336   0.015254672   0.000000000
  dxy         0    0.012734891  0.012734891   0.025469782   0.000000000
  dxz         0    0.012734891  0.012734891   0.025469782   0.000000000
  dyz         0   -0.000000000 -0.000000000  -0.000000000   0.000000000
   sum over m      0.035639563  0.035639563   0.071279126   0.000000000
   sum over m+mul  0.035639563  0.035639563   0.071279126   0.000000000

   19    C          Up spin      Down spin     Sum           Diff
            multiple
  s           0    0.608907717  0.608907717   1.217815434   0.000000000
   sum over m      0.608907717  0.608907717   1.217815434   0.000000000
  s           1   -0.002673133 -0.002673133  -0.005346266   0.000000000
   sum over m     -0.002673133 -0.002673133  -0.005346266   0.000000000
   sum over m+mul  0.606234584  0.606234584   1.212469168   0.000000000
  px          0    0.396343889  0.396343889   0.792687778   0.000000000
  py          0    0.493909054  0.493909054   0.987818108   0.000000000
  pz          0    0.493909054  0.493909054   0.987818108   0.000000000
   sum over m      1.384161997  1.384161997   2.768323994   0.000000000
  px          1   -0.012780646 -0.012780646  -0.025561291   0.000000000
  py          1   -0.006597803 -0.006597803  -0.013195606   0.000000000
  pz          1   -0.006597803 -0.006597803  -0.013195606   0.000000000
   sum over m     -0.025976252 -0.025976252  -0.051952504   0.000000000
   sum over m+mul  1.358185745  1.358185745   2.716371490   0.000000000
  d3z^2-r^2   0    0.002541256  0.002541256   0.005082511   0.000000000
  dx^2-y^2    0    0.007623766  0.007623766   0.015247533   0.000000000
  dxy         0    0.012715411  0.012715411   0.025430822   0.000000000
  dxz         0    0.012715411  0.012715411   0.025430822   0.000000000
  dyz         0   -0.000000000 -0.000000000  -0.000000000   0.000000000
   sum over m      0.035595844  0.035595844   0.071191688   0.000000000
   sum over m+mul  0.035595844  0.035595844   0.071191688   0.000000000

   20    C          Up spin      Down spin     Sum           Diff
            multiple
  s           0    0.607132969  0.607132969   1.214265938   0.000000000
   sum over m      0.607132969  0.607132969   1.214265938   0.000000000
  s           1   -0.002174422 -0.002174422  -0.004348844   0.000000000
   sum over m     -0.002174422 -0.002174422  -0.004348844   0.000000000
   sum over m+mul  0.604958547  0.604958547   1.209917094   0.000000000
  px          0    0.395105533  0.395105533   0.790211065   0.000000000
  py          0    0.493652974  0.493652974   0.987305949   0.000000000
  pz          0    0.493652974  0.493652974   0.987305948   0.000000000
   sum over m      1.382411481  1.382411481   2.764822962   0.000000000
  px          1   -0.011376682 -0.011376682  -0.022753364   0.000000000
  py          1   -0.006655333 -0.006655333  -0.013310667   0.000000000
  pz          1   -0.006655333 -0.006655333  -0.013310667   0.000000000
   sum over m     -0.024687349 -0.024687349  -0.049374698   0.000000000
   sum over m+mul  1.357724132  1.357724132   2.715448264   0.000000000
  d3z^2-r^2   0    0.002509208  0.002509208   0.005018416   0.000000000
  dx^2-y^2    0    0.007527624  0.007527624   0.015055248   0.000000000
  dxy         0    0.012758551  0.012758551   0.025517102   0.000000000
  dxz         0    0.012758551  0.012758551   0.025517102   0.000000000
  dyz         0   -0.000000000 -0.000000000  -0.000000000   0.000000000
   sum over m      0.035553934  0.035553934   0.071107867   0.000000000
   sum over m+mul  0.035553934  0.035553934   0.071107867   0.000000000

   21    C          Up spin      Down spin     Sum           Diff
            multiple
  s           0    0.627559276  0.627559276   1.255118553   0.000000000
   sum over m      0.627559276  0.627559276   1.255118553   0.000000000
  s           1   -0.000185095 -0.000185095  -0.000370191   0.000000000
   sum over m     -0.000185095 -0.000185095  -0.000370191   0.000000000
   sum over m+mul  0.627374181  0.627374181   1.254748362   0.000000000
  px          0    0.439443345  0.439443345   0.878886690   0.000000000
  py          0    0.497410255  0.497410255   0.994820510   0.000000000
  pz          0    0.497410255  0.497410255   0.994820509   0.000000000
   sum over m      1.434263855  1.434263855   2.868527709   0.000000000
  px          1   -0.000575429 -0.000575429  -0.001150859   0.000000000
  py          1   -0.006267699 -0.006267699  -0.012535398   0.000000000
  pz          1   -0.006267699 -0.006267699  -0.012535398   0.000000000
   sum over m     -0.013110828 -0.013110828  -0.026221656   0.000000000
   sum over m+mul  1.421153027  1.421153027   2.842306054   0.000000000
  d3z^2-r^2   0    0.002881273  0.002881273   0.005762547   0.000000000
  dx^2-y^2    0    0.008643820  0.008643820   0.017287640   0.000000000
  dxy         0    0.013202770  0.013202770   0.026405540   0.000000000
  dxz         0    0.013202770  0.013202770   0.026405540   0.000000000
  dyz         0   -0.000000000 -0.000000000  -0.000000000   0.000000000
   sum over m      0.037930633  0.037930633   0.075861265   0.000000000
   sum over m+mul  0.037930633  0.037930633   0.075861265   0.000000000

   22    C          Up spin      Down spin     Sum           Diff
            multiple
  s           0    0.549441232  0.549441232   1.098882465   0.000000000
   sum over m      0.549441232  0.549441232   1.098882465   0.000000000
  s           1   -0.002846416 -0.002846416  -0.005692832   0.000000000
   sum over m     -0.002846416 -0.002846416  -0.005692832   0.000000000
   sum over m+mul  0.546594816  0.546594816   1.093189633   0.000000000
  px          0    0.393374685  0.393374685   0.786749369   0.000000000
  py          0    0.487804765  0.487804765   0.975609529   0.000000000
  pz          0    0.487804764  0.487804764   0.975609529   0.000000000
   sum over m      1.368984214  1.368984214   2.737968427   0.000000000
  px          1   -0.012358022 -0.012358022  -0.024716043   0.000000000
  py          1   -0.006848361 -0.006848361  -0.013696722   0.000000000
  pz          1   -0.006848361 -0.006848361  -0.013696722   0.000000000
   sum over m     -0.026054744 -0.026054744  -0.052109487   0.000000000
   sum over m+mul  1.342929470  1.342929470   2.685858940   0.000000000
  d3z^2-r^2   0    0.002288564  0.002288564   0.004577129   0.000000000
  dx^2-y^2    0    0.006865693  0.006865693   0.013731386   0.000000000
  dxy         0    0.012697811  0.012697811   0.025395622   0.000000000
  dxz         0    0.012697811  0.012697811   0.025395622   0.000000000
  dyz         0    0.000000000  0.000000000   0.000000000   0.000000000
   sum over m      0.034549879  0.034549879   0.069099758   0.000000000
   sum over m+mul  0.034549879  0.034549879   0.069099758   0.000000000

   23    C          Up spin      Down spin     Sum           Diff
            multiple
  s           0    0.602600605  0.602600605   1.205201210   0.000000000
   sum over m      0.602600605  0.602600605   1.205201210   0.000000000
  s           1   -0.003149347 -0.003149347  -0.006298695   0.000000000
   sum over m     -0.003149347 -0.003149347  -0.006298695   0.000000000
   sum over m+mul  0.599451257  0.599451257   1.198902515   0.000000000
  px          0    0.391111237  0.391111237   0.782222474   0.000000000
  py          0    0.491086936  0.491086936   0.982173873   0.000000000
  pz          0    0.491086936  0.491086936   0.982173872   0.000000000
   sum over m      1.373285110  1.373285110   2.746570219   0.000000000
  px          1   -0.014335759 -0.014335759  -0.028671519   0.000000000
  py          1   -0.006529783 -0.006529783  -0.013059566   0.000000000
  pz          1   -0.006529783 -0.006529783  -0.013059566   0.000000000
   sum over m     -0.027395326 -0.027395326  -0.054790652   0.000000000
   sum over m+mul  1.345889784  1.345889784   2.691779567   0.000000000
  d3z^2-r^2   0    0.002647912  0.002647912   0.005295824   0.000000000
  dx^2-y^2    0    0.007943736  0.007943736   0.015887471   0.000000000
  dxy         0    0.012467565  0.012467565   0.024935130   0.000000000
  dxz         0    0.012467565  0.012467565   0.024935130   0.000000000
  dyz         0    0.000000000  0.000000000   0.000000000   0.000000000
   sum over m      0.035526778  0.035526778   0.071053556   0.000000000
   sum over m+mul  0.035526778  0.035526778   0.071053556   0.000000000

   24    C          Up spin      Down spin     Sum           Diff
            multiple
  s           0    0.608588543  0.608588543   1.217177086   0.000000000
   sum over m      0.608588543  0.608588543   1.217177086   0.000000000
  s           1   -0.002681475 -0.002681475  -0.005362950   0.000000000
   sum over m     -0.002681475 -0.002681475  -0.005362950   0.000000000
   sum over m+mul  0.605907068  0.605907068   1.211814136   0.000000000
  px          0    0.396300668  0.396300668   0.792601336   0.000000000
  py          0    0.490522350  0.490522350   0.981044699   0.000000000
  pz          0    0.490522349  0.490522349   0.981044699   0.000000000
   sum over m      1.377345367  1.377345367   2.754690734   0.000000000
  px          1   -0.013018317 -0.013018317  -0.026036634   0.000000000
  py          1   -0.006643212 -0.006643212  -0.013286425   0.000000000
  pz          1   -0.006643212 -0.006643212  -0.013286425   0.000000000
   sum over m     -0.026304742 -0.026304742  -0.052609483   0.000000000
   sum over m+mul  1.351040625  1.351040625   2.702081250   0.000000000
  d3z^2-r^2   0    0.002541088  0.002541088   0.005082176   0.000000000
  dx^2-y^2    0    0.007623280  0.007623280   0.015246561   0.000000000
  dxy         0    0.012609696  0.012609696   0.025219392   0.000000000
  dxz         0    0.012609696  0.012609696   0.025219392   0.000000000
  dyz         0   -0.000000008 -0.000000008  -0.000000017   0.000000000
   sum over m      0.035383752  0.035383752   0.070767505   0.000000000
   sum over m+mul  0.035383752  0.035383752   0.070767505   0.000000000

***********************************************************
***********************************************************
                    Dipole moment (Debye)                  
***********************************************************
***********************************************************

 Absolute D        5.94932811

                      Dx                Dy                Dz
 Total              5.94932811       -0.00000000       -0.00000000
 Core            7262.44867931        0.00000000        0.00000000
 Electron       -7256.49935120       -0.00000000       -0.00000000
 Back ground       -0.00000000       -0.00000000       -0.00000000

***********************************************************
***********************************************************
       xyz-coordinates (Ang) and forces (Hartree/Bohr)  
***********************************************************
***********************************************************

<coordinates.forces
  24
    1     C    -1.50000   0.00000   0.00000   0.394199068665  0.000000000291 -0.000000000952
    2     C     0.00000   0.00000   0.00000  -0.015303279312  0.000000000222  0.000000000580
    3     C     1.50000   0.00000   0.00000  -0.097306754739 -0.000000000908 -0.000000001542
    4     C     3.00000   0.00000   0.00000   0.069015959662  0.000000000434  0.000000002392
    5     C     4.50000   0.00000   0.00000   0.006730176982  0.000000000191 -0.000000000101
    6     C     6.00000   0.00000   0.00000   0.003561969708  0.000000000025 -0.000000001049
    7     C     7.50000   0.00000   0.00000  -0.003291066894 -0.000000000257  0.000000000543
    8     C     9.00000   0.00000   0.00000   0.002947992305  0.000000000453  0.000000000493
    9     C    10.50000   0.00000   0.00000  -0.002732631442 -0.000000001378 -0.000000000581
   10     C    12.00000   0.00000   0.00000   0.002513406094  0.000000000861  0.000000000333
   11     C    13.50000   0.00000   0.00000  -0.002384627623  0.000000000085  0.000000000439
   12     C    15.00000   0.00000   0.00000   0.002262364580 -0.000000000719 -0.000000000637
   13     C    16.50000   0.00000   0.00000  -0.002193071706  0.000000000208  0.000000000081
   14     C    18.00000   0.00000   0.00000   0.002126588144  0.000000000810  0.000000000680
   15     C    19.50000   0.00000   0.00000  -0.002089808243 -0.000000000444 -0.000000001295
   16     C    21.00000   0.00000   0.00000   0.002054105781  0.000000000808  0.000000000853
   17     C    22.50000   0.00000   0.00000  -0.002033520471 -0.000000001018 -0.000000000427
   18     C    24.00000   0.00000   0.00000   0.002059767967 -0.000000000332  0.000000000250
   19     C    25.50000   0.00000   0.00000  -0.001990520237  0.000000000537  0.000000000908
   20     C    27.00000   0.00000   0.00000   0.010038605930  0.000000000735 -0.000000000550
   21     C    28.50000   0.00000   0.00000   0.048714129947 -0.000000000375 -0.000000001050
   22     C    30.00000   0.00000   0.00000  -0.064263725838 -0.000000000271  0.000000000795
   23     C    31.50000   0.00000   0.00000   0.048001378243  0.000000000022 -0.000000000451
   24     C    33.00000   0.00000   0.00000  -0.396362926349  0.000000000377  0.000000000746
coordinates.forces>

***********************************************************
***********************************************************
       Fractional coordinates of the final structure       
***********************************************************
***********************************************************

     1      C     0.95833333333333   0.00000000000000   0.00000000000000
     2      C     0.00000000000000   0.00000000000000   0.00000000000000
     3      C     0.04166666666667   0.00000000000000   0.00000000000000
     4      C     0.08333333333333   0.00000000000000   0.00000000000000
     5      C     0.12500000000000   0.00000000000000   0.00000000000000
     6      C     0.16666666666667   0.00000000000000   0.00000000000000
     7      C     0.20833333333333   0.00000000000000   0.00000000000000
     8      C     0.25000000000000   0.00000000000000   0.00000000000000
     9      C     0.29166666666667   0.00000000000000   0.00000000000000
    10      C     0.33333333333333   0.00000000000000   0.00000000000000
    11      C     0.37500000000000   0.00000000000000   0.00000000000000
    12      C     0.41666666666667   0.00000000000000   0.00000000000000
    13      C     0.45833333333333   0.00000000000000   0.00000000000000
    14      C     0.50000000000000   0.00000000000000   0.00000000000000
    15      C     0.54166666666667   0.00000000000000   0.00000000000000
    16      C     0.58333333333333   0.00000000000000   0.00000000000000
    17      C     0.62500000000000   0.00000000000000   0.00000000000000
    18      C     0.66666666666667   0.00000000000000   0.00000000000000
    19      C     0.70833333333333   0.00000000000000   0.00000000000000
    20      C     0.75000000000000   0.00000000000000   0.00000000000000
    21      C     0.79166666666667   0.00000000000000   0.00000000000000
    22      C     0.83333333333333   0.00000000000000   0.00000000000000
    23      C     0.87500000000000   0.00000000000000   0.00000000000000
    24      C     0.91666666666667   0.00000000000000   0.00000000000000

***********************************************************
***********************************************************
               Computational Time (second)                 
***********************************************************
***********************************************************

   Elapsed.Time.       114.159

                               Min_ID   Min_Time       Max_ID   Max_Time
   Total Computational Time =    41      114.151          0      114.159
   readfile                 =   109        2.274         10        2.314
   truncation               =    30        2.200          0        2.210
   MD_pac                   =     0        0.000        111        0.001
   OutData                  =    23        0.000          0        0.001
   DFT                      =     7       98.602         42       98.612

*** In DFT ***

   Set_OLP_Kin              =    24        0.048         11        0.098
   Set_Nonlocal             =    11        0.082         26        0.131
   Set_ProExpn_VNA          =    25        0.270         32        0.296
   Set_Hamiltonian          =    53        5.625         11        5.636
   Poisson                  =    61        2.686         80        2.691
   Diagonalization          =    59       67.387         69       67.416
   Mixing_DM                =    26       16.384         85       16.394
   Force                    =    79        0.123         20        0.123
   Total_Energy             =    24        0.085          0        0.085
   Set_Aden_Grid            =    28        0.014         24        0.044
   Set_Orbitals_Grid        =    25        0.000          1        0.027
   Set_Density_Grid         =    25        2.778         10        3.403
   RestartFileDFT           =     6        0.003         34        0.235
   Mulliken_Charge          =    69        0.061        110        0.080
   FFT(2D)_Density          =    87        1.322         35        1.333
   Others                   =    50        0.841         25        1.622
